=~=~=~=~=~=~=~=~=~=~=~= PuTTY log 2023.10.04 17:16:52 =~=~=~=~=~=~=~=~=~=~=~=
2P777,-47,-33,-21,0,39,"6C1DEBA09A25","",4981

+UUDF:6C1DEBA5F777,-48,-33,-21,0,39,"6C1DEBA09A25","",5087

+UUDF:6C1DEBA5F777,-57,-33,-21,0,37,"6C1DEBA09A25","",5293

+UUDF:6C1DEBA5F777,-57,-33,-41,0,37,"6C1DEBA09A25","",5399

+UUDF:6C1DEBA5F777,-48,-34,-19,0,39,"6C1DEBA09A25","",5617

+UUDF:6C1DEBA5F777,-48,-35,-19,0,39,"6C1DEBA09A25","",5832

+UUDF:6C1DEBA5F777,-48,-35,-20,0,39,"6C1DEBA09A25","",5935

+UUDF:6C1DEBA5F777,-57,-35,-20,0,37,"6C1DEBA09A25","",6036

+UUDF:6C1DEBA5F777,-56,-35,-42,0,37,"6C1DEBA09A25","",6565

+UUDF:6C1DEBA5F777,-48,-35,-42,0,39,"6C1DEBA09A25","",6670

+UUDF:6C1DEBA5F777,-61,-27,-42,0,37,"6C1DEBA09A25","",6770

+UUDF:6C1DEBA5F777,-48,-27,-40,0,39,"6C1DEBA09A25","",22607

+UUDF:6C1DEBA5F777,-48,-33,-20,0,39,"6C1DEBA09A25","",22713

+UUDF:6C1DEBA5F777,-48,-33,-20,0,39,"6C1DEBA09A25","",22821

+UUDF:6C1DEBA5F777,-48,-34,-21,0,39,"6C1DEBA09A25","",22924

+UUDF:6C1DEBA5F777,-48,-34,-20,0,39,"6C1DEBA09A25","",23233

+UUDF:6C1DEBA5F777,-48,-34,-19,0,39,"6C1DEBA09A25","",23343

+UUDF:6C1DEBA5F777,-57,-34,-19,0,37,"6C1DEBA09A25","",23664

+UUDF:6C1DEBA5F777,-48,-34,-19,0,39,"6C1DEBA09A25","",23767

+UUDF:6C1DEBA5F777,-48,-34,-19,0,39,"6C1DEBA09A25","",23876

+UUDF:6C1DEBA5F777,-48,-34,-20,0,39,"6C1DEBA09A25","",24086

+UUDF:6C1DEBA5F777,-48,-34,-20,0,39,"6C1DEBA09A25","",24194

+UUDF:6C1DEBA5F777,-59,-34,-20,0,37,"6C1DEBA09A25","",24398

+UUDF:6C1DEBA5F777,-57,-33,-20,0,37,"6C1DEBA09A25","",24507

+UUDF:6C1DEBA5F777,-56,-33,-20,0,37,"6C1DEBA09A25","",24720

+UUDF:6C1DEBA5F777,-48,-33,-21,0,39,"6C1DEBA09A25","",24932

+UUDF:6C1DEBA5F777,-57,-27,-39,0,37,"6C1DEBA09A25","",25037

+UUDF:6C1DEBA5F777,-48,-27,-39,0,39,"6C1DEBA09A25","",25140

+UUDF:6C1DEBA5F777,-48,-27,-39,0,39,"6C1DEBA09A25","",25244

+UUDF:6C1DEBA5F777,-48,-33,-21,0,39,"6C1DEBA09A25","",25347

+UUDF:6C1DEBA5F777,-57,-34,-21,0,37,"6C1DEBA09A25","",25450

+UUDF:6C1DEBA5F777,-47,-34,-21,0,39,"6C1DEBA09A25","",25971

+UUDF:6C1DEBA5F777,-47,-35,-20,0,39,"6C1DEBA09A25","",26072

+UUDF:6C1DEBA5F777,-48,-35,-20,0,39,"6C1DEBA09A25","",26179

+UUDF:6C1DEBA5F777,-48,-35,-20,0,39,"6C1DEBA09A25","",26285

+UUDF:6C1DEBA5F777,-56,-34,-21,0,37,"6C1DEBA09A25","",26605

+UUDF:6C1DEBA5F777,-47,-34,-21,0,39,"6C1DEBA09A25","",26715

+UUDF:6C1DEBA5F777,-48,-35,-20,0,39,"6C1DEBA09A25","",26824

+UUDF:6C1DEBA5F777,-61,-34,-21,0,37,"6C1DEBA09A25","",27028

+UUDF:6C1DEBA5F777,-59,-33,-41,0,37,"6C1DEBA09A25","",27135

+UUDF:6C1DEBA5F777,-57,-28,-41,0,37,"6C1DEBA09A25","",27242

+UUDF:6C1DEBA5F777,-47,-33,-41,0,39,"6C1DEBA09A25","",27454

+UUDF:6C1DEBA5F777,-43,-33,-41,0,39,"6C1DEBA09A25","",27563

+UUDF:6C1DEBA5F777,-48,-31,-41,0,39,"6C1DEBA09A25","",27671

+UUDF:6C1DEBA5F777,-50,-33,-20,0,39,"6C1DEBA09A25","",27773

+UUDF:6C1DEBA5F777,-50,-33,-20,0,39,"6C1DEBA09A25","",27875

+UUDF:6C1DEBA5F777,-50,-33,-20,0,39,"6C1DEBA09A25","",27979

+UUDF:6C1DEBA5F777,-50,-33,-20,0,39,"6C1DEBA09A25","",28080

+UUDF:6C1DEBA5F777,-51,-32,-20,0,39,"6C1DEBA09A25","",28286

+UUDF:6C1DEBA5F777,-48,-33,-21,0,39,"6C1DEBA09A25","",28393

+UUDF:6C1DEBA5F777,-49,-34,-21,0,39,"6C1DEBA09A25","",28502

+UUDF:6C1DEBA5F777,-47,-35,-20,0,39,"6C1DEBA09A25","",28608

+UUDF:6C1DEBA5F777,-48,-35,-22,0,39,"6C1DEBA09A25","",29130

+UUDF:6C1DEBA5F777,-50,-35,-22,0,39,"6C1DEBA09A25","",29236

+UUDF:6C1DEBA5F777,-59,-35,-31,0,37,"6C1DEBA09A25","",29339

+UUDF:6C1DEBA5F777,-56,-34,-31,0,38,"6C1DEBA09A25","",29447

+UUDF:6C1DEBA5F777,-60,-25,-34,0,37,"6C1DEBA09A25","",29555

+UUDF:6C1DEBA5F777,-58,-25,-34,0,37,"6C1DEBA09A25","",29656

+UUDF:6C1DEBA5F777,-47,-25,-34,0,39,"6C1DEBA09A25","",29763

+UUDF:6C1DEBA5F777,-58,-26,-23,0,38,"6C1DEBA09A25","",29869

+UUDF:6C1DEBA5F777,-47,-27,-20,0,39,"6C1DEBA09A25","",30186

+UUDF:6C1DEBA5F777,-50,-36,-21,0,39,"6C1DEBA09A25","",30397

+UUDF:6C1DEBA5F777,-48,-36,-21,0,39,"6C1DEBA09A25","",30601

+UUDF:6C1DEBA5F777,-48,-36,-21,0,39,"6C1DEBA09A25","",30705

+UUDF:6C1DEBA5F777,-57,-36,-21,0,37,"6C1DEBA09A25","",30812

+UUDF:6C1DEBA5F777,-58,-36,-24,0,37,"6C1DEBA09A25","",31119

+UUDF:6C1DEBA5F777,-62,-31,-24,0,38,"6C1DEBA09A25","",31328

+UUDF:6C1DEBA5F777,-55,-24,-31,0,37,"6C1DEBA09A25","",31428

+UUDF:6C1DEBA5F777,-58,-24,-39,0,37,"6C1DEBA09A25","",31530

+UUDF:6C1DEBA5F777,-56,-24,-39,0,37,"6C1DEBA09A25","",31631

+UUDF:6C1DEBA5F777,-47,-24,-32,0,39,"6C1DEBA09A25","",31739

+UUDF:6C1DEBA5F777,-50,-25,-31,0,39,"6C1DEBA09A25","",31844

+UUDF:6C1DEBA5F777,-58,-28,-32,0,37,"6C1DEBA09A25","",31953

+UUDF:6C1DEBA5F777,-47,-31,-32,0,39,"6C1DEBA09A25","",32056

+UUDF:6C1DEBA5F777,-47,-34,-24,0,39,"6C1DEBA09A25","",32164

+UUDF:6C1DEBA5F777,-58,-34,-24,0,37,"6C1DEBA09A25","",32366

+UUDF:6C1DEBA5F777,-58,-31,-39,0,37,"6C1DEBA09A25","",32574

+UUDF:6C1DEBA5F777,-48,-31,-39,0,39,"6C1DEBA09A25","",32685

+UUDF:6C1DEBA5F777,-58,-31,-38,0,37,"6C1DEBA09A25","",32996

+UUDF:6C1DEBA5F777,-57,-26,-38,0,37,"6C1DEBA09A25","",33097

+UUDF:6C1DEBA5F777,-58,-25,-39,0,37,"6C1DEBA09A25","",33203

+UUDF:6C1DEBA5F777,-60,-24,-38,0,37,"6C1DEBA09A25","",33306

+UUDF:6C1DEBA5F777,-60,-25,-38,0,37,"6C1DEBA09A25","",33407

+UUDF:6C1DEBA5F777,-58,-24,-40,0,37,"6C1DEBA09A25","",33619

+UUDF:6C1DEBA5F777,-61,-24,-40,0,37,"6C1DEBA09A25","",33729

+UUDF:6C1DEBA5F777,-48,-25,-40,0,39,"6C1DEBA09A25","",33837

+UUDF:6C1DEBA5F777,-58,-27,-40,0,37,"6C1DEBA09A25","",33943

+UUDF:6C1DEBA5F777,-47,-31,-40,0,39,"6C1DEBA09A25","",34051

+UUDF:6C1DEBA5F777,-52,-31,-28,0,37,"6C1DEBA09A25","",34151

+UUDF:6C1DEBA5F777,-60,-32,-28,0,37,"6C1DEBA09A25","",34359

+UUDF:6C1DEBA5F777,-57,-32,-32,0,37,"6C1DEBA09A25","",34666

+UUDF:6C1DEBA5F777,-62,-30,-32,0,38,"6C1DEBA09A25","",34772

+UUDF:6C1DEBA5F777,-48,-32,-28,0,39,"6C1DEBA09A25","",34879

+UUDF:6C1DEBA5F777,-48,-32,-28,0,39,"6C1DEBA09A25","",35094

+UUDF:6C1DEBA5F777,-54,-32,-32,0,37,"6C1DEBA09A25","",35202

+UUDF:6C1DEBA5F777,-47,-34,-21,0,39,"6C1DEBA09A25","",35509

+UUDF:6C1DEBA5F777,-48,-34,-21,0,39,"6C1DEBA09A25","",35612

+UUDF:6C1DEBA5F777,-48,-35,-21,0,39,"6C1DEBA09A25","",35712

+UUDF:6C1DEBA5F777,-48,-34,-21,0,39,"6C1DEBA09A25","",36020

+UUDF:6C1DEBA5F777,-48,-34,-21,0,39,"6C1DEBA09A25","",36127

+UUDF:6C1DEBA5F777,-56,-34,-21,0,37,"6C1DEBA09A25","",36234

+UUDF:6C1DEBA5F777,-48,-34,-21,0,39,"6C1DEBA09A25","",36342

+UUDF:6C1DEBA5F777,-48,-34,-21,0,39,"6C1DEBA09A25","",36449

+UUDF:6C1DEBA5F777,-48,-34,-21,0,39,"6C1DEBA09A25","",36659

+UUDF:6C1DEBA5F777,-48,-33,-21,0,39,"6C1DEBA09A25","",36762

+UUDF:6C1DEBA5F777,-47,-33,-21,0,39,"6C1DEBA09A25","",36871

+UUDF:6C1DEBA5F777,-48,-34,-21,0,39,"6C1DEBA09A25","",36975

+UUDF:6C1DEBA5F777,-48,-34,-21,0,39,"6C1DEBA09A25","",37076

+UUDF:6C1DEBA5F777,-48,-34,-21,0,39,"6C1DEBA09A25","",37176

+UUDF:6C1DEBA5F777,-48,-33,-21,0,39,"6C1DEBA09A25","",37281

+UUDF:6C1DEBA5F777,-48,-34,-21,0,39,"6C1DEBA09A25","",37499

+UUDF:6C1DEBA5F777,-57,-34,-21,0,37,"6C1DEBA09A25","",37606

+UUDF:6C1DEBA5F777,-47,-33,-21,0,39,"6C1DEBA09A25","",37823

+UUDF:6C1DEBA5F777,-47,-34,-21,0,39,"6C1DEBA09A25","",38135

+UUDF:6C1DEBA5F777,-57,-33,-21,0,37,"6C1DEBA09A25","",38339

+UUDF:6C1DEBA5F777,-48,-34,-22,0,39,"6C1DEBA09A25","",38449

+UUDF:6C1DEBA5F777,-48,-33,-22,0,39,"6C1DEBA09A25","",38661

+UUDF:6C1DEBA5F777,-57,-33,-22,0,37,"6C1DEBA09A25","",38768

+UUDF:6C1DEBA5F777,-50,-33,-22,0,39,"6C1DEBA09A25","",38870

+UUDF:6C1DEBA5F777,-58,-33,-42,0,37,"6C1DEBA09A25","",38975

+UUDF:6C1DEBA5F777,-47,-33,-22,0,39,"6C1DEBA09A25","",39076

+UUDF:6C1DEBA5F777,-58,-33,-42,0,37,"6C1DEBA09A25","",39181

+UUDF:6C1DEBA5F777,-48,-33,-42,0,39,"6C1DEBA09A25","",39289

+UUDF:6C1DEBA5F777,-57,-33,-41,0,37,"6C1DEBA09A25","",39391

+UUDF:6C1DEBA5F777,-48,-32,-41,0,39,"6C1DEBA09A25","",39501

+UUDF:6C1DEBA5F777,-59,-32,-41,0,37,"6C1DEBA09A25","",39602

+UUDF:6C1DEBA5F777,-48,-32,-41,0,39,"6C1DEBA09A25","",39711

+UUDF:6C1DEBA5F777,-59,-32,-41,0,37,"6C1DEBA09A25","",39915

+UUDF:6C1DEBA5F777,-57,-28,-41,0,37,"6C1DEBA09A25","",40016

+UUDF:6C1DEBA5F777,-61,-27,-41,0,37,"6C1DEBA09A25","",40124

+UUDF:6C1DEBA5F777,-57,-26,-41,0,37,"6C1DEBA09A25","",40230

+UUDF:6C1DEBA5F777,-57,-26,-41,0,37,"6C1DEBA09A25","",40334

+UUDF:6C1DEBA5F777,-58,-26,-42,0,37,"6C1DEBA09A25","",40547

+UUDF:6C1DEBA5F777,-48,-26,-41,0,39,"6C1DEBA09A25","",40652

+UUDF:6C1DEBA5F777,-48,-26,-41,0,39,"6C1DEBA09A25","",40760

+UUDF:6C1DEBA5F777,-48,-27,-41,0,39,"6C1DEBA09A25","",40862

+UUDF:6C1DEBA5F777,-48,-33,-22,0,39,"6C1DEBA09A25","",40966

+UUDF:6C1DEBA5F777,-47,-33,-21,0,39,"6C1DEBA09A25","",41178

+UUDF:6C1DEBA5F777,-47,-33,-20,0,39,"6C1DEBA09A25","",41391

+UUDF:6C1DEBA5F777,-47,-33,-20,0,39,"6C1DEBA09A25","",41493

+UUDF:6C1DEBA5F777,-47,-33,-20,0,39,"6C1DEBA09A25","",41913

+UUDF:6C1DEBA5F777,-60,-33,-20,0,37,"6C1DEBA09A25","",42019

+UUDF:6C1DEBA5F777,-57,-33,-21,0,37,"6C1DEBA09A25","",42128

+UUDF:6C1DEBA5F777,-58,-33,-21,0,37,"6C1DEBA09A25","",42341

+UUDF:6C1DEBA5F777,-47,-33,-21,0,39,"6C1DEBA09A25","",42555

+UUDF:6C1DEBA5F777,-47,-33,-22,0,39,"6C1DEBA09A25","",43179

+UUDF:6C1DEBA5F777,-57,-28,-41,0,37,"6C1DEBA09A25","",43393

+UUDF:6C1DEBA5F777,-47,-28,-41,0,39,"6C1DEBA09A25","",43499

+UUDF:6C1DEBA5F777,-58,-28,-41,0,37,"6C1DEBA09A25","",44137

+UUDF:6C1DEBA5F777,-56,-28,-41,0,37,"6C1DEBA09A25","",44238

+UUDF:6C1DEBA5F777,-47,-33,-22,0,39,"6C1DEBA09A25","",44443

+UUDF:6C1DEBA5F777,-47,-33,-22,0,39,"6C1DEBA09A25","",44547

+UUDF:6C1DEBA5F777,-47,-33,-21,0,39,"6C1DEBA09A25","",44972

+UUDF:6C1DEBA5F777,-47,-33,-21,0,39,"6C1DEBA09A25","",45073

+UUDF:6C1DEBA5F777,-47,-33,-21,0,39,"6C1DEBA09A25","",45277

+UUDF:6C1DEBA5F777,-47,-34,-21,0,39,"6C1DEBA09A25","",45380

+UUDF:6C1DEBA5F777,-47,-34,-21,0,39,"6C1DEBA09A25","",45485

+UUDF:6C1DEBA5F777,-47,-34,-21,0,39,"6C1DEBA09A25","",45593

+UUDF:6C1DEBA5F777,-47,-35,-21,0,39,"6C1DEBA09A25","",45699

+UUDF:6C1DEBA5F777,-61,-35,-21,0,37,"6C1DEBA09A25","",46109

+UUDF:6C1DEBA5F777,-47,-35,-22,0,39,"6C1DEBA09A25","",46317

+UUDF:6C1DEBA5F777,-59,-34,-42,0,37,"6C1DEBA09A25","",46533

+UUDF:6C1DEBA5F777,-47,-34,-42,0,39,"6C1DEBA09A25","",46636

+UUDF:6C1DEBA5F777,-57,-34,-42,0,37,"6C1DEBA09A25","",46846

+UUDF:6C1DEBA5F777,-57,-28,-42,0,37,"6C1DEBA09A25","",46948

+UUDF:6C1DEBA5F777,-47,-33,-42,0,39,"6C1DEBA09A25","",47056

+UUDF:6C1DEBA5F777,-61,-28,-42,0,37,"6C1DEBA09A25","",47266

+UUDF:6C1DEBA5F777,-47,-33,-42,0,39,"6C1DEBA09A25","",47368

+UUDF:6C1DEBA5F777,-57,-33,-42,0,37,"6C1DEBA09A25","",47575

+UUDF:6C1DEBA5F777,-47,-33,-42,0,39,"6C1DEBA09A25","",47686

+UUDF:6C1DEBA5F777,-47,-33,-21,0,39,"6C1DEBA09A25","",47893

+UUDF:6C1DEBA5F777,-59,-33,-41,0,37,"6C1DEBA09A25","",48096

+UUDF:6C1DEBA5F777,-48,-33,-20,0,39,"6C1DEBA09A25","",48310

+UUDF:6C1DEBA5F777,-47,-35,-20,0,39,"6C1DEBA09A25","",48412

+UUDF:6C1DEBA5F777,-47,-34,-20,0,39,"6C1DEBA09A25","",48614

+UUDF:6C1DEBA5F777,-54,-34,-20,0,37,"6C1DEBA09A25","",48720

+UUDF:6C1DEBA5F777,-59,-34,-41,0,37,"6C1DEBA09A25","",48935

+UUDF:6C1DEBA5F777,-57,-26,-41,0,37,"6C1DEBA09A25","",49038

+UUDF:6C1DEBA5F777,-47,-26,-41,0,39,"6C1DEBA09A25","",49145

+UUDF:6C1DEBA5F777,-48,-33,-41,0,39,"6C1DEBA09A25","",49461

+UUDF:6C1DEBA5F777,-48,-34,-20,0,39,"6C1DEBA09A25","",49568

+UUDF:6C1DEBA5F777,-59,-34,-20,0,37,"6C1DEBA09A25","",49670

+UUDF:6C1DEBA5F777,-57,-34,-42,0,37,"6C1DEBA09A25","",49772

+UUDF:6C1DEBA5F777,-48,-34,-42,0,39,"6C1DEBA09A25","",49881

+UUDF:6C1DEBA5F777,-48,-34,-42,0,39,"6C1DEBA09A25","",49986

+UUDF:6C1DEBA5F777,-48,-34,-20,0,39,"6C1DEBA09A25","",50087

+UUDF:6C1DEBA5F777,-57,-34,-20,0,37,"6C1DEBA09A25","",50194

+UUDF:6C1DEBA5F777,-59,-34,-42,0,37,"6C1DEBA09A25","",50298

+UUDF:6C1DEBA5F777,-48,-34,-42,0,39,"6C1DEBA09A25","",50401

+UUDF:6C1DEBA5F777,-48,-32,-42,0,39,"6C1DEBA09A25","",50504

+UUDF:6C1DEBA5F777,-59,-32,-41,0,37,"6C1DEBA09A25","",50607

+UUDF:6C1DEBA5F777,-57,-27,-41,0,37,"6C1DEBA09A25","",50708

+UUDF:6C1DEBA5F777,-48,-32,-41,0,39,"6C1DEBA09A25","",50810

+UUDF:6C1DEBA5F777,-58,-32,-41,0,37,"6C1DEBA09A25","",51121

+UUDF:6C1DEBA5F777,-48,-32,-41,0,39,"6C1DEBA09A25","",51232

+UUDF:6C1DEBA5F777,-48,-33,-41,0,39,"6C1DEBA09A25","",51341

+UUDF:6C1DEBA5F777,-56,-33,-42,0,37,"6C1DEBA09A25","",51441

+UUDF:6C1DEBA5F777,-57,-33,-41,0,37,"6C1DEBA09A25","",51549

+UUDF:6C1DEBA5F777,-58,-27,-42,0,37,"6C1DEBA09A25","",51651

+UUDF:6C1DEBA5F777,-48,-33,-41,0,39,"6C1DEBA09A25","",51858

+UUDF:6C1DEBA5F777,-58,-27,-42,0,37,"6C1DEBA09A25","",52071

+UUDF:6C1DEBA5F777,-57,-27,-42,0,37,"6C1DEBA09A25","",52172

+UUDF:6C1DEBA5F777,-48,-27,-42,0,39,"6C1DEBA09A25","",52588

+UUDF:6C1DEBA5F777,-48,-32,-42,0,39,"6C1DEBA09A25","",52801

+UUDF:6C1DEBA5F777,-48,-33,-20,0,39,"6C1DEBA09A25","",52903

+UUDF:6C1DEBA5F777,-48,-33,-20,0,39,"6C1DEBA09A25","",53330

+UUDF:6C1DEBA5F777,-57,-33,-20,0,37,"6C1DEBA09A25","",53433

+UUDF:6C1DEBA5F777,-48,-33,-20,0,39,"6C1DEBA09A25","",53543

+UUDF:6C1DEBA5F777,-48,-33,-20,0,39,"6C1DEBA09A25","",53860

+UUDF:6C1DEBA5F777,-58,-33,-20,0,37,"6C1DEBA09A25","",53962

+UUDF:6C1DEBA5F777,-57,-32,-40,0,37,"6C1DEBA09A25","",54174

+UUDF:6C1DEBA5F777,-48,-32,-40,0,39,"6C1DEBA09A25","",54281

+UUDF:6C1DEBA5F777,-48,-33,-21,0,39,"6C1DEBA09A25","",54388

+UUDF:6C1DEBA5F777,-48,-32,-21,0,39,"6C1DEBA09A25","",54497

+UUDF:6C1DEBA5F777,-56,-32,-40,0,37,"6C1DEBA09A25","",54818

+UUDF:6C1DEBA5F777,-56,-32,-41,0,37,"6C1DEBA09A25","",55033

+UUDF:6C1DEBA5F777,-59,-32,-41,0,37,"6C1DEBA09A25","",55246

+UUDF:6C1DEBA5F777,-57,-27,-41,0,37,"6C1DEBA09A25","",55457

+UUDF:6C1DEBA5F777,-54,-27,-41,0,37,"6C1DEBA09A25","",55562

+UUDF:6C1DEBA5F777,-48,-27,-41,0,39,"6C1DEBA09A25","",55663

+UUDF:6C1DEBA5F777,-48,-27,-41,0,39,"6C1DEBA09A25","",55768

+UUDF:6C1DEBA5F777,-48,-33,-20,0,39,"6C1DEBA09A25","",55983

+UUDF:6C1DEBA5F777,-61,-33,-20,0,37,"6C1DEBA09A25","",56090

+UUDF:6C1DEBA5F777,-48,-33,-20,0,39,"6C1DEBA09A25","",56196

+UUDF:6C1DEBA5F777,-58,-33,-21,0,37,"6C1DEBA09A25","",56297

+UUDF:6C1DEBA5F777,-48,-33,-21,0,39,"6C1DEBA09A25","",56507

+UUDF:6C1DEBA5F777,-48,-33,-21,0,39,"6C1DEBA09A25","",56611

+UUDF:6C1DEBA5F777,-48,-33,-20,0,39,"6C1DEBA09A25","",56714

+UUDF:6C1DEBA5F777,-59,-33,-20,0,37,"6C1DEBA09A25","",57035

+UUDF:6C1DEBA5F777,-48,-33,-20,0,39,"6C1DEBA09A25","",57141

+UUDF:6C1DEBA5F777,-48,-33,-20,0,39,"6C1DEBA09A25","",57250

+UUDF:6C1DEBA5F777,-48,-33,-20,0,39,"6C1DEBA09A25","",57463

+UUDF:6C1DEBA5F777,-48,-34,-20,0,39,"6C1DEBA09A25","",57777

+UUDF:6C1DEBA5F777,-56,-34,-20,0,37,"6C1DEBA09A25","",58305

+UUDF:6C1DEBA5F777,-59,-34,-21,0,37,"6C1DEBA09A25","",58716

+UUDF:6C1DEBA5F777,-48,-32,-21,0,39,"6C1DEBA09A25","",58824

+UUDF:6C1DEBA5F777,-48,-32,-21,0,39,"6C1DEBA09A25","",58929

+UUDF:6C1DEBA5F777,-61,-26,-42,0,37,"6C1DEBA09A25","",59034

+UUDF:6C1DEBA5F777,-48,-32,-21,0,39,"6C1DEBA09A25","",59244

+UUDF:6C1DEBA5F777,-59,-32,-21,0,37,"6C1DEBA09A25","",59346

+UUDF:6C1DEBA5F777,-57,-27,-41,0,37,"6C1DEBA09A25","",59551

+UUDF:6C1DEBA5F777,-48,-27,-41,0,39,"6C1DEBA09A25","",59660

+UUDF:6C1DEBA5F777,-61,-28,-41,0,37,"6C1DEBA09A25","",59762

+UUDF:6C1DEBA5F777,-48,-28,-41,0,39,"6C1DEBA09A25","",59977

+UUDF:6C1DEBA5F777,-56,-28,-40,0,37,"6C1DEBA09A25","",60080

+UUDF:6C1DEBA5F777,-48,-32,-21,0,39,"6C1DEBA09A25","",60190

+UUDF:6C1DEBA5F777,-48,-33,-20,0,39,"6C1DEBA09A25","",60398

+UUDF:6C1DEBA5F777,-56,-33,-20,0,37,"6C1DEBA09A25","",60506

+UUDF:6C1DEBA5F777,-57,-27,-40,0,37,"6C1DEBA09A25","",60610

+UUDF:6C1DEBA5F777,-48,-33,-20,0,39,"6C1DEBA09A25","",60713

+UUDF:6C1DEBA5F777,-57,-27,-41,0,37,"6C1DEBA09A25","",60817

+UUDF:6C1DEBA5F777,-57,-27,-42,0,37,"6C1DEBA09A25","",61135

+UUDF:6C1DEBA5F777,-48,-27,-42,0,39,"6C1DEBA09A25","",61448

+UUDF:6C1DEBA5F777,-48,-33,-42,0,39,"6C1DEBA09A25","",61552

+UUDF:6C1DEBA5F777,-57,-33,-42,0,37,"6C1DEBA09A25","",61762

+UUDF:6C1DEBA5F777,-57,-27,-42,0,37,"6C1DEBA09A25","",61863

+UUDF:6C1DEBA5F777,-48,-33,-41,0,39,"6C1DEBA09A25","",62177

+UUDF:6C1DEBA5F777,-57,-33,-41,0,37,"6C1DEBA09A25","",62598

+UUDF:6C1DEBA5F777,-48,-33,-41,0,39,"6C1DEBA09A25","",62706

+UUDF:6C1DEBA5F777,-57,-27,-42,0,37,"6C1DEBA09A25","",62805

+UUDF:6C1DEBA5F777,-57,-27,-41,0,37,"6C1DEBA09A25","",62911

+UUDF:6C1DEBA5F777,-48,-33,-41,0,39,"6C1DEBA09A25","",63018

+UUDF:6C1DEBA5F777,-48,-33,-41,0,39,"6C1DEBA09A25","",63122

+UUDF:6C1DEBA5F777,-59,-33,-41,0,37,"6C1DEBA09A25","",63223

+UUDF:6C1DEBA5F777,-59,-27,-41,0,37,"6C1DEBA09A25","",63324

+UUDF:6C1DEBA5F777,-58,-26,-41,0,37,"6C1DEBA09A25","",63427

+UUDF:6C1DEBA5F777,-48,-33,-41,0,39,"6C1DEBA09A25","",63529

+UUDF:6C1DEBA5F777,-48,-33,-41,0,39,"6C1DEBA09A25","",63636

+UUDF:6C1DEBA5F777,-58,-26,-42,0,37,"6C1DEBA09A25","",63741

+UUDF:6C1DEBA5F777,-48,-34,-41,0,39,"6C1DEBA09A25","",63852

+UUDF:6C1DEBA5F777,-48,-34,-21,0,39,"6C1DEBA09A25","",64062

+UUDF:6C1DEBA5F777,-48,-34,-21,0,39,"6C1DEBA09A25","",64167

+UUDF:6C1DEBA5F777,-48,-34,-21,0,39,"6C1DEBA09A25","",64273

+UUDF:6C1DEBA5F777,-48,-34,-21,0,39,"6C1DEBA09A25","",64378

+UUDF:6C1DEBA5F777,-48,-34,-20,0,39,"6C1DEBA09A25","",64580

+UUDF:6C1DEBA5F777,-48,-34,-20,0,39,"6C1DEBA09A25","",64681

+UUDF:6C1DEBA5F777,-48,-33,-20,0,39,"6C1DEBA09A25","",64997

+UUDF:6C1DEBA5F777,-48,-34,-20,0,39,"6C1DEBA09A25","",65097

+UUDF:6C1DEBA5F777,-59,-33,-20,0,37,"6C1DEBA09A25","",65199

+UUDF:6C1DEBA5F777,-47,-33,-20,0,39,"6C1DEBA09A25","",65306

+UUDF:6C1DEBA5F777,-48,-34,-20,0,39,"6C1DEBA09A25","",65410

+UUDF:6C1DEBA5F777,-58,-34,-21,0,37,"6C1DEBA09A25","",65616

+UUDF:6C1DEBA5F777,-51,-34,-21,0,39,"6C1DEBA09A25","",65941

+UUDF:6C1DEBA5F777,-57,-32,-42,0,37,"6C1DEBA09A25","",66046

+UUDF:6C1DEBA5F777,-57,-32,-42,0,37,"6C1DEBA09A25","",66154

+UUDF:6C1DEBA5F777,-48,-32,-42,0,39,"6C1DEBA09A25","",66476

+UUDF:6C1DEBA5F777,-48,-32,-42,0,39,"6C1DEBA09A25","",66797

+UUDF:6C1DEBA5F777,-48,-32,-21,0,39,"6C1DEBA09A25","",66899

+UUDF:6C1DEBA5F777,-57,-32,-39,0,37,"6C1DEBA09A25","",67007

+UUDF:6C1DEBA5F777,-48,-32,-24,0,39,"6C1DEBA09A25","",67114

+UUDF:6C1DEBA5F777,-48,-34,-21,0,39,"6C1DEBA09A25","",67326

+UUDF:6C1DEBA5F777,-48,-32,-21,0,39,"6C1DEBA09A25","",67538

+UUDF:6C1DEBA5F777,-58,-32,-24,0,37,"6C1DEBA09A25","",67850

+UUDF:6C1DEBA5F777,-57,-31,-39,0,37,"6C1DEBA09A25","",67953

+UUDF:6C1DEBA5F777,-48,-32,-24,0,39,"6C1DEBA09A25","",68163

+UUDF:6C1DEBA5F777,-48,-33,-21,0,39,"6C1DEBA09A25","",68264

+UUDF:6C1DEBA5F777,-48,-33,-21,0,39,"6C1DEBA09A25","",68680

+UUDF:6C1DEBA5F777,-48,-33,-21,0,39,"6C1DEBA09A25","",68889

+UUDF:6C1DEBA5F777,-48,-33,-20,0,39,"6C1DEBA09A25","",68996

+UUDF:6C1DEBA5F777,-57,-33,-20,0,37,"6C1DEBA09A25","",69103

+UUDF:6C1DEBA5F777,-58,-33,-21,0,37,"6C1DEBA09A25","",69423

+UUDF:6C1DEBA5F777,-48,-33,-20,0,39,"6C1DEBA09A25","",69631

+UUDF:6C1DEBA5F777,-57,-33,-41,0,37,"6C1DEBA09A25","",69738

+UUDF:6C1DEBA5F777,-57,-27,-42,0,37,"6C1DEBA09A25","",69843

+UUDF:6C1DEBA5F777,-48,-27,-42,0,39,"6C1DEBA09A25","",70260

+UUDF:6C1DEBA5F777,-48,-33,-42,0,39,"6C1DEBA09A25","",70468

+UUDF:6C1DEBA5F777,-59,-33,-41,0,37,"6C1DEBA09A25","",70574

+UUDF:6C1DEBA5F777,-57,-33,-41,0,37,"6C1DEBA09A25","",70677

+UUDF:6C1DEBA5F777,-48,-33,-41,0,39,"6C1DEBA09A25","",70782

+UUDF:6C1DEBA5F777,-58,-28,-41,0,37,"6C1DEBA09A25","",70883

+UUDF:6C1DEBA5F777,-57,-27,-41,0,37,"6C1DEBA09A25","",71100

+UUDF:6C1DEBA5F777,-48,-33,-41,0,39,"6C1DEBA09A25","",71312

+UUDF:6C1DEBA5F777,-61,-27,-41,0,37,"6C1DEBA09A25","",71628

+UUDF:6C1DEBA5F777,-48,-33,-41,0,39,"6C1DEBA09A25","",71941

+UUDF:6C1DEBA5F777,-58,-33,-43,0,37,"6C1DEBA09A25","",72047

+UUDF:6C1DEBA5F777,-48,-33,-43,0,39,"6C1DEBA09A25","",72259

+UUDF:6C1DEBA5F777,-57,-33,-42,0,37,"6C1DEBA09A25","",72573

+UUDF:6C1DEBA5F777,-48,-33,-42,0,39,"6C1DEBA09A25","",72783

+UUDF:6C1DEBA5F777,-48,-33,-20,0,39,"6C1DEBA09A25","",72891

+UUDF:6C1DEBA5F777,-48,-33,-20,0,39,"6C1DEBA09A25","",73000

+UUDF:6C1DEBA5F777,-48,-33,-20,0,39,"6C1DEBA09A25","",73101

+UUDF:6C1DEBA5F777,-48,-34,-20,0,39,"6C1DEBA09A25","",73208

+UUDF:6C1DEBA5F777,-61,-34,-21,0,37,"6C1DEBA09A25","",73312

+UUDF:6C1DEBA5F777,-48,-34,-21,0,39,"6C1DEBA09A25","",73529

+UUDF:6C1DEBA5F777,-48,-34,-20,0,39,"6C1DEBA09A25","",73735

+UUDF:6C1DEBA5F777,-48,-34,-20,0,39,"6C1DEBA09A25","",73838

+UUDF:6C1DEBA5F777,-48,-34,-20,0,39,"6C1DEBA09A25","",74053

+UUDF:6C1DEBA5F777,-48,-33,-20,0,39,"6C1DEBA09A25","",74158

+UUDF:6C1DEBA5F777,-57,-33,-21,0,37,"6C1DEBA09A25","",74261

+UUDF:6C1DEBA5F777,-57,-33,-42,0,37,"6C1DEBA09A25","",74473

+UUDF:6C1DEBA5F777,-48,-33,-42,0,39,"6C1DEBA09A25","",74578

+UUDF:6C1DEBA5F777,-48,-33,-42,0,39,"6C1DEBA09A25","",74686

+UUDF:6C1DEBA5F777,-48,-33,-20,0,39,"6C1DEBA09A25","",74787

+UUDF:6C1DEBA5F777,-48,-33,-20,0,39,"6C1DEBA09A25","",74997

+UUDF:6C1DEBA5F777,-56,-33,-20,0,37,"6C1DEBA09A25","",75101

+UUDF:6C1DEBA5F777,-48,-33,-20,0,39,"6C1DEBA09A25","",75207

+UUDF:6C1DEBA5F777,-48,-34,-20,0,39,"6C1DEBA09A25","",75312

+UUDF:6C1DEBA5F777,-48,-34,-21,0,39,"6C1DEBA09A25","",75417

+UUDF:6C1DEBA5F777,-48,-34,-20,0,39,"6C1DEBA09A25","",75522

+UUDF:6C1DEBA5F777,-59,-33,-21,0,37,"6C1DEBA09A25","",75722

+UUDF:6C1DEBA5F777,-57,-33,-42,0,37,"6C1DEBA09A25","",75830

+UUDF:6C1DEBA5F777,-55,-27,-42,0,37,"6C1DEBA09A25","",76036

+UUDF:6C1DEBA5F777,-47,-33,-42,0,39,"6C1DEBA09A25","",76140

+UUDF:6C1DEBA5F777,-48,-33,-42,0,39,"6C1DEBA09A25","",76244

+UUDF:6C1DEBA5F777,-61,-27,-42,0,37,"6C1DEBA09A25","",76351

+UUDF:6C1DEBA5F777,-57,-28,-42,0,37,"6C1DEBA09A25","",76560

+UUDF:6C1DEBA5F777,-57,-28,-42,0,37,"6C1DEBA09A25","",76662

+UUDF:6C1DEBA5F777,-48,-34,-41,0,39,"6C1DEBA09A25","",76770

+UUDF:6C1DEBA5F777,-47,-33,-41,0,39,"6C1DEBA09A25","",76870

+UUDF:6C1DEBA5F777,-48,-32,-41,0,39,"6C1DEBA09A25","",77187

+UUDF:6C1DEBA5F777,-48,-33,-21,0,39,"6C1DEBA09A25","",77287

+UUDF:6C1DEBA5F777,-48,-33,-20,0,39,"6C1DEBA09A25","",77600

+UUDF:6C1DEBA5F777,-48,-34,-20,0,39,"6C1DEBA09A25","",77706

+UUDF:6C1DEBA5F777,-48,-33,-20,0,39,"6C1DEBA09A25","",77810

+UUDF:6C1DEBA5F777,-48,-33,-20,0,39,"6C1DEBA09A25","",77916

+UUDF:6C1DEBA5F777,-48,-34,-20,0,39,"6C1DEBA09A25","",78017

+UUDF:6C1DEBA5F777,-56,-33,-20,0,37,"6C1DEBA09A25","",78225

+UUDF:6C1DEBA5F777,-57,-33,-21,0,37,"6C1DEBA09A25","",78434

+UUDF:6C1DEBA5F777,-57,-33,-43,0,37,"6C1DEBA09A25","",78644

+UUDF:6C1DEBA5F777,-48,-33,-43,0,39,"6C1DEBA09A25","",78859

+UUDF:6C1DEBA5F777,-57,-26,-43,0,37,"6C1DEBA09A25","",79067

+UUDF:6C1DEBA5F777,-48,-26,-43,0,39,"6C1DEBA09A25","",79172

+UUDF:6C1DEBA5F777,-57,-27,-43,0,37,"6C1DEBA09A25","",79276

+UUDF:6C1DEBA5F777,-48,-33,-42,0,39,"6C1DEBA09A25","",79588

+UUDF:6C1DEBA5F777,-48,-33,-21,0,39,"6C1DEBA09A25","",79695

+UUDF:6C1DEBA5F777,-48,-33,-21,0,39,"6C1DEBA09A25","",79905

+UUDF:6C1DEBA5F777,-47,-33,-20,0,39,"6C1DEBA09A25","",80010

+UUDF:6C1DEBA5F777,-57,-33,-21,0,37,"6C1DEBA09A25","",80110

+UUDF:6C1DEBA5F777,-48,-34,-20,0,39,"6C1DEBA09A25","",80319

+UUDF:6C1DEBA5F777,-48,-34,-20,0,39,"6C1DEBA09A25","",80427

+UUDF:6C1DEBA5F777,-56,-33,-20,0,37,"6C1DEBA09A25","",80531

+UUDF:6C1DEBA5F777,-57,-33,-41,0,37,"6C1DEBA09A25","",80633

+UUDF:6C1DEBA5F777,-58,-27,-42,0,37,"6C1DEBA09A25","",80734

+UUDF:6C1DEBA5F777,-61,-27,-41,0,37,"6C1DEBA09A25","",80837

+UUDF:6C1DEBA5F777,-59,-27,-41,0,37,"6C1DEBA09A25","",80937

+UUDF:6C1DEBA5F777,-57,-27,-42,0,37,"6C1DEBA09A25","",81045

+UUDF:6C1DEBA5F777,-59,-26,-42,0,37,"6C1DEBA09A25","",81250

+UUDF:6C1DEBA5F777,-58,-26,-41,0,37,"6C1DEBA09A25","",81568

+UUDF:6C1DEBA5F777,-48,-27,-41,0,39,"6C1DEBA09A25","",82097

+UUDF:6C1DEBA5F777,-57,-27,-41,0,37,"6C1DEBA09A25","",82206

+UUDF:6C1DEBA5F777,-48,-29,-41,0,39,"6C1DEBA09A25","",82416

+UUDF:6C1DEBA5F777,-48,-33,-41,0,39,"6C1DEBA09A25","",82518

+UUDF:6C1DEBA5F777,-58,-33,-41,0,37,"6C1DEBA09A25","",82624

+UUDF:6C1DEBA5F777,-57,-33,-42,0,37,"6C1DEBA09A25","",82936

+UUDF:6C1DEBA5F777,-48,-33,-42,0,39,"6C1DEBA09A25","",83040

+UUDF:6C1DEBA5F777,-48,-34,-21,0,39,"6C1DEBA09A25","",83254

+UUDF:6C1DEBA5F777,-57,-33,-42,0,37,"6C1DEBA09A25","",83361

+UUDF:6C1DEBA5F777,-48,-33,-42,0,39,"6C1DEBA09A25","",83469

+UUDF:6C1DEBA5F777,-48,-34,-21,0,39,"6C1DEBA09A25","",83572

+UUDF:6C1DEBA5F777,-48,-34,-20,0,39,"6C1DEBA09A25","",83675

+UUDF:6C1DEBA5F777,-48,-34,-20,0,39,"6C1DEBA09A25","",84394

+UUDF:6C1DEBA5F777,-57,-33,-21,0,37,"6C1DEBA09A25","",84494

+UUDF:6C1DEBA5F777,-48,-34,-20,0,39,"6C1DEBA09A25","",84603

+UUDF:6C1DEBA5F777,-48,-34,-20,0,39,"6C1DEBA09A25","",84813

+UUDF:6C1DEBA5F777,-48,-34,-20,0,39,"6C1DEBA09A25","",84917

+UUDF:6C1DEBA5F777,-56,-34,-20,0,37,"6C1DEBA09A25","",85018

+UUDF:6C1DEBA5F777,-58,-34,-42,0,37,"6C1DEBA09A25","",85334

+UUDF:6C1DEBA5F777,-57,-34,-41,0,37,"6C1DEBA09A25","",85436

+UUDF:6C1DEBA5F777,-48,-33,-20,0,39,"6C1DEBA09A25","",85539

+UUDF:6C1DEBA5F777,-48,-33,-20,0,39,"6C1DEBA09A25","",85640

+UUDF:6C1DEBA5F777,-59,-26,-41,0,37,"6C1DEBA09A25","",85745

+UUDF:6C1DEBA5F777,-48,-33,-20,0,39,"6C1DEBA09A25","",85849

+UUDF:6C1DEBA5F777,-58,-33,-20,0,37,"6C1DEBA09A25","",85954

+UUDF:6C1DEBA5F777,-57,-27,-42,0,37,"6C1DEBA09A25","",86060

+UUDF:6C1DEBA5F777,-59,-27,-42,0,37,"6C1DEBA09A25","",86375

+UUDF:6C1DEBA5F777,-48,-27,-41,0,39,"6C1DEBA09A25","",86587

+UUDF:6C1DEBA5F777,-48,-27,-41,0,39,"6C1DEBA09A25","",86905

+UUDF:6C1DEBA5F777,-58,-27,-41,0,37,"6C1DEBA09A25","",87009

+UUDF:6C1DEBA5F777,-57,-27,-41,0,37,"6C1DEBA09A25","",87541

+UUDF:6C1DEBA5F777,-56,-27,-41,0,37,"6C1DEBA09A25","",87855

+UUDF:6C1DEBA5F777,-48,-27,-41,0,39,"6C1DEBA09A25","",87957

+UUDF:6C1DEBA5F777,-59,-27,-42,0,37,"6C1DEBA09A25","",88375

+UUDF:6C1DEBA5F777,-48,-27,-42,0,39,"6C1DEBA09A25","",88480

+UUDF:6C1DEBA5F777,-48,-33,-21,0,39,"6C1DEBA09A25","",88589

+UUDF:6C1DEBA5F777,-48,-33,-20,0,39,"6C1DEBA09A25","",88698

+UUDF:6C1DEBA5F777,-56,-33,-21,0,37,"6C1DEBA09A25","",88801

+UUDF:6C1DEBA5F777,-48,-33,-20,0,39,"6C1DEBA09A25","",88909

+UUDF:6C1DEBA5F777,-57,-33,-21,0,37,"6C1DEBA09A25","",89008

+UUDF:6C1DEBA5F777,-48,-33,-20,0,39,"6C1DEBA09A25","",89113

+UUDF:6C1DEBA5F777,-48,-33,-20,0,39,"6C1DEBA09A25","",89317

+UUDF:6C1DEBA5F777,-57,-33,-20,0,37,"6C1DEBA09A25","",89630

+UUDF:6C1DEBA5F777,-57,-27,-42,0,37,"6C1DEBA09A25","",89956

+UUDF:6C1DEBA5F777,-47,-33,-20,0,39,"6C1DEBA09A25","",90059

+UUDF:6C1DEBA5F777,-61,-26,-42,0,37,"6C1DEBA09A25","",90162

+UUDF:6C1DEBA5F777,-48,-26,-42,0,39,"6C1DEBA09A25","",90266

+UUDF:6C1DEBA5F777,-48,-32,-20,0,39,"6C1DEBA09A25","",90367

+UUDF:6C1DEBA5F777,-54,-32,-20,0,37,"6C1DEBA09A25","",90475

+UUDF:6C1DEBA5F777,-48,-32,-20,0,39,"6C1DEBA09A25","",90580

+UUDF:6C1DEBA5F777,-48,-33,-20,0,39,"6C1DEBA09A25","",90687

+UUDF:6C1DEBA5F777,-48,-34,-20,0,39,"6C1DEBA09A25","",90792

+UUDF:6C1DEBA5F777,-57,-34,-21,0,37,"6C1DEBA09A25","",91313

+UUDF:6C1DEBA5F777,-48,-34,-21,0,39,"6C1DEBA09A25","",91521

+UUDF:6C1DEBA5F777,-48,-33,-21,0,39,"6C1DEBA09A25","",91831

+UUDF:6C1DEBA5F777,-57,-33,-21,0,37,"6C1DEBA09A25","",91930

+UUDF:6C1DEBA5F777,-59,-26,-42,0,37,"6C1DEBA09A25","",92036

+UUDF:6C1DEBA5F777,-48,-33,-21,0,39,"6C1DEBA09A25","",92249

+UUDF:6C1DEBA5F777,-48,-33,-21,0,39,"6C1DEBA09A25","",92458

+UUDF:6C1DEBA5F777,-57,-27,-42,0,37,"6C1DEBA09A25","",92561

+UUDF:6C1DEBA5F777,-48,-34,-21,0,39,"6C1DEBA09A25","",92670

+UUDF:6C1DEBA5F777,-59,-34,-21,0,37,"6C1DEBA09A25","",92778

+UUDF:6C1DEBA5F777,-57,-27,-42,0,37,"6C1DEBA09A25","",93296

+UUDF:6C1DEBA5F777,-57,-27,-42,0,37,"6C1DEBA09A25","",93404

+UUDF:6C1DEBA5F777,-48,-27,-41,0,39,"6C1DEBA09A25","",93513

+UUDF:6C1DEBA5F777,-48,-27,-41,0,39,"6C1DEBA09A25","",93619

+UUDF:6C1DEBA5F777,-48,-32,-21,0,39,"6C1DEBA09A25","",93823

+UUDF:6C1DEBA5F777,-61,-32,-21,0,37,"6C1DEBA09A25","",93930

+UUDF:6C1DEBA5F777,-48,-33,-20,0,39,"6C1DEBA09A25","",94041

+UUDF:6C1DEBA5F777,-48,-33,-20,0,39,"6C1DEBA09A25","",94142

+UUDF:6C1DEBA5F777,-48,-33,-20,0,39,"6C1DEBA09A25","",94243

+UUDF:6C1DEBA5F777,-58,-33,-21,0,37,"6C1DEBA09A25","",94342

+UUDF:6C1DEBA5F777,-59,-33,-21,0,37,"6C1DEBA09A25","",94444

+UUDF:6C1DEBA5F777,-48,-33,-21,0,39,"6C1DEBA09A25","",94651

+UUDF:6C1DEBA5F777,-59,-27,-41,0,37,"6C1DEBA09A25","",94854

+UUDF:6C1DEBA5F777,-56,-27,-41,0,37,"6C1DEBA09A25","",94960

+UUDF:6C1DEBA5F777,-48,-28,-41,0,39,"6C1DEBA09A25","",95070

+UUDF:6C1DEBA5F777,-57,-28,-41,0,37,"6C1DEBA09A25","",95599

+UUDF:6C1DEBA5F777,-48,-28,-41,0,39,"6C1DEBA09A25","",95814

+UUDF:6C1DEBA5F777,-48,-33,-21,0,39,"6C1DEBA09A25","",96130

+UUDF:6C1DEBA5F777,-58,-33,-21,0,37,"6C1DEBA09A25","",96334

+UUDF:6C1DEBA5F777,-57,-26,-41,0,37,"6C1DEBA09A25","",96542

+UUDF:6C1DEBA5F777,-59,-28,-41,0,37,"6C1DEBA09A25","",96646

+UUDF:6C1DEBA5F777,-48,-28,-41,0,39,"6C1DEBA09A25","",96856

+UUDF:6C1DEBA5F777,-48,-28,-41,0,39,"6C1DEBA09A25","",96956

+UUDF:6C1DEBA5F777,-57,-28,-41,0,37,"6C1DEBA09A25","",97061

+UUDF:6C1DEBA5F777,-48,-32,-21,0,39,"6C1DEBA09A25","",97170

+UUDF:6C1DEBA5F777,-57,-32,-21,0,37,"6C1DEBA09A25","",97374

+UUDF:6C1DEBA5F777,-48,-33,-21,0,39,"6C1DEBA09A25","",97484

+UUDF:6C1DEBA5F777,-56,-27,-40,0,37,"6C1DEBA09A25","",97589

+UUDF:6C1DEBA5F777,-57,-27,-40,0,37,"6C1DEBA09A25","",97699

+UUDF:6C1DEBA5F777,-48,-27,-40,0,39,"6C1DEBA09A25","",97808

+UUDF:6C1DEBA5F777,-48,-33,-21,0,39,"6C1DEBA09A25","",97911

+UUDF:6C1DEBA5F777,-48,-32,-22,0,39,"6C1DEBA09A25","",98016

+UUDF:6C1DEBA5F777,-47,-33,-21,0,39,"6C1DEBA09A25","",98118

+UUDF:6C1DEBA5F777,-57,-33,-21,0,37,"6C1DEBA09A25","",98324

+UUDF:6C1DEBA5F777,-59,-32,-22,0,37,"6C1DEBA09A25","",98432

+UUDF:6C1DEBA5F777,-57,-27,-40,0,37,"6C1DEBA09A25","",98642

+UUDF:6C1DEBA5F777,-47,-27,-40,0,39,"6C1DEBA09A25","",98746

+UUDF:6C1DEBA5F777,-48,-27,-40,0,39,"6C1DEBA09A25","",98848

+UUDF:6C1DEBA5F777,-58,-28,-40,0,37,"6C1DEBA09A25","",99055

+UUDF:6C1DEBA5F777,-48,-32,-20,0,39,"6C1DEBA09A25","",99372

+UUDF:6C1DEBA5F777,-59,-32,-20,0,37,"6C1DEBA09A25","",99573

+UUDF:6C1DEBA5F777,-48,-32,-21,0,39,"6C1DEBA09A25","",99679

+UUDF:6C1DEBA5F777,-48,-32,-21,0,39,"6C1DEBA09A25","",99779

+UUDF:6C1DEBA5F777,-48,-33,-21,0,39,"6C1DEBA09A25","",99990

+UUDF:6C1DEBA5F777,-48,-33,-21,0,39,"6C1DEBA09A25","",100098

+UUDF:6C1DEBA5F777,-57,-33,-21,0,37,"6C1DEBA09A25","",100200

+UUDF:6C1DEBA5F777,-59,-33,-21,0,37,"6C1DEBA09A25","",100408

+UUDF:6C1DEBA5F777,-48,-33,-21,0,39,"6C1DEBA09A25","",100518

+UUDF:6C1DEBA5F777,-48,-33,-21,0,39,"6C1DEBA09A25","",100622

+UUDF:6C1DEBA5F777,-57,-28,-40,0,37,"6C1DEBA09A25","",100837

+UUDF:6C1DEBA5F777,-48,-32,-20,0,39,"6C1DEBA09A25","",101044

+UUDF:6C1DEBA5F777,-57,-32,-20,0,37,"6C1DEBA09A25","",101244

+UUDF:6C1DEBA5F777,-48,-33,-21,0,39,"6C1DEBA09A25","",101351

+UUDF:6C1DEBA5F777,-48,-33,-21,0,39,"6C1DEBA09A25","",101565

+UUDF:6C1DEBA5F777,-58,-32,-41,0,37,"6C1DEBA09A25","",101773

+UUDF:6C1DEBA5F777,-59,-32,-41,0,37,"6C1DEBA09A25","",101975

+UUDF:6C1DEBA5F777,-48,-32,-41,0,39,"6C1DEBA09A25","",102503

+UUDF:6C1DEBA5F777,-58,-32,-42,0,37,"6C1DEBA09A25","",103022

+UUDF:6C1DEBA5F777,-48,-32,-42,0,39,"6C1DEBA09A25","",103234

+UUDF:6C1DEBA5F777,-48,-32,-42,0,39,"6C1DEBA09A25","",103336

+UUDF:6C1DEBA5F777,-47,-32,-20,0,39,"6C1DEBA09A25","",103548

+UUDF:6C1DEBA5F777,-48,-33,-20,0,39,"6C1DEBA09A25","",103652

+UUDF:6C1DEBA5F777,-54,-33,-20,0,37,"6C1DEBA09A25","",103759

+UUDF:6C1DEBA5F777,-59,-33,-20,0,37,"6C1DEBA09A25","",104081

+UUDF:6C1DEBA5F777,-48,-32,-20,0,39,"6C1DEBA09A25","",104184

+UUDF:6C1DEBA5F777,-48,-33,-21,0,39,"6C1DEBA09A25","",104390

+UUDF:6C1DEBA5F777,-48,-33,-21,0,39,"6C1DEBA09A25","",104496

+UUDF:6C1DEBA5F777,-48,-33,-21,0,39,"6C1DEBA09A25","",104601

+UUDF:6C1DEBA5F777,-57,-33,-21,0,37,"6C1DEBA09A25","",105025

+UUDF:6C1DEBA5F777,-48,-33,-20,0,39,"6C1DEBA09A25","",105236

+UUDF:6C1DEBA5F777,-57,-33,-21,0,37,"6C1DEBA09A25","",105341

+UUDF:6C1DEBA5F777,-48,-33,-21,0,39,"6C1DEBA09A25","",105449

+UUDF:6C1DEBA5F777,-54,-32,-21,0,37,"6C1DEBA09A25","",105554

+UUDF:6C1DEBA5F777,-58,-27,-42,0,37,"6C1DEBA09A25","",105664

+UUDF:6C1DEBA5F777,-61,-26,-42,0,37,"6C1DEBA09A25","",105875

+UUDF:6C1DEBA5F777,-57,-26,-42,0,37,"6C1DEBA09A25","",106090

+UUDF:6C1DEBA5F777,-48,-26,-42,0,39,"6C1DEBA09A25","",106194

+UUDF:6C1DEBA5F777,-48,-26,-41,0,39,"6C1DEBA09A25","",106297

+UUDF:6C1DEBA5F777,-59,-26,-41,0,37,"6C1DEBA09A25","",106401

+UUDF:6C1DEBA5F777,-57,-27,-41,0,37,"6C1DEBA09A25","",106510

+UUDF:6C1DEBA5F777,-57,-28,-42,0,37,"6C1DEBA09A25","",106827

+UUDF:6C1DEBA5F777,-57,-27,-42,0,37,"6C1DEBA09A25","",107344

+UUDF:6C1DEBA5F777,-59,-27,-42,0,37,"6C1DEBA09A25","",107449

+UUDF:6C1DEBA5F777,-57,-27,-42,0,37,"6C1DEBA09A25","",107653

+UUDF:6C1DEBA5F777,-48,-27,-41,0,39,"6C1DEBA09A25","",107756

+UUDF:6C1DEBA5F777,-48,-27,-41,0,39,"6C1DEBA09A25","",107968

+UUDF:6C1DEBA5F777,-48,-32,-22,0,39,"6C1DEBA09A25","",108070

+UUDF:6C1DEBA5F777,-55,-33,-21,0,39,"6C1DEBA09A25","",108171

+UUDF:6C1DEBA5F777,-57,-33,-21,0,37,"6C1DEBA09A25","",108274

+UUDF:6C1DEBA5F777,-48,-34,-20,0,39,"6C1DEBA09A25","",108901

+UUDF:6C1DEBA5F777,-48,-34,-20,0,39,"6C1DEBA09A25","",109119

+UUDF:6C1DEBA5F777,-57,-33,-21,0,37,"6C1DEBA09A25","",109226

+UUDF:6C1DEBA5F777,-59,-27,-42,0,37,"6C1DEBA09A25","",109334

+UUDF:6C1DEBA5F777,-48,-33,-21,0,39,"6C1DEBA09A25","",109436

+UUDF:6C1DEBA5F777,-48,-33,-21,0,39,"6C1DEBA09A25","",109543

+UUDF:6C1DEBA5F777,-48,-33,-21,0,39,"6C1DEBA09A25","",109650

+UUDF:6C1DEBA5F777,-48,-34,-20,0,39,"6C1DEBA09A25","",109754

+UUDF:6C1DEBA5F777,-57,-34,-20,0,37,"6C1DEBA09A25","",109962

+UUDF:6C1DEBA5F777,-48,-34,-20,0,39,"6C1DEBA09A25","",110067

+UUDF:6C1DEBA5F777,-48,-33,-20,0,39,"6C1DEBA09A25","",110168

+UUDF:6C1DEBA5F777,-48,-33,-20,0,39,"6C1DEBA09A25","",110274

+UUDF:6C1DEBA5F777,-57,-32,-20,0,37,"6C1DEBA09A25","",110377

+UUDF:6C1DEBA5F777,-48,-33,-20,0,39,"6C1DEBA09A25","",110688

+UUDF:6C1DEBA5F777,-58,-32,-21,0,37,"6C1DEBA09A25","",111003

+UUDF:6C1DEBA5F777,-48,-33,-21,0,39,"6C1DEBA09A25","",111111

+UUDF:6C1DEBA5F777,-48,-33,-22,0,39,"6C1DEBA09A25","",111214

+UUDF:6C1DEBA5F777,-59,-33,-42,0,37,"6C1DEBA09A25","",111421

+UUDF:6C1DEBA5F777,-59,-33,-42,0,37,"6C1DEBA09A25","",111524

+UUDF:6C1DEBA5F777,-48,-33,-42,0,39,"6C1DEBA09A25","",111633

+UUDF:6C1DEBA5F777,-48,-33,-22,0,39,"6C1DEBA09A25","",111741

+UUDF:6C1DEBA5F777,-48,-33,-22,0,39,"6C1DEBA09A25","",111842

+UUDF:6C1DEBA5F777,-48,-33,-21,0,39,"6C1DEBA09A25","",112155

+UUDF:6C1DEBA5F777,-59,-33,-21,0,37,"6C1DEBA09A25","",112361

+UUDF:6C1DEBA5F777,-59,-33,-21,0,37,"6C1DEBA09A25","",112467

+UUDF:6C1DEBA5F777,-48,-33,-21,0,39,"6C1DEBA09A25","",112576

+UUDF:6C1DEBA5F777,-56,-32,-42,0,37,"6C1DEBA09A25","",112677

+UUDF:6C1DEBA5F777,-58,-27,-42,0,37,"6C1DEBA09A25","",112786

+UUDF:6C1DEBA5F777,-57,-27,-42,0,37,"6C1DEBA09A25","",112894

+UUDF:6C1DEBA5F777,-58,-26,-42,0,37,"6C1DEBA09A25","",113001

+UUDF:6C1DEBA5F777,-56,-27,-42,0,37,"6C1DEBA09A25","",113106

+UUDF:6C1DEBA5F777,-48,-27,-42,0,39,"6C1DEBA09A25","",113211

+UUDF:6C1DEBA5F777,-48,-28,-41,0,39,"6C1DEBA09A25","",113313

+UUDF:6C1DEBA5F777,-59,-28,-41,0,37,"6C1DEBA09A25","",113421

+UUDF:6C1DEBA5F777,-57,-28,-41,0,37,"6C1DEBA09A25","",113737

+UUDF:6C1DEBA5F777,-48,-32,-40,0,39,"6C1DEBA09A25","",113956

+UUDF:6C1DEBA5F777,-58,-32,-41,0,37,"6C1DEBA09A25","",114058

+UUDF:6C1DEBA5F777,-57,-27,-42,0,37,"6C1DEBA09A25","",114166

+UUDF:6C1DEBA5F777,-58,-27,-42,0,37,"6C1DEBA09A25","",114591

+UUDF:6C1DEBA5F777,-48,-27,-42,0,39,"6C1DEBA09A25","",114692

+UUDF:6C1DEBA5F777,-48,-34,-41,0,39,"6C1DEBA09A25","",114794

+UUDF:6C1DEBA5F777,-48,-33,-41,0,39,"6C1DEBA09A25","",114898

+UUDF:6C1DEBA5F777,-48,-34,-22,0,39,"6C1DEBA09A25","",115210

+UUDF:6C1DEBA5F777,-48,-34,-21,0,39,"6C1DEBA09A25","",115416

+UUDF:6C1DEBA5F777,-59,-34,-21,0,37,"6C1DEBA09A25","",115525

+UUDF:6C1DEBA5F777,-54,-34,-21,0,37,"6C1DEBA09A25","",115633

+UUDF:6C1DEBA5F777,-47,-34,-21,0,39,"6C1DEBA09A25","",115735

+UUDF:6C1DEBA5F777,-48,-34,-21,0,39,"6C1DEBA09A25","",115843

+UUDF:6C1DEBA5F777,-58,-34,-42,0,37,"6C1DEBA09A25","",115945

+UUDF:6C1DEBA5F777,-48,-33,-42,0,39,"6C1DEBA09A25","",116252

+UUDF:6C1DEBA5F777,-57,-33,-41,0,37,"6C1DEBA09A25","",116352

+UUDF:6C1DEBA5F777,-59,-33,-41,0,37,"6C1DEBA09A25","",116459

+UUDF:6C1DEBA5F777,-48,-33,-41,0,39,"6C1DEBA09A25","",116673

+UUDF:6C1DEBA5F777,-48,-32,-41,0,39,"6C1DEBA09A25","",116779

+UUDF:6C1DEBA5F777,-48,-33,-21,0,39,"6C1DEBA09A25","",116882

+UUDF:6C1DEBA5F777,-48,-33,-21,0,39,"6C1DEBA09A25","",116990

+UUDF:6C1DEBA5F777,-48,-33,-21,0,39,"6C1DEBA09A25","",117305

+UUDF:6C1DEBA5F777,-48,-33,-21,0,39,"6C1DEBA09A25","",117408

+UUDF:6C1DEBA5F777,-61,-33,-21,0,37,"6C1DEBA09A25","",117510

+UUDF:6C1DEBA5F777,-48,-33,-21,0,39,"6C1DEBA09A25","",117612

+UUDF:6C1DEBA5F777,-48,-33,-21,0,39,"6C1DEBA09A25","",117718

+UUDF:6C1DEBA5F777,-58,-33,-21,0,37,"6C1DEBA09A25","",117824

+UUDF:6C1DEBA5F777,-57,-32,-41,0,37,"6C1DEBA09A25","",117924

+UUDF:6C1DEBA5F777,-56,-26,-42,0,37,"6C1DEBA09A25","",118139

+UUDF:6C1DEBA5F777,-59,-27,-41,0,37,"6C1DEBA09A25","",118246

+UUDF:6C1DEBA5F777,-58,-26,-42,0,37,"6C1DEBA09A25","",118353

+UUDF:6C1DEBA5F777,-48,-26,-42,0,39,"6C1DEBA09A25","",118460

+UUDF:6C1DEBA5F777,-48,-27,-42,0,39,"6C1DEBA09A25","",118564

+UUDF:6C1DEBA5F777,-48,-34,-41,0,39,"6C1DEBA09A25","",118883

+UUDF:6C1DEBA5F777,-48,-34,-20,0,39,"6C1DEBA09A25","",118986

+UUDF:6C1DEBA5F777,-48,-34,-20,0,39,"6C1DEBA09A25","",119095

+UUDF:6C1DEBA5F777,-48,-34,-20,0,39,"6C1DEBA09A25","",119201

+UUDF:6C1DEBA5F777,-48,-33,-20,0,39,"6C1DEBA09A25","",119306

+UUDF:6C1DEBA5F777,-48,-33,-20,0,39,"6C1DEBA09A25","",119409

+UUDF:6C1DEBA5F777,-48,-33,-21,0,39,"6C1DEBA09A25","",119514

+UUDF:6C1DEBA5F777,-48,-33,-21,0,39,"6C1DEBA09A25","",119619

+UUDF:6C1DEBA5F777,-48,-33,-20,0,39,"6C1DEBA09A25","",119729

+UUDF:6C1DEBA5F777,-48,-33,-20,0,39,"6C1DEBA09A25","",119940

+UUDF:6C1DEBA5F777,-48,-33,-20,0,39,"6C1DEBA09A25","",120050

+UUDF:6C1DEBA5F777,-48,-33,-20,0,39,"6C1DEBA09A25","",120151

+UUDF:6C1DEBA5F777,-48,-33,-20,0,39,"6C1DEBA09A25","",120258

+UUDF:6C1DEBA5F777,-57,-33,-21,0,37,"6C1DEBA09A25","",120365

+UUDF:6C1DEBA5F777,-59,-33,-22,0,37,"6C1DEBA09A25","",120675

+UUDF:6C1DEBA5F777,-57,-33,-42,0,37,"6C1DEBA09A25","",120780

+UUDF:6C1DEBA5F777,-48,-32,-21,0,39,"6C1DEBA09A25","",120882

+UUDF:6C1DEBA5F777,-61,-27,-41,0,37,"6C1DEBA09A25","",121404

+UUDF:6C1DEBA5F777,-48,-27,-41,0,39,"6C1DEBA09A25","",121924

+UUDF:6C1DEBA5F777,-48,-27,-41,0,39,"6C1DEBA09A25","",122025

+UUDF:6C1DEBA5F777,-58,-27,-41,0,37,"6C1DEBA09A25","",122237

+UUDF:6C1DEBA5F777,-57,-27,-41,0,37,"6C1DEBA09A25","",122557

+UUDF:6C1DEBA5F777,-48,-32,-21,0,39,"6C1DEBA09A25","",122664

+UUDF:6C1DEBA5F777,-59,-27,-41,0,37,"6C1DEBA09A25","",122766

+UUDF:6C1DEBA5F777,-48,-33,-20,0,39,"6C1DEBA09A25","",122872

+UUDF:6C1DEBA5F777,-59,-27,-41,0,37,"6C1DEBA09A25","",123181

+UUDF:6C1DEBA5F777,-48,-27,-41,0,39,"6C1DEBA09A25","",123286

+UUDF:6C1DEBA5F777,-48,-33,-21,0,39,"6C1DEBA09A25","",123392

+UUDF:6C1DEBA5F777,-47,-33,-20,0,39,"6C1DEBA09A25","",123800

+UUDF:6C1DEBA5F777,-48,-34,-20,0,39,"6C1DEBA09A25","",124113

+UUDF:6C1DEBA5F777,-58,-34,-20,0,37,"6C1DEBA09A25","",124215

+UUDF:6C1DEBA5F777,-57,-33,-21,0,37,"6C1DEBA09A25","",124425

+UUDF:6C1DEBA5F777,-59,-33,-21,0,37,"6C1DEBA09A25","",124530

+UUDF:6C1DEBA5F777,-48,-34,-21,0,39,"6C1DEBA09A25","",124639

+UUDF:6C1DEBA5F777,-57,-27,-41,0,37,"6C1DEBA09A25","",124850

+UUDF:6C1DEBA5F777,-48,-27,-41,0,39,"6C1DEBA09A25","",124955

+UUDF:6C1DEBA5F777,-57,-27,-41,0,37,"6C1DEBA09A25","",125387

+UUDF:6C1DEBA5F777,-57,-26,-42,0,37,"6C1DEBA09A25","",125492

+UUDF:6C1DEBA5F777,-48,-34,-41,0,39,"6C1DEBA09A25","",125594

+UUDF:6C1DEBA5F777,-48,-33,-41,0,39,"6C1DEBA09A25","",126020

+UUDF:6C1DEBA5F777,-57,-33,-42,0,37,"6C1DEBA09A25","",126232

+UUDF:6C1DEBA5F777,-48,-34,-21,0,39,"6C1DEBA09A25","",126448

+UUDF:6C1DEBA5F777,-48,-33,-21,0,39,"6C1DEBA09A25","",126650

+UUDF:6C1DEBA5F777,-48,-33,-21,0,39,"6C1DEBA09A25","",126859

+UUDF:6C1DEBA5F777,-48,-34,-20,0,39,"6C1DEBA09A25","",126963

+UUDF:6C1DEBA5F777,-59,-33,-20,0,37,"6C1DEBA09A25","",127174

+UUDF:6C1DEBA5F777,-57,-33,-42,0,37,"6C1DEBA09A25","",127278

+UUDF:6C1DEBA5F777,-48,-33,-42,0,39,"6C1DEBA09A25","",127487

+UUDF:6C1DEBA5F777,-48,-33,-42,0,39,"6C1DEBA09A25","",127695

+UUDF:6C1DEBA5F777,-48,-33,-21,0,39,"6C1DEBA09A25","",127796

+UUDF:6C1DEBA5F777,-48,-33,-20,0,39,"6C1DEBA09A25","",127898

+UUDF:6C1DEBA5F777,-48,-33,-20,0,39,"6C1DEBA09A25","",128212

+UUDF:6C1DEBA5F777,-58,-33,-20,0,37,"6C1DEBA09A25","",128315

+UUDF:6C1DEBA5F777,-48,-33,-21,0,39,"6C1DEBA09A25","",128420

+UUDF:6C1DEBA5F777,-57,-33,-42,0,37,"6C1DEBA09A25","",128627

+UUDF:6C1DEBA5F777,-48,-34,-42,0,39,"6C1DEBA09A25","",128732

+UUDF:6C1DEBA5F777,-48,-34,-21,0,39,"6C1DEBA09A25","",128946

+UUDF:6C1DEBA5F777,-48,-34,-20,0,39,"6C1DEBA09A25","",129157

+UUDF:6C1DEBA5F777,-61,-34,-20,0,37,"6C1DEBA09A25","",129474

+UUDF:6C1DEBA5F777,-48,-33,-20,0,39,"6C1DEBA09A25","",129896

+UUDF:6C1DEBA5F777,-48,-33,-20,0,39,"6C1DEBA09A25","",130111

+UUDF:6C1DEBA5F777,-48,-33,-21,0,39,"6C1DEBA09A25","",130320

+UUDF:6C1DEBA5F777,-48,-33,-20,0,39,"6C1DEBA09A25","",130424

+UUDF:6C1DEBA5F777,-48,-34,-21,0,39,"6C1DEBA09A25","",130526

+UUDF:6C1DEBA5F777,-48,-33,-21,0,39,"6C1DEBA09A25","",130836

+UUDF:6C1DEBA5F777,-48,-33,-20,0,39,"6C1DEBA09A25","",131043

+UUDF:6C1DEBA5F777,-59,-33,-20,0,37,"6C1DEBA09A25","",131145

+UUDF:6C1DEBA5F777,-48,-33,-20,0,39,"6C1DEBA09A25","",131354

+UUDF:6C1DEBA5F777,-48,-33,-20,0,39,"6C1DEBA09A25","",131458

+UUDF:6C1DEBA5F777,-48,-33,-20,0,39,"6C1DEBA09A25","",131566

+UUDF:6C1DEBA5F777,-57,-33,-20,0,37,"6C1DEBA09A25","",131669

+UUDF:6C1DEBA5F777,-48,-33,-20,0,39,"6C1DEBA09A25","",131877

+UUDF:6C1DEBA5F777,-57,-33,-20,0,37,"6C1DEBA09A25","",131984

+UUDF:6C1DEBA5F777,-56,-26,-42,0,37,"6C1DEBA09A25","",132192

+UUDF:6C1DEBA5F777,-48,-26,-42,0,39,"6C1DEBA09A25","",132512

+UUDF:6C1DEBA5F777,-57,-26,-42,0,37,"6C1DEBA09A25","",132614

+UUDF:6C1DEBA5F777,-48,-26,-42,0,39,"6C1DEBA09A25","",132832

+UUDF:6C1DEBA5F777,-57,-27,-42,0,37,"6C1DEBA09A25","",132933

+UUDF:6C1DEBA5F777,-57,-28,-41,0,37,"6C1DEBA09A25","",133037

+UUDF:6C1DEBA5F777,-57,-27,-41,0,37,"6C1DEBA09A25","",133247

+UUDF:6C1DEBA5F777,-57,-27,-41,0,37,"6C1DEBA09A25","",133354

+UUDF:6C1DEBA5F777,-59,-27,-42,0,37,"6C1DEBA09A25","",133569

+UUDF:6C1DEBA5F777,-48,-27,-41,0,39,"6C1DEBA09A25","",133676

+UUDF:6C1DEBA5F777,-57,-27,-42,0,37,"6C1DEBA09A25","",133775

+UUDF:6C1DEBA5F777,-61,-26,-42,0,37,"6C1DEBA09A25","",133875

+UUDF:6C1DEBA5F777,-59,-26,-42,0,37,"6C1DEBA09A25","",134194

+UUDF:6C1DEBA5F777,-48,-27,-41,0,39,"6C1DEBA09A25","",134300

+UUDF:6C1DEBA5F777,-59,-26,-42,0,37,"6C1DEBA09A25","",134504

+UUDF:6C1DEBA5F777,-48,-26,-41,0,39,"6C1DEBA09A25","",134614

+UUDF:6C1DEBA5F777,-48,-34,-21,0,39,"6C1DEBA09A25","",134923

+UUDF:6C1DEBA5F777,-48,-34,-20,0,39,"6C1DEBA09A25","",135032

+UUDF:6C1DEBA5F777,-57,-33,-21,0,37,"6C1DEBA09A25","",135140

+UUDF:6C1DEBA5F777,-60,-33,-21,0,37,"6C1DEBA09A25","",135247

+UUDF:6C1DEBA5F777,-57,-27,-41,0,37,"6C1DEBA09A25","",135355

+UUDF:6C1DEBA5F777,-48,-27,-41,0,39,"6C1DEBA09A25","",135462

+UUDF:6C1DEBA5F777,-48,-27,-41,0,39,"6C1DEBA09A25","",135566

+UUDF:6C1DEBA5F777,-59,-27,-41,0,37,"6C1DEBA09A25","",135779

+UUDF:6C1DEBA5F777,-58,-27,-42,0,37,"6C1DEBA09A25","",135884

+UUDF:6C1DEBA5F777,-57,-27,-42,0,37,"6C1DEBA09A25","",135991

+UUDF:6C1DEBA5F777,-48,-34,-41,0,39,"6C1DEBA09A25","",136095

+UUDF:6C1DEBA5F777,-47,-34,-41,0,39,"6C1DEBA09A25","",136203

+UUDF:6C1DEBA5F777,-48,-33,-41,0,39,"6C1DEBA09A25","",136310

+UUDF:6C1DEBA5F777,-57,-33,-42,0,37,"6C1DEBA09A25","",136414

+UUDF:6C1DEBA5F777,-48,-33,-21,0,39,"6C1DEBA09A25","",136519

+UUDF:6C1DEBA5F777,-48,-33,-21,0,39,"6C1DEBA09A25","",137043

+UUDF:6C1DEBA5F777,-58,-33,-21,0,37,"6C1DEBA09A25","",137146

+UUDF:6C1DEBA5F777,-59,-33,-42,0,37,"6C1DEBA09A25","",137253

+UUDF:6C1DEBA5F777,-57,-27,-42,0,37,"6C1DEBA09A25","",137457

+UUDF:6C1DEBA5F777,-57,-27,-42,0,37,"6C1DEBA09A25","",137565

+UUDF:6C1DEBA5F777,-48,-27,-42,0,39,"6C1DEBA09A25","",137666

+UUDF:6C1DEBA5F777,-48,-27,-42,0,39,"6C1DEBA09A25","",138187

+UUDF:6C1DEBA5F777,-58,-27,-42,0,37,"6C1DEBA09A25","",138287

+UUDF:6C1DEBA5F777,-59,-27,-41,0,37,"6C1DEBA09A25","",138598

+UUDF:6C1DEBA5F777,-48,-34,-41,0,39,"6C1DEBA09A25","",138807

+UUDF:6C1DEBA5F777,-48,-34,-21,0,39,"6C1DEBA09A25","",139012

+UUDF:6C1DEBA5F777,-48,-34,-21,0,39,"6C1DEBA09A25","",139333

+UUDF:6C1DEBA5F777,-47,-33,-21,0,39,"6C1DEBA09A25","",139652

+UUDF:6C1DEBA5F777,-48,-33,-21,0,39,"6C1DEBA09A25","",139761

+UUDF:6C1DEBA5F777,-48,-33,-21,0,39,"6C1DEBA09A25","",139863

+UUDF:6C1DEBA5F777,-48,-33,-21,0,39,"6C1DEBA09A25","",139969

+UUDF:6C1DEBA5F777,-57,-32,-21,0,37,"6C1DEBA09A25","",140182

+UUDF:6C1DEBA5F777,-58,-32,-22,0,37,"6C1DEBA09A25","",140292

+UUDF:6C1DEBA5F777,-48,-32,-21,0,39,"6C1DEBA09A25","",140507

+UUDF:6C1DEBA5F777,-59,-32,-21,0,37,"6C1DEBA09A25","",140714

+UUDF:6C1DEBA5F777,-59,-26,-42,0,37,"6C1DEBA09A25","",141031

+UUDF:6C1DEBA5F777,-57,-26,-42,0,37,"6C1DEBA09A25","",141244

+UUDF:6C1DEBA5F777,-57,-26,-42,0,37,"6C1DEBA09A25","",141670

+UUDF:6C1DEBA5F777,-48,-26,-42,0,39,"6C1DEBA09A25","",142089

+UUDF:6C1DEBA5F777,-48,-26,-42,0,39,"6C1DEBA09A25","",142604

+UUDF:6C1DEBA5F777,-59,-27,-42,0,37,"6C1DEBA09A25","",143024

+UUDF:6C1DEBA5F777,-48,-33,-22,0,39,"6C1DEBA09A25","",143127

+UUDF:6C1DEBA5F777,-48,-33,-20,0,39,"6C1DEBA09A25","",143228

+UUDF:6C1DEBA5F777,-57,-33,-22,0,37,"6C1DEBA09A25","",143537

+UUDF:6C1DEBA5F777,-48,-33,-21,0,39,"6C1DEBA09A25","",143639

+UUDF:6C1DEBA5F777,-48,-34,-20,0,39,"6C1DEBA09A25","",143957

+UUDF:6C1DEBA5F777,-57,-33,-21,0,37,"6C1DEBA09A25","",144159

+UUDF:6C1DEBA5F777,-48,-33,-21,0,39,"6C1DEBA09A25","",144261

+UUDF:6C1DEBA5F777,-54,-33,-21,0,37,"6C1DEBA09A25","",144777

+UUDF:6C1DEBA5F777,-48,-33,-20,0,39,"6C1DEBA09A25","",144987

+UUDF:6C1DEBA5F777,-48,-33,-20,0,39,"6C1DEBA09A25","",145498

+UUDF:6C1DEBA5F777,-48,-33,-20,0,39,"6C1DEBA09A25","",145607

+UUDF:6C1DEBA5F777,-48,-34,-20,0,39,"6C1DEBA09A25","",145712

+UUDF:6C1DEBA5F777,-48,-34,-20,0,39,"6C1DEBA09A25","",145817

+UUDF:6C1DEBA5F777,-57,-33,-20,0,37,"6C1DEBA09A25","",146026

+UUDF:6C1DEBA5F777,-48,-33,-20,0,39,"6C1DEBA09A25","",146235

+UUDF:6C1DEBA5F777,-47,-32,-20,0,39,"6C1DEBA09A25","",146337

+UUDF:6C1DEBA5F777,-48,-36,-20,0,39,"6C1DEBA09A25","",146445

+UUDF:6C1DEBA5F777,-57,-32,-20,0,37,"6C1DEBA09A25","",146757

+UUDF:6C1DEBA5F777,-57,-27,-41,0,37,"6C1DEBA09A25","",146859

+UUDF:6C1DEBA5F777,-48,-27,-41,0,39,"6C1DEBA09A25","",147068

+UUDF:6C1DEBA5F777,-57,-27,-41,0,37,"6C1DEBA09A25","",147383

+UUDF:6C1DEBA5F777,-48,-33,-21,0,39,"6C1DEBA09A25","",147593

+UUDF:6C1DEBA5F777,-48,-33,-21,0,39,"6C1DEBA09A25","",147700

+UUDF:6C1DEBA5F777,-48,-33,-21,0,39,"6C1DEBA09A25","",147808

+UUDF:6C1DEBA5F777,-61,-33,-21,0,37,"6C1DEBA09A25","",147913

+UUDF:6C1DEBA5F777,-58,-27,-41,0,37,"6C1DEBA09A25","",148227

+UUDF:6C1DEBA5F777,-57,-26,-42,0,37,"6C1DEBA09A25","",148436

+UUDF:6C1DEBA5F777,-58,-27,-41,0,37,"6C1DEBA09A25","",148542

+UUDF:6C1DEBA5F777,-48,-27,-41,0,39,"6C1DEBA09A25","",149074

+UUDF:6C1DEBA5F777,-48,-33,-21,0,39,"6C1DEBA09A25","",149182

+UUDF:6C1DEBA5F777,-57,-33,-21,0,37,"6C1DEBA09A25","",149282

+UUDF:6C1DEBA5F777,-48,-33,-21,0,39,"6C1DEBA09A25","",149386

+UUDF:6C1DEBA5F777,-57,-27,-41,0,37,"6C1DEBA09A25","",149596

+UUDF:6C1DEBA5F777,-58,-27,-42,0,37,"6C1DEBA09A25","",149907

+UUDF:6C1DEBA5F777,-58,-27,-42,0,37,"6C1DEBA09A25","",150009

+UUDF:6C1DEBA5F777,-48,-27,-42,0,39,"6C1DEBA09A25","",150111

+UUDF:6C1DEBA5F777,-48,-33,-20,0,39,"6C1DEBA09A25","",150217

+UUDF:6C1DEBA5F777,-48,-33,-20,0,39,"6C1DEBA09A25","",150429

+UUDF:6C1DEBA5F777,-48,-33,-20,0,39,"6C1DEBA09A25","",150534

+UUDF:6C1DEBA5F777,-48,-34,-20,0,39,"6C1DEBA09A25","",150738

+UUDF:6C1DEBA5F777,-57,-33,-20,0,37,"6C1DEBA09A25","",150844

+UUDF:6C1DEBA5F777,-57,-33,-20,0,37,"6C1DEBA09A25","",150950

+UUDF:6C1DEBA5F777,-59,-27,-41,0,37,"6C1DEBA09A25","",151154

+UUDF:6C1DEBA5F777,-58,-27,-42,0,37,"6C1DEBA09A25","",151260

+UUDF:6C1DEBA5F777,-58,-26,-42,0,37,"6C1DEBA09A25","",151367

+UUDF:6C1DEBA5F777,-48,-26,-41,0,39,"6C1DEBA09A25","",151578

+UUDF:6C1DEBA5F777,-48,-27,-40,0,39,"6C1DEBA09A25","",151679

+UUDF:6C1DEBA5F777,-48,-33,-20,0,39,"6C1DEBA09A25","",151996

+UUDF:6C1DEBA5F777,-48,-33,-20,0,39,"6C1DEBA09A25","",152210

+UUDF:6C1DEBA5F777,-48,-33,-20,0,39,"6C1DEBA09A25","",152319

+UUDF:6C1DEBA5F777,-48,-33,-20,0,39,"6C1DEBA09A25","",152423

+UUDF:6C1DEBA5F777,-57,-33,-21,0,37,"6C1DEBA09A25","",152529

+UUDF:6C1DEBA5F777,-57,-33,-21,0,37,"6C1DEBA09A25","",153155

+UUDF:6C1DEBA5F777,-48,-32,-22,0,39,"6C1DEBA09A25","",153264

+UUDF:6C1DEBA5F777,-57,-26,-41,0,37,"6C1DEBA09A25","",153476

+UUDF:6C1DEBA5F777,-48,-26,-41,0,39,"6C1DEBA09A25","",153786

+UUDF:6C1DEBA5F777,-48,-32,-22,0,39,"6C1DEBA09A25","",154000

+UUDF:6C1DEBA5F777,-48,-33,-20,0,39,"6C1DEBA09A25","",154540

+UUDF:6C1DEBA5F777,-57,-33,-20,0,37,"6C1DEBA09A25","",154744

+UUDF:6C1DEBA5F777,-48,-33,-20,0,39,"6C1DEBA09A25","",155165

+UUDF:6C1DEBA5F777,-48,-33,-20,0,39,"6C1DEBA09A25","",155274

+UUDF:6C1DEBA5F777,-48,-33,-21,0,39,"6C1DEBA09A25","",155690

+UUDF:6C1DEBA5F777,-58,-33,-42,0,37,"6C1DEBA09A25","",155791

+UUDF:6C1DEBA5F777,-57,-33,-41,0,37,"6C1DEBA09A25","",155895

+UUDF:6C1DEBA5F777,-47,-33,-41,0,39,"6C1DEBA09A25","",156097

+UUDF:6C1DEBA5F777,-48,-33,-41,0,39,"6C1DEBA09A25","",156308

+UUDF:6C1DEBA5F777,-48,-34,-21,0,39,"6C1DEBA09A25","",156410

+UUDF:6C1DEBA5F777,-59,-34,-21,0,37,"6C1DEBA09A25","",156509

+UUDF:6C1DEBA5F777,-61,-34,-41,0,37,"6C1DEBA09A25","",156718

+UUDF:6C1DEBA5F777,-48,-33,-41,0,39,"6C1DEBA09A25","",157033

+UUDF:6C1DEBA5F777,-57,-27,-43,0,37,"6C1DEBA09A25","",157139

+UUDF:6C1DEBA5F777,-48,-33,-43,0,39,"6C1DEBA09A25","",157459

+UUDF:6C1DEBA5F777,-56,-33,-43,0,37,"6C1DEBA09A25","",157566

+UUDF:6C1DEBA5F777,-48,-33,-43,0,39,"6C1DEBA09A25","",158093

+UUDF:6C1DEBA5F777,-48,-34,-22,0,39,"6C1DEBA09A25","",158198

+UUDF:6C1DEBA5F777,-48,-34,-22,0,39,"6C1DEBA09A25","",158302

+UUDF:6C1DEBA5F777,-48,-34,-20,0,39,"6C1DEBA09A25","",158410

+UUDF:6C1DEBA5F777,-57,-34,-20,0,37,"6C1DEBA09A25","",158510

+UUDF:6C1DEBA5F777,-59,-33,-42,0,37,"6C1DEBA09A25","",159032

+UUDF:6C1DEBA5F777,-57,-26,-42,0,37,"6C1DEBA09A25","",159564

+UUDF:6C1DEBA5F777,-48,-26,-42,0,39,"6C1DEBA09A25","",159665

+UUDF:6C1DEBA5F777,-48,-33,-42,0,39,"6C1DEBA09A25","",159872

+UUDF:6C1DEBA5F777,-48,-33,-21,0,39,"6C1DEBA09A25","",159981

+UUDF:6C1DEBA5F777,-48,-33,-21,0,39,"6C1DEBA09A25","",160087

+UUDF:6C1DEBA5F777,-59,-33,-21,0,37,"6C1DEBA09A25","",160187

+UUDF:6C1DEBA5F777,-57,-32,-43,0,37,"6C1DEBA09A25","",160406

+UUDF:6C1DEBA5F777,-57,-27,-43,0,37,"6C1DEBA09A25","",160516

+UUDF:6C1DEBA5F777,-48,-27,-43,0,39,"6C1DEBA09A25","",160934

+UUDF:6C1DEBA5F777,-48,-33,-41,0,39,"6C1DEBA09A25","",161040

+UUDF:6C1DEBA5F777,-57,-27,-41,0,37,"6C1DEBA09A25","",161145

+UUDF:6C1DEBA5F777,-48,-33,-20,0,39,"6C1DEBA09A25","",161255

+UUDF:6C1DEBA5F777,-48,-33,-20,0,39,"6C1DEBA09A25","",161459

+UUDF:6C1DEBA5F777,-57,-33,-20,0,37,"6C1DEBA09A25","",161561

+UUDF:6C1DEBA5F777,-48,-33,-20,0,39,"6C1DEBA09A25","",161670

+UUDF:6C1DEBA5F777,-57,-33,-20,0,37,"6C1DEBA09A25","",161888

+UUDF:6C1DEBA5F777,-48,-33,-20,0,39,"6C1DEBA09A25","",162091

+UUDF:6C1DEBA5F777,-48,-33,-21,0,39,"6C1DEBA09A25","",162196

+UUDF:6C1DEBA5F777,-48,-33,-21,0,39,"6C1DEBA09A25","",162406

+UUDF:6C1DEBA5F777,-58,-33,-21,0,37,"6C1DEBA09A25","",162505

+UUDF:6C1DEBA5F777,-59,-33,-21,0,37,"6C1DEBA09A25","",162711

+UUDF:6C1DEBA5F777,-48,-32,-21,0,39,"6C1DEBA09A25","",162822

+UUDF:6C1DEBA5F777,-48,-32,-21,0,39,"6C1DEBA09A25","",162923

+UUDF:6C1DEBA5F777,-48,-32,-21,0,39,"6C1DEBA09A25","",163233

+UUDF:6C1DEBA5F777,-48,-33,-20,0,39,"6C1DEBA09A25","",163450

+UUDF:6C1DEBA5F777,-48,-34,-20,0,39,"6C1DEBA09A25","",163551

+UUDF:6C1DEBA5F777,-48,-34,-21,0,39,"6C1DEBA09A25","",163659

+UUDF:6C1DEBA5F777,-57,-34,-21,0,37,"6C1DEBA09A25","",164084

+UUDF:6C1DEBA5F777,-57,-34,-21,0,37,"6C1DEBA09A25","",164296

+UUDF:6C1DEBA5F777,-59,-27,-41,0,37,"6C1DEBA09A25","",164404

+UUDF:6C1DEBA5F777,-48,-27,-41,0,39,"6C1DEBA09A25","",164510

+UUDF:6C1DEBA5F777,-59,-27,-41,0,37,"6C1DEBA09A25","",164613

+UUDF:6C1DEBA5F777,-59,-27,-42,0,37,"6C1DEBA09A25","",164720

+UUDF:6C1DEBA5F777,-59,-26,-42,0,37,"6C1DEBA09A25","",165144

+UUDF:6C1DEBA5F777,-59,-27,-41,0,37,"6C1DEBA09A25","",165351

+UUDF:6C1DEBA5F777,-57,-26,-42,0,37,"6C1DEBA09A25","",165562

+UUDF:6C1DEBA5F777,-57,-26,-41,0,37,"6C1DEBA09A25","",165665

+UUDF:6C1DEBA5F777,-57,-25,-41,0,37,"6C1DEBA09A25","",165772

+UUDF:6C1DEBA5F777,-59,-26,-41,0,37,"6C1DEBA09A25","",165982

+UUDF:6C1DEBA5F777,-48,-26,-41,0,39,"6C1DEBA09A25","",166310

+UUDF:6C1DEBA5F777,-48,-26,-41,0,39,"6C1DEBA09A25","",166626

+UUDF:6C1DEBA5F777,-48,-31,-21,0,39,"6C1DEBA09A25","",166728

+UUDF:6C1DEBA5F777,-48,-34,-21,0,39,"6C1DEBA09A25","",166947

+UUDF:6C1DEBA5F777,-48,-34,-21,0,39,"6C1DEBA09A25","",167054

+UUDF:6C1DEBA5F777,-57,-33,-21,0,37,"6C1DEBA09A25","",167158

+UUDF:6C1DEBA5F777,-48,-32,-21,0,39,"6C1DEBA09A25","",167267

+UUDF:6C1DEBA5F777,-47,-33,-21,0,39,"6C1DEBA09A25","",167373

+UUDF:6C1DEBA5F777,-48,-33,-20,0,39,"6C1DEBA09A25","",167478

+UUDF:6C1DEBA5F777,-48,-34,-21,0,39,"6C1DEBA09A25","",168000

+UUDF:6C1DEBA5F777,-58,-34,-21,0,37,"6C1DEBA09A25","",168319

+UUDF:6C1DEBA5F777,-57,-34,-21,0,37,"6C1DEBA09A25","",168527

+UUDF:6C1DEBA5F777,-57,-27,-41,0,37,"6C1DEBA09A25","",168734

+UUDF:6C1DEBA5F777,-57,-26,-41,0,37,"6C1DEBA09A25","",168843

+UUDF:6C1DEBA5F777,-48,-26,-41,0,39,"6C1DEBA09A25","",168952

+UUDF:6C1DEBA5F777,-48,-27,-41,0,39,"6C1DEBA09A25","",169055

+UUDF:6C1DEBA5F777,-48,-32,-20,0,39,"6C1DEBA09A25","",169157

+UUDF:6C1DEBA5F777,-48,-34,-20,0,39,"6C1DEBA09A25","",169258

+UUDF:6C1DEBA5F777,-58,-34,-20,0,37,"6C1DEBA09A25","",169363

+UUDF:6C1DEBA5F777,-48,-33,-20,0,39,"6C1DEBA09A25","",169679

+UUDF:6C1DEBA5F777,-48,-33,-20,0,39,"6C1DEBA09A25","",169785

+UUDF:6C1DEBA5F777,-50,-33,-20,0,39,"6C1DEBA09A25","",169894

+UUDF:6C1DEBA5F777,-48,-33,-20,0,39,"6C1DEBA09A25","",170205

+UUDF:6C1DEBA5F777,-48,-33,-20,0,39,"6C1DEBA09A25","",170312

+UUDF:6C1DEBA5F777,-48,-33,-20,0,39,"6C1DEBA09A25","",170419

+UUDF:6C1DEBA5F777,-48,-33,-20,0,39,"6C1DEBA09A25","",170525

+UUDF:6C1DEBA5F777,-57,-33,-20,0,37,"6C1DEBA09A25","",170736

+UUDF:6C1DEBA5F777,-48,-33,-20,0,39,"6C1DEBA09A25","",170843

+UUDF:6C1DEBA5F777,-48,-34,-20,0,39,"6C1DEBA09A25","",171154

+UUDF:6C1DEBA5F777,-48,-34,-20,0,39,"6C1DEBA09A25","",171262

+UUDF:6C1DEBA5F777,-57,-33,-21,0,37,"6C1DEBA09A25","",171572

+UUDF:6C1DEBA5F777,-58,-33,-21,0,37,"6C1DEBA09A25","",171678

+UUDF:6C1DEBA5F777,-48,-34,-21,0,39,"6C1DEBA09A25","",171782

+UUDF:6C1DEBA5F777,-48,-34,-20,0,39,"6C1DEBA09A25","",171884

+UUDF:6C1DEBA5F777,-48,-33,-20,0,39,"6C1DEBA09A25","",171993

+UUDF:6C1DEBA5F777,-48,-33,-20,0,39,"6C1DEBA09A25","",172301

+UUDF:6C1DEBA5F777,-48,-33,-20,0,39,"6C1DEBA09A25","",172408

+UUDF:6C1DEBA5F777,-48,-33,-19,0,39,"6C1DEBA09A25","",172609

+UUDF:6C1DEBA5F777,-57,-33,-20,0,37,"6C1DEBA09A25","",172815

+UUDF:6C1DEBA5F777,-48,-33,-20,0,39,"6C1DEBA09A25","",172917

+UUDF:6C1DEBA5F777,-48,-34,-20,0,39,"6C1DEBA09A25","",173123

+UUDF:6C1DEBA5F777,-47,-34,-20,0,39,"6C1DEBA09A25","",173223

+UUDF:6C1DEBA5F777,-48,-33,-20,0,39,"6C1DEBA09A25","",173324

+UUDF:6C1DEBA5F777,-48,-33,-20,0,39,"6C1DEBA09A25","",173434

+UUDF:6C1DEBA5F777,-57,-33,-20,0,37,"6C1DEBA09A25","",173640

+UUDF:6C1DEBA5F777,-57,-32,-20,0,37,"6C1DEBA09A25","",174056

+UUDF:6C1DEBA5F777,-57,-28,-42,0,37,"6C1DEBA09A25","",174165

+UUDF:6C1DEBA5F777,-54,-27,-42,0,37,"6C1DEBA09A25","",174273

+UUDF:6C1DEBA5F777,-48,-27,-42,0,39,"6C1DEBA09A25","",174381

+UUDF:6C1DEBA5F777,-48,-27,-42,0,39,"6C1DEBA09A25","",174485

+UUDF:6C1DEBA5F777,-48,-33,-20,0,39,"6C1DEBA09A25","",174593

+UUDF:6C1DEBA5F777,-48,-33,-20,0,39,"6C1DEBA09A25","",174794

+UUDF:6C1DEBA5F777,-50,-34,-20,0,39,"6C1DEBA09A25","",175009

+UUDF:6C1DEBA5F777,-48,-34,-20,0,39,"6C1DEBA09A25","",175117

+UUDF:6C1DEBA5F777,-59,-34,-20,0,37,"6C1DEBA09A25","",175219

+UUDF:6C1DEBA5F777,-48,-34,-20,0,39,"6C1DEBA09A25","",175425

+UUDF:6C1DEBA5F777,-59,-34,-20,0,37,"6C1DEBA09A25","",175640

+UUDF:6C1DEBA5F777,-48,-34,-20,0,39,"6C1DEBA09A25","",175741

+UUDF:6C1DEBA5F777,-48,-34,-20,0,39,"6C1DEBA09A25","",175945

+UUDF:6C1DEBA5F777,-57,-34,-41,0,37,"6C1DEBA09A25","",176053

+UUDF:6C1DEBA5F777,-48,-34,-20,0,39,"6C1DEBA09A25","",176160

+UUDF:6C1DEBA5F777,-48,-34,-20,0,39,"6C1DEBA09A25","",176269

+UUDF:6C1DEBA5F777,-57,-34,-20,0,37,"6C1DEBA09A25","",176375

+UUDF:6C1DEBA5F777,-48,-34,-21,0,39,"6C1DEBA09A25","",176481

+UUDF:6C1DEBA5F777,-57,-32,-41,0,37,"6C1DEBA09A25","",176586

+UUDF:6C1DEBA5F777,-48,-33,-22,0,39,"6C1DEBA09A25","",176796

+UUDF:6C1DEBA5F777,-48,-33,-22,0,39,"6C1DEBA09A25","",176900

+UUDF:6C1DEBA5F777,-48,-33,-22,0,39,"6C1DEBA09A25","",177004

+UUDF:6C1DEBA5F777,-47,-33,-21,0,39,"6C1DEBA09A25","",177317

+UUDF:6C1DEBA5F777,-48,-33,-20,0,39,"6C1DEBA09A25","",177420

+UUDF:6C1DEBA5F777,-48,-33,-20,0,39,"6C1DEBA09A25","",178256

+UUDF:6C1DEBA5F777,-48,-34,-19,0,39,"6C1DEBA09A25","",178462

+UUDF:6C1DEBA5F777,-58,-34,-20,0,37,"6C1DEBA09A25","",178664

+UUDF:6C1DEBA5F777,-48,-33,-20,0,39,"6C1DEBA09A25","",178988

+UUDF:6C1DEBA5F777,-48,-33,-20,0,39,"6C1DEBA09A25","",179094

+UUDF:6C1DEBA5F777,-48,-33,-20,0,39,"6C1DEBA09A25","",179203

+UUDF:6C1DEBA5F777,-48,-33,-20,0,39,"6C1DEBA09A25","",179307

+UUDF:6C1DEBA5F777,-57,-33,-21,0,37,"6C1DEBA09A25","",179411

+UUDF:6C1DEBA5F777,-48,-33,-20,0,39,"6C1DEBA09A25","",179522

+UUDF:6C1DEBA5F777,-48,-33,-20,0,39,"6C1DEBA09A25","",179631

+UUDF:6C1DEBA5F777,-58,-33,-21,0,37,"6C1DEBA09A25","",179735

+UUDF:6C1DEBA5F777,-57,-32,-41,0,37,"6C1DEBA09A25","",179843

+UUDF:6C1DEBA5F777,-48,-32,-41,0,39,"6C1DEBA09A25","",179947

+UUDF:6C1DEBA5F777,-57,-32,-41,0,37,"6C1DEBA09A25","",180053

+UUDF:6C1DEBA5F777,-59,-27,-42,0,37,"6C1DEBA09A25","",180157

+UUDF:6C1DEBA5F777,-48,-27,-42,0,39,"6C1DEBA09A25","",180266

+UUDF:6C1DEBA5F777,-48,-33,-42,0,39,"6C1DEBA09A25","",180371

+UUDF:6C1DEBA5F777,-48,-33,-21,0,39,"6C1DEBA09A25","",180681

+UUDF:6C1DEBA5F777,-48,-33,-20,0,39,"6C1DEBA09A25","",180784

+UUDF:6C1DEBA5F777,-48,-33,-20,0,39,"6C1DEBA09A25","",180888

+UUDF:6C1DEBA5F777,-57,-33,-20,0,37,"6C1DEBA09A25","",180988

+UUDF:6C1DEBA5F777,-48,-33,-20,0,39,"6C1DEBA09A25","",181409

+UUDF:6C1DEBA5F777,-48,-33,-21,0,39,"6C1DEBA09A25","",181518

+UUDF:6C1DEBA5F777,-47,-33,-21,0,39,"6C1DEBA09A25","",181618

+UUDF:6C1DEBA5F777,-48,-33,-21,0,39,"6C1DEBA09A25","",181820

+UUDF:6C1DEBA5F777,-54,-32,-21,0,37,"6C1DEBA09A25","",181927

+UUDF:6C1DEBA5F777,-48,-33,-21,0,39,"6C1DEBA09A25","",182036

+UUDF:6C1DEBA5F777,-61,-33,-21,0,37,"6C1DEBA09A25","",182141

+UUDF:6C1DEBA5F777,-58,-32,-40,0,37,"6C1DEBA09A25","",182250

+UUDF:6C1DEBA5F777,-47,-33,-40,0,39,"6C1DEBA09A25","",182351

+UUDF:6C1DEBA5F777,-48,-33,-40,0,39,"6C1DEBA09A25","",182452

+UUDF:6C1DEBA5F777,-57,-33,-40,0,37,"6C1DEBA09A25","",182554

+UUDF:6C1DEBA5F777,-48,-33,-40,0,39,"6C1DEBA09A25","",182655

+UUDF:6C1DEBA5F777,-57,-33,-41,0,37,"6C1DEBA09A25","",182757

+UUDF:6C1DEBA5F777,-48,-34,-20,0,39,"6C1DEBA09A25","",183069

+UUDF:6C1DEBA5F777,-48,-34,-20,0,39,"6C1DEBA09A25","",183170

+UUDF:6C1DEBA5F777,-59,-34,-41,0,37,"6C1DEBA09A25","",183381

+UUDF:6C1DEBA5F777,-57,-34,-41,0,37,"6C1DEBA09A25","",183598

+UUDF:6C1DEBA5F777,-57,-26,-41,0,37,"6C1DEBA09A25","",183704

+UUDF:6C1DEBA5F777,-48,-34,-41,0,39,"6C1DEBA09A25","",183810

+UUDF:6C1DEBA5F777,-48,-34,-41,0,39,"6C1DEBA09A25","",183913

+UUDF:6C1DEBA5F777,-48,-34,-41,0,39,"6C1DEBA09A25","",184120

+UUDF:6C1DEBA5F777,-57,-34,-41,0,37,"6C1DEBA09A25","",184321

+UUDF:6C1DEBA5F777,-57,-34,-43,0,37,"6C1DEBA09A25","",184533

+UUDF:6C1DEBA5F777,-48,-35,-20,0,39,"6C1DEBA09A25","",184637

+UUDF:6C1DEBA5F777,-48,-35,-20,0,39,"6C1DEBA09A25","",184850

+UUDF:6C1DEBA5F777,-47,-34,-20,0,39,"6C1DEBA09A25","",185054

+UUDF:6C1DEBA5F777,-47,-34,-20,0,39,"6C1DEBA09A25","",185262

+UUDF:6C1DEBA5F777,-57,-34,-20,0,37,"6C1DEBA09A25","",185363

+UUDF:6C1DEBA5F777,-48,-34,-20,0,39,"6C1DEBA09A25","",185472

+UUDF:6C1DEBA5F777,-57,-34,-20,0,37,"6C1DEBA09A25","",185786

+UUDF:6C1DEBA5F777,-48,-34,-21,0,39,"6C1DEBA09A25","",185891

+UUDF:6C1DEBA5F777,-48,-33,-21,0,39,"6C1DEBA09A25","",186095

+UUDF:6C1DEBA5F777,-48,-33,-21,0,39,"6C1DEBA09A25","",186195

+UUDF:6C1DEBA5F777,-48,-33,-21,0,39,"6C1DEBA09A25","",186296

+UUDF:6C1DEBA5F777,-57,-33,-21,0,37,"6C1DEBA09A25","",186404

+UUDF:6C1DEBA5F777,-48,-33,-21,0,39,"6C1DEBA09A25","",186508

+UUDF:6C1DEBA5F777,-48,-33,-21,0,39,"6C1DEBA09A25","",186613

+UUDF:6C1DEBA5F777,-48,-33,-20,0,39,"6C1DEBA09A25","",186819

+UUDF:6C1DEBA5F777,-48,-33,-20,0,39,"6C1DEBA09A25","",186923

+UUDF:6C1DEBA5F777,-57,-33,-23,0,37,"6C1DEBA09A25","",187126

+UUDF:6C1DEBA5F777,-48,-33,-20,0,39,"6C1DEBA09A25","",187233

+UUDF:6C1DEBA5F777,-48,-34,-20,0,39,"6C1DEBA09A25","",187449

+UUDF:6C1DEBA5F777,-59,-34,-20,0,37,"6C1DEBA09A25","",187762

+UUDF:6C1DEBA5F777,-48,-33,-21,0,39,"6C1DEBA09A25","",187866

+UUDF:6C1DEBA5F777,-57,-33,-41,0,37,"6C1DEBA09A25","",187973

+UUDF:6C1DEBA5F777,-48,-33,-21,0,39,"6C1DEBA09A25","",188187

+UUDF:6C1DEBA5F777,-48,-33,-21,0,39,"6C1DEBA09A25","",188295

+UUDF:6C1DEBA5F777,-48,-33,-21,0,39,"6C1DEBA09A25","",188500

+UUDF:6C1DEBA5F777,-48,-33,-21,0,39,"6C1DEBA09A25","",188812

+UUDF:6C1DEBA5F777,-47,-33,-21,0,39,"6C1DEBA09A25","",188916

+UUDF:6C1DEBA5F777,-56,-33,-21,0,37,"6C1DEBA09A25","",189018

+UUDF:6C1DEBA5F777,-48,-33,-20,0,39,"6C1DEBA09A25","",189123

+UUDF:6C1DEBA5F777,-47,-33,-20,0,39,"6C1DEBA09A25","",189228

+UUDF:6C1DEBA5F777,-48,-34,-21,0,39,"6C1DEBA09A25","",189334

+UUDF:6C1DEBA5F777,-48,-34,-20,0,39,"6C1DEBA09A25","",189439

+UUDF:6C1DEBA5F777,-57,-33,-21,0,37,"6C1DEBA09A25","",189757

+UUDF:6C1DEBA5F777,-59,-33,-21,0,37,"6C1DEBA09A25","",189864

+UUDF:6C1DEBA5F777,-48,-33,-21,0,39,"6C1DEBA09A25","",189972

+UUDF:6C1DEBA5F777,-59,-33,-41,0,37,"6C1DEBA09A25","",190187

+UUDF:6C1DEBA5F777,-56,-28,-42,0,37,"6C1DEBA09A25","",190400

+UUDF:6C1DEBA5F777,-47,-28,-42,0,39,"6C1DEBA09A25","",190504

+UUDF:6C1DEBA5F777,-48,-33,-41,0,39,"6C1DEBA09A25","",190611

+UUDF:6C1DEBA5F777,-48,-33,-21,0,39,"6C1DEBA09A25","",190824

+UUDF:6C1DEBA5F777,-48,-33,-20,0,39,"6C1DEBA09A25","",191030

+UUDF:6C1DEBA5F777,-48,-34,-20,0,39,"6C1DEBA09A25","",191239

+UUDF:6C1DEBA5F777,-48,-34,-20,0,39,"6C1DEBA09A25","",191561

+UUDF:6C1DEBA5F777,-56,-34,-21,0,37,"6C1DEBA09A25","",191872

+UUDF:6C1DEBA5F777,-50,-34,-21,0,39,"6C1DEBA09A25","",191980

+UUDF:6C1DEBA5F777,-58,-34,-21,0,37,"6C1DEBA09A25","",192083

+UUDF:6C1DEBA5F777,-48,-34,-21,0,39,"6C1DEBA09A25","",192188

+UUDF:6C1DEBA5F777,-48,-33,-21,0,39,"6C1DEBA09A25","",192288

+UUDF:6C1DEBA5F777,-48,-34,-21,0,39,"6C1DEBA09A25","",192500

+UUDF:6C1DEBA5F777,-48,-34,-21,0,39,"6C1DEBA09A25","",192604

+UUDF:6C1DEBA5F777,-57,-34,-21,0,37,"6C1DEBA09A25","",192817

+UUDF:6C1DEBA5F777,-60,-34,-21,0,37,"6C1DEBA09A25","",193031

+UUDF:6C1DEBA5F777,-48,-34,-21,0,39,"6C1DEBA09A25","",193347

+UUDF:6C1DEBA5F777,-48,-34,-21,0,39,"6C1DEBA09A25","",193454

+UUDF:6C1DEBA5F777,-48,-34,-21,0,39,"6C1DEBA09A25","",193663

+UUDF:6C1DEBA5F777,-61,-33,-42,0,37,"6C1DEBA09A25","",193767

+UUDF:6C1DEBA5F777,-48,-34,-21,0,39,"6C1DEBA09A25","",193868

+UUDF:6C1DEBA5F777,-48,-34,-20,0,39,"6C1DEBA09A25","",194079

+UUDF:6C1DEBA5F777,-48,-35,-20,0,39,"6C1DEBA09A25","",194182

+UUDF:6C1DEBA5F777,-48,-35,-20,0,39,"6C1DEBA09A25","",194285

+UUDF:6C1DEBA5F777,-48,-35,-20,0,39,"6C1DEBA09A25","",194391

+UUDF:6C1DEBA5F777,-57,-35,-20,0,37,"6C1DEBA09A25","",195133

+UUDF:6C1DEBA5F777,-48,-33,-20,0,39,"6C1DEBA09A25","",195243

+UUDF:6C1DEBA5F777,-48,-33,-20,0,39,"6C1DEBA09A25","",195446

+UUDF:6C1DEBA5F777,-61,-33,-20,0,37,"6C1DEBA09A25","",195656

+UUDF:6C1DEBA5F777,-48,-33,-20,0,39,"6C1DEBA09A25","",195760

+UUDF:6C1DEBA5F777,-48,-33,-20,0,39,"6C1DEBA09A25","",195974

+UUDF:6C1DEBA5F777,-57,-33,-20,0,37,"6C1DEBA09A25","",196183

+UUDF:6C1DEBA5F777,-58,-27,-42,0,37,"6C1DEBA09A25","",196288

+UUDF:6C1DEBA5F777,-59,-27,-42,0,37,"6C1DEBA09A25","",196610

+UUDF:6C1DEBA5F777,-57,-27,-42,0,37,"6C1DEBA09A25","",196714

+UUDF:6C1DEBA5F777,-48,-27,-42,0,39,"6C1DEBA09A25","",196824

+UUDF:6C1DEBA5F777,-48,-27,-42,0,39,"6C1DEBA09A25","",196926

+UUDF:6C1DEBA5F777,-48,-33,-21,0,39,"6C1DEBA09A25","",197027

+UUDF:6C1DEBA5F777,-57,-33,-21,0,37,"6C1DEBA09A25","",197128

+UUDF:6C1DEBA5F777,-48,-33,-21,0,39,"6C1DEBA09A25","",197237

+UUDF:6C1DEBA5F777,-48,-33,-21,0,39,"6C1DEBA09A25","",197339

+UUDF:6C1DEBA5F777,-48,-33,-21,0,39,"6C1DEBA09A25","",197546

+UUDF:6C1DEBA5F777,-48,-33,-21,0,39,"6C1DEBA09A25","",197649

+UUDF:6C1DEBA5F777,-54,-33,-21,0,37,"6C1DEBA09A25","",197962

+UUDF:6C1DEBA5F777,-57,-32,-21,0,37,"6C1DEBA09A25","",198069

+UUDF:6C1DEBA5F777,-47,-32,-21,0,39,"6C1DEBA09A25","",198177

+UUDF:6C1DEBA5F777,-48,-32,-21,0,39,"6C1DEBA09A25","",198282

+UUDF:6C1DEBA5F777,-48,-34,-21,0,39,"6C1DEBA09A25","",198388

+UUDF:6C1DEBA5F777,-57,-34,-21,0,37,"6C1DEBA09A25","",198487

+UUDF:6C1DEBA5F777,-47,-34,-20,0,39,"6C1DEBA09A25","",198592

+UUDF:6C1DEBA5F777,-48,-35,-20,0,39,"6C1DEBA09A25","",198701

+UUDF:6C1DEBA5F777,-57,-34,-20,0,37,"6C1DEBA09A25","",198809

+UUDF:6C1DEBA5F777,-57,-28,-42,0,37,"6C1DEBA09A25","",198919

+UUDF:6C1DEBA5F777,-57,-28,-40,0,37,"6C1DEBA09A25","",199027

+UUDF:6C1DEBA5F777,-57,-27,-42,0,37,"6C1DEBA09A25","",199132

+UUDF:6C1DEBA5F777,-48,-27,-42,0,39,"6C1DEBA09A25","",199451

+UUDF:6C1DEBA5F777,-57,-26,-42,0,37,"6C1DEBA09A25","",199666

+UUDF:6C1DEBA5F777,-57,-26,-42,0,37,"6C1DEBA09A25","",199767

+UUDF:6C1DEBA5F777,-57,-26,-42,0,37,"6C1DEBA09A25","",199982

+UUDF:6C1DEBA5F777,-59,-26,-42,0,37,"6C1DEBA09A25","",200200

+UUDF:6C1DEBA5F777,-48,-26,-42,0,39,"6C1DEBA09A25","",200307

+UUDF:6C1DEBA5F777,-48,-27,-40,0,39,"6C1DEBA09A25","",200410

+UUDF:6C1DEBA5F777,-48,-32,-22,0,39,"6C1DEBA09A25","",200515

+UUDF:6C1DEBA5F777,-48,-32,-22,0,39,"6C1DEBA09A25","",200620

+UUDF:6C1DEBA5F777,-48,-33,-20,0,39,"6C1DEBA09A25","",200725

+UUDF:6C1DEBA5F777,-56,-33,-20,0,37,"6C1DEBA09A25","",201137

+UUDF:6C1DEBA5F777,-57,-33,-20,0,37,"6C1DEBA09A25","",201559

+UUDF:6C1DEBA5F777,-58,-32,-42,0,37,"6C1DEBA09A25","",201873

+UUDF:6C1DEBA5F777,-61,-28,-42,0,37,"6C1DEBA09A25","",202081

+UUDF:6C1DEBA5F777,-48,-28,-42,0,39,"6C1DEBA09A25","",202186

+UUDF:6C1DEBA5F777,-48,-28,-42,0,39,"6C1DEBA09A25","",202295

+UUDF:6C1DEBA5F777,-48,-33,-42,0,39,"6C1DEBA09A25","",202402

+UUDF:6C1DEBA5F777,-48,-33,-21,0,39,"6C1DEBA09A25","",202509

+UUDF:6C1DEBA5F777,-47,-33,-21,0,39,"6C1DEBA09A25","",202717

+UUDF:6C1DEBA5F777,-48,-33,-21,0,39,"6C1DEBA09A25","",202819

+UUDF:6C1DEBA5F777,-57,-33,-21,0,37,"6C1DEBA09A25","",203135

+UUDF:6C1DEBA5F777,-48,-33,-21,0,39,"6C1DEBA09A25","",203237

+UUDF:6C1DEBA5F777,-57,-33,-21,0,37,"6C1DEBA09A25","",203336

+UUDF:6C1DEBA5F777,-48,-33,-21,0,39,"6C1DEBA09A25","",203442

+UUDF:6C1DEBA5F777,-48,-33,-21,0,39,"6C1DEBA09A25","",203550

+UUDF:6C1DEBA5F777,-48,-33,-21,0,39,"6C1DEBA09A25","",203658

+UUDF:6C1DEBA5F777,-48,-34,-21,0,39,"6C1DEBA09A25","",203764

+UUDF:6C1DEBA5F777,-48,-34,-20,0,39,"6C1DEBA09A25","",204186

+UUDF:6C1DEBA5F777,-48,-34,-20,0,39,"6C1DEBA09A25","",204401

+UUDF:6C1DEBA5F777,-48,-34,-20,0,39,"6C1DEBA09A25","",204707

+UUDF:6C1DEBA5F777,-48,-33,-20,0,39,"6C1DEBA09A25","",204808

+UUDF:6C1DEBA5F777,-48,-34,-20,0,39,"6C1DEBA09A25","",205021

+UUDF:6C1DEBA5F777,-57,-33,-20,0,37,"6C1DEBA09A25","",205128

+UUDF:6C1DEBA5F777,-57,-33,-21,0,37,"6C1DEBA09A25","",205341

+UUDF:6C1DEBA5F777,-48,-34,-20,0,39,"6C1DEBA09A25","",205452

+UUDF:6C1DEBA5F777,-48,-34,-21,0,39,"6C1DEBA09A25","",205556

+UUDF:6C1DEBA5F777,-48,-34,-21,0,39,"6C1DEBA09A25","",205660

+UUDF:6C1DEBA5F777,-48,-33,-21,0,39,"6C1DEBA09A25","",205765

+UUDF:6C1DEBA5F777,-48,-34,-20,0,39,"6C1DEBA09A25","",205871

+UUDF:6C1DEBA5F777,-48,-33,-20,0,39,"6C1DEBA09A25","",206292

+UUDF:6C1DEBA5F777,-48,-33,-20,0,39,"6C1DEBA09A25","",206396

+UUDF:6C1DEBA5F777,-48,-33,-20,0,39,"6C1DEBA09A25","",206501

+UUDF:6C1DEBA5F777,-57,-33,-20,0,37,"6C1DEBA09A25","",206601

+UUDF:6C1DEBA5F777,-56,-32,-21,0,37,"6C1DEBA09A25","",206702

+UUDF:6C1DEBA5F777,-47,-33,-21,0,39,"6C1DEBA09A25","",206803

+UUDF:6C1DEBA5F777,-48,-34,-20,0,39,"6C1DEBA09A25","",206904

+UUDF:6C1DEBA5F777,-48,-33,-21,0,39,"6C1DEBA09A25","",207014

+UUDF:6C1DEBA5F777,-48,-34,-20,0,39,"6C1DEBA09A25","",207119

+UUDF:6C1DEBA5F777,-48,-34,-20,0,39,"6C1DEBA09A25","",207226

+UUDF:6C1DEBA5F777,-57,-33,-20,0,37,"6C1DEBA09A25","",207441

+UUDF:6C1DEBA5F777,-59,-33,-21,0,37,"6C1DEBA09A25","",207543

+UUDF:6C1DEBA5F777,-48,-33,-20,0,39,"6C1DEBA09A25","",207651

+UUDF:6C1DEBA5F777,-48,-33,-21,0,39,"6C1DEBA09A25","",207758

+UUDF:6C1DEBA5F777,-48,-33,-21,0,39,"6C1DEBA09A25","",207864

+UUDF:6C1DEBA5F777,-57,-33,-21,0,37,"6C1DEBA09A25","",207967

+UUDF:6C1DEBA5F777,-48,-34,-20,0,39,"6C1DEBA09A25","",208068

+UUDF:6C1DEBA5F777,-56,-33,-21,0,37,"6C1DEBA09A25","",208173

+UUDF:6C1DEBA5F777,-57,-27,-42,0,37,"6C1DEBA09A25","",208275

+UUDF:6C1DEBA5F777,-48,-27,-42,0,39,"6C1DEBA09A25","",208379

+UUDF:6C1DEBA5F777,-48,-34,-21,0,39,"6C1DEBA09A25","",208583

+UUDF:6C1DEBA5F777,-48,-32,-21,0,39,"6C1DEBA09A25","",208689

+UUDF:6C1DEBA5F777,-48,-33,-21,0,39,"6C1DEBA09A25","",208794

+UUDF:6C1DEBA5F777,-48,-33,-21,0,39,"6C1DEBA09A25","",208902

+UUDF:6C1DEBA5F777,-48,-33,-20,0,39,"6C1DEBA09A25","",209004

+UUDF:6C1DEBA5F777,-48,-32,-21,0,39,"6C1DEBA09A25","",209210

+UUDF:6C1DEBA5F777,-48,-33,-21,0,39,"6C1DEBA09A25","",209424

+UUDF:6C1DEBA5F777,-48,-33,-21,0,39,"6C1DEBA09A25","",209528

+UUDF:6C1DEBA5F777,-48,-33,-21,0,39,"6C1DEBA09A25","",209946

+UUDF:6C1DEBA5F777,-57,-33,-21,0,37,"6C1DEBA09A25","",210047

+UUDF:6C1DEBA5F777,-48,-34,-21,0,39,"6C1DEBA09A25","",210157

+UUDF:6C1DEBA5F777,-57,-34,-21,0,37,"6C1DEBA09A25","",210256

+UUDF:6C1DEBA5F777,-47,-34,-21,0,39,"6C1DEBA09A25","",210365

+UUDF:6C1DEBA5F777,-59,-27,-42,0,37,"6C1DEBA09A25","",210681

+UUDF:6C1DEBA5F777,-59,-27,-42,0,37,"6C1DEBA09A25","",210990

+UUDF:6C1DEBA5F777,-48,-27,-42,0,39,"6C1DEBA09A25","",211100

+UUDF:6C1DEBA5F777,-48,-33,-21,0,39,"6C1DEBA09A25","",211304

+UUDF:6C1DEBA5F777,-48,-33,-21,0,39,"6C1DEBA09A25","",211413

+UUDF:6C1DEBA5F777,-58,-33,-21,0,37,"6C1DEBA09A25","",211520

+UUDF:6C1DEBA5F777,-59,-26,-42,0,37,"6C1DEBA09A25","",211728

+UUDF:6C1DEBA5F777,-57,-27,-42,0,37,"6C1DEBA09A25","",211835

+UUDF:6C1DEBA5F777,-59,-27,-42,0,37,"6C1DEBA09A25","",211944

+UUDF:6C1DEBA5F777,-48,-27,-42,0,39,"6C1DEBA09A25","",212675

+UUDF:6C1DEBA5F777,-57,-27,-42,0,37,"6C1DEBA09A25","",212882

+UUDF:6C1DEBA5F777,-48,-27,-42,0,39,"6C1DEBA09A25","",213312

+UUDF:6C1DEBA5F777,-48,-27,-42,0,39,"6C1DEBA09A25","",213417

+UUDF:6C1DEBA5F777,-57,-27,-41,0,37,"6C1DEBA09A25","",213523

+UUDF:6C1DEBA5F777,-48,-32,-21,0,39,"6C1DEBA09A25","",213625

+UUDF:6C1DEBA5F777,-57,-32,-21,0,37,"6C1DEBA09A25","",213723

+UUDF:6C1DEBA5F777,-48,-32,-21,0,39,"6C1DEBA09A25","",214047

+UUDF:6C1DEBA5F777,-58,-32,-21,0,37,"6C1DEBA09A25","",214254

+UUDF:6C1DEBA5F777,-59,-27,-41,0,37,"6C1DEBA09A25","",214459

+UUDF:6C1DEBA5F777,-48,-27,-41,0,39,"6C1DEBA09A25","",214561

+UUDF:6C1DEBA5F777,-57,-27,-41,0,37,"6C1DEBA09A25","",214669

+UUDF:6C1DEBA5F777,-48,-27,-41,0,39,"6C1DEBA09A25","",214779

+UUDF:6C1DEBA5F777,-57,-27,-41,0,37,"6C1DEBA09A25","",214884

+UUDF:6C1DEBA5F777,-57,-27,-41,0,37,"6C1DEBA09A25","",214986

+UUDF:6C1DEBA5F777,-48,-27,-41,0,39,"6C1DEBA09A25","",215095

+UUDF:6C1DEBA5F777,-48,-33,-21,0,39,"6C1DEBA09A25","",215201

+UUDF:6C1DEBA5F777,-57,-27,-41,0,37,"6C1DEBA09A25","",215412

+UUDF:6C1DEBA5F777,-59,-33,-21,0,37,"6C1DEBA09A25","",215519

+UUDF:6C1DEBA5F777,-48,-33,-21,0,39,"6C1DEBA09A25","",215737

+UUDF:6C1DEBA5F777,-58,-26,-43,0,37,"6C1DEBA09A25","",215844

+UUDF:6C1DEBA5F777,-47,-26,-43,0,39,"6C1DEBA09A25","",216164

+UUDF:6C1DEBA5F777,-47,-33,-23,0,39,"6C1DEBA09A25","",216274

+UUDF:6C1DEBA5F777,-47,-33,-22,0,39,"6C1DEBA09A25","",216481

+UUDF:6C1DEBA5F777,-58,-30,-23,0,37,"6C1DEBA09A25","",216801

+UUDF:6C1DEBA5F777,-48,-33,-22,0,39,"6C1DEBA09A25","",216903

+UUDF:6C1DEBA5F777,-47,-33,-22,0,39,"6C1DEBA09A25","",217329

+UUDF:6C1DEBA5F777,-47,-33,-21,0,39,"6C1DEBA09A25","",217435

+UUDF:6C1DEBA5F777,-57,-33,-22,0,37,"6C1DEBA09A25","",217536

+UUDF:6C1DEBA5F777,-58,-33,-22,0,37,"6C1DEBA09A25","",217747

+UUDF:6C1DEBA5F777,-47,-34,-22,0,39,"6C1DEBA09A25","",218066

+UUDF:6C1DEBA5F777,-56,-27,-41,0,37,"6C1DEBA09A25","",218171

+UUDF:6C1DEBA5F777,-57,-27,-42,0,37,"6C1DEBA09A25","",218274

+UUDF:6C1DEBA5F777,-57,-27,-42,0,37,"6C1DEBA09A25","",218584

+UUDF:6C1DEBA5F777,-48,-27,-41,0,39,"6C1DEBA09A25","",218690

+UUDF:6C1DEBA5F777,-57,-27,-42,0,37,"6C1DEBA09A25","",218900

+UUDF:6C1DEBA5F777,-47,-27,-42,0,39,"6C1DEBA09A25","",219223

+UUDF:6C1DEBA5F777,-58,-28,-43,0,37,"6C1DEBA09A25","",219330

+UUDF:6C1DEBA5F777,-48,-34,-21,0,39,"6C1DEBA09A25","",219436

+UUDF:6C1DEBA5F777,-48,-34,-21,0,39,"6C1DEBA09A25","",219537

+UUDF:6C1DEBA5F777,-47,-34,-21,0,39,"6C1DEBA09A25","",219851

+UUDF:6C1DEBA5F777,-58,-34,-21,0,37,"6C1DEBA09A25","",220058

+UUDF:6C1DEBA5F777,-57,-34,-21,0,37,"6C1DEBA09A25","",220268

+UUDF:6C1DEBA5F777,-47,-34,-21,0,39,"6C1DEBA09A25","",220375

+UUDF:6C1DEBA5F777,-48,-33,-21,0,39,"6C1DEBA09A25","",220485

+UUDF:6C1DEBA5F777,-57,-27,-41,0,37,"6C1DEBA09A25","",220589

+UUDF:6C1DEBA5F777,-47,-33,-22,0,39,"6C1DEBA09A25","",220699

+UUDF:6C1DEBA5F777,-61,-33,-22,0,37,"6C1DEBA09A25","",220807

+UUDF:6C1DEBA5F777,-47,-33,-22,0,39,"6C1DEBA09A25","",221019

+UUDF:6C1DEBA5F777,-48,-34,-22,0,39,"6C1DEBA09A25","",221440

+UUDF:6C1DEBA5F777,-59,-34,-22,0,37,"6C1DEBA09A25","",221756

+UUDF:6C1DEBA5F777,-48,-34,-21,0,39,"6C1DEBA09A25","",221866

+UUDF:6C1DEBA5F777,-48,-34,-21,0,39,"6C1DEBA09A25","",221969

+UUDF:6C1DEBA5F777,-48,-34,-21,0,39,"6C1DEBA09A25","",222079

+UUDF:6C1DEBA5F777,-48,-34,-22,0,39,"6C1DEBA09A25","",222604

+UUDF:6C1DEBA5F777,-48,-34,-20,0,39,"6C1DEBA09A25","",223023

+UUDF:6C1DEBA5F777,-57,-33,-22,0,37,"6C1DEBA09A25","",223232

+UUDF:6C1DEBA5F777,-48,-34,-20,0,39,"6C1DEBA09A25","",223452

+UUDF:6C1DEBA5F777,-48,-33,-21,0,39,"6C1DEBA09A25","",223654

+UUDF:6C1DEBA5F777,-57,-33,-21,0,37,"6C1DEBA09A25","",223761

+UUDF:6C1DEBA5F777,-48,-33,-21,0,39,"6C1DEBA09A25","",223969

+UUDF:6C1DEBA5F777,-48,-34,-20,0,39,"6C1DEBA09A25","",224079

+UUDF:6C1DEBA5F777,-57,-33,-21,0,37,"6C1DEBA09A25","",224184

+UUDF:6C1DEBA5F777,-48,-34,-20,0,39,"6C1DEBA09A25","",224394

+UUDF:6C1DEBA5F777,-48,-34,-20,0,39,"6C1DEBA09A25","",224499

+UUDF:6C1DEBA5F777,-47,-34,-20,0,39,"6C1DEBA09A25","",224600

+UUDF:6C1DEBA5F777,-48,-34,-20,0,39,"6C1DEBA09A25","",224703

+UUDF:6C1DEBA5F777,-48,-34,-20,0,39,"6C1DEBA09A25","",224811

+UUDF:6C1DEBA5F777,-60,-34,-21,0,37,"6C1DEBA09A25","",224918

+UUDF:6C1DEBA5F777,-47,-34,-21,0,39,"6C1DEBA09A25","",225029

+UUDF:6C1DEBA5F777,-60,-34,-21,0,37,"6C1DEBA09A25","",225132

+UUDF:6C1DEBA5F777,-48,-32,-21,0,39,"6C1DEBA09A25","",225240

+UUDF:6C1DEBA5F777,-48,-32,-21,0,39,"6C1DEBA09A25","",225344

+UUDF:6C1DEBA5F777,-48,-33,-21,0,39,"6C1DEBA09A25","",225444

+UUDF:6C1DEBA5F777,-48,-33,-21,0,39,"6C1DEBA09A25","",225552

+UUDF:6C1DEBA5F777,-48,-33,-21,0,39,"6C1DEBA09A25","",225759

+UUDF:6C1DEBA5F777,-57,-33,-21,0,37,"6C1DEBA09A25","",225858

+UUDF:6C1DEBA5F777,-61,-33,-22,0,37,"6C1DEBA09A25","",225962

+UUDF:6C1DEBA5F777,-57,-33,-42,0,37,"6C1DEBA09A25","",226070

+UUDF:6C1DEBA5F777,-48,-33,-42,0,39,"6C1DEBA09A25","",226179

+UUDF:6C1DEBA5F777,-48,-33,-42,0,39,"6C1DEBA09A25","",226387

+UUDF:6C1DEBA5F777,-48,-33,-42,0,39,"6C1DEBA09A25","",226598

+UUDF:6C1DEBA5F777,-48,-33,-21,0,39,"6C1DEBA09A25","",226800

+UUDF:6C1DEBA5F777,-48,-34,-21,0,39,"6C1DEBA09A25","",227224

+UUDF:6C1DEBA5F777,-59,-34,-21,0,37,"6C1DEBA09A25","",227326

+UUDF:6C1DEBA5F777,-48,-34,-21,0,39,"6C1DEBA09A25","",227436

+UUDF:6C1DEBA5F777,-64,-34,-20,0,38,"6C1DEBA09A25","",227537

+UUDF:6C1DEBA5F777,-62,-34,-20,0,38,"6C1DEBA09A25","",227644

+UUDF:6C1DEBA5F777,-58,-33,-20,0,38,"6C1DEBA09A25","",227851

+UUDF:6C1DEBA5F777,-51,-33,-20,0,39,"6C1DEBA09A25","",228064

+UUDF:6C1DEBA5F777,-48,-34,-20,0,39,"6C1DEBA09A25","",228172

+UUDF:6C1DEBA5F777,-47,-34,-22,0,39,"6C1DEBA09A25","",228281

+UUDF:6C1DEBA5F777,-67,-34,-22,0,38,"6C1DEBA09A25","",228492

+UUDF:6C1DEBA5F777,-47,-35,-22,0,39,"6C1DEBA09A25","",228904

+UUDF:6C1DEBA5F777,-47,-35,-23,0,39,"6C1DEBA09A25","",229223

+UUDF:6C1DEBA5F777,-48,-34,-23,0,39,"6C1DEBA09A25","",229327

+UUDF:6C1DEBA5F777,-61,-34,-24,0,37,"6C1DEBA09A25","",229430

+UUDF:6C1DEBA5F777,-58,-34,-25,0,37,"6C1DEBA09A25","",229647

+UUDF:6C1DEBA5F777,-48,-34,-25,0,39,"6C1DEBA09A25","",229751

+UUDF:6C1DEBA5F777,-58,-31,-33,0,37,"6C1DEBA09A25","",229956

+UUDF:6C1DEBA5F777,-48,-31,-33,0,39,"6C1DEBA09A25","",230067

+UUDF:6C1DEBA5F777,-58,-24,-42,0,37,"6C1DEBA09A25","",230173

+UUDF:6C1DEBA5F777,-46,-31,-33,0,39,"6C1DEBA09A25","",230384

+UUDF:6C1DEBA5F777,-57,-31,-26,0,37,"6C1DEBA09A25","",230590

+UUDF:6C1DEBA5F777,-47,-31,-26,0,39,"6C1DEBA09A25","",230696

+UUDF:6C1DEBA5F777,-50,-31,-24,0,39,"6C1DEBA09A25","",230908

+UUDF:6C1DEBA5F777,-46,-34,-24,0,39,"6C1DEBA09A25","",231221

+UUDF:6C1DEBA5F777,-58,-34,-24,0,37,"6C1DEBA09A25","",231433

+UUDF:6C1DEBA5F777,-57,-34,-24,0,37,"6C1DEBA09A25","",231640

+UUDF:6C1DEBA5F777,-46,-34,-23,0,39,"6C1DEBA09A25","",231744

+UUDF:6C1DEBA5F777,-48,-32,-23,0,39,"6C1DEBA09A25","",231848

+UUDF:6C1DEBA5F777,-46,-31,-23,0,39,"6C1DEBA09A25","",231955

+UUDF:6C1DEBA5F777,-59,-30,-13,0,38,"6C1DEBA09A25","",232057

+UUDF:6C1DEBA5F777,-56,-31,-11,0,38,"6C1DEBA09A25","",232164

+UUDF:6C1DEBA5F777,-58,-30,0,0,38,"6C1DEBA09A25","",232269

+UUDF:6C1DEBA5F777,-57,-26,0,0,38,"6C1DEBA09A25","",232371

+UUDF:6C1DEBA5F777,-49,-24,0,0,39,"6C1DEBA09A25","",232475

+UUDF:6C1DEBA5F777,-50,-26,0,0,39,"6C1DEBA09A25","",232579

+UUDF:6C1DEBA5F777,-51,-26,-15,0,39,"6C1DEBA09A25","",232681

+UUDF:6C1DEBA5F777,-60,-22,-15,0,38,"6C1DEBA09A25","",232781

+UUDF:6C1DEBA5F777,-55,-22,-23,0,37,"6C1DEBA09A25","",232986

+UUDF:6C1DEBA5F777,-49,-24,-23,0,39,"6C1DEBA09A25","",233096

+UUDF:6C1DEBA5F777,-61,-24,-22,0,37,"6C1DEBA09A25","",233201

+UUDF:6C1DEBA5F777,-46,-24,-23,0,39,"6C1DEBA09A25","",233306

+UUDF:6C1DEBA5F777,-48,-30,-25,0,39,"6C1DEBA09A25","",233411

+UUDF:6C1DEBA5F777,-47,-31,-23,0,39,"6C1DEBA09A25","",233520

+UUDF:6C1DEBA5F777,-47,-32,-22,0,39,"6C1DEBA09A25","",233626

+UUDF:6C1DEBA5F777,-58,-32,-23,0,37,"6C1DEBA09A25","",233938

+UUDF:6C1DEBA5F777,-56,-30,-25,0,37,"6C1DEBA09A25","",234039

+UUDF:6C1DEBA5F777,-61,-26,-41,0,37,"6C1DEBA09A25","",234139

+UUDF:6C1DEBA5F777,-57,-26,-41,0,37,"6C1DEBA09A25","",234348

+UUDF:6C1DEBA5F777,-57,-26,-42,0,37,"6C1DEBA09A25","",234452

+UUDF:6C1DEBA5F777,-47,-26,-41,0,39,"6C1DEBA09A25","",234559

+UUDF:6C1DEBA5F777,-57,-27,-41,0,37,"6C1DEBA09A25","",234665

+UUDF:6C1DEBA5F777,-58,-27,-42,0,37,"6C1DEBA09A25","",234767

+UUDF:6C1DEBA5F777,-48,-27,-42,0,39,"6C1DEBA09A25","",234876

+UUDF:6C1DEBA5F777,-57,-27,-41,0,37,"6C1DEBA09A25","",235085

+UUDF:6C1DEBA5F777,-48,-27,-41,0,39,"6C1DEBA09A25","",235190

+UUDF:6C1DEBA5F777,-59,-26,-41,0,37,"6C1DEBA09A25","",235298

+UUDF:6C1DEBA5F777,-48,-33,-20,0,39,"6C1DEBA09A25","",235399

+UUDF:6C1DEBA5F777,-48,-34,-20,0,39,"6C1DEBA09A25","",235926

+UUDF:6C1DEBA5F777,-48,-34,-20,0,39,"6C1DEBA09A25","",236239

+UUDF:6C1DEBA5F777,-48,-33,-20,0,39,"6C1DEBA09A25","",236343

+UUDF:6C1DEBA5F777,-57,-33,-20,0,37,"6C1DEBA09A25","",236445

+UUDF:6C1DEBA5F777,-48,-33,-20,0,39,"6C1DEBA09A25","",236556

+UUDF:6C1DEBA5F777,-57,-33,-21,0,37,"6C1DEBA09A25","",236659

+UUDF:6C1DEBA5F777,-59,-33,-21,0,37,"6C1DEBA09A25","",236762

+UUDF:6C1DEBA5F777,-50,-33,-21,0,39,"6C1DEBA09A25","",236863

+UUDF:6C1DEBA5F777,-61,-26,-40,0,37,"6C1DEBA09A25","",236963

+UUDF:6C1DEBA5F777,-47,-26,-40,0,39,"6C1DEBA09A25","",237172

+UUDF:6C1DEBA5F777,-48,-33,-21,0,39,"6C1DEBA09A25","",237280

+UUDF:6C1DEBA5F777,-57,-26,-40,0,37,"6C1DEBA09A25","",237489

+UUDF:6C1DEBA5F777,-58,-24,-42,0,37,"6C1DEBA09A25","",237693

+UUDF:6C1DEBA5F777,-48,-32,-21,0,39,"6C1DEBA09A25","",237796

+UUDF:6C1DEBA5F777,-49,-32,-21,0,39,"6C1DEBA09A25","",238113

+UUDF:6C1DEBA5F777,-48,-33,-21,0,39,"6C1DEBA09A25","",238215

+UUDF:6C1DEBA5F777,-49,-33,-21,0,39,"6C1DEBA09A25","",238318

+UUDF:6C1DEBA5F777,-57,-32,-21,0,37,"6C1DEBA09A25","",238625

+UUDF:6C1DEBA5F777,-48,-32,-20,0,39,"6C1DEBA09A25","",238729

+UUDF:6C1DEBA5F777,-57,-32,-20,0,37,"6C1DEBA09A25","",238837

+UUDF:6C1DEBA5F777,-57,-31,-21,0,37,"6C1DEBA09A25","",239051

+UUDF:6C1DEBA5F777,-57,-25,-42,0,37,"6C1DEBA09A25","",239154
