=~=~=~=~=~=~=~=~=~=~=~= PuTTY log 2023.10.04 17:16:53 =~=~=~=~=~=~=~=~=~=~=~=
S2"vvbjbbb6-3TT(NPM&d"",5087

+UUDF:6C1DEBA5F777,-62,16,5,0,37,"6C1DEBA09A43","",5187

+UUDF:6C1DEBA5F777,-65,-19,-28,0,37,"6C1DEBA09A43","",5292

+UUDF:6C1DEBA5F777,-62,-19,-30,0,37,"6C1DEBA09A43","",5398

+UUDF:6C1DEBA5F777,-62,-20,-30,0,37,"6C1DEBA09A43","",5615

+UUDF:6C1DEBA5F777,-50,-20,-30,0,39,"6C1DEBA09A43","",5831

+UUDF:6C1DEBA5F777,-62,-20,-30,0,37,"6C1DEBA09A43","",6035

+UUDF:6C1DEBA5F777,-65,-20,-30,0,37,"6C1DEBA09A43","",6143

+UUDF:6C1DEBA5F777,-62,-20,-30,0,37,"6C1DEBA09A43","",6247

+UUDF:6C1DEBA5F777,-62,-20,-31,0,37,"6C1DEBA09A43","",6352

+UUDF:6C1DEBA5F777,-49,-20,-31,0,39,"6C1DEBA09A43","",6457

+UUDF:6C1DEBA5F777,-51,18,7,0,39,"6C1DEBA09A43","",20412

+UUDF:6C1DEBA5F777,-51,17,6,0,39,"6C1DEBA09A43","",20830

+UUDF:6C1DEBA5F777,-62,17,6,0,37,"6C1DEBA09A43","",20932

+UUDF:6C1DEBA5F777,-51,17,6,0,39,"6C1DEBA09A43","",21039

+UUDF:6C1DEBA5F777,-62,-20,-31,0,37,"6C1DEBA09A43","",21141

+UUDF:6C1DEBA5F777,-48,17,6,0,39,"6C1DEBA09A43","",21244

+UUDF:6C1DEBA5F777,-51,17,6,0,39,"6C1DEBA09A43","",21451

+UUDF:6C1DEBA5F777,-62,-20,-31,0,37,"6C1DEBA09A43","",21768

+UUDF:6C1DEBA5F777,-62,-19,-31,0,37,"6C1DEBA09A43","",21877

+UUDF:6C1DEBA5F777,-49,-19,-31,0,39,"6C1DEBA09A43","",21984

+UUDF:6C1DEBA5F777,-50,17,8,0,39,"6C1DEBA09A43","",22090

+UUDF:6C1DEBA5F777,-50,17,7,0,39,"6C1DEBA09A43","",22192

+UUDF:6C1DEBA5F777,-62,-19,-31,0,37,"6C1DEBA09A43","",22293

+UUDF:6C1DEBA5F777,-61,-19,-31,0,37,"6C1DEBA09A43","",22606

+UUDF:6C1DEBA5F777,-62,-20,-31,0,37,"6C1DEBA09A43","",22819

+UUDF:6C1DEBA5F777,-62,-20,-32,0,37,"6C1DEBA09A43","",22922

+UUDF:6C1DEBA5F777,-61,-20,-32,0,37,"6C1DEBA09A43","",23126

+UUDF:6C1DEBA5F777,-55,-20,-32,0,39,"6C1DEBA09A43","",23342

+UUDF:6C1DEBA5F777,-52,-20,-32,0,39,"6C1DEBA09A43","",23556

+UUDF:6C1DEBA5F777,-50,-19,-32,0,39,"6C1DEBA09A43","",23767

+UUDF:6C1DEBA5F777,-61,-19,-32,0,37,"6C1DEBA09A43","",23874
PuTTY
+UUDF:6C1DEBA5F777,-49,17,6,0,39,"6C1DEBA09A43","",24194

+UUDF:6C1DEBA5F777,-49,17,8,0,39,"6C1DEBA09A43","",24298

+UUDF:6C1DEBA5F777,-50,17,7,0,39,"6C1DEBA09A43","",24398

+UUDF:6C1DEBA5F777,-49,17,7,0,39,"6C1DEBA09A43","",24508

+UUDF:6C1DEBA5F777,-52,17,7,0,39,"6C1DEBA09A43","",24615

+UUDF:6C1DEBA5F777,-65,17,7,0,37,"6C1DEBA09A43","",24719

+UUDF:6C1DEBA5F777,-51,17,7,0,39,"6C1DEBA09A43","",24932

+UUDF:6C1DEBA5F777,-50,17,7,0,39,"6C1DEBA09A43","",25038

+UUDF:6C1DEBA5F777,-62,17,7,0,37,"6C1DEBA09A43","",25138

+UUDF:6C1DEBA5F777,-62,-20,-31,0,37,"6C1DEBA09A43","",25449

+UUDF:6C1DEBA5F777,-52,17,7,0,39,"6C1DEBA09A43","",25664

+UUDF:6C1DEBA5F777,-47,17,8,0,39,"6C1DEBA09A43","",25768

+UUDF:6C1DEBA5F777,-51,18,8,0,39,"6C1DEBA09A43","",25869

+UUDF:6C1DEBA5F777,-62,18,8,0,37,"6C1DEBA09A43","",25969

+UUDF:6C1DEBA5F777,-50,18,8,0,39,"6C1DEBA09A43","",26071

+UUDF:6C1DEBA5F777,-65,17,7,0,37,"6C1DEBA09A43","",26178

+UUDF:6C1DEBA5F777,-62,-18,-31,0,37,"6C1DEBA09A43","",26283

+UUDF:6C1DEBA5F777,-49,-18,-31,0,39,"6C1DEBA09A43","",26389

+UUDF:6C1DEBA5F777,-52,17,7,0,39,"6C1DEBA09A43","",26498

+UUDF:6C1DEBA5F777,-49,17,7,0,39,"6C1DEBA09A43","",26606

+UUDF:6C1DEBA5F777,-49,17,7,0,39,"6C1DEBA09A43","",26715

+UUDF:6C1DEBA5F777,-51,17,8,0,39,"6C1DEBA09A43","",26824

+UUDF:6C1DEBA5F777,-49,17,9,0,39,"6C1DEBA09A43","",26926

+UUDF:6C1DEBA5F777,-65,17,9,0,37,"6C1DEBA09A43","",27135

+UUDF:6C1DEBA5F777,-50,17,9,0,39,"6C1DEBA09A43","",27242

+UUDF:6C1DEBA5F777,-62,16,9,0,37,"6C1DEBA09A43","",27669

+UUDF:6C1DEBA5F777,-61,-16,-28,0,37,"6C1DEBA09A43","",27772

+UUDF:6C1DEBA5F777,-61,-19,-30,0,37,"6C1DEBA09A43","",27874

+UUDF:6C1DEBA5F777,-50,-19,-28,0,39,"6C1DEBA09A43","",27978

+UUDF:6C1DEBA5F777,-51,-19,-28,0,39,"6C1DEBA09A43","",28080

+UUDF:6C1DEBA5F777,-50,14,4,0,39,"6C1DEBA09A43","",28183

+UUDF:6C1DEBA5F777,-65,14,4,0,37,"6C1DEBA09A43","",28284

+UUDF:6C1DEBA5F777,-52,16,4,0,39,"6C1DEBA09A43","",28392

+UUDF:6C1DEBA5F777,-50,17,4,0,39,"6C1DEBA09A43","",28502

+UUDF:6C1DEBA5F777,-64,17,4,0,37,"6C1DEBA09A43","",28607

+UUDF:6C1DEBA5F777,-45,14,7,0,39,"6C1DEBA09A43","",28917

+UUDF:6C1DEBA5F777,-81,14,7,0,37,"6C1DEBA09A43","",29022

+UUDF:6C1DEBA5F777,-56,14,7,0,37,"6C1DEBA09A43","",29128

+UUDF:6C1DEBA5F777,-55,14,40,0,39,"6C1DEBA09A43","",29236

+UUDF:6C1DEBA5F777,-77,14,33,0,37,"6C1DEBA09A43","",29339

+UUDF:6C1DEBA5F777,-50,12,33,0,39,"6C1DEBA09A43","",29447

+UUDF:6C1DEBA5F777,-55,12,33,0,39,"6C1DEBA09A43","",29656

+UUDF:6C1DEBA5F777,-61,10,8,0,37,"6C1DEBA09A43","",29868

+UUDF:6C1DEBA5F777,-52,10,8,0,39,"6C1DEBA09A43","",29972

+UUDF:6C1DEBA5F777,-61,10,6,0,37,"6C1DEBA09A43","",30078

+UUDF:6C1DEBA5F777,-65,-17,-30,0,37,"6C1DEBA09A43","",30184

+UUDF:6C1DEBA5F777,-61,-17,-30,0,38,"6C1DEBA09A43","",30289

+UUDF:6C1DEBA5F777,-64,-13,-30,0,37,"6C1DEBA09A43","",30395

+UUDF:6C1DEBA5F777,-65,-13,-39,0,37,"6C1DEBA09A43","",30496

+UUDF:6C1DEBA5F777,-64,-13,-39,0,37,"6C1DEBA09A43","",30599

+UUDF:6C1DEBA5F777,-61,-17,-39,0,38,"6C1DEBA09A43","",30704

+UUDF:6C1DEBA5F777,-50,-13,-30,0,39,"6C1DEBA09A43","",30813

+UUDF:6C1DEBA5F777,-63,-13,-39,0,37,"6C1DEBA09A43","",30912

+UUDF:6C1DEBA5F777,-62,-17,-39,0,38,"6C1DEBA09A43","",31018

+UUDF:6C1DEBA5F777,-65,-17,-39,0,37,"6C1DEBA09A43","",31119

+UUDF:6C1DEBA5F777,-62,-17,5,0,38,"6C1DEBA09A43","",31219

+UUDF:6C1DEBA5F777,-52,-16,8,0,39,"6C1DEBA09A43","",31328

+UUDF:6C1DEBA5F777,-62,-15,5,0,37,"6C1DEBA09A43","",31529

+UUDF:6C1DEBA5F777,-51,-15,5,0,39,"6C1DEBA09A43","",31953

+UUDF:6C1DEBA5F777,-51,-13,8,0,39,"6C1DEBA09A43","",32055

+UUDF:6C1DEBA5F777,-62,-13,6,0,38,"6C1DEBA09A43","",32264

+UUDF:6C1DEBA5F777,-67,-13,6,0,37,"6C1DEBA09A43","",32574

+UUDF:6C1DEBA5F777,-50,15,8,0,39,"6C1DEBA09A43","",32685

+UUDF:6C1DEBA5F777,-61,-13,6,0,38,"6C1DEBA09A43","",32791

+UUDF:6C1DEBA5F777,-49,15,8,0,39,"6C1DEBA09A43","",32896

+UUDF:6C1DEBA5F777,-51,15,7,0,39,"6C1DEBA09A43","",32997

+UUDF:6C1DEBA5F777,-65,-15,6,0,37,"6C1DEBA09A43","",33097

+UUDF:6C1DEBA5F777,-64,-12,6,0,37,"6C1DEBA09A43","",33202

+UUDF:6C1DEBA5F777,-62,-12,6,0,37,"6C1DEBA09A43","",33406

+UUDF:6C1DEBA5F777,-50,-12,6,0,39,"6C1DEBA09A43","",33511

+UUDF:6C1DEBA5F777,-65,-12,-40,0,37,"6C1DEBA09A43","",33618

+UUDF:6C1DEBA5F777,-52,-12,-40,0,39,"6C1DEBA09A43","",33729

+UUDF:6C1DEBA5F777,-64,-12,-44,0,37,"6C1DEBA09A43","",33835

+UUDF:6C1DEBA5F777,-49,-12,-40,0,39,"6C1DEBA09A43","",33943

+UUDF:6C1DEBA5F777,-50,17,8,0,39,"6C1DEBA09A43","",34152

+UUDF:6C1DEBA5F777,-49,17,8,0,39,"6C1DEBA09A43","",34256

+UUDF:6C1DEBA5F777,-62,17,8,0,37,"6C1DEBA09A43","",34665

+UUDF:6C1DEBA5F777,-64,17,8,0,37,"6C1DEBA09A43","",34771

+UUDF:6C1DEBA5F777,-50,14,8,0,39,"6C1DEBA09A43","",34878

+UUDF:6C1DEBA5F777,-63,14,8,0,37,"6C1DEBA09A43","",34987

+UUDF:6C1DEBA5F777,-63,-16,-39,0,37,"6C1DEBA09A43","",35092

+UUDF:6C1DEBA5F777,-50,-16,-39,0,39,"6C1DEBA09A43","",35203

+UUDF:6C1DEBA5F777,-50,-16,-39,0,39,"6C1DEBA09A43","",35306

+UUDF:6C1DEBA5F777,-50,14,8,0,39,"6C1DEBA09A43","",35407

+UUDF:6C1DEBA5F777,-50,15,9,0,39,"6C1DEBA09A43","",35611

+UUDF:6C1DEBA5F777,-50,15,9,0,39,"6C1DEBA09A43","",35712

+UUDF:6C1DEBA5F777,-50,15,9,0,39,"6C1DEBA09A43","",35812

+UUDF:6C1DEBA5F777,-50,15,10,0,39,"6C1DEBA09A43","",36019

+UUDF:6C1DEBA5F777,-50,15,10,0,39,"6C1DEBA09A43","",36127

+UUDF:6C1DEBA5F777,-50,15,10,0,39,"6C1DEBA09A43","",36235

+UUDF:6C1DEBA5F777,-50,16,10,0,39,"6C1DEBA09A43","",36342

+UUDF:6C1DEBA5F777,-50,16,10,0,39,"6C1DEBA09A43","",36761

+UUDF:6C1DEBA5F777,-63,16,10,0,37,"6C1DEBA09A43","",36869

+UUDF:6C1DEBA5F777,-62,16,10,0,37,"6C1DEBA09A43","",37175

+UUDF:6C1DEBA5F777,-63,14,9,0,37,"6C1DEBA09A43","",37280

+UUDF:6C1DEBA5F777,-50,14,9,0,39,"6C1DEBA09A43","",37390

+UUDF:6C1DEBA5F777,-50,15,9,0,39,"6C1DEBA09A43","",37606

+UUDF:6C1DEBA5F777,-50,15,9,0,39,"6C1DEBA09A43","",37924

+UUDF:6C1DEBA5F777,-62,-16,-42,0,37,"6C1DEBA09A43","",38238

+UUDF:6C1DEBA5F777,-63,-16,-41,0,37,"6C1DEBA09A43","",38447

+UUDF:6C1DEBA5F777,-63,-17,-41,0,37,"6C1DEBA09A43","",38554

+UUDF:6C1DEBA5F777,-63,-17,-39,0,37,"6C1DEBA09A43","",38767

+UUDF:6C1DEBA5F777,-59,-17,-39,0,37,"6C1DEBA09A43","",38868

+UUDF:6C1DEBA5F777,-63,-17,-41,0,37,"6C1DEBA09A43","",38974

+UUDF:6C1DEBA5F777,-50,-17,-41,0,39,"6C1DEBA09A43","",39076

+UUDF:6C1DEBA5F777,-63,-17,-41,0,37,"6C1DEBA09A43","",39181

+UUDF:6C1DEBA5F777,-63,-17,-42,0,37,"6C1DEBA09A43","",39391

+UUDF:6C1DEBA5F777,-50,-17,-39,0,39,"6C1DEBA09A43","",39501

+UUDF:6C1DEBA5F777,-63,-17,-42,0,37,"6C1DEBA09A43","",39602

+UUDF:6C1DEBA5F777,-50,-17,-42,0,39,"6C1DEBA09A43","",39915

+UUDF:6C1DEBA5F777,-62,-17,-41,0,37,"6C1DEBA09A43","",40015

+UUDF:6C1DEBA5F777,-50,-17,-41,0,39,"6C1DEBA09A43","",40125

+UUDF:6C1DEBA5F777,-50,14,9,0,39,"6C1DEBA09A43","",40335

+UUDF:6C1DEBA5F777,-63,14,9,0,37,"6C1DEBA09A43","",40441

+UUDF:6C1DEBA5F777,-62,-17,-41,0,37,"6C1DEBA09A43","",40547

+UUDF:6C1DEBA5F777,-50,14,8,0,39,"6C1DEBA09A43","",40652

+UUDF:6C1DEBA5F777,-50,15,8,0,39,"6C1DEBA09A43","",40760

+UUDF:6C1DEBA5F777,-50,15,8,0,39,"6C1DEBA09A43","",41072

+UUDF:6C1DEBA5F777,-50,15,9,0,39,"6C1DEBA09A43","",41284

+UUDF:6C1DEBA5F777,-60,15,9,0,37,"6C1DEBA09A43","",41389

+UUDF:6C1DEBA5F777,-62,15,9,0,37,"6C1DEBA09A43","",41491

+UUDF:6C1DEBA5F777,-63,-17,-37,0,37,"6C1DEBA09A43","",41593

+UUDF:6C1DEBA5F777,-63,-18,-42,0,37,"6C1DEBA09A43","",41698

+UUDF:6C1DEBA5F777,-50,-18,-42,0,39,"6C1DEBA09A43","",41809

+UUDF:6C1DEBA5F777,-50,-18,-37,0,39,"6C1DEBA09A43","",41912

+UUDF:6C1DEBA5F777,-50,14,9,0,39,"6C1DEBA09A43","",42020

+UUDF:6C1DEBA5F777,-62,14,9,0,37,"6C1DEBA09A43","",42127

+UUDF:6C1DEBA5F777,-62,14,9,0,37,"6C1DEBA09A43","",42235

+UUDF:6C1DEBA5F777,-62,-17,-40,0,37,"6C1DEBA09A43","",42445

+UUDF:6C1DEBA5F777,-63,-17,-40,0,37,"6C1DEBA09A43","",42553

+UUDF:6C1DEBA5F777,-50,-17,-40,0,39,"6C1DEBA09A43","",43179

+UUDF:6C1DEBA5F777,-62,-17,-40,0,37,"6C1DEBA09A43","",43287

+UUDF:6C1DEBA5F777,-50,-17,-39,0,39,"6C1DEBA09A43","",43394

+UUDF:6C1DEBA5F777,-50,13,9,0,39,"6C1DEBA09A43","",43498

+UUDF:6C1DEBA5F777,-50,14,9,0,39,"6C1DEBA09A43","",43604

+UUDF:6C1DEBA5F777,-63,13,9,0,37,"6C1DEBA09A43","",43703

+UUDF:6C1DEBA5F777,-49,14,10,0,39,"6C1DEBA09A43","",43813

+UUDF:6C1DEBA5F777,-50,15,10,0,39,"6C1DEBA09A43","",44028

+UUDF:6C1DEBA5F777,-63,14,10,0,37,"6C1DEBA09A43","",44136

+UUDF:6C1DEBA5F777,-50,14,10,0,39,"6C1DEBA09A43","",44442

+UUDF:6C1DEBA5F777,-50,15,10,0,39,"6C1DEBA09A43","",44546

+UUDF:6C1DEBA5F777,-50,16,10,0,39,"6C1DEBA09A43","",44757

+UUDF:6C1DEBA5F777,-50,16,10,0,39,"6C1DEBA09A43","",44972

+UUDF:6C1DEBA5F777,-62,16,10,0,37,"6C1DEBA09A43","",45276

+UUDF:6C1DEBA5F777,-62,16,10,0,37,"6C1DEBA09A43","",45379

+UUDF:6C1DEBA5F777,-62,-17,-40,0,37,"6C1DEBA09A43","",45483

+UUDF:6C1DEBA5F777,-50,-17,-40,0,39,"6C1DEBA09A43","",45592

+UUDF:6C1DEBA5F777,-50,-17,-40,0,39,"6C1DEBA09A43","",45903

+UUDF:6C1DEBA5F777,-50,-17,-40,0,39,"6C1DEBA09A43","",46006

+UUDF:6C1DEBA5F777,-64,-17,-40,0,37,"6C1DEBA09A43","",46108

+UUDF:6C1DEBA5F777,-50,14,9,0,39,"6C1DEBA09A43","",46317

+UUDF:6C1DEBA5F777,-50,15,9,0,39,"6C1DEBA09A43","",46424

+UUDF:6C1DEBA5F777,-62,14,9,0,37,"6C1DEBA09A43","",46635

+UUDF:6C1DEBA5F777,-62,-17,-40,0,37,"6C1DEBA09A43","",46744

+UUDF:6C1DEBA5F777,-62,-17,-43,0,37,"6C1DEBA09A43","",46845

+UUDF:6C1DEBA5F777,-50,-17,-43,0,39,"6C1DEBA09A43","",46949

+UUDF:6C1DEBA5F777,-62,-17,-43,0,37,"6C1DEBA09A43","",47055

+UUDF:6C1DEBA5F777,-62,-17,-43,0,37,"6C1DEBA09A43","",47156

+UUDF:6C1DEBA5F777,-50,-17,-41,0,39,"6C1DEBA09A43","",47267

+UUDF:6C1DEBA5F777,-63,-16,-41,0,37,"6C1DEBA09A43","",47474

+UUDF:6C1DEBA5F777,-62,-16,-41,0,37,"6C1DEBA09A43","",47575

+UUDF:6C1DEBA5F777,-50,-16,-41,0,39,"6C1DEBA09A43","",47685

+UUDF:6C1DEBA5F777,-50,-15,-38,0,39,"6C1DEBA09A43","",47787

+UUDF:6C1DEBA5F777,-50,15,9,0,39,"6C1DEBA09A43","",47893

+UUDF:6C1DEBA5F777,-50,15,9,0,39,"6C1DEBA09A43","",47995

+UUDF:6C1DEBA5F777,-50,15,10,0,39,"6C1DEBA09A43","",48204

+UUDF:6C1DEBA5F777,-65,15,10,0,37,"6C1DEBA09A43","",48308

+UUDF:6C1DEBA5F777,-50,15,9,0,39,"6C1DEBA09A43","",48614

+UUDF:6C1DEBA5F777,-63,15,9,0,37,"6C1DEBA09A43","",48829

+UUDF:6C1DEBA5F777,-62,-15,-40,0,37,"6C1DEBA09A43","",48935

+UUDF:6C1DEBA5F777,-50,-15,-40,0,39,"6C1DEBA09A43","",49039

+UUDF:6C1DEBA5F777,-50,-15,-40,0,39,"6C1DEBA09A43","",49145

+UUDF:6C1DEBA5F777,-63,-15,-40,0,37,"6C1DEBA09A43","",49356

+UUDF:6C1DEBA5F777,-59,-17,-41,0,37,"6C1DEBA09A43","",49772

+UUDF:6C1DEBA5F777,-63,-17,-41,0,37,"6C1DEBA09A43","",49879

+UUDF:6C1DEBA5F777,-63,-17,-41,0,37,"6C1DEBA09A43","",49985

+UUDF:6C1DEBA5F777,-50,-17,-41,0,39,"6C1DEBA09A43","",50087

+UUDF:6C1DEBA5F777,-62,-17,-41,0,37,"6C1DEBA09A43","",50194

+UUDF:6C1DEBA5F777,-65,-17,-41,0,37,"6C1DEBA09A43","",50298

+UUDF:6C1DEBA5F777,-60,-18,-41,0,37,"6C1DEBA09A43","",50917

+UUDF:6C1DEBA5F777,-50,-18,-41,0,39,"6C1DEBA09A43","",51122

+UUDF:6C1DEBA5F777,-62,-17,-41,0,37,"6C1DEBA09A43","",51230

+UUDF:6C1DEBA5F777,-62,-18,-41,0,37,"6C1DEBA09A43","",51441

+UUDF:6C1DEBA5F777,-50,-17,-41,0,39,"6C1DEBA09A43","",51550

+UUDF:6C1DEBA5F777,-63,-18,-41,0,37,"6C1DEBA09A43","",51650

+UUDF:6C1DEBA5F777,-50,-15,-41,0,39,"6C1DEBA09A43","",51858

+UUDF:6C1DEBA5F777,-50,-15,-41,0,39,"6C1DEBA09A43","",52072

+UUDF:6C1DEBA5F777,-63,-16,-42,0,37,"6C1DEBA09A43","",52171

+UUDF:6C1DEBA5F777,-50,14,9,0,39,"6C1DEBA09A43","",52279

+UUDF:6C1DEBA5F777,-50,14,9,0,39,"6C1DEBA09A43","",52383

+UUDF:6C1DEBA5F777,-63,14,9,0,37,"6C1DEBA09A43","",52486

+UUDF:6C1DEBA5F777,-63,-16,-41,0,37,"6C1DEBA09A43","",52587

+UUDF:6C1DEBA5F777,-63,-17,-41,0,37,"6C1DEBA09A43","",52696

+UUDF:6C1DEBA5F777,-50,-17,-39,0,39,"6C1DEBA09A43","",53115

+UUDF:6C1DEBA5F777,-63,-17,-41,0,37,"6C1DEBA09A43","",53328

+UUDF:6C1DEBA5F777,-50,-17,-41,0,39,"6C1DEBA09A43","",53434

+UUDF:6C1DEBA5F777,-50,-16,-39,0,39,"6C1DEBA09A43","",53542

+UUDF:6C1DEBA5F777,-62,-16,-39,0,37,"6C1DEBA09A43","",53757

+UUDF:6C1DEBA5F777,-63,-16,-39,0,37,"6C1DEBA09A43","",53962

+UUDF:6C1DEBA5F777,-50,-16,-39,0,39,"6C1DEBA09A43","",54070

+UUDF:6C1DEBA5F777,-62,-16,-39,0,37,"6C1DEBA09A43","",54174

+UUDF:6C1DEBA5F777,-62,-17,-39,0,37,"6C1DEBA09A43","",54279

+UUDF:6C1DEBA5F777,-63,-17,-41,0,37,"6C1DEBA09A43","",54386

+UUDF:6C1DEBA5F777,-50,-17,-39,0,39,"6C1DEBA09A43","",54497

+UUDF:6C1DEBA5F777,-63,-16,-39,0,37,"6C1DEBA09A43","",54710

+UUDF:6C1DEBA5F777,-50,-16,-39,0,39,"6C1DEBA09A43","",54928

+UUDF:6C1DEBA5F777,-62,-16,-41,0,37,"6C1DEBA09A43","",55138

+UUDF:6C1DEBA5F777,-50,17,10,0,39,"6C1DEBA09A43","",55458

+UUDF:6C1DEBA5F777,-63,-15,-37,0,37,"6C1DEBA09A43","",55561

+UUDF:6C1DEBA5F777,-63,-17,-39,0,37,"6C1DEBA09A43","",55767

+UUDF:6C1DEBA5F777,-50,-17,-39,0,39,"6C1DEBA09A43","",55982

+UUDF:6C1DEBA5F777,-62,-17,-39,0,37,"6C1DEBA09A43","",56090

+UUDF:6C1DEBA5F777,-50,-17,-39,0,39,"6C1DEBA09A43","",56195

+UUDF:6C1DEBA5F777,-63,-17,-40,0,37,"6C1DEBA09A43","",56296

+UUDF:6C1DEBA5F777,-63,-17,-40,0,37,"6C1DEBA09A43","",56404

+UUDF:6C1DEBA5F777,-50,-17,-40,0,39,"6C1DEBA09A43","",56823

+UUDF:6C1DEBA5F777,-63,-17,-39,0,37,"6C1DEBA09A43","",56927

+UUDF:6C1DEBA5F777,-62,-17,-40,0,37,"6C1DEBA09A43","",57139

+UUDF:6C1DEBA5F777,-50,-16,-39,0,39,"6C1DEBA09A43","",57250

+UUDF:6C1DEBA5F777,-50,15,8,0,39,"6C1DEBA09A43","",57463

+UUDF:6C1DEBA5F777,-50,15,8,0,39,"6C1DEBA09A43","",57567

+UUDF:6C1DEBA5F777,-50,15,11,0,39,"6C1DEBA09A43","",57887

+UUDF:6C1DEBA5F777,-63,15,11,0,37,"6C1DEBA09A43","",58304

+UUDF:6C1DEBA5F777,-63,15,8,0,37,"6C1DEBA09A43","",58406

+UUDF:6C1DEBA5F777,-63,-16,-38,0,37,"6C1DEBA09A43","",58509

+UUDF:6C1DEBA5F777,-50,-16,-38,0,39,"6C1DEBA09A43","",58615

+UUDF:6C1DEBA5F777,-63,-16,-40,0,37,"6C1DEBA09A43","",58716

+UUDF:6C1DEBA5F777,-50,-16,-38,0,39,"6C1DEBA09A43","",58823

+UUDF:6C1DEBA5F777,-63,-17,-40,0,37,"6C1DEBA09A43","",59034

+UUDF:6C1DEBA5F777,-63,-17,-40,0,37,"6C1DEBA09A43","",59242

+UUDF:6C1DEBA5F777,-63,-17,-41,0,37,"6C1DEBA09A43","",59346

+UUDF:6C1DEBA5F777,-50,-17,-40,0,39,"6C1DEBA09A43","",59450

+UUDF:6C1DEBA5F777,-63,-17,-40,0,37,"6C1DEBA09A43","",59550

+UUDF:6C1DEBA5F777,-50,-17,-40,0,39,"6C1DEBA09A43","",59763

+UUDF:6C1DEBA5F777,-62,-16,-40,0,37,"6C1DEBA09A43","",59869

+UUDF:6C1DEBA5F777,-63,-16,-38,0,37,"6C1DEBA09A43","",59975

+UUDF:6C1DEBA5F777,-50,-16,-38,0,39,"6C1DEBA09A43","",60081

+UUDF:6C1DEBA5F777,-62,-16,-38,0,37,"6C1DEBA09A43","",60189

+UUDF:6C1DEBA5F777,-62,-17,-40,0,37,"6C1DEBA09A43","",60506

+UUDF:6C1DEBA5F777,-50,-17,-38,0,39,"6C1DEBA09A43","",60610

+UUDF:6C1DEBA5F777,-62,-17,-40,0,37,"6C1DEBA09A43","",61030

+UUDF:6C1DEBA5F777,-50,-17,-40,0,39,"6C1DEBA09A43","",61239

+UUDF:6C1DEBA5F777,-63,-17,-40,0,37,"6C1DEBA09A43","",61446

+UUDF:6C1DEBA5F777,-50,-17,-40,0,39,"6C1DEBA09A43","",61552

+UUDF:6C1DEBA5F777,-62,-17,-40,0,37,"6C1DEBA09A43","",61762

+UUDF:6C1DEBA5F777,-50,-17,-40,0,39,"6C1DEBA09A43","",61864

+UUDF:6C1DEBA5F777,-63,-16,-40,0,37,"6C1DEBA09A43","",62072

+UUDF:6C1DEBA5F777,-50,-16,-40,0,39,"6C1DEBA09A43","",62176

+UUDF:6C1DEBA5F777,-62,-16,-41,0,37,"6C1DEBA09A43","",62282

+UUDF:6C1DEBA5F777,-63,-16,-41,0,37,"6C1DEBA09A43","",62490

+UUDF:6C1DEBA5F777,-50,-16,-41,0,39,"6C1DEBA09A43","",62706

+UUDF:6C1DEBA5F777,-50,-16,-41,0,39,"6C1DEBA09A43","",62806

+UUDF:6C1DEBA5F777,-60,-16,-41,0,37,"6C1DEBA09A43","",62911

+UUDF:6C1DEBA5F777,-50,-16,-41,0,39,"6C1DEBA09A43","",63121

+UUDF:6C1DEBA5F777,-60,-17,-41,0,37,"6C1DEBA09A43","",63223

+UUDF:6C1DEBA5F777,-50,15,9,0,39,"6C1DEBA09A43","",63428

+UUDF:6C1DEBA5F777,-50,15,10,0,39,"6C1DEBA09A43","",63529

+UUDF:6C1DEBA5F777,-50,15,10,0,39,"6C1DEBA09A43","",63852

+UUDF:6C1DEBA5F777,-63,15,10,0,37,"6C1DEBA09A43","",64061

+UUDF:6C1DEBA5F777,-63,-17,-40,0,37,"6C1DEBA09A43","",64271

+UUDF:6C1DEBA5F777,-50,15,8,0,39,"6C1DEBA09A43","",64377

+UUDF:6C1DEBA5F777,-50,14,8,0,39,"6C1DEBA09A43","",64479

+UUDF:6C1DEBA5F777,-50,14,8,0,39,"6C1DEBA09A43","",64580

+UUDF:6C1DEBA5F777,-64,-17,-40,0,37,"6C1DEBA09A43","",64782

+UUDF:6C1DEBA5F777,-63,-17,-41,0,37,"6C1DEBA09A43","",64886

+UUDF:6C1DEBA5F777,-63,-17,-40,0,37,"6C1DEBA09A43","",64995

+UUDF:6C1DEBA5F777,-64,-17,-40,0,37,"6C1DEBA09A43","",65096

+UUDF:6C1DEBA5F777,-50,-17,-40,0,39,"6C1DEBA09A43","",65306

+UUDF:6C1DEBA5F777,-63,-17,-40,0,37,"6C1DEBA09A43","",65409

+UUDF:6C1DEBA5F777,-50,-17,-40,0,39,"6C1DEBA09A43","",65617

+UUDF:6C1DEBA5F777,-64,-17,-40,0,37,"6C1DEBA09A43","",65722

+UUDF:6C1DEBA5F777,-50,-16,-39,0,39,"6C1DEBA09A43","",65833

+UUDF:6C1DEBA5F777,-50,15,9,0,39,"6C1DEBA09A43","",65941

+UUDF:6C1DEBA5F777,-50,15,9,0,39,"6C1DEBA09A43","",66155

+UUDF:6C1DEBA5F777,-63,15,9,0,37,"6C1DEBA09A43","",66257

+UUDF:6C1DEBA5F777,-50,15,9,0,39,"6C1DEBA09A43","",66476

+UUDF:6C1DEBA5F777,-62,15,9,0,37,"6C1DEBA09A43","",66582

+UUDF:6C1DEBA5F777,-50,15,9,0,39,"6C1DEBA09A43","",66691

+UUDF:6C1DEBA5F777,-50,15,10,0,39,"6C1DEBA09A43","",66797

+UUDF:6C1DEBA5F777,-64,-15,-40,0,37,"6C1DEBA09A43","",66897

+UUDF:6C1DEBA5F777,-50,15,9,0,39,"6C1DEBA09A43","",67221

+UUDF:6C1DEBA5F777,-50,15,9,0,39,"6C1DEBA09A43","",67537

+UUDF:6C1DEBA5F777,-63,15,9,0,37,"6C1DEBA09A43","",67850

+UUDF:6C1DEBA5F777,-50,15,9,0,39,"6C1DEBA09A43","",67954

+UUDF:6C1DEBA5F777,-50,15,9,0,39,"6C1DEBA09A43","",68062

+UUDF:6C1DEBA5F777,-63,15,9,0,37,"6C1DEBA09A43","",68161

+UUDF:6C1DEBA5F777,-50,16,9,0,39,"6C1DEBA09A43","",68264

+UUDF:6C1DEBA5F777,-62,-16,-39,0,37,"6C1DEBA09A43","",68679

+UUDF:6C1DEBA5F777,-50,14,9,0,39,"6C1DEBA09A43","",68889

+UUDF:6C1DEBA5F777,-63,-17,-39,0,37,"6C1DEBA09A43","",68994

+UUDF:6C1DEBA5F777,-65,-17,-40,0,37,"6C1DEBA09A43","",69103

+UUDF:6C1DEBA5F777,-50,-17,-39,0,39,"6C1DEBA09A43","",69210

+UUDF:6C1DEBA5F777,-50,-17,-39,0,39,"6C1DEBA09A43","",69319

+UUDF:6C1DEBA5F777,-50,14,10,0,39,"6C1DEBA09A43","",69424

+UUDF:6C1DEBA5F777,-63,-17,-39,0,37,"6C1DEBA09A43","",69630

+UUDF:6C1DEBA5F777,-62,-17,-39,0,37,"6C1DEBA09A43","",69738

+UUDF:6C1DEBA5F777,-59,-17,-39,0,37,"6C1DEBA09A43","",69843

+UUDF:6C1DEBA5F777,-63,-17,-41,0,37,"6C1DEBA09A43","",70051

+UUDF:6C1DEBA5F777,-50,-17,-41,0,39,"6C1DEBA09A43","",70260

+UUDF:6C1DEBA5F777,-62,-17,-41,0,37,"6C1DEBA09A43","",70574

+UUDF:6C1DEBA5F777,-63,-17,-41,0,37,"6C1DEBA09A43","",70677

+UUDF:6C1DEBA5F777,-59,-17,-41,0,37,"6C1DEBA09A43","",70781

+UUDF:6C1DEBA5F777,-63,-17,-42,0,37,"6C1DEBA09A43","",70883

+UUDF:6C1DEBA5F777,-62,-17,-42,0,37,"6C1DEBA09A43","",70993

+UUDF:6C1DEBA5F777,-50,-17,-42,0,39,"6C1DEBA09A43","",71101

+UUDF:6C1DEBA5F777,-50,-17,-41,0,39,"6C1DEBA09A43","",71209

+UUDF:6C1DEBA5F777,-62,-17,-40,0,37,"6C1DEBA09A43","",72046

+UUDF:6C1DEBA5F777,-64,-17,-42,0,37,"6C1DEBA09A43","",72149

+UUDF:6C1DEBA5F777,-62,-17,-42,0,37,"6C1DEBA09A43","",72363

+UUDF:6C1DEBA5F777,-63,-17,-41,0,37,"6C1DEBA09A43","",72573

+UUDF:6C1DEBA5F777,-63,-17,-41,0,37,"6C1DEBA09A43","",72782

+UUDF:6C1DEBA5F777,-59,-17,-41,0,37,"6C1DEBA09A43","",73100

+UUDF:6C1DEBA5F777,-50,-17,-41,0,39,"6C1DEBA09A43","",73208

+UUDF:6C1DEBA5F777,-50,-17,-41,0,39,"6C1DEBA09A43","",73313

+UUDF:6C1DEBA5F777,-50,-16,-39,0,39,"6C1DEBA09A43","",73529

+UUDF:6C1DEBA5F777,-59,-15,-39,0,37,"6C1DEBA09A43","",73632

+UUDF:6C1DEBA5F777,-62,-15,-41,0,37,"6C1DEBA09A43","",73836

+UUDF:6C1DEBA5F777,-63,-15,-38,0,37,"6C1DEBA09A43","",74156

+UUDF:6C1DEBA5F777,-63,-17,-41,0,37,"6C1DEBA09A43","",74577

+UUDF:6C1DEBA5F777,-50,-17,-41,0,39,"6C1DEBA09A43","",74686

+UUDF:6C1DEBA5F777,-50,-17,-41,0,39,"6C1DEBA09A43","",74787

+UUDF:6C1DEBA5F777,-63,-17,-41,0,37,"6C1DEBA09A43","",74886

+UUDF:6C1DEBA5F777,-62,-17,-41,0,37,"6C1DEBA09A43","",74995

+UUDF:6C1DEBA5F777,-63,-17,-41,0,37,"6C1DEBA09A43","",75100

+UUDF:6C1DEBA5F777,-50,-15,-40,0,39,"6C1DEBA09A43","",75207

+UUDF:6C1DEBA5F777,-50,-15,-40,0,39,"6C1DEBA09A43","",75417

+UUDF:6C1DEBA5F777,-50,14,10,0,39,"6C1DEBA09A43","",75522

+UUDF:6C1DEBA5F777,-63,14,10,0,37,"6C1DEBA09A43","",75621

+UUDF:6C1DEBA5F777,-63,14,10,0,37,"6C1DEBA09A43","",76036

+UUDF:6C1DEBA5F777,-50,14,9,0,39,"6C1DEBA09A43","",76243

+UUDF:6C1DEBA5F777,-62,-17,-38,0,37,"6C1DEBA09A43","",76351

+UUDF:6C1DEBA5F777,-63,-18,-40,0,37,"6C1DEBA09A43","",76459

+UUDF:6C1DEBA5F777,-62,-18,-38,0,37,"6C1DEBA09A43","",76662

+UUDF:6C1DEBA5F777,-62,-17,-38,0,37,"6C1DEBA09A43","",76769

+UUDF:6C1DEBA5F777,-62,-18,-39,0,37,"6C1DEBA09A43","",77080

+UUDF:6C1DEBA5F777,-62,-18,-42,0,37,"6C1DEBA09A43","",77285

+UUDF:6C1DEBA5F777,-60,-18,-39,0,37,"6C1DEBA09A43","",77389

+UUDF:6C1DEBA5F777,-50,-17,-39,0,39,"6C1DEBA09A43","",77494

+UUDF:6C1DEBA5F777,-50,-17,-39,0,39,"6C1DEBA09A43","",77600

+UUDF:6C1DEBA5F777,-50,14,9,0,39,"6C1DEBA09A43","",77810

+UUDF:6C1DEBA5F777,-50,15,9,0,39,"6C1DEBA09A43","",78226

+UUDF:6C1DEBA5F777,-63,15,9,0,37,"6C1DEBA09A43","",78332

+UUDF:6C1DEBA5F777,-50,16,9,0,39,"6C1DEBA09A43","",78645

+UUDF:6C1DEBA5F777,-63,15,9,0,37,"6C1DEBA09A43","",78752

+UUDF:6C1DEBA5F777,-62,-16,-40,0,37,"6C1DEBA09A43","",78857

+UUDF:6C1DEBA5F777,-50,-16,-40,0,39,"6C1DEBA09A43","",78966

+UUDF:6C1DEBA5F777,-63,-16,-40,0,37,"6C1DEBA09A43","",79381

+UUDF:6C1DEBA5F777,-50,-16,-40,0,39,"6C1DEBA09A43","",79485

+UUDF:6C1DEBA5F777,-63,-16,-40,0,37,"6C1DEBA09A43","",79586

+UUDF:6C1DEBA5F777,-50,14,9,0,39,"6C1DEBA09A43","",79694

+UUDF:6C1DEBA5F777,-63,-16,-40,0,37,"6C1DEBA09A43","",79794

+UUDF:6C1DEBA5F777,-60,-16,-39,0,37,"6C1DEBA09A43","",80110

+UUDF:6C1DEBA5F777,-62,-16,-41,0,37,"6C1DEBA09A43","",80318

+UUDF:6C1DEBA5F777,-50,-16,-39,0,39,"6C1DEBA09A43","",80427

+UUDF:6C1DEBA5F777,-50,-16,-39,0,39,"6C1DEBA09A43","",80532

+UUDF:6C1DEBA5F777,-50,15,9,0,39,"6C1DEBA09A43","",80735

+UUDF:6C1DEBA5F777,-50,15,10,0,39,"6C1DEBA09A43","",80938

+UUDF:6C1DEBA5F777,-50,16,10,0,39,"6C1DEBA09A43","",81046

+UUDF:6C1DEBA5F777,-63,15,10,0,37,"6C1DEBA09A43","",81250

+UUDF:6C1DEBA5F777,-63,15,9,0,37,"6C1DEBA09A43","",81354

+UUDF:6C1DEBA5F777,-63,-16,-38,0,37,"6C1DEBA09A43","",81458

+UUDF:6C1DEBA5F777,-63,-16,-41,0,37,"6C1DEBA09A43","",81568

+UUDF:6C1DEBA5F777,-60,-16,-41,0,37,"6C1DEBA09A43","",81775

+UUDF:6C1DEBA5F777,-62,-16,-41,0,37,"6C1DEBA09A43","",81988

+UUDF:6C1DEBA5F777,-50,-16,-41,0,39,"6C1DEBA09A43","",82097

+UUDF:6C1DEBA5F777,-63,-16,-41,0,37,"6C1DEBA09A43","",82206

+UUDF:6C1DEBA5F777,-62,-16,-41,0,37,"6C1DEBA09A43","",82313

+UUDF:6C1DEBA5F777,-63,-17,-41,0,37,"6C1DEBA09A43","",82936

+UUDF:6C1DEBA5F777,-50,-17,-39,0,39,"6C1DEBA09A43","",83040

+UUDF:6C1DEBA5F777,-50,-17,-39,0,39,"6C1DEBA09A43","",83149

+UUDF:6C1DEBA5F777,-50,15,9,0,39,"6C1DEBA09A43","",83363

+UUDF:6C1DEBA5F777,-63,15,9,0,37,"6C1DEBA09A43","",83468

+UUDF:6C1DEBA5F777,-62,15,9,0,37,"6C1DEBA09A43","",83570

+UUDF:6C1DEBA5F777,-50,15,9,0,39,"6C1DEBA09A43","",83880

+UUDF:6C1DEBA5F777,-62,-16,-41,0,37,"6C1DEBA09A43","",84186

+UUDF:6C1DEBA5F777,-50,-16,-41,0,39,"6C1DEBA09A43","",84289

+UUDF:6C1DEBA5F777,-50,15,9,0,39,"6C1DEBA09A43","",84394

+UUDF:6C1DEBA5F777,-50,15,10,0,39,"6C1DEBA09A43","",84495

+UUDF:6C1DEBA5F777,-50,15,10,0,39,"6C1DEBA09A43","",84603

+UUDF:6C1DEBA5F777,-50,17,10,0,39,"6C1DEBA09A43","",85019

+UUDF:6C1DEBA5F777,-62,15,10,0,37,"6C1DEBA09A43","",85227

+UUDF:6C1DEBA5F777,-63,14,10,0,37,"6C1DEBA09A43","",85334

+UUDF:6C1DEBA5F777,-63,-16,-40,0,37,"6C1DEBA09A43","",85435

+UUDF:6C1DEBA5F777,-50,-16,-40,0,39,"6C1DEBA09A43","",85539

+UUDF:6C1DEBA5F777,-62,-17,-41,0,37,"6C1DEBA09A43","",85847

+UUDF:6C1DEBA5F777,-63,-17,-40,0,37,"6C1DEBA09A43","",86166

+UUDF:6C1DEBA5F777,-50,-16,-40,0,39,"6C1DEBA09A43","",86273

+UUDF:6C1DEBA5F777,-63,-18,-40,0,37,"6C1DEBA09A43","",86482

+UUDF:6C1DEBA5F777,-63,-18,-40,0,37,"6C1DEBA09A43","",86585

+UUDF:6C1DEBA5F777,-63,-18,-40,0,37,"6C1DEBA09A43","",87009

+UUDF:6C1DEBA5F777,-63,-16,-40,0,37,"6C1DEBA09A43","",87225

+UUDF:6C1DEBA5F777,-63,-16,-40,0,37,"6C1DEBA09A43","",87541

+UUDF:6C1DEBA5F777,-50,-16,-40,0,39,"6C1DEBA09A43","",87753

+UUDF:6C1DEBA5F777,-62,-16,-40,0,37,"6C1DEBA09A43","",87855

+UUDF:6C1DEBA5F777,-50,-15,-39,0,39,"6C1DEBA09A43","",88059

+UUDF:6C1DEBA5F777,-50,14,9,0,39,"6C1DEBA09A43","",88270

+UUDF:6C1DEBA5F777,-50,15,9,0,39,"6C1DEBA09A43","",88376

+UUDF:6C1DEBA5F777,-63,14,9,0,37,"6C1DEBA09A43","",88479

+UUDF:6C1DEBA5F777,-63,14,9,0,37,"6C1DEBA09A43","",88588

+UUDF:6C1DEBA5F777,-63,-16,-38,0,37,"6C1DEBA09A43","",88907

+UUDF:6C1DEBA5F777,-50,-16,-38,0,39,"6C1DEBA09A43","",89009

+UUDF:6C1DEBA5F777,-63,-17,-42,0,37,"6C1DEBA09A43","",89112

+UUDF:6C1DEBA5F777,-63,-17,-39,0,37,"6C1DEBA09A43","",89316

+UUDF:6C1DEBA5F777,-50,-16,-38,0,39,"6C1DEBA09A43","",89531

+UUDF:6C1DEBA5F777,-63,-16,-39,0,37,"6C1DEBA09A43","",89630

+UUDF:6C1DEBA5F777,-50,-16,-39,0,39,"6C1DEBA09A43","",89740

+UUDF:6C1DEBA5F777,-63,-16,-39,0,37,"6C1DEBA09A43","",89848

+UUDF:6C1DEBA5F777,-50,15,9,0,39,"6C1DEBA09A43","",89958

+UUDF:6C1DEBA5F777,-63,-16,-41,0,37,"6C1DEBA09A43","",90058

+UUDF:6C1DEBA5F777,-63,-17,-41,0,37,"6C1DEBA09A43","",90162

+UUDF:6C1DEBA5F777,-50,-17,-41,0,39,"6C1DEBA09A43","",90266

+UUDF:6C1DEBA5F777,-50,15,10,0,39,"6C1DEBA09A43","",90367

+UUDF:6C1DEBA5F777,-63,-17,-41,0,37,"6C1DEBA09A43","",90686

+UUDF:6C1DEBA5F777,-63,-16,-41,0,37,"6C1DEBA09A43","",90893

+UUDF:6C1DEBA5F777,-50,15,10,0,39,"6C1DEBA09A43","",91002

+UUDF:6C1DEBA5F777,-50,15,10,0,39,"6C1DEBA09A43","",91104

+UUDF:6C1DEBA5F777,-50,16,10,0,39,"6C1DEBA09A43","",91212

+UUDF:6C1DEBA5F777,-63,16,10,0,37,"6C1DEBA09A43","",91313

+UUDF:6C1DEBA5F777,-50,16,10,0,39,"6C1DEBA09A43","",91420

+UUDF:6C1DEBA5F777,-63,16,10,0,37,"6C1DEBA09A43","",91520

+UUDF:6C1DEBA5F777,-50,16,10,0,39,"6C1DEBA09A43","",91621

+UUDF:6C1DEBA5F777,-50,15,9,0,39,"6C1DEBA09A43","",91831

+UUDF:6C1DEBA5F777,-62,15,9,0,37,"6C1DEBA09A43","",91930

+UUDF:6C1DEBA5F777,-50,15,9,0,39,"6C1DEBA09A43","",92037

+UUDF:6C1DEBA5F777,-63,15,9,0,37,"6C1DEBA09A43","",92248

+UUDF:6C1DEBA5F777,-62,-14,-39,0,37,"6C1DEBA09A43","",92355

+UUDF:6C1DEBA5F777,-50,-14,-39,0,39,"6C1DEBA09A43","",92457

+UUDF:6C1DEBA5F777,-63,-14,-39,0,37,"6C1DEBA09A43","",92881

+UUDF:6C1DEBA5F777,-50,-14,-39,0,39,"6C1DEBA09A43","",92984

+UUDF:6C1DEBA5F777,-63,-14,-42,0,37,"6C1DEBA09A43","",93195

+UUDF:6C1DEBA5F777,-63,-17,-39,0,37,"6C1DEBA09A43","",93296

+UUDF:6C1DEBA5F777,-50,-17,-39,0,39,"6C1DEBA09A43","",93513

+UUDF:6C1DEBA5F777,-63,-17,-39,0,37,"6C1DEBA09A43","",93618

+UUDF:6C1DEBA5F777,-63,-17,-40,0,37,"6C1DEBA09A43","",93722

+UUDF:6C1DEBA5F777,-50,-17,-39,0,39,"6C1DEBA09A43","",93931

+UUDF:6C1DEBA5F777,-63,-17,-40,0,37,"6C1DEBA09A43","",94141

+UUDF:6C1DEBA5F777,-62,-17,-40,0,37,"6C1DEBA09A43","",94242

+UUDF:6C1DEBA5F777,-63,-17,-41,0,37,"6C1DEBA09A43","",94342

+UUDF:6C1DEBA5F777,-50,-17,-39,0,39,"6C1DEBA09A43","",94548

+UUDF:6C1DEBA5F777,-63,-17,-40,0,37,"6C1DEBA09A43","",94650

+UUDF:6C1DEBA5F777,-50,-17,-39,0,39,"6C1DEBA09A43","",94754

+UUDF:6C1DEBA5F777,-63,-16,-40,0,37,"6C1DEBA09A43","",94854

+UUDF:6C1DEBA5F777,-63,-16,-40,0,37,"6C1DEBA09A43","",94960

+UUDF:6C1DEBA5F777,-50,-16,-40,0,39,"6C1DEBA09A43","",95174

+UUDF:6C1DEBA5F777,-62,-16,-41,0,37,"6C1DEBA09A43","",95386

+UUDF:6C1DEBA5F777,-50,-16,-41,0,39,"6C1DEBA09A43","",95495

+UUDF:6C1DEBA5F777,-50,15,9,0,39,"6C1DEBA09A43","",95814

+UUDF:6C1DEBA5F777,-50,14,9,0,39,"6C1DEBA09A43","",96024

+UUDF:6C1DEBA5F777,-50,15,9,0,39,"6C1DEBA09A43","",96130

+UUDF:6C1DEBA5F777,-50,15,10,0,39,"6C1DEBA09A43","",96233

+UUDF:6C1DEBA5F777,-63,15,10,0,37,"6C1DEBA09A43","",96334

+UUDF:6C1DEBA5F777,-50,15,9,0,39,"6C1DEBA09A43","",96437

+UUDF:6C1DEBA5F777,-62,14,9,0,37,"6C1DEBA09A43","",96542

+UUDF:6C1DEBA5F777,-63,-16,-40,0,37,"6C1DEBA09A43","",96646

+UUDF:6C1DEBA5F777,-59,-17,-41,0,37,"6C1DEBA09A43","",96747

+UUDF:6C1DEBA5F777,-50,-17,-41,0,39,"6C1DEBA09A43","",96856

+UUDF:6C1DEBA5F777,-63,-17,-41,0,37,"6C1DEBA09A43","",96955

+UUDF:6C1DEBA5F777,-50,-17,-41,0,39,"6C1DEBA09A43","",97275

+UUDF:6C1DEBA5F777,-50,-17,-41,0,39,"6C1DEBA09A43","",97484

+UUDF:6C1DEBA5F777,-50,13,9,0,39,"6C1DEBA09A43","",97590

+UUDF:6C1DEBA5F777,-62,13,9,0,37,"6C1DEBA09A43","",98223

+UUDF:6C1DEBA5F777,-50,13,9,0,39,"6C1DEBA09A43","",98325

+UUDF:6C1DEBA5F777,-50,14,9,0,39,"6C1DEBA09A43","",98540

+UUDF:6C1DEBA5F777,-50,16,9,0,39,"6C1DEBA09A43","",98643

+UUDF:6C1DEBA5F777,-50,16,9,0,39,"6C1DEBA09A43","",98951

+UUDF:6C1DEBA5F777,-63,16,9,0,37,"6C1DEBA09A43","",99267

+UUDF:6C1DEBA5F777,-50,16,9,0,39,"6C1DEBA09A43","",99372

+UUDF:6C1DEBA5F777,-63,16,9,0,37,"6C1DEBA09A43","",99573

+UUDF:6C1DEBA5F777,-63,-16,-41,0,37,"6C1DEBA09A43","",99678

+UUDF:6C1DEBA5F777,-50,-16,-41,0,39,"6C1DEBA09A43","",99886

+UUDF:6C1DEBA5F777,-50,-16,-41,0,39,"6C1DEBA09A43","",99990

+UUDF:6C1DEBA5F777,-50,15,9,0,39,"6C1DEBA09A43","",100409

+UUDF:6C1DEBA5F777,-50,15,9,0,39,"6C1DEBA09A43","",100622

+UUDF:6C1DEBA5F777,-50,15,10,0,39,"6C1DEBA09A43","",100731

+UUDF:6C1DEBA5F777,-50,15,10,0,39,"6C1DEBA09A43","",100838

+UUDF:6C1DEBA5F777,-50,16,10,0,39,"6C1DEBA09A43","",100942

+UUDF:6C1DEBA5F777,-62,16,10,0,37,"6C1DEBA09A43","",101143

+UUDF:6C1DEBA5F777,-59,16,10,0,37,"6C1DEBA09A43","",101563

+UUDF:6C1DEBA5F777,-50,16,11,0,39,"6C1DEBA09A43","",101669

+UUDF:6C1DEBA5F777,-64,-17,-41,0,37,"6C1DEBA09A43","",101975

+UUDF:6C1DEBA5F777,-50,-17,-41,0,39,"6C1DEBA09A43","",102184

+UUDF:6C1DEBA5F777,-63,-16,-41,0,37,"6C1DEBA09A43","",102291

+UUDF:6C1DEBA5F777,-62,-16,-41,0,37,"6C1DEBA09A43","",102401

+UUDF:6C1DEBA5F777,-50,-16,-41,0,39,"6C1DEBA09A43","",102503

+UUDF:6C1DEBA5F777,-50,15,10,0,39,"6C1DEBA09A43","",102611

+UUDF:6C1DEBA5F777,-50,15,8,0,39,"6C1DEBA09A43","",102821

+UUDF:6C1DEBA5F777,-50,16,10,0,39,"6C1DEBA09A43","",103023

+UUDF:6C1DEBA5F777,-63,16,10,0,37,"6C1DEBA09A43","",103123

+UUDF:6C1DEBA5F777,-50,16,11,0,39,"6C1DEBA09A43","",103234

+UUDF:6C1DEBA5F777,-50,15,9,0,39,"6C1DEBA09A43","",103336

+UUDF:6C1DEBA5F777,-50,15,10,0,39,"6C1DEBA09A43","",103548

+UUDF:6C1DEBA5F777,-50,15,10,0,39,"6C1DEBA09A43","",103652

+UUDF:6C1DEBA5F777,-63,15,10,0,37,"6C1DEBA09A43","",103759

+UUDF:6C1DEBA5F777,-64,15,9,0,37,"6C1DEBA09A43","",103977

+UUDF:6C1DEBA5F777,-50,15,10,0,39,"6C1DEBA09A43","",104184

+UUDF:6C1DEBA5F777,-50,15,10,0,39,"6C1DEBA09A43","",104288

+UUDF:6C1DEBA5F777,-50,14,11,0,39,"6C1DEBA09A43","",104390

+UUDF:6C1DEBA5F777,-50,15,11,0,39,"6C1DEBA09A43","",104496

+UUDF:6C1DEBA5F777,-50,15,11,0,39,"6C1DEBA09A43","",104601

+UUDF:6C1DEBA5F777,-63,15,10,0,37,"6C1DEBA09A43","",104709

+UUDF:6C1DEBA5F777,-63,14,10,0,37,"6C1DEBA09A43","",105025

+UUDF:6C1DEBA5F777,-50,15,10,0,39,"6C1DEBA09A43","",105236

+UUDF:6C1DEBA5F777,-58,-16,-41,0,37,"6C1DEBA09A43","",105341

+UUDF:6C1DEBA5F777,-63,-16,-42,0,37,"6C1DEBA09A43","",105554

+UUDF:6C1DEBA5F777,-50,-16,-42,0,39,"6C1DEBA09A43","",105877

+UUDF:6C1DEBA5F777,-50,15,10,0,39,"6C1DEBA09A43","",105984

+UUDF:6C1DEBA5F777,-63,-16,-40,0,37,"6C1DEBA09A43","",106090

+UUDF:6C1DEBA5F777,-63,-16,-42,0,37,"6C1DEBA09A43","",106192

+UUDF:6C1DEBA5F777,-63,-17,-40,0,37,"6C1DEBA09A43","",106296

+UUDF:6C1DEBA5F777,-62,-17,-40,0,37,"6C1DEBA09A43","",106510

+UUDF:6C1DEBA5F777,-60,-17,-40,0,37,"6C1DEBA09A43","",106612

+UUDF:6C1DEBA5F777,-50,-17,-40,0,39,"6C1DEBA09A43","",106723

+UUDF:6C1DEBA5F777,-50,-17,-40,0,39,"6C1DEBA09A43","",107037

+UUDF:6C1DEBA5F777,-50,-16,-36,0,39,"6C1DEBA09A43","",107137

+UUDF:6C1DEBA5F777,-50,14,8,0,39,"6C1DEBA09A43","",107245

+UUDF:6C1DEBA5F777,-50,14,9,0,39,"6C1DEBA09A43","",107451

+UUDF:6C1DEBA5F777,-63,14,9,0,37,"6C1DEBA09A43","",107755

+UUDF:6C1DEBA5F777,-50,14,9,0,39,"6C1DEBA09A43","",107968

+UUDF:6C1DEBA5F777,-63,14,9,0,37,"6C1DEBA09A43","",108170

+UUDF:6C1DEBA5F777,-50,14,9,0,39,"6C1DEBA09A43","",108583

+UUDF:6C1DEBA5F777,-50,14,9,0,39,"6C1DEBA09A43","",108691

+UUDF:6C1DEBA5F777,-64,-17,-40,0,37,"6C1DEBA09A43","",108793

+UUDF:6C1DEBA5F777,-50,15,9,0,39,"6C1DEBA09A43","",108901

+UUDF:6C1DEBA5F777,-50,15,9,0,39,"6C1DEBA09A43","",109119

+UUDF:6C1DEBA5F777,-50,15,10,0,39,"6C1DEBA09A43","",109227

+UUDF:6C1DEBA5F777,-62,15,10,0,37,"6C1DEBA09A43","",109334

+UUDF:6C1DEBA5F777,-62,-17,-41,0,37,"6C1DEBA09A43","",109435

+UUDF:6C1DEBA5F777,-50,15,10,0,39,"6C1DEBA09A43","",109544

+UUDF:6C1DEBA5F777,-50,16,10,0,39,"6C1DEBA09A43","",109650

+UUDF:6C1DEBA5F777,-62,-17,-41,0,37,"6C1DEBA09A43","",109753

+UUDF:6C1DEBA5F777,-63,-17,-41,0,37,"6C1DEBA09A43","",109857

+UUDF:6C1DEBA5F777,-62,-17,-41,0,37,"6C1DEBA09A43","",109962

+UUDF:6C1DEBA5F777,-63,-17,-40,0,37,"6C1DEBA09A43","",110167

+UUDF:6C1DEBA5F777,-62,-17,-40,0,37,"6C1DEBA09A43","",110478

+UUDF:6C1DEBA5F777,-50,-17,-40,0,39,"6C1DEBA09A43","",110585

+UUDF:6C1DEBA5F777,-50,-17,-40,0,39,"6C1DEBA09A43","",110688

+UUDF:6C1DEBA5F777,-64,-17,-40,0,37,"6C1DEBA09A43","",110789

+UUDF:6C1DEBA5F777,-50,-16,-39,0,39,"6C1DEBA09A43","",110896

+UUDF:6C1DEBA5F777,-50,14,9,0,39,"6C1DEBA09A43","",111111

+UUDF:6C1DEBA5F777,-62,14,9,0,37,"6C1DEBA09A43","",111421

+UUDF:6C1DEBA5F777,-63,-16,-42,0,37,"6C1DEBA09A43","",111524

+UUDF:6C1DEBA5F777,-50,-16,-42,0,39,"6C1DEBA09A43","",111633

+UUDF:6C1DEBA5F777,-50,14,10,0,39,"6C1DEBA09A43","",111741

+UUDF:6C1DEBA5F777,-62,-16,-42,0,37,"6C1DEBA09A43","",111841

+UUDF:6C1DEBA5F777,-63,-17,-42,0,37,"6C1DEBA09A43","",111946

+UUDF:6C1DEBA5F777,-50,-16,-40,0,39,"6C1DEBA09A43","",112155

+UUDF:6C1DEBA5F777,-59,-16,-40,0,37,"6C1DEBA09A43","",112254

+UUDF:6C1DEBA5F777,-50,-16,-40,0,39,"6C1DEBA09A43","",112468

+UUDF:6C1DEBA5F777,-50,-16,-40,0,39,"6C1DEBA09A43","",112576

+UUDF:6C1DEBA5F777,-62,-17,-40,0,37,"6C1DEBA09A43","",112677

+UUDF:6C1DEBA5F777,-63,-17,-40,0,37,"6C1DEBA09A43","",112786

+UUDF:6C1DEBA5F777,-63,-17,-40,0,37,"6C1DEBA09A43","",112894

+UUDF:6C1DEBA5F777,-63,-17,-42,0,37,"6C1DEBA09A43","",113001

+UUDF:6C1DEBA5F777,-63,-17,-43,0,37,"6C1DEBA09A43","",113210

+UUDF:6C1DEBA5F777,-64,-17,-43,0,37,"6C1DEBA09A43","",113312

+UUDF:6C1DEBA5F777,-50,-17,-43,0,39,"6C1DEBA09A43","",113531

+UUDF:6C1DEBA5F777,-50,-16,-40,0,39,"6C1DEBA09A43","",113848

+UUDF:6C1DEBA5F777,-63,-16,-40,0,37,"6C1DEBA09A43","",113955

+UUDF:6C1DEBA5F777,-63,-17,-40,0,37,"6C1DEBA09A43","",114166

+UUDF:6C1DEBA5F777,-50,-17,-39,0,39,"6C1DEBA09A43","",114274

+UUDF:6C1DEBA5F777,-50,15,10,0,39,"6C1DEBA09A43","",114381

+UUDF:6C1DEBA5F777,-50,15,10,0,39,"6C1DEBA09A43","",114794

+UUDF:6C1DEBA5F777,-59,-16,-40,0,37,"6C1DEBA09A43","",114897

+UUDF:6C1DEBA5F777,-50,15,10,0,39,"6C1DEBA09A43","",115005

+UUDF:6C1DEBA5F777,-50,16,10,0,39,"6C1DEBA09A43","",115108

+UUDF:6C1DEBA5F777,-62,15,10,0,37,"6C1DEBA09A43","",115209

+UUDF:6C1DEBA5F777,-50,15,10,0,39,"6C1DEBA09A43","",115313

+UUDF:6C1DEBA5F777,-50,15,10,0,39,"6C1DEBA09A43","",115416

+UUDF:6C1DEBA5F777,-62,15,10,0,37,"6C1DEBA09A43","",115525

+UUDF:6C1DEBA5F777,-50,15,10,0,39,"6C1DEBA09A43","",115635

+UUDF:6C1DEBA5F777,-63,-15,-39,0,37,"6C1DEBA09A43","",115842

+UUDF:6C1DEBA5F777,-50,13,10,0,39,"6C1DEBA09A43","",115946

+UUDF:6C1DEBA5F777,-62,-15,-42,0,37,"6C1DEBA09A43","",116047

+UUDF:6C1DEBA5F777,-64,-16,-42,0,37,"6C1DEBA09A43","",116148

+UUDF:6C1DEBA5F777,-50,-15,-39,0,39,"6C1DEBA09A43","",116252

+UUDF:6C1DEBA5F777,-50,13,10,0,39,"6C1DEBA09A43","",116353

+UUDF:6C1DEBA5F777,-50,13,10,0,39,"6C1DEBA09A43","",116673

+UUDF:6C1DEBA5F777,-50,15,10,0,39,"6C1DEBA09A43","",116779

+UUDF:6C1DEBA5F777,-50,15,10,0,39,"6C1DEBA09A43","",116882

+UUDF:6C1DEBA5F777,-60,15,10,0,37,"6C1DEBA09A43","",116989

+UUDF:6C1DEBA5F777,-50,15,10,0,39,"6C1DEBA09A43","",117091

+UUDF:6C1DEBA5F777,-50,15,10,0,39,"6C1DEBA09A43","",117198

+UUDF:6C1DEBA5F777,-63,15,10,0,37,"6C1DEBA09A43","",117407

+UUDF:6C1DEBA5F777,-62,14,9,0,37,"6C1DEBA09A43","",117611

+UUDF:6C1DEBA5F777,-50,14,9,0,39,"6C1DEBA09A43","",117718

+UUDF:6C1DEBA5F777,-50,14,9,0,39,"6C1DEBA09A43","",117825

+UUDF:6C1DEBA5F777,-63,14,9,0,37,"6C1DEBA09A43","",117924

+UUDF:6C1DEBA5F777,-50,15,9,0,39,"6C1DEBA09A43","",118033

+UUDF:6C1DEBA5F777,-50,16,9,0,39,"6C1DEBA09A43","",118140

+UUDF:6C1DEBA5F777,-62,16,9,0,37,"6C1DEBA09A43","",118353

+UUDF:6C1DEBA5F777,-50,16,10,0,39,"6C1DEBA09A43","",118461

+UUDF:6C1DEBA5F777,-65,14,9,0,37,"6C1DEBA09A43","",118563

+UUDF:6C1DEBA5F777,-50,14,9,0,39,"6C1DEBA09A43","",118775

+UUDF:6C1DEBA5F777,-62,14,9,0,37,"6C1DEBA09A43","",118985

+UUDF:6C1DEBA5F777,-50,14,9,0,39,"6C1DEBA09A43","",119096

+UUDF:6C1DEBA5F777,-62,-15,-40,0,37,"6C1DEBA09A43","",119200

+UUDF:6C1DEBA5F777,-50,14,9,0,39,"6C1DEBA09A43","",119409

+UUDF:6C1DEBA5F777,-63,-17,-40,0,37,"6C1DEBA09A43","",119513

+UUDF:6C1DEBA5F777,-63,-16,-39,0,37,"6C1DEBA09A43","",119837

+UUDF:6C1DEBA5F777,-50,-16,-39,0,39,"6C1DEBA09A43","",119941

+UUDF:6C1DEBA5F777,-62,-16,-39,0,37,"6C1DEBA09A43","",120150

+UUDF:6C1DEBA5F777,-50,-16,-39,0,39,"6C1DEBA09A43","",120258

+UUDF:6C1DEBA5F777,-50,-16,-39,0,39,"6C1DEBA09A43","",120676

+UUDF:6C1DEBA5F777,-50,15,8,0,39,"6C1DEBA09A43","",120882

+UUDF:6C1DEBA5F777,-63,15,8,0,37,"6C1DEBA09A43","",120982

+UUDF:6C1DEBA5F777,-62,-16,-40,0,37,"6C1DEBA09A43","",121087

+UUDF:6C1DEBA5F777,-50,16,10,0,39,"6C1DEBA09A43","",121191

+UUDF:6C1DEBA5F777,-62,-16,-40,0,37,"6C1DEBA09A43","",121295

+UUDF:6C1DEBA5F777,-62,-16,-40,0,37,"6C1DEBA09A43","",121507

+UUDF:6C1DEBA5F777,-50,-16,-40,0,39,"6C1DEBA09A43","",121716

+UUDF:6C1DEBA5F777,-50,-16,-40,0,39,"6C1DEBA09A43","",121823

+UUDF:6C1DEBA5F777,-50,14,9,0,39,"6C1DEBA09A43","",121924

+UUDF:6C1DEBA5F777,-63,-16,-39,0,37,"6C1DEBA09A43","",122237

+UUDF:6C1DEBA5F777,-50,14,9,0,39,"6C1DEBA09A43","",122345

+UUDF:6C1DEBA5F777,-66,14,9,0,37,"6C1DEBA09A43","",122558

+UUDF:6C1DEBA5F777,-63,-17,-39,0,37,"6C1DEBA09A43","",122766

+UUDF:6C1DEBA5F777,-50,-17,-39,0,39,"6C1DEBA09A43","",122872

+UUDF:6C1DEBA5F777,-50,-17,-39,0,39,"6C1DEBA09A43","",123074

+UUDF:6C1DEBA5F777,-62,-17,-41,0,37,"6C1DEBA09A43","",123181

+UUDF:6C1DEBA5F777,-60,-17,-41,0,37,"6C1DEBA09A43","",123285

+UUDF:6C1DEBA5F777,-63,-17,-41,0,37,"6C1DEBA09A43","",123491

+UUDF:6C1DEBA5F777,-50,-17,-41,0,39,"6C1DEBA09A43","",123594

+UUDF:6C1DEBA5F777,-50,-17,-41,0,39,"6C1DEBA09A43","",123697

+UUDF:6C1DEBA5F777,-50,-17,-41,0,39,"6C1DEBA09A43","",123800

+UUDF:6C1DEBA5F777,-50,16,10,0,39,"6C1DEBA09A43","",123907

+UUDF:6C1DEBA5F777,-50,16,10,0,39,"6C1DEBA09A43","",124010

+UUDF:6C1DEBA5F777,-62,16,10,0,37,"6C1DEBA09A43","",124112

+UUDF:6C1DEBA5F777,-63,14,10,0,37,"6C1DEBA09A43","",124215

+UUDF:6C1DEBA5F777,-64,-17,-41,0,37,"6C1DEBA09A43","",124324

+UUDF:6C1DEBA5F777,-50,-17,-41,0,39,"6C1DEBA09A43","",124426

+UUDF:6C1DEBA5F777,-63,-17,-41,0,37,"6C1DEBA09A43","",124638

+UUDF:6C1DEBA5F777,-62,-17,-41,0,37,"6C1DEBA09A43","",124743

+UUDF:6C1DEBA5F777,-62,-17,-41,0,37,"6C1DEBA09A43","",124850

+UUDF:6C1DEBA5F777,-63,-17,-40,0,37,"6C1DEBA09A43","",124954

+UUDF:6C1DEBA5F777,-62,-16,-40,0,37,"6C1DEBA09A43","",125493

+UUDF:6C1DEBA5F777,-63,-17,-41,0,37,"6C1DEBA09A43","",125912

+UUDF:6C1DEBA5F777,-50,-16,-41,0,39,"6C1DEBA09A43","",126020

+UUDF:6C1DEBA5F777,-50,-16,-40,0,39,"6C1DEBA09A43","",126127

+UUDF:6C1DEBA5F777,-63,-17,-41,0,37,"6C1DEBA09A43","",126232

+UUDF:6C1DEBA5F777,-50,-16,-41,0,39,"6C1DEBA09A43","",126339

+UUDF:6C1DEBA5F777,-50,14,9,0,39,"6C1DEBA09A43","",126448

+UUDF:6C1DEBA5F777,-50,15,9,0,39,"6C1DEBA09A43","",126549

+UUDF:6C1DEBA5F777,-62,14,9,0,37,"6C1DEBA09A43","",126858

+UUDF:6C1DEBA5F777,-62,-15,-41,0,37,"6C1DEBA09A43","",126962

+UUDF:6C1DEBA5F777,-62,-15,-41,0,37,"6C1DEBA09A43","",127066

+UUDF:6C1DEBA5F777,-63,-17,-41,0,37,"6C1DEBA09A43","",127278

+UUDF:6C1DEBA5F777,-62,-17,-41,0,37,"6C1DEBA09A43","",127381

+UUDF:6C1DEBA5F777,-50,-17,-41,0,39,"6C1DEBA09A43","",127590

+UUDF:6C1DEBA5F777,-50,-16,-41,0,39,"6C1DEBA09A43","",127696

+UUDF:6C1DEBA5F777,-50,-16,-41,0,39,"6C1DEBA09A43","",128003

+UUDF:6C1DEBA5F777,-50,13,10,0,39,"6C1DEBA09A43","",128108

+UUDF:6C1DEBA5F777,-50,15,10,0,39,"6C1DEBA09A43","",128212

+UUDF:6C1DEBA5F777,-50,16,10,0,39,"6C1DEBA09A43","",128316

+UUDF:6C1DEBA5F777,-50,16,10,0,39,"6C1DEBA09A43","",128421

+UUDF:6C1DEBA5F777,-50,15,10,0,39,"6C1DEBA09A43","",128524

+UUDF:6C1DEBA5F777,-63,15,9,0,37,"6C1DEBA09A43","",128838

+UUDF:6C1DEBA5F777,-63,14,8,0,37,"6C1DEBA09A43","",129053

+UUDF:6C1DEBA5F777,-62,-16,-39,0,37,"6C1DEBA09A43","",129156

+UUDF:6C1DEBA5F777,-50,-16,-39,0,39,"6C1DEBA09A43","",129264

+UUDF:6C1DEBA5F777,-63,-17,-39,0,37,"6C1DEBA09A43","",129475

+UUDF:6C1DEBA5F777,-50,-17,-39,0,39,"6C1DEBA09A43","",129789

+UUDF:6C1DEBA5F777,-62,-17,-40,0,37,"6C1DEBA09A43","",130002

+UUDF:6C1DEBA5F777,-50,-16,-39,0,39,"6C1DEBA09A43","",130215

+UUDF:6C1DEBA5F777,-50,16,9,0,39,"6C1DEBA09A43","",130526

+UUDF:6C1DEBA5F777,-50,15,10,0,39,"6C1DEBA09A43","",130627

+UUDF:6C1DEBA5F777,-50,15,10,0,39,"6C1DEBA09A43","",130729

+UUDF:6C1DEBA5F777,-50,16,10,0,39,"6C1DEBA09A43","",130837

+UUDF:6C1DEBA5F777,-63,15,10,0,37,"6C1DEBA09A43","",131042

+UUDF:6C1DEBA5F777,-50,15,10,0,39,"6C1DEBA09A43","",131146

+UUDF:6C1DEBA5F777,-62,15,9,0,37,"6C1DEBA09A43","",131669

+UUDF:6C1DEBA5F777,-62,-17,-39,0,37,"6C1DEBA09A43","",131775

+UUDF:6C1DEBA5F777,-62,-17,-40,0,37,"6C1DEBA09A43","",131877

+UUDF:6C1DEBA5F777,-50,-17,-39,0,39,"6C1DEBA09A43","",131985

+UUDF:6C1DEBA5F777,-62,-17,-40,0,37,"6C1DEBA09A43","",132085

+UUDF:6C1DEBA5F777,-62,-17,-40,0,37,"6C1DEBA09A43","",132192

+UUDF:6C1DEBA5F777,-63,-17,-41,0,37,"6C1DEBA09A43","",132298

+UUDF:6C1DEBA5F777,-50,-17,-41,0,39,"6C1DEBA09A43","",132406

+UUDF:6C1DEBA5F777,-63,-17,-41,0,37,"6C1DEBA09A43","",132511

+UUDF:6C1DEBA5F777,-50,-17,-41,0,39,"6C1DEBA09A43","",132723

+UUDF:6C1DEBA5F777,-62,-17,-41,0,37,"6C1DEBA09A43","",132831

+UUDF:6C1DEBA5F777,-50,14,10,0,39,"6C1DEBA09A43","",133039

+UUDF:6C1DEBA5F777,-50,15,9,0,39,"6C1DEBA09A43","",133145

+UUDF:6C1DEBA5F777,-63,15,9,0,37,"6C1DEBA09A43","",133247

+UUDF:6C1DEBA5F777,-63,-17,-38,0,37,"6C1DEBA09A43","",133569

+UUDF:6C1DEBA5F777,-62,-17,-38,0,37,"6C1DEBA09A43","",133675

+UUDF:6C1DEBA5F777,-50,-17,-38,0,39,"6C1DEBA09A43","",133776

+UUDF:6C1DEBA5F777,-62,-17,-41,0,37,"6C1DEBA09A43","",133981

+UUDF:6C1DEBA5F777,-62,-17,-41,0,37,"6C1DEBA09A43","",134195

+UUDF:6C1DEBA5F777,-62,-17,-40,0,37,"6C1DEBA09A43","",134299

+UUDF:6C1DEBA5F777,-50,-16,-40,0,39,"6C1DEBA09A43","",134614

+UUDF:6C1DEBA5F777,-50,-16,-40,0,39,"6C1DEBA09A43","",134924

+UUDF:6C1DEBA5F777,-50,15,10,0,39,"6C1DEBA09A43","",135032

+UUDF:6C1DEBA5F777,-62,15,10,0,37,"6C1DEBA09A43","",135247

+UUDF:6C1DEBA5F777,-50,15,10,0,39,"6C1DEBA09A43","",135357

+UUDF:6C1DEBA5F777,-63,15,10,0,37,"6C1DEBA09A43","",135565

+UUDF:6C1DEBA5F777,-62,-16,-41,0,37,"6C1DEBA09A43","",135779

+UUDF:6C1DEBA5F777,-63,-17,-41,0,37,"6C1DEBA09A43","",135884

+UUDF:6C1DEBA5F777,-63,-17,-41,0,37,"6C1DEBA09A43","",135991

+UUDF:6C1DEBA5F777,-63,-17,-42,0,37,"6C1DEBA09A43","",136415

+UUDF:6C1DEBA5F777,-63,-17,-42,0,37,"6C1DEBA09A43","",136727

+UUDF:6C1DEBA5F777,-50,-17,-41,0,39,"6C1DEBA09A43","",136939

+UUDF:6C1DEBA5F777,-63,-17,-41,0,37,"6C1DEBA09A43","",137042

+UUDF:6C1DEBA5F777,-63,-17,-43,0,37,"6C1DEBA09A43","",137147

+UUDF:6C1DEBA5F777,-50,-17,-43,0,39,"6C1DEBA09A43","",137355

+UUDF:6C1DEBA5F777,-63,-17,-41,0,37,"6C1DEBA09A43","",137766

+UUDF:6C1DEBA5F777,-50,-17,-39,0,39,"6C1DEBA09A43","",137876

+UUDF:6C1DEBA5F777,-62,-17,-41,0,37,"6C1DEBA09A43","",138287

+UUDF:6C1DEBA5F777,-63,-17,-41,0,37,"6C1DEBA09A43","",138396

+UUDF:6C1DEBA5F777,-50,-16,-39,0,39,"6C1DEBA09A43","",138498

+UUDF:6C1DEBA5F777,-63,-17,-39,0,37,"6C1DEBA09A43","",138806

+UUDF:6C1DEBA5F777,-50,-16,-38,0,39,"6C1DEBA09A43","",138911

+UUDF:6C1DEBA5F777,-62,-18,-41,0,37,"6C1DEBA09A43","",139440

+UUDF:6C1DEBA5F777,-50,-18,-38,0,39,"6C1DEBA09A43","",139545

+UUDF:6C1DEBA5F777,-63,-16,-38,0,37,"6C1DEBA09A43","",139651

+UUDF:6C1DEBA5F777,-50,-16,-38,0,39,"6C1DEBA09A43","",139969

+UUDF:6C1DEBA5F777,-50,14,9,0,39,"6C1DEBA09A43","",140077

+UUDF:6C1DEBA5F777,-50,14,9,0,39,"6C1DEBA09A43","",140184

+UUDF:6C1DEBA5F777,-62,14,9,0,37,"6C1DEBA09A43","",140292

+UUDF:6C1DEBA5F777,-50,16,9,0,39,"6C1DEBA09A43","",140401

+UUDF:6C1DEBA5F777,-62,16,9,0,37,"6C1DEBA09A43","",140507

+UUDF:6C1DEBA5F777,-50,16,9,0,39,"6C1DEBA09A43","",140716

+UUDF:6C1DEBA5F777,-50,15,9,0,39,"6C1DEBA09A43","",141032

+UUDF:6C1DEBA5F777,-62,15,9,0,37,"6C1DEBA09A43","",141244

+UUDF:6C1DEBA5F777,-62,-17,-41,0,37,"6C1DEBA09A43","",141453

+UUDF:6C1DEBA5F777,-63,-17,-40,0,37,"6C1DEBA09A43","",141670

+UUDF:6C1DEBA5F777,-50,-17,-40,0,39,"6C1DEBA09A43","",141775

+UUDF:6C1DEBA5F777,-62,-17,-41,0,37,"6C1DEBA09A43","",141986

+UUDF:6C1DEBA5F777,-50,-16,-40,0,39,"6C1DEBA09A43","",142089

+UUDF:6C1DEBA5F777,-62,-16,-40,0,37,"6C1DEBA09A43","",142189

+UUDF:6C1DEBA5F777,-59,-16,-40,0,37,"6C1DEBA09A43","",142397

+UUDF:6C1DEBA5F777,-62,-16,-42,0,37,"6C1DEBA09A43","",142603

+UUDF:6C1DEBA5F777,-50,-16,-40,0,39,"6C1DEBA09A43","",142920

+UUDF:6C1DEBA5F777,-50,-16,-40,0,39,"6C1DEBA09A43","",143025

+UUDF:6C1DEBA5F777,-50,15,9,0,39,"6C1DEBA09A43","",143128

+UUDF:6C1DEBA5F777,-50,16,10,0,39,"6C1DEBA09A43","",143228

+UUDF:6C1DEBA5F777,-63,16,10,0,37,"6C1DEBA09A43","",143434

+UUDF:6C1DEBA5F777,-50,16,9,0,39,"6C1DEBA09A43","",143639

+UUDF:6C1DEBA5F777,-59,16,9,0,37,"6C1DEBA09A43","",143742

+UUDF:6C1DEBA5F777,-63,-16,-42,0,37,"6C1DEBA09A43","",143847

+UUDF:6C1DEBA5F777,-50,-16,-42,0,39,"6C1DEBA09A43","",144059

+UUDF:6C1DEBA5F777,-50,15,9,0,39,"6C1DEBA09A43","",144160

+UUDF:6C1DEBA5F777,-59,-16,-42,0,37,"6C1DEBA09A43","",144260

+UUDF:6C1DEBA5F777,-63,-16,-40,0,37,"6C1DEBA09A43","",144777

+UUDF:6C1DEBA5F777,-50,15,9,0,39,"6C1DEBA09A43","",145298

+UUDF:6C1DEBA5F777,-50,15,9,0,39,"6C1DEBA09A43","",145398

+UUDF:6C1DEBA5F777,-63,-17,-40,0,37,"6C1DEBA09A43","",145497

+UUDF:6C1DEBA5F777,-50,14,9,0,39,"6C1DEBA09A43","",145607

+UUDF:6C1DEBA5F777,-62,14,9,0,37,"6C1DEBA09A43","",145816

+UUDF:6C1DEBA5F777,-50,14,10,0,39,"6C1DEBA09A43","",145921

+UUDF:6C1DEBA5F777,-50,14,8,0,39,"6C1DEBA09A43","",146130

+UUDF:6C1DEBA5F777,-63,14,8,0,37,"6C1DEBA09A43","",146234

+UUDF:6C1DEBA5F777,-62,-15,-41,0,37,"6C1DEBA09A43","",146336

+UUDF:6C1DEBA5F777,-50,14,8,0,39,"6C1DEBA09A43","",146446

+UUDF:6C1DEBA5F777,-63,-15,-40,0,37,"6C1DEBA09A43","",146961

+UUDF:6C1DEBA5F777,-50,-15,-40,0,39,"6C1DEBA09A43","",147068

+UUDF:6C1DEBA5F777,-50,14,9,0,39,"6C1DEBA09A43","",147385

+UUDF:6C1DEBA5F777,-50,14,10,0,39,"6C1DEBA09A43","",147488

+UUDF:6C1DEBA5F777,-50,15,10,0,39,"6C1DEBA09A43","",147594

+UUDF:6C1DEBA5F777,-64,15,10,0,37,"6C1DEBA09A43","",147699

+UUDF:6C1DEBA5F777,-65,15,9,0,37,"6C1DEBA09A43","",147808

+UUDF:6C1DEBA5F777,-50,16,10,0,39,"6C1DEBA09A43","",148018

+UUDF:6C1DEBA5F777,-59,-16,-40,0,37,"6C1DEBA09A43","",148227

+UUDF:6C1DEBA5F777,-63,-17,-41,0,37,"6C1DEBA09A43","",148332

+UUDF:6C1DEBA5F777,-50,-16,-40,0,39,"6C1DEBA09A43","",148650

+UUDF:6C1DEBA5F777,-50,15,10,0,39,"6C1DEBA09A43","",148756

+UUDF:6C1DEBA5F777,-62,-16,-40,0,37,"6C1DEBA09A43","",148968

+UUDF:6C1DEBA5F777,-50,15,9,0,39,"6C1DEBA09A43","",149074

+UUDF:6C1DEBA5F777,-63,15,9,0,37,"6C1DEBA09A43","",149282

+UUDF:6C1DEBA5F777,-62,-17,-42,0,37,"6C1DEBA09A43","",149492

+UUDF:6C1DEBA5F777,-50,-17,-42,0,39,"6C1DEBA09A43","",149597

+UUDF:6C1DEBA5F777,-62,-17,-42,0,37,"6C1DEBA09A43","",149697

+UUDF:6C1DEBA5F777,-50,-17,-42,0,39,"6C1DEBA09A43","",149804

+UUDF:6C1DEBA5F777,-62,-16,-42,0,37,"6C1DEBA09A43","",149908

+UUDF:6C1DEBA5F777,-64,-16,-38,0,37,"6C1DEBA09A43","",150009

+UUDF:6C1DEBA5F777,-62,-17,-42,0,37,"6C1DEBA09A43","",150110

+UUDF:6C1DEBA5F777,-59,-16,-42,0,37,"6C1DEBA09A43","",150217

+UUDF:6C1DEBA5F777,-50,-16,-42,0,39,"6C1DEBA09A43","",150430

+UUDF:6C1DEBA5F777,-50,-16,-38,0,39,"6C1DEBA09A43","",150534

+UUDF:6C1DEBA5F777,-50,15,11,0,39,"6C1DEBA09A43","",150636

+UUDF:6C1DEBA5F777,-63,15,11,0,37,"6C1DEBA09A43","",150737

+UUDF:6C1DEBA5F777,-50,15,11,0,39,"6C1DEBA09A43","",150845

+UUDF:6C1DEBA5F777,-50,15,11,0,39,"6C1DEBA09A43","",150952

+UUDF:6C1DEBA5F777,-63,12,11,0,37,"6C1DEBA09A43","",151053

+UUDF:6C1DEBA5F777,-50,12,11,0,39,"6C1DEBA09A43","",151156

+UUDF:6C1DEBA5F777,-62,-16,-40,0,37,"6C1DEBA09A43","",151261

+UUDF:6C1DEBA5F777,-50,12,11,0,39,"6C1DEBA09A43","",151369

+UUDF:6C1DEBA5F777,-50,12,8,0,39,"6C1DEBA09A43","",151476

+UUDF:6C1DEBA5F777,-50,14,8,0,39,"6C1DEBA09A43","",151579

+UUDF:6C1DEBA5F777,-63,14,8,0,37,"6C1DEBA09A43","",151679

+UUDF:6C1DEBA5F777,-62,-16,-39,0,37,"6C1DEBA09A43","",152099

+UUDF:6C1DEBA5F777,-64,-16,-39,0,37,"6C1DEBA09A43","",152318

+UUDF:6C1DEBA5F777,-50,-16,-39,0,39,"6C1DEBA09A43","",152531

+UUDF:6C1DEBA5F777,-50,-16,-39,0,39,"6C1DEBA09A43","",152635

+UUDF:6C1DEBA5F777,-50,-16,-39,0,39,"6C1DEBA09A43","",152947

+UUDF:6C1DEBA5F777,-50,16,8,0,39,"6C1DEBA09A43","",153680

+UUDF:6C1DEBA5F777,-50,16,9,0,39,"6C1DEBA09A43","",153786

+UUDF:6C1DEBA5F777,-50,16,9,0,39,"6C1DEBA09A43","",154001

+UUDF:6C1DEBA5F777,-63,15,9,0,37,"6C1DEBA09A43","",154106

+UUDF:6C1DEBA5F777,-62,15,9,0,37,"6C1DEBA09A43","",154432

+UUDF:6C1DEBA5F777,-50,14,9,0,39,"6C1DEBA09A43","",154540

+UUDF:6C1DEBA5F777,-62,-17,9,0,37,"6C1DEBA09A43","",155273

+UUDF:6C1DEBA5F777,-60,-17,-39,0,37,"6C1DEBA09A43","",155792

+UUDF:6C1DEBA5F777,-62,-17,-40,0,37,"6C1DEBA09A43","",155896

+UUDF:6C1DEBA5F777,-50,-17,-39,0,39,"6C1DEBA09A43","",155997

+UUDF:6C1DEBA5F777,-62,-17,-40,0,37,"6C1DEBA09A43","",156096

+UUDF:6C1DEBA5F777,-62,-17,-40,0,37,"6C1DEBA09A43","",156204

+UUDF:6C1DEBA5F777,-50,-16,-40,0,39,"6C1DEBA09A43","",156308

+UUDF:6C1DEBA5F777,-50,-16,-40,0,39,"6C1DEBA09A43","",156411

+UUDF:6C1DEBA5F777,-62,-17,-40,0,37,"6C1DEBA09A43","",156510

+UUDF:6C1DEBA5F777,-63,-17,-41,0,37,"6C1DEBA09A43","",156617

+UUDF:6C1DEBA5F777,-62,-17,-41,0,37,"6C1DEBA09A43","",156828

+UUDF:6C1DEBA5F777,-50,-17,-41,0,39,"6C1DEBA09A43","",157034

+UUDF:6C1DEBA5F777,-63,-18,-41,0,37,"6C1DEBA09A43","",157140

+UUDF:6C1DEBA5F777,-63,-18,-40,0,37,"6C1DEBA09A43","",157351

+UUDF:6C1DEBA5F777,-63,-17,-40,0,37,"6C1DEBA09A43","",157567

+UUDF:6C1DEBA5F777,-50,-17,-40,0,39,"6C1DEBA09A43","",158093

+UUDF:6C1DEBA5F777,-50,-17,-39,0,39,"6C1DEBA09A43","",158302

+UUDF:6C1DEBA5F777,-63,-17,-41,0,37,"6C1DEBA09A43","",158613

+UUDF:6C1DEBA5F777,-50,15,7,0,39,"6C1DEBA09A43","",158925

+UUDF:6C1DEBA5F777,-63,-16,-41,0,37,"6C1DEBA09A43","",159032

+UUDF:6C1DEBA5F777,-50,-16,-41,0,39,"6C1DEBA09A43","",159346

+UUDF:6C1DEBA5F777,-50,15,9,0,39,"6C1DEBA09A43","",159565

+UUDF:6C1DEBA5F777,-50,15,10,0,39,"6C1DEBA09A43","",159666

+UUDF:6C1DEBA5F777,-50,16,11,0,39,"6C1DEBA09A43","",159873

+UUDF:6C1DEBA5F777,-50,15,10,0,39,"6C1DEBA09A43","",159981

+UUDF:6C1DEBA5F777,-62,15,10,0,37,"6C1DEBA09A43","",160087

+UUDF:6C1DEBA5F777,-63,-18,-41,0,37,"6C1DEBA09A43","",160406

+UUDF:6C1DEBA5F777,-63,-18,-41,0,37,"6C1DEBA09A43","",160516

+UUDF:6C1DEBA5F777,-50,-18,-41,0,39,"6C1DEBA09A43","",160619

+UUDF:6C1DEBA5F777,-62,-18,-41,0,37,"6C1DEBA09A43","",160724

+UUDF:6C1DEBA5F777,-50,-17,-41,0,39,"6C1DEBA09A43","",160829

+UUDF:6C1DEBA5F777,-63,-16,-41,0,37,"6C1DEBA09A43","",160933

+UUDF:6C1DEBA5F777,-62,-16,-40,0,37,"6C1DEBA09A43","",161039

+UUDF:6C1DEBA5F777,-50,-16,-40,0,39,"6C1DEBA09A43","",161147

+UUDF:6C1DEBA5F777,-50,16,8,0,39,"6C1DEBA09A43","",161255

+UUDF:6C1DEBA5F777,-62,-16,-40,0,37,"6C1DEBA09A43","",161459

+UUDF:6C1DEBA5F777,-62,-16,-38,0,37,"6C1DEBA09A43","",161561

+UUDF:6C1DEBA5F777,-62,-16,-38,0,37,"6C1DEBA09A43","",161889

+UUDF:6C1DEBA5F777,-63,-16,-41,0,37,"6C1DEBA09A43","",162091

+UUDF:6C1DEBA5F777,-50,-16,-41,0,39,"6C1DEBA09A43","",162304

+UUDF:6C1DEBA5F777,-63,-17,-41,0,37,"6C1DEBA09A43","",162405

+UUDF:6C1DEBA5F777,-63,-17,-42,0,37,"6C1DEBA09A43","",162506

+UUDF:6C1DEBA5F777,-63,-17,-41,0,37,"6C1DEBA09A43","",162711

+UUDF:6C1DEBA5F777,-50,-17,-39,0,39,"6C1DEBA09A43","",162822

+UUDF:6C1DEBA5F777,-63,-17,-41,0,37,"6C1DEBA09A43","",163131

+UUDF:6C1DEBA5F777,-65,-17,-41,0,37,"6C1DEBA09A43","",163233

+UUDF:6C1DEBA5F777,-63,-17,-40,0,37,"6C1DEBA09A43","",163449

+UUDF:6C1DEBA5F777,-63,-16,-41,0,37,"6C1DEBA09A43","",163550

+UUDF:6C1DEBA5F777,-63,-17,-41,0,37,"6C1DEBA09A43","",163658

+UUDF:6C1DEBA5F777,-50,-16,-41,0,39,"6C1DEBA09A43","",163874

+UUDF:6C1DEBA5F777,-62,-16,-41,0,37,"6C1DEBA09A43","",164085

+UUDF:6C1DEBA5F777,-50,-16,-41,0,39,"6C1DEBA09A43","",164194

+UUDF:6C1DEBA5F777,-63,-17,-40,0,37,"6C1DEBA09A43","",164296

+UUDF:6C1DEBA5F777,-50,14,9,0,39,"6C1DEBA09A43","",164405

+UUDF:6C1DEBA5F777,-63,-17,-40,0,37,"6C1DEBA09A43","",164510

+UUDF:6C1DEBA5F777,-63,-18,-40,0,37,"6C1DEBA09A43","",164614

+UUDF:6C1DEBA5F777,-50,-18,-40,0,39,"6C1DEBA09A43","",164831

+UUDF:6C1DEBA5F777,-50,15,9,0,39,"6C1DEBA09A43","",164940

+UUDF:6C1DEBA5F777,-63,-17,-40,0,37,"6C1DEBA09A43","",165144

+UUDF:6C1DEBA5F777,-50,15,9,0,39,"6C1DEBA09A43","",165252

+UUDF:6C1DEBA5F777,-50,15,10,0,39,"6C1DEBA09A43","",165463

+UUDF:6C1DEBA5F777,-50,15,10,0,39,"6C1DEBA09A43","",165774

+UUDF:6C1DEBA5F777,-50,15,11,0,39,"6C1DEBA09A43","",165882

+UUDF:6C1DEBA5F777,-50,16,11,0,39,"6C1DEBA09A43","",165984

+UUDF:6C1DEBA5F777,-63,15,10,0,37,"6C1DEBA09A43","",166090

+UUDF:6C1DEBA5F777,-63,14,9,0,37,"6C1DEBA09A43","",166200

+UUDF:6C1DEBA5F777,-62,-16,-39,0,37,"6C1DEBA09A43","",166309

+UUDF:6C1DEBA5F777,-50,-16,-39,0,39,"6C1DEBA09A43","",166729

+UUDF:6C1DEBA5F777,-50,-16,-39,0,39,"6C1DEBA09A43","",166948

+UUDF:6C1DEBA5F777,-62,-17,-40,0,37,"6C1DEBA09A43","",167372

+UUDF:6C1DEBA5F777,-50,-17,-40,0,39,"6C1DEBA09A43","",167478

+UUDF:6C1DEBA5F777,-62,-17,-39,0,37,"6C1DEBA09A43","",167792

+UUDF:6C1DEBA5F777,-50,15,9,0,39,"6C1DEBA09A43","",167894

+UUDF:6C1DEBA5F777,-50,15,9,0,39,"6C1DEBA09A43","",168104

+UUDF:6C1DEBA5F777,-50,15,9,0,39,"6C1DEBA09A43","",168214

+UUDF:6C1DEBA5F777,-50,15,10,0,39,"6C1DEBA09A43","",168321

+UUDF:6C1DEBA5F777,-50,15,10,0,39,"6C1DEBA09A43","",168529

+UUDF:6C1DEBA5F777,-50,15,11,0,39,"6C1DEBA09A43","",168736

+UUDF:6C1DEBA5F777,-63,15,10,0,37,"6C1DEBA09A43","",168843

+UUDF:6C1DEBA5F777,-62,15,10,0,37,"6C1DEBA09A43","",168951

+UUDF:6C1DEBA5F777,-62,-16,-39,0,37,"6C1DEBA09A43","",169157

+UUDF:6C1DEBA5F777,-63,-17,-41,0,37,"6C1DEBA09A43","",169257

+UUDF:6C1DEBA5F777,-63,-17,-42,0,37,"6C1DEBA09A43","",169364

+UUDF:6C1DEBA5F777,-50,-17,-42,0,39,"6C1DEBA09A43","",169472

+UUDF:6C1DEBA5F777,-50,-17,-42,0,39,"6C1DEBA09A43","",169576

+UUDF:6C1DEBA5F777,-50,-15,-41,0,39,"6C1DEBA09A43","",169895

+UUDF:6C1DEBA5F777,-63,-15,-42,0,37,"6C1DEBA09A43","",170103

+UUDF:6C1DEBA5F777,-63,-15,-40,0,37,"6C1DEBA09A43","",170205

+UUDF:6C1DEBA5F777,-50,15,10,0,39,"6C1DEBA09A43","",170313

+UUDF:6C1DEBA5F777,-50,15,10,0,39,"6C1DEBA09A43","",170419

+UUDF:6C1DEBA5F777,-50,15,9,0,39,"6C1DEBA09A43","",170631

+UUDF:6C1DEBA5F777,-65,-16,-39,0,37,"6C1DEBA09A43","",170843

+UUDF:6C1DEBA5F777,-63,-16,-39,0,37,"6C1DEBA09A43","",170945

+UUDF:6C1DEBA5F777,-63,-16,-39,0,37,"6C1DEBA09A43","",171047

+UUDF:6C1DEBA5F777,-63,-16,-42,0,37,"6C1DEBA09A43","",171153

+UUDF:6C1DEBA5F777,-50,-16,-42,0,39,"6C1DEBA09A43","",171262

+UUDF:6C1DEBA5F777,-62,-16,-42,0,37,"6C1DEBA09A43","",171467

+UUDF:6C1DEBA5F777,-50,-16,-42,0,39,"6C1DEBA09A43","",171680

+UUDF:6C1DEBA5F777,-63,-16,-42,0,37,"6C1DEBA09A43","",171782

+UUDF:6C1DEBA5F777,-50,-16,-40,0,39,"6C1DEBA09A43","",171884

+UUDF:6C1DEBA5F777,-50,15,10,0,39,"6C1DEBA09A43","",171993

+UUDF:6C1DEBA5F777,-50,15,10,0,39,"6C1DEBA09A43","",172096

+UUDF:6C1DEBA5F777,-63,15,10,0,37,"6C1DEBA09A43","",172200

+UUDF:6C1DEBA5F777,-62,-16,-38,0,37,"6C1DEBA09A43","",172301

+UUDF:6C1DEBA5F777,-50,15,10,0,39,"6C1DEBA09A43","",172409

+UUDF:6C1DEBA5F777,-50,15,10,0,39,"6C1DEBA09A43","",172509

+UUDF:6C1DEBA5F777,-63,-16,-38,0,37,"6C1DEBA09A43","",172917

+UUDF:6C1DEBA5F777,-50,-16,-38,0,39,"6C1DEBA09A43","",173224

+UUDF:6C1DEBA5F777,-50,16,10,0,39,"6C1DEBA09A43","",173435

+UUDF:6C1DEBA5F777,-50,16,10,0,39,"6C1DEBA09A43","",173538

+UUDF:6C1DEBA5F777,-50,16,10,0,39,"6C1DEBA09A43","",173746

+UUDF:6C1DEBA5F777,-50,15,10,0,39,"6C1DEBA09A43","",173957

+UUDF:6C1DEBA5F777,-63,15,10,0,37,"6C1DEBA09A43","",174056

+UUDF:6C1DEBA5F777,-50,15,10,0,39,"6C1DEBA09A43","",174166

+UUDF:6C1DEBA5F777,-50,15,10,0,39,"6C1DEBA09A43","",174381

+UUDF:6C1DEBA5F777,-50,15,10,0,39,"6C1DEBA09A43","",174485

+UUDF:6C1DEBA5F777,-50,15,10,0,39,"6C1DEBA09A43","",174594

+UUDF:6C1DEBA5F777,-60,15,9,0,37,"6C1DEBA09A43","",174693

+UUDF:6C1DEBA5F777,-63,15,9,0,37,"6C1DEBA09A43","",175009

+UUDF:6C1DEBA5F777,-50,15,10,0,39,"6C1DEBA09A43","",175118

+UUDF:6C1DEBA5F777,-61,-17,-38,0,37,"6C1DEBA09A43","",175220

+UUDF:6C1DEBA5F777,-50,-17,-38,0,39,"6C1DEBA09A43","",175324

+UUDF:6C1DEBA5F777,-50,-17,-38,0,39,"6C1DEBA09A43","",175535

+UUDF:6C1DEBA5F777,-63,-17,-38,0,37,"6C1DEBA09A43","",175640

+UUDF:6C1DEBA5F777,-50,15,10,0,39,"6C1DEBA09A43","",175742

+UUDF:6C1DEBA5F777,-63,-17,-38,0,37,"6C1DEBA09A43","",175843

+UUDF:6C1DEBA5F777,-50,15,9,0,39,"6C1DEBA09A43","",175946

+UUDF:6C1DEBA5F777,-50,15,9,0,39,"6C1DEBA09A43","",176055

+UUDF:6C1DEBA5F777,-62,-17,-40,0,37,"6C1DEBA09A43","",176160

+UUDF:6C1DEBA5F777,-64,-17,-40,0,37,"6C1DEBA09A43","",176269

+UUDF:6C1DEBA5F777,-50,-17,-40,0,39,"6C1DEBA09A43","",176376

+UUDF:6C1DEBA5F777,-63,-14,-40,0,37,"6C1DEBA09A43","",176481

+UUDF:6C1DEBA5F777,-63,-14,-40,0,37,"6C1DEBA09A43","",176587

+UUDF:6C1DEBA5F777,-63,-17,-40,0,37,"6C1DEBA09A43","",176688

+UUDF:6C1DEBA5F777,-63,-17,-40,0,37,"6C1DEBA09A43","",176795

+UUDF:6C1DEBA5F777,-62,-17,-40,0,37,"6C1DEBA09A43","",176899

+UUDF:6C1DEBA5F777,-64,-17,-41,0,37,"6C1DEBA09A43","",177004

+UUDF:6C1DEBA5F777,-50,-17,-41,0,39,"6C1DEBA09A43","",177213

+UUDF:6C1DEBA5F777,-50,-17,-41,0,39,"6C1DEBA09A43","",177421

+UUDF:6C1DEBA5F777,-62,-17,-41,0,37,"6C1DEBA09A43","",177631

+UUDF:6C1DEBA5F777,-63,-17,-41,0,37,"6C1DEBA09A43","",177837

+UUDF:6C1DEBA5F777,-65,-17,-41,0,37,"6C1DEBA09A43","",177943

+UUDF:6C1DEBA5F777,-63,-17,-41,0,37,"6C1DEBA09A43","",178256

+UUDF:6C1DEBA5F777,-50,-17,-41,0,39,"6C1DEBA09A43","",178362

+UUDF:6C1DEBA5F777,-50,-17,-41,0,39,"6C1DEBA09A43","",178462

+UUDF:6C1DEBA5F777,-50,-16,-41,0,39,"6C1DEBA09A43","",178563

+UUDF:6C1DEBA5F777,-50,14,10,0,39,"6C1DEBA09A43","",178666

+UUDF:6C1DEBA5F777,-63,14,10,0,37,"6C1DEBA09A43","",178774

+UUDF:6C1DEBA5F777,-62,14,10,0,37,"6C1DEBA09A43","",178987

+UUDF:6C1DEBA5F777,-50,14,10,0,39,"6C1DEBA09A43","",179095

+UUDF:6C1DEBA5F777,-50,15,9,0,39,"6C1DEBA09A43","",179204

+UUDF:6C1DEBA5F777,-63,-16,-39,0,37,"6C1DEBA09A43","",179307

+UUDF:6C1DEBA5F777,-50,-16,-39,0,39,"6C1DEBA09A43","",179413

+UUDF:6C1DEBA5F777,-50,15,9,0,39,"6C1DEBA09A43","",179522

+UUDF:6C1DEBA5F777,-63,15,9,0,37,"6C1DEBA09A43","",179630

+UUDF:6C1DEBA5F777,-63,-17,-39,0,37,"6C1DEBA09A43","",179736

+UUDF:6C1DEBA5F777,-50,-17,-39,0,39,"6C1DEBA09A43","",179845

+UUDF:6C1DEBA5F777,-60,-17,-40,0,37,"6C1DEBA09A43","",180265

+UUDF:6C1DEBA5F777,-63,-17,-40,0,37,"6C1DEBA09A43","",180370

+UUDF:6C1DEBA5F777,-62,-17,-40,0,37,"6C1DEBA09A43","",180471

+UUDF:6C1DEBA5F777,-50,-17,-40,0,39,"6C1DEBA09A43","",180578

+UUDF:6C1DEBA5F777,-50,-16,-39,0,39,"6C1DEBA09A43","",180681

+UUDF:6C1DEBA5F777,-50,14,9,0,39,"6C1DEBA09A43","",180990

+UUDF:6C1DEBA5F777,-63,-16,-39,0,37,"6C1DEBA09A43","",181203

+UUDF:6C1DEBA5F777,-62,-16,-39,0,37,"6C1DEBA09A43","",181307

+UUDF:6C1DEBA5F777,-50,14,9,0,39,"6C1DEBA09A43","",181518

+UUDF:6C1DEBA5F777,-50,15,9,0,39,"6C1DEBA09A43","",181619

+UUDF:6C1DEBA5F777,-62,14,9,0,37,"6C1DEBA09A43","",181820

+UUDF:6C1DEBA5F777,-63,-16,-41,0,37,"6C1DEBA09A43","",182142

+UUDF:6C1DEBA5F777,-63,-16,-41,0,37,"6C1DEBA09A43","",182250

+UUDF:6C1DEBA5F777,-62,-16,-41,0,37,"6C1DEBA09A43","",182554

+UUDF:6C1DEBA5F777,-50,-16,-39,0,39,"6C1DEBA09A43","",182656

+UUDF:6C1DEBA5F777,-50,-16,-39,0,39,"6C1DEBA09A43","",182759

+UUDF:6C1DEBA5F777,-50,-16,-39,0,39,"6C1DEBA09A43","",183070

+UUDF:6C1DEBA5F777,-62,-16,-39,0,37,"6C1DEBA09A43","",183169

+UUDF:6C1DEBA5F777,-50,15,9,0,39,"6C1DEBA09A43","",183491

+UUDF:6C1DEBA5F777,-63,15,9,0,37,"6C1DEBA09A43","",183599

+UUDF:6C1DEBA5F777,-63,15,9,0,37,"6C1DEBA09A43","",183810

+UUDF:6C1DEBA5F777,-62,-16,-39,0,37,"6C1DEBA09A43","",184017

+UUDF:6C1DEBA5F777,-50,-16,-39,0,39,"6C1DEBA09A43","",184120

+UUDF:6C1DEBA5F777,-50,-16,-39,0,39,"6C1DEBA09A43","",184221

+UUDF:6C1DEBA5F777,-63,-16,-39,0,37,"6C1DEBA09A43","",184321

+UUDF:6C1DEBA5F777,-50,-16,-39,0,39,"6C1DEBA09A43","",184429

+UUDF:6C1DEBA5F777,-50,14,10,0,39,"6C1DEBA09A43","",184638

+UUDF:6C1DEBA5F777,-50,15,11,0,39,"6C1DEBA09A43","",184746

+UUDF:6C1DEBA5F777,-61,15,11,0,37,"6C1DEBA09A43","",184850

+UUDF:6C1DEBA5F777,-50,15,11,0,39,"6C1DEBA09A43","",185054

+UUDF:6C1DEBA5F777,-50,15,11,0,39,"6C1DEBA09A43","",185160

+UUDF:6C1DEBA5F777,-50,15,11,0,39,"6C1DEBA09A43","",185262

+UUDF:6C1DEBA5F777,-63,15,10,0,37,"6C1DEBA09A43","",185363

+UUDF:6C1DEBA5F777,-50,15,10,0,39,"6C1DEBA09A43","",185472

+UUDF:6C1DEBA5F777,-50,15,10,0,39,"6C1DEBA09A43","",185684

+UUDF:6C1DEBA5F777,-63,15,10,0,37,"6C1DEBA09A43","",185891

+UUDF:6C1DEBA5F777,-50,15,10,0,39,"6C1DEBA09A43","",185995

+UUDF:6C1DEBA5F777,-50,15,10,0,39,"6C1DEBA09A43","",186095

+UUDF:6C1DEBA5F777,-50,15,10,0,39,"6C1DEBA09A43","",186196

+UUDF:6C1DEBA5F777,-50,16,9,0,39,"6C1DEBA09A43","",186297

+UUDF:6C1DEBA5F777,-63,15,9,0,37,"6C1DEBA09A43","",186404

+UUDF:6C1DEBA5F777,-50,16,9,0,39,"6C1DEBA09A43","",186509

+UUDF:6C1DEBA5F777,-62,16,8,0,37,"6C1DEBA09A43","",186613

+UUDF:6C1DEBA5F777,-50,16,8,0,39,"6C1DEBA09A43","",186819

+UUDF:6C1DEBA5F777,-63,-16,-41,0,37,"6C1DEBA09A43","",187127

+UUDF:6C1DEBA5F777,-50,-16,-41,0,39,"6C1DEBA09A43","",187234

+UUDF:6C1DEBA5F777,-62,-16,-41,0,37,"6C1DEBA09A43","",187449

+UUDF:6C1DEBA5F777,-50,-16,-41,0,39,"6C1DEBA09A43","",187658

+UUDF:6C1DEBA5F777,-50,15,9,0,39,"6C1DEBA09A43","",187764

+UUDF:6C1DEBA5F777,-63,-17,-41,0,37,"6C1DEBA09A43","",187865

+UUDF:6C1DEBA5F777,-50,15,9,0,39,"6C1DEBA09A43","",188083

+UUDF:6C1DEBA5F777,-64,-17,-40,0,37,"6C1DEBA09A43","",188295

+UUDF:6C1DEBA5F777,-63,-17,-40,0,37,"6C1DEBA09A43","",188606

+UUDF:6C1DEBA5F777,-59,-17,-41,0,37,"6C1DEBA09A43","",188707

+UUDF:6C1DEBA5F777,-63,-17,-41,0,37,"6C1DEBA09A43","",188811

+UUDF:6C1DEBA5F777,-62,-18,-41,0,37,"6C1DEBA09A43","",188916

+UUDF:6C1DEBA5F777,-62,-18,-43,0,37,"6C1DEBA09A43","",189123

+UUDF:6C1DEBA5F777,-50,-18,-43,0,39,"6C1DEBA09A43","",189229

+UUDF:6C1DEBA5F777,-50,-17,-41,0,39,"6C1DEBA09A43","",189440

+UUDF:6C1DEBA5F777,-50,-17,-41,0,39,"6C1DEBA09A43","",189651

+UUDF:6C1DEBA5F777,-62,-18,-40,0,37,"6C1DEBA09A43","",189865

+UUDF:6C1DEBA5F777,-50,15,10,0,39,"6C1DEBA09A43","",190079

+UUDF:6C1DEBA5F777,-50,15,10,0,39,"6C1DEBA09A43","",190189

+UUDF:6C1DEBA5F777,-50,15,10,0,39,"6C1DEBA09A43","",190296

+UUDF:6C1DEBA5F777,-62,15,10,0,37,"6C1DEBA09A43","",190503

+UUDF:6C1DEBA5F777,-64,-17,-40,0,37,"6C1DEBA09A43","",190715

+UUDF:6C1DEBA5F777,-63,-17,-40,0,37,"6C1DEBA09A43","",190824

+UUDF:6C1DEBA5F777,-50,-17,-40,0,39,"6C1DEBA09A43","",190927

+UUDF:6C1DEBA5F777,-63,-17,-40,0,37,"6C1DEBA09A43","",191030

+UUDF:6C1DEBA5F777,-59,-17,-40,0,37,"6C1DEBA09A43","",191133

+UUDF:6C1DEBA5F777,-50,-17,-40,0,39,"6C1DEBA09A43","",191346

+UUDF:6C1DEBA5F777,-63,-17,-40,0,37,"6C1DEBA09A43","",191561

+UUDF:6C1DEBA5F777,-63,-17,-41,0,37,"6C1DEBA09A43","",191662

+UUDF:6C1DEBA5F777,-62,-17,-41,0,37,"6C1DEBA09A43","",191873

+UUDF:6C1DEBA5F777,-50,-16,-40,0,39,"6C1DEBA09A43","",192085

+UUDF:6C1DEBA5F777,-63,-16,-40,0,37,"6C1DEBA09A43","",192288

+UUDF:6C1DEBA5F777,-50,-16,-40,0,39,"6C1DEBA09A43","",192393

+UUDF:6C1DEBA5F777,-62,-16,-40,0,37,"6C1DEBA09A43","",192500

+UUDF:6C1DEBA5F777,-63,-16,-40,0,37,"6C1DEBA09A43","",192604

+UUDF:6C1DEBA5F777,-63,-17,-40,0,37,"6C1DEBA09A43","",192818

+UUDF:6C1DEBA5F777,-63,-17,-40,0,37,"6C1DEBA09A43","",193133

+UUDF:6C1DEBA5F777,-50,-17,-40,0,39,"6C1DEBA09A43","",193559

+UUDF:6C1DEBA5F777,-50,-17,-40,0,39,"6C1DEBA09A43","",193769

+UUDF:6C1DEBA5F777,-50,-17,-40,0,39,"6C1DEBA09A43","",193869

+UUDF:6C1DEBA5F777,-63,-16,-39,0,37,"6C1DEBA09A43","",194182

+UUDF:6C1DEBA5F777,-62,-16,-37,0,37,"6C1DEBA09A43","",194391

+UUDF:6C1DEBA5F777,-63,-16,-37,0,37,"6C1DEBA09A43","",194496

+UUDF:6C1DEBA5F777,-63,-16,-39,0,37,"6C1DEBA09A43","",194605

+UUDF:6C1DEBA5F777,-50,-16,-39,0,39,"6C1DEBA09A43","",194928

+UUDF:6C1DEBA5F777,-63,-17,-42,0,37,"6C1DEBA09A43","",195133

+UUDF:6C1DEBA5F777,-50,-17,-42,0,39,"6C1DEBA09A43","",195346

+UUDF:6C1DEBA5F777,-62,-16,-40,0,37,"6C1DEBA09A43","",195446

+UUDF:6C1DEBA5F777,-63,-16,-37,0,37,"6C1DEBA09A43","",195549

+UUDF:6C1DEBA5F777,-50,-16,-37,0,39,"6C1DEBA09A43","",195658

+UUDF:6C1DEBA5F777,-63,-16,-37,0,37,"6C1DEBA09A43","",195760

+UUDF:6C1DEBA5F777,-63,-16,-40,0,37,"6C1DEBA09A43","",196183

+UUDF:6C1DEBA5F777,-63,-16,-40,0,37,"6C1DEBA09A43","",196395

+UUDF:6C1DEBA5F777,-50,-16,-40,0,39,"6C1DEBA09A43","",196505

+UUDF:6C1DEBA5F777,-62,-17,-41,0,37,"6C1DEBA09A43","",196610

+UUDF:6C1DEBA5F777,-50,-16,-40,0,39,"6C1DEBA09A43","",196716

+UUDF:6C1DEBA5F777,-50,16,9,0,39,"6C1DEBA09A43","",197028

+UUDF:6C1DEBA5F777,-50,16,9,0,39,"6C1DEBA09A43","",197130

+UUDF:6C1DEBA5F777,-50,15,9,0,39,"6C1DEBA09A43","",197339

+UUDF:6C1DEBA5F777,-63,15,9,0,37,"6C1DEBA09A43","",197546

+UUDF:6C1DEBA5F777,-50,15,9,0,39,"6C1DEBA09A43","",197856

+UUDF:6C1DEBA5F777,-62,15,9,0,37,"6C1DEBA09A43","",197963

+UUDF:6C1DEBA5F777,-63,-16,-39,0,37,"6C1DEBA09A43","",198070

+UUDF:6C1DEBA5F777,-50,-16,-39,0,39,"6C1DEBA09A43","",198177

+UUDF:6C1DEBA5F777,-62,-16,-39,0,37,"6C1DEBA09A43","",198281

+UUDF:6C1DEBA5F777,-62,-16,-39,0,37,"6C1DEBA09A43","",198387

+UUDF:6C1DEBA5F777,-50,-16,-39,0,39,"6C1DEBA09A43","",198592

+UUDF:6C1DEBA5F777,-50,14,10,0,39,"6C1DEBA09A43","",198702

+UUDF:6C1DEBA5F777,-63,-16,-39,0,37,"6C1DEBA09A43","",198810

+UUDF:6C1DEBA5F777,-63,-16,-41,0,37,"6C1DEBA09A43","",199133

+UUDF:6C1DEBA5F777,-63,-17,-39,0,37,"6C1DEBA09A43","",199238

+UUDF:6C1DEBA5F777,-50,-17,-39,0,39,"6C1DEBA09A43","",199342

+UUDF:6C1DEBA5F777,-59,-17,-41,0,37,"6C1DEBA09A43","",199451

+UUDF:6C1DEBA5F777,-50,-16,-39,0,39,"6C1DEBA09A43","",199559

+UUDF:6C1DEBA5F777,-50,16,10,0,39,"6C1DEBA09A43","",199668

+UUDF:6C1DEBA5F777,-50,16,10,0,39,"6C1DEBA09A43","",199875

+UUDF:6C1DEBA5F777,-50,16,10,0,39,"6C1DEBA09A43","",199984

+UUDF:6C1DEBA5F777,-64,16,10,0,37,"6C1DEBA09A43","",200201

+UUDF:6C1DEBA5F777,-62,15,10,0,37,"6C1DEBA09A43","",200306

+UUDF:6C1DEBA5F777,-62,-17,-42,0,37,"6C1DEBA09A43","",200410

+UUDF:6C1DEBA5F777,-59,-17,-42,0,37,"6C1DEBA09A43","",200515

+UUDF:6C1DEBA5F777,-50,-17,-42,0,39,"6C1DEBA09A43","",200620

+UUDF:6C1DEBA5F777,-50,-16,-40,0,39,"6C1DEBA09A43","",200726

+UUDF:6C1DEBA5F777,-50,-16,-40,0,39,"6C1DEBA09A43","",201139

+UUDF:6C1DEBA5F777,-63,-16,-39,0,37,"6C1DEBA09A43","",201241

+UUDF:6C1DEBA5F777,-63,-16,-39,0,37,"6C1DEBA09A43","",201457

+UUDF:6C1DEBA5F777,-50,16,9,0,39,"6C1DEBA09A43","",201561

+UUDF:6C1DEBA5F777,-50,16,9,0,39,"6C1DEBA09A43","",201665

+UUDF:6C1DEBA5F777,-50,16,11,0,39,"6C1DEBA09A43","",201772

+UUDF:6C1DEBA5F777,-63,-16,-39,0,37,"6C1DEBA09A43","",201976

+UUDF:6C1DEBA5F777,-63,-16,-41,0,37,"6C1DEBA09A43","",202082

+UUDF:6C1DEBA5F777,-50,15,9,0,39,"6C1DEBA09A43","",202402

+UUDF:6C1DEBA5F777,-50,15,9,0,39,"6C1DEBA09A43","",202613

+UUDF:6C1DEBA5F777,-65,-17,-40,0,37,"6C1DEBA09A43","",202716

+UUDF:6C1DEBA5F777,-62,-17,-41,0,37,"6C1DEBA09A43","",202819

+UUDF:6C1DEBA5F777,-62,-17,-41,0,37,"6C1DEBA09A43","",203136

+UUDF:6C1DEBA5F777,-62,-17,-40,0,37,"6C1DEBA09A43","",203337

+UUDF:6C1DEBA5F777,-50,-17,-40,0,39,"6C1DEBA09A43","",203550

+UUDF:6C1DEBA5F777,-63,-17,-41,0,37,"6C1DEBA09A43","",203658

+UUDF:6C1DEBA5F777,-63,-18,-41,0,37,"6C1DEBA09A43","",203764

+UUDF:6C1DEBA5F777,-50,-17,-39,0,39,"6C1DEBA09A43","",203872

+UUDF:6C1DEBA5F777,-63,-18,-39,0,37,"6C1DEBA09A43","",204401

+UUDF:6C1DEBA5F777,-63,-18,-40,0,37,"6C1DEBA09A43","",204503

+UUDF:6C1DEBA5F777,-50,-18,-40,0,39,"6C1DEBA09A43","",204607

+UUDF:6C1DEBA5F777,-50,-18,-39,0,39,"6C1DEBA09A43","",204708

+UUDF:6C1DEBA5F777,-62,-16,-40,0,37,"6C1DEBA09A43","",204808

+UUDF:6C1DEBA5F777,-62,-17,-41,0,37,"6C1DEBA09A43","",204914

+UUDF:6C1DEBA5F777,-50,-16,-40,0,39,"6C1DEBA09A43","",205022

+UUDF:6C1DEBA5F777,-50,14,9,0,39,"6C1DEBA09A43","",205236

+UUDF:6C1DEBA5F777,-50,14,9,0,39,"6C1DEBA09A43","",205343

+UUDF:6C1DEBA5F777,-50,14,9,0,39,"6C1DEBA09A43","",205453

+UUDF:6C1DEBA5F777,-62,14,9,0,37,"6C1DEBA09A43","",205555

+UUDF:6C1DEBA5F777,-62,14,9,0,37,"6C1DEBA09A43","",205660

+UUDF:6C1DEBA5F777,-50,15,9,0,39,"6C1DEBA09A43","",205871

+UUDF:6C1DEBA5F777,-62,-17,-39,0,37,"6C1DEBA09A43","",206292

+UUDF:6C1DEBA5F777,-62,-17,-41,0,37,"6C1DEBA09A43","",206396

+UUDF:6C1DEBA5F777,-50,-17,-41,0,39,"6C1DEBA09A43","",206502

+UUDF:6C1DEBA5F777,-63,-17,-41,0,37,"6C1DEBA09A43","",206602

+UUDF:6C1DEBA5F777,-63,-17,-41,0,37,"6C1DEBA09A43","",206703

+UUDF:6C1DEBA5F777,-50,-17,-41,0,39,"6C1DEBA09A43","",206905

+UUDF:6C1DEBA5F777,-50,-17,-41,0,39,"6C1DEBA09A43","",207120

+UUDF:6C1DEBA5F777,-50,15,10,0,39,"6C1DEBA09A43","",207227

+UUDF:6C1DEBA5F777,-50,15,10,0,39,"6C1DEBA09A43","",207336

+UUDF:6C1DEBA5F777,-50,15,11,0,39,"6C1DEBA09A43","",207443

+UUDF:6C1DEBA5F777,-63,15,11,0,37,"6C1DEBA09A43","",207543

+UUDF:6C1DEBA5F777,-50,15,11,0,39,"6C1DEBA09A43","",207651

+UUDF:6C1DEBA5F777,-62,14,9,0,37,"6C1DEBA09A43","",207758

+UUDF:6C1DEBA5F777,-50,14,9,0,39,"6C1DEBA09A43","",207865

+UUDF:6C1DEBA5F777,-62,-17,-39,0,37,"6C1DEBA09A43","",207967

+UUDF:6C1DEBA5F777,-50,-17,-39,0,39,"6C1DEBA09A43","",208069

+UUDF:6C1DEBA5F777,-62,-17,-39,0,37,"6C1DEBA09A43","",208276

+UUDF:6C1DEBA5F777,-50,-17,-39,0,39,"6C1DEBA09A43","",208480

+UUDF:6C1DEBA5F777,-63,-17,-40,0,37,"6C1DEBA09A43","",208583

+UUDF:6C1DEBA5F777,-62,-17,-41,0,37,"6C1DEBA09A43","",208794

+UUDF:6C1DEBA5F777,-63,-17,-41,0,37,"6C1DEBA09A43","",208902

+UUDF:6C1DEBA5F777,-63,-18,-41,0,37,"6C1DEBA09A43","",209104

+UUDF:6C1DEBA5F777,-63,-18,-41,0,37,"6C1DEBA09A43","",209210

+UUDF:6C1DEBA5F777,-50,-18,-41,0,39,"6C1DEBA09A43","",209318

+UUDF:6C1DEBA5F777,-62,-18,-41,0,37,"6C1DEBA09A43","",209424

+UUDF:6C1DEBA5F777,-50,-17,-41,0,39,"6C1DEBA09A43","",209631

+UUDF:6C1DEBA5F777,-63,-17,-42,0,37,"6C1DEBA09A43","",209736

+UUDF:6C1DEBA5F777,-50,-16,-41,0,39,"6C1DEBA09A43","",209841

+UUDF:6C1DEBA5F777,-50,14,8,0,39,"6C1DEBA09A43","",210049

+UUDF:6C1DEBA5F777,-52,14,10,0,39,"6C1DEBA09A43","",210366

+UUDF:6C1DEBA5F777,-62,14,10,0,37,"6C1DEBA09A43","",210682

+UUDF:6C1DEBA5F777,-50,14,9,0,39,"6C1DEBA09A43","",210784

+UUDF:6C1DEBA5F777,-50,15,9,0,39,"6C1DEBA09A43","",210887

+UUDF:6C1DEBA5F777,-63,15,9,0,37,"6C1DEBA09A43","",210991

+UUDF:6C1DEBA5F777,-63,-17,-40,0,37,"6C1DEBA09A43","",211099

+UUDF:6C1DEBA5F777,-50,-17,-40,0,39,"6C1DEBA09A43","",211205

+UUDF:6C1DEBA5F777,-63,-16,-40,0,37,"6C1DEBA09A43","",211304

+UUDF:6C1DEBA5F777,-50,-16,-40,0,39,"6C1DEBA09A43","",211414

+UUDF:6C1DEBA5F777,-63,-16,-40,0,37,"6C1DEBA09A43","",211625

+UUDF:6C1DEBA5F777,-50,-16,-40,0,39,"6C1DEBA09A43","",211837

+UUDF:6C1DEBA5F777,-62,-16,-40,0,37,"6C1DEBA09A43","",212047

+UUDF:6C1DEBA5F777,-63,-16,-41,0,37,"6C1DEBA09A43","",212155

+UUDF:6C1DEBA5F777,-63,-16,-41,0,37,"6C1DEBA09A43","",212572

+UUDF:6C1DEBA5F777,-50,-16,-41,0,39,"6C1DEBA09A43","",212676

+UUDF:6C1DEBA5F777,-50,-16,-41,0,39,"6C1DEBA09A43","",212884

+UUDF:6C1DEBA5F777,-63,-17,-41,0,37,"6C1DEBA09A43","",212990

+UUDF:6C1DEBA5F777,-49,-16,-41,0,39,"6C1DEBA09A43","",213097

+UUDF:6C1DEBA5F777,-50,16,10,0,39,"6C1DEBA09A43","",213313

+UUDF:6C1DEBA5F777,-50,16,10,0,39,"6C1DEBA09A43","",213417

+UUDF:6C1DEBA5F777,-62,15,10,0,37,"6C1DEBA09A43","",213524

+UUDF:6C1DEBA5F777,-62,-17,-39,0,37,"6C1DEBA09A43","",213938

+UUDF:6C1DEBA5F777,-62,-16,-39,0,37,"6C1DEBA09A43","",214255

+UUDF:6C1DEBA5F777,-50,-16,-39,0,39,"6C1DEBA09A43","",214358

+UUDF:6C1DEBA5F777,-63,-17,-39,0,37,"6C1DEBA09A43","",214670

+UUDF:6C1DEBA5F777,-50,-17,-39,0,39,"6C1DEBA09A43","",214780

+UUDF:6C1DEBA5F777,-62,-16,-39,0,37,"6C1DEBA09A43","",214987

+UUDF:6C1DEBA5F777,-62,-16,-39,0,37,"6C1DEBA09A43","",215095

+UUDF:6C1DEBA5F777,-50,14,8,0,39,"6C1DEBA09A43","",215522

+UUDF:6C1DEBA5F777,-50,14,8,0,39,"6C1DEBA09A43","",215630

+UUDF:6C1DEBA5F777,-50,14,8,0,39,"6C1DEBA09A43","",215738

+UUDF:6C1DEBA5F777,-63,14,8,0,37,"6C1DEBA09A43","",215845

+UUDF:6C1DEBA5F777,-50,15,9,0,39,"6C1DEBA09A43","",216063

+UUDF:6C1DEBA5F777,-63,14,9,0,37,"6C1DEBA09A43","",216164

+UUDF:6C1DEBA5F777,-50,14,9,0,39,"6C1DEBA09A43","",216275

+UUDF:6C1DEBA5F777,-63,-16,-39,0,37,"6C1DEBA09A43","",216377

+UUDF:6C1DEBA5F777,-50,13,9,0,39,"6C1DEBA09A43","",216588

+UUDF:6C1DEBA5F777,-63,-17,-39,0,37,"6C1DEBA09A43","",216692

+UUDF:6C1DEBA5F777,-62,-17,-40,0,37,"6C1DEBA09A43","",216802

+UUDF:6C1DEBA5F777,-50,-17,-40,0,39,"6C1DEBA09A43","",216904

+UUDF:6C1DEBA5F777,-50,13,9,0,39,"6C1DEBA09A43","",217012

+UUDF:6C1DEBA5F777,-62,-17,-40,0,37,"6C1DEBA09A43","",217113

+UUDF:6C1DEBA5F777,-50,14,9,0,39,"6C1DEBA09A43","",217222

+UUDF:6C1DEBA5F777,-50,15,10,0,39,"6C1DEBA09A43","",217330

+UUDF:6C1DEBA5F777,-50,16,11,0,39,"6C1DEBA09A43","",217538

+UUDF:6C1DEBA5F777,-63,14,10,0,37,"6C1DEBA09A43","",217748

+UUDF:6C1DEBA5F777,-50,16,10,0,39,"6C1DEBA09A43","",217855

+UUDF:6C1DEBA5F777,-62,16,10,0,37,"6C1DEBA09A43","",217956

+UUDF:6C1DEBA5F777,-63,-17,-40,0,37,"6C1DEBA09A43","",218065

+UUDF:6C1DEBA5F777,-63,-17,-40,0,37,"6C1DEBA09A43","",218172

+UUDF:6C1DEBA5F777,-63,-17,-41,0,37,"6C1DEBA09A43","",218484

+UUDF:6C1DEBA5F777,-50,-17,-41,0,39,"6C1DEBA09A43","",218586

+UUDF:6C1DEBA5F777,-63,-17,-40,0,37,"6C1DEBA09A43","",218690

+UUDF:6C1DEBA5F777,-62,-17,-40,0,37,"6C1DEBA09A43","",218798

+UUDF:6C1DEBA5F777,-63,-17,-41,0,37,"6C1DEBA09A43","",219009

+UUDF:6C1DEBA5F777,-50,-17,-40,0,39,"6C1DEBA09A43","",219119

+UUDF:6C1DEBA5F777,-50,-17,-40,0,39,"6C1DEBA09A43","",219332

+UUDF:6C1DEBA5F777,-50,15,9,0,39,"6C1DEBA09A43","",219538

+UUDF:6C1DEBA5F777,-63,15,9,0,37,"6C1DEBA09A43","",219746

+UUDF:6C1DEBA5F777,-50,15,10,0,39,"6C1DEBA09A43","",219852

+UUDF:6C1DEBA5F777,-62,15,10,0,37,"6C1DEBA09A43","",220168

+UUDF:6C1DEBA5F777,-50,15,10,0,39,"6C1DEBA09A43","",220270

+UUDF:6C1DEBA5F777,-50,15,10,0,39,"6C1DEBA09A43","",220376

+UUDF:6C1DEBA5F777,-63,15,10,0,37,"6C1DEBA09A43","",220485

+UUDF:6C1DEBA5F777,-63,-16,-41,0,37,"6C1DEBA09A43","",220590

+UUDF:6C1DEBA5F777,-62,-17,-42,0,37,"6C1DEBA09A43","",220808

+UUDF:6C1DEBA5F777,-50,-16,-41,0,39,"6C1DEBA09A43","",221020

+UUDF:6C1DEBA5F777,-50,15,10,0,39,"6C1DEBA09A43","",221129

+UUDF:6C1DEBA5F777,-50,15,9,0,39,"6C1DEBA09A43","",221541

+UUDF:6C1DEBA5F777,-63,-16,-40,0,37,"6C1DEBA09A43","",221865

+UUDF:6C1DEBA5F777,-62,-16,-39,0,37,"6C1DEBA09A43","",221969

+UUDF:6C1DEBA5F777,-50,15,9,0,39,"6C1DEBA09A43","",222080

+UUDF:6C1DEBA5F777,-50,16,9,0,39,"6C1DEBA09A43","",222183

+UUDF:6C1DEBA5F777,-50,16,9,0,39,"6C1DEBA09A43","",222394

+UUDF:6C1DEBA5F777,-50,16,9,0,39,"6C1DEBA09A43","",222706

+UUDF:6C1DEBA5F777,-63,15,9,0,37,"6C1DEBA09A43","",222812

+UUDF:6C1DEBA5F777,-63,15,9,0,37,"6C1DEBA09A43","",222919

+UUDF:6C1DEBA5F777,-62,15,9,0,37,"6C1DEBA09A43","",223123

+UUDF:6C1DEBA5F777,-50,15,10,0,39,"6C1DEBA09A43","",223234

+UUDF:6C1DEBA5F777,-50,14,9,0,39,"6C1DEBA09A43","",223343

+UUDF:6C1DEBA5F777,-63,-17,-41,0,37,"6C1DEBA09A43","",223451

+UUDF:6C1DEBA5F777,-50,-17,-41,0,39,"6C1DEBA09A43","",223655

+UUDF:6C1DEBA5F777,-63,-17,-41,0,37,"6C1DEBA09A43","",223762

+UUDF:6C1DEBA5F777,-62,-16,-43,0,37,"6C1DEBA09A43","",223969

+UUDF:6C1DEBA5F777,-50,14,9,0,39,"6C1DEBA09A43","",224294

+UUDF:6C1DEBA5F777,-62,-16,-41,0,37,"6C1DEBA09A43","",224394

+UUDF:6C1DEBA5F777,-50,-16,-41,0,39,"6C1DEBA09A43","",224601

+UUDF:6C1DEBA5F777,-62,-16,-41,0,37,"6C1DEBA09A43","",224703

+UUDF:6C1DEBA5F777,-50,-16,-41,0,39,"6C1DEBA09A43","",224812

+UUDF:6C1DEBA5F777,-50,13,10,0,39,"6C1DEBA09A43","",225029

+UUDF:6C1DEBA5F777,-50,15,10,0,39,"6C1DEBA09A43","",225134

+UUDF:6C1DEBA5F777,-63,13,9,0,37,"6C1DEBA09A43","",225240

+UUDF:6C1DEBA5F777,-50,13,10,0,39,"6C1DEBA09A43","",225345

+UUDF:6C1DEBA5F777,-62,13,9,0,37,"6C1DEBA09A43","",225654

+UUDF:6C1DEBA5F777,-50,13,9,0,39,"6C1DEBA09A43","",225760

+UUDF:6C1DEBA5F777,-63,-15,-40,0,37,"6C1DEBA09A43","",226178

+UUDF:6C1DEBA5F777,-62,-16,-40,0,37,"6C1DEBA09A43","",226597

+UUDF:6C1DEBA5F777,-50,-16,-40,0,39,"6C1DEBA09A43","",226701

+UUDF:6C1DEBA5F777,-50,-16,-40,0,39,"6C1DEBA09A43","",226903

+UUDF:6C1DEBA5F777,-50,15,8,0,39,"6C1DEBA09A43","",227008

+UUDF:6C1DEBA5F777,-50,16,8,0,39,"6C1DEBA09A43","",227225

+UUDF:6C1DEBA5F777,-50,16,10,0,39,"6C1DEBA09A43","",227437

+UUDF:6C1DEBA5F777,-63,16,10,0,37,"6C1DEBA09A43","",227538

+UUDF:6C1DEBA5F777,-50,16,10,0,39,"6C1DEBA09A43","",227750

+UUDF:6C1DEBA5F777,-48,16,8,0,39,"6C1DEBA09A43","",227853

+UUDF:6C1DEBA5F777,-48,16,8,0,39,"6C1DEBA09A43","",227959

+UUDF:6C1DEBA5F777,-51,16,7,0,39,"6C1DEBA09A43","",228282

+UUDF:6C1DEBA5F777,-50,18,7,0,39,"6C1DEBA09A43","",228392

+UUDF:6C1DEBA5F777,-64,18,7,0,37,"6C1DEBA09A43","",228594

+UUDF:6C1DEBA5F777,-50,18,8,0,39,"6C1DEBA09A43","",228701

+UUDF:6C1DEBA5F777,-62,17,7,0,38,"6C1DEBA09A43","",228905

+UUDF:6C1DEBA5F777,-50,17,7,0,39,"6C1DEBA09A43","",229115

+UUDF:6C1DEBA5F777,-50,17,8,0,39,"6C1DEBA09A43","",229224

+UUDF:6C1DEBA5F777,-63,-13,5,0,37,"6C1DEBA09A43","",229327

+UUDF:6C1DEBA5F777,-58,-15,5,0,37,"6C1DEBA09A43","",229431

+UUDF:6C1DEBA5F777,-51,-15,5,0,39,"6C1DEBA09A43","",229539

+UUDF:6C1DEBA5F777,-47,13,8,0,39,"6C1DEBA09A43","",229649

+UUDF:6C1DEBA5F777,-60,-13,-35,0,37,"6C1DEBA09A43","",229751

+UUDF:6C1DEBA5F777,-61,-19,-35,0,38,"6C1DEBA09A43","",229855

+UUDF:6C1DEBA5F777,-52,-13,4,0,39,"6C1DEBA09A43","",229958

+UUDF:6C1DEBA5F777,-63,-13,4,0,37,"6C1DEBA09A43","",230067

+UUDF:6C1DEBA5F777,-63,-13,-38,0,37,"6C1DEBA09A43","",230174

+UUDF:6C1DEBA5F777,-62,-14,-38,0,38,"6C1DEBA09A43","",230284

+UUDF:6C1DEBA5F777,-51,-14,4,0,39,"6C1DEBA09A43","",230487

+UUDF:6C1DEBA5F777,-60,-13,-38,0,37,"6C1DEBA09A43","",230696

+UUDF:6C1DEBA5F777,-49,-13,-38,0,39,"6C1DEBA09A43","",230799

+UUDF:6C1DEBA5F777,-48,-12,7,0,39,"6C1DEBA09A43","",230909

+UUDF:6C1DEBA5F777,-63,-12,7,0,37,"6C1DEBA09A43","",231009

+UUDF:6C1DEBA5F777,-62,-12,-37,0,37,"6C1DEBA09A43","",231114

+UUDF:6C1DEBA5F777,-64,-12,-37,0,37,"6C1DEBA09A43","",231221

+UUDF:6C1DEBA5F777,-47,-11,-37,0,39,"6C1DEBA09A43","",231540

+UUDF:6C1DEBA5F777,-62,-13,-37,0,37,"6C1DEBA09A43","",231641

+UUDF:6C1DEBA5F777,-60,-13,-39,0,37,"6C1DEBA09A43","",231744

+UUDF:6C1DEBA5F777,-54,-13,-37,0,39,"6C1DEBA09A43","",231849

+UUDF:6C1DEBA5F777,-57,-11,-37,0,38,"6C1DEBA09A43","",231955

+UUDF:6C1DEBA5F777,-58,-1,-20,0,38,"6C1DEBA09A43","",232058

+UUDF:6C1DEBA5F777,-62,-13,-20,0,37,"6C1DEBA09A43","",232164

+UUDF:6C1DEBA5F777,-62,-13,-20,0,38,"6C1DEBA09A43","",232270

+UUDF:6C1DEBA5F777,-48,-1,2,0,39,"6C1DEBA09A43","",232580

+UUDF:6C1DEBA5F777,-62,-1,2,0,38,"6C1DEBA09A43","",232682

+UUDF:6C1DEBA5F777,-51,1,2,0,39,"6C1DEBA09A43","",232782

+UUDF:6C1DEBA5F777,-61,-13,2,0,37,"6C1DEBA09A43","",232987

+UUDF:6C1DEBA5F777,-64,-17,2,0,37,"6C1DEBA09A43","",233202

+UUDF:6C1DEBA5F777,-50,1,2,0,39,"6C1DEBA09A43","",233412

+UUDF:6C1DEBA5F777,-51,1,2,0,39,"6C1DEBA09A43","",233627

+UUDF:6C1DEBA5F777,-61,-17,-35,0,37,"6C1DEBA09A43","",233732

+UUDF:6C1DEBA5F777,-50,-17,-35,0,39,"6C1DEBA09A43","",234041

+UUDF:6C1DEBA5F777,-50,13,2,0,39,"6C1DEBA09A43","",234247

+UUDF:6C1DEBA5F777,-61,13,2,0,37,"6C1DEBA09A43","",234349

+UUDF:6C1DEBA5F777,-62,-16,-32,0,37,"6C1DEBA09A43","",234453

+UUDF:6C1DEBA5F777,-50,-16,-32,0,39,"6C1DEBA09A43","",234561

+UUDF:6C1DEBA5F777,-50,15,8,0,39,"6C1DEBA09A43","",234877

+UUDF:6C1DEBA5F777,-65,-16,-32,0,37,"6C1DEBA09A43","",235086

+UUDF:6C1DEBA5F777,-49,-16,-32,0,39,"6C1DEBA09A43","",235400

+UUDF:6C1DEBA5F777,-55,16,7,0,39,"6C1DEBA09A43","",235508

+UUDF:6C1DEBA5F777,-61,16,7,0,37,"6C1DEBA09A43","",235614

+UUDF:6C1DEBA5F777,-51,16,7,0,39,"6C1DEBA09A43","",235720

+UUDF:6C1DEBA5F777,-49,16,7,0,39,"6C1DEBA09A43","",235825

+UUDF:6C1DEBA5F777,-49,18,7,0,39,"6C1DEBA09A43","",236131

+UUDF:6C1DEBA5F777,-65,18,7,0,37,"6C1DEBA09A43","",236343

+UUDF:6C1DEBA5F777,-50,17,6,0,39,"6C1DEBA09A43","",236447

+UUDF:6C1DEBA5F777,-49,17,6,0,39,"6C1DEBA09A43","",236662

+UUDF:6C1DEBA5F777,-50,16,6,0,39,"6C1DEBA09A43","",236764

+UUDF:6C1DEBA5F777,-62,15,6,0,37,"6C1DEBA09A43","",236964

+UUDF:6C1DEBA5F777,-48,15,6,0,39,"6C1DEBA09A43","",237173

+UUDF:6C1DEBA5F777,-62,15,6,0,37,"6C1DEBA09A43","",237280

+UUDF:6C1DEBA5F777,-50,15,6,0,39,"6C1DEBA09A43","",237491

+UUDF:6C1DEBA5F777,-51,15,6,0,39,"6C1DEBA09A43","",237591

+UUDF:6C1DEBA5F777,-62,-19,-31,0,37,"6C1DEBA09A43","",237694

+UUDF:6C1DEBA5F777,-50,16,6,0,39,"6C1DEBA09A43","",237798

+UUDF:6C1DEBA5F777,-50,16,6,0,39,"6C1DEBA09A43","",237899

+UUDF:6C1DEBA5F777,-50,16,6,0,39,"6C1DEBA09A43","",238114

+UUDF:6C1DEBA5F777,-49,17,6,0,39,"6C1DEBA09A43","",238216

+UUDF:6C1DEBA5F777,-62,16,5,0,37,"6C1DEBA09A43","",238318

+UUDF:6C1DEBA5F777,-62,16,5,0,37,"6C1DEBA09A43","",238419

+UUDF:6C1DEBA5F777,-49,15,5,0,39,"6C1DEBA09A43","",238627

+UUDF:6C1DEBA5F777,-63,-19,-31,0,37,"6C1DEBA09A43","",238729

+UUDF:6C1DEBA5F777,-49,-19,-31,0,39,"6C1DEBA09A43","",238947

+UUDF:6C1DEBA5F777,-60,-19,-34,0,37,"6C1DEBA09A43","",239155
