=~=~=~=~=~=~=~=~=~=~=~= PuTTY log 2023.10.04 17:24:55 =~=~=~=~=~=~=~=~=~=~=~=
6E"ZTh777,-55,8,-24,0,38,"6C1DEBA09A25","",4669

+UUDF:6C1DEBA5F777,-55,7,-24,0,37,"6C1DEBA09A25","",5193

+UUDF:6C1DEBA5F777,-55,8,-24,0,38,"6C1DEBA09A25","",5301

+UUDF:6C1DEBA5F777,-55,8,-40,0,37,"6C1DEBA09A25","",5400

+UUDF:6C1DEBA5F777,-56,7,-40,0,37,"6C1DEBA09A25","",5502

+UUDF:6C1DEBA5F777,-56,7,-40,0,37,"6C1DEBA09A25","",6131

+UUDF:6C1DEBA5F777,-55,7,-41,0,37,"6C1DEBA09A25","",6240

+UUDF:6C1DEBA5F777,-55,7,-41,0,38,"6C1DEBA09A25","",6659

+UUDF:6C1DEBA5F777,-55,6,-41,0,37,"6C1DEBA09A25","",6980

+UUDF:6C1DEBA5F777,-56,7,-41,0,37,"6C1DEBA09A25","",7195

+UUDF:6C1DEBA5F777,-56,7,-42,0,37,"6C1DEBA09A25","",7305

+UUDF:6C1DEBA5F777,-55,40,-23,0,38,"6C1DEBA09A25","",14519

+UUDF:6C1DEBA5F777,-56,40,-23,0,37,"6C1DEBA09A25","",14621

+UUDF:6C1DEBA5F777,-55,41,-23,0,38,"6C1DEBA09A25","",14722

+UUDF:6C1DEBA5F777,-55,41,-23,0,38,"6C1DEBA09A25","",14928

+UUDF:6C1DEBA5F777,-56,41,-23,0,37,"6C1DEBA09A25","",15133

+UUDF:6C1DEBA5F777,-55,9,-42,0,37,"6C1DEBA09A25","",15239

+UUDF:6C1DEBA5F777,-55,41,-23,0,38,"6C1DEBA09A25","",15342

+UUDF:6C1DEBA5F777,-55,8,-41,0,37,"6C1DEBA09A25","",15443

+UUDF:6C1DEBA5F777,-55,7,-41,0,38,"6C1DEBA09A25","",15763

+UUDF:6C1DEBA5F777,-55,8,-41,0,37,"6C1DEBA09A25","",15970

+UUDF:6C1DEBA5F777,-55,7,-42,0,37,"6C1DEBA09A25","",16175

+UUDF:6C1DEBA5F777,-55,8,-42,0,38,"6C1DEBA09A25","",16283

+UUDF:6C1DEBA5F777,-55,8,-42,0,38,"6C1DEBA09A25","",17019

+UUDF:6C1DEBA5F777,-55,40,-21,0,38,"6C1DEBA09A25","",17120

+UUDF:6C1DEBA5F777,-56,40,-21,0,37,"6C1DEBA09A25","",17224

+UUDF:6C1DEBA5F777,-55,8,-42,0,37,"6C1DEBA09A25","",17429

+UUDF:6C1DEBA5F777,-56,7,-42,0,37,"6C1DEBA09A25","",17536

+UUDF:6C1DEBA5F777,-55,7,-42,0,38,"6C1DEBA09A25","",17749

+UUDF:6C1DEBA5F777,-55,6,-42,0,38,"6C1DEBA09A25","",17854

+UUDF:6C1DEBA5F777,-55,6,-22,0,38,"6C1DEBA09A25","",17955

+UUDF:6C1DEBA5F777,-55,-73,-22,0,38,"6C1DEBA09A25","",18063

+UUDF:6C1DEBA5F777,-56,-73,-22,0,37,"6C1DEBA09A25","",18164

+UUDF:6C1DEBA5F777,-56,6,-41,0,37,"6C1DEBA09A25","",18374

+UUDF:6C1DEBA5F777,-55,6,-42,0,37,"6C1DEBA09A25","",18483

+UUDF:6C1DEBA5F777,-55,6,-42,0,38,"6C1DEBA09A25","",18587

+UUDF:6C1DEBA5F777,-55,6,-42,0,38,"6C1DEBA09A25","",18912

+UUDF:6C1DEBA5F777,-55,7,-41,0,37,"6C1DEBA09A25","",19017

+UUDF:6C1DEBA5F777,-56,6,-40,0,37,"6C1DEBA09A25","",19121

+UUDF:6C1DEBA5F777,-55,6,-40,0,38,"6C1DEBA09A25","",19223

+UUDF:6C1DEBA5F777,-55,-71,-40,0,38,"6C1DEBA09A25","",19538

+UUDF:6C1DEBA5F777,-55,-71,-40,0,37,"6C1DEBA09A25","",19741

+UUDF:6C1DEBA5F777,-55,-71,-20,0,38,"6C1DEBA09A25","",19851

+UUDF:6C1DEBA5F777,-55,-71,-20,0,38,"6C1DEBA09A25","",20062

+UUDF:6C1DEBA5F777,-56,-68,-42,0,37,"6C1DEBA09A25","",20168

+UUDF:6C1DEBA5F777,-56,-68,-20,0,38,"6C1DEBA09A25","",20373

+UUDF:6C1DEBA5F777,-55,10,-20,0,38,"6C1DEBA09A25","",20475

+UUDF:6C1DEBA5F777,-55,40,-19,0,38,"6C1DEBA09A25","",20797

+UUDF:6C1DEBA5F777,-55,40,-19,0,37,"6C1DEBA09A25","",21119

+UUDF:6C1DEBA5F777,-56,40,-19,0,37,"6C1DEBA09A25","",21220

+UUDF:6C1DEBA5F777,-56,12,-39,0,37,"6C1DEBA09A25","",21536

+UUDF:6C1DEBA5F777,-55,12,-39,0,38,"6C1DEBA09A25","",21640

+UUDF:6C1DEBA5F777,-55,10,-39,0,38,"6C1DEBA09A25","",21849

+UUDF:6C1DEBA5F777,-55,8,-39,0,37,"6C1DEBA09A25","",21957

+UUDF:6C1DEBA5F777,-56,-68,-24,0,38,"6C1DEBA09A25","",22060

+UUDF:6C1DEBA5F777,-56,-69,-24,0,38,"6C1DEBA09A25","",22269

+UUDF:6C1DEBA5F777,-55,-68,-30,0,37,"6C1DEBA09A25","",22378

+UUDF:6C1DEBA5F777,-57,-62,-30,0,38,"6C1DEBA09A25","",22481

+UUDF:6C1DEBA5F777,-56,-62,-30,0,37,"6C1DEBA09A25","",22583

+UUDF:6C1DEBA5F777,-57,0,-30,0,39,"6C1DEBA09A25","",22689

+UUDF:6C1DEBA5F777,-61,4,-12,0,39,"6C1DEBA09A25","",22797

+UUDF:6C1DEBA5F777,-58,8,17,0,39,"6C1DEBA09A25","",22903

+UUDF:6C1DEBA5F777,-57,8,17,0,38,"6C1DEBA09A25","",23004

+UUDF:6C1DEBA5F777,-55,8,17,0,39,"6C1DEBA09A25","",23112

+UUDF:6C1DEBA5F777,-54,8,-18,0,38,"6C1DEBA09A25","",23425

+UUDF:6C1DEBA5F777,-55,9,-32,0,38,"6C1DEBA09A25","",23531

+UUDF:6C1DEBA5F777,-56,11,-33,0,37,"6C1DEBA09A25","",23635

+UUDF:6C1DEBA5F777,-54,11,-33,0,38,"6C1DEBA09A25","",23740

+UUDF:6C1DEBA5F777,-56,11,-33,0,37,"6C1DEBA09A25","",23845

+UUDF:6C1DEBA5F777,-56,11,-43,0,37,"6C1DEBA09A25","",23945

+UUDF:6C1DEBA5F777,-56,10,-43,0,37,"6C1DEBA09A25","",24046

+UUDF:6C1DEBA5F777,-56,8,-43,0,38,"6C1DEBA09A25","",24156

+UUDF:6C1DEBA5F777,-55,8,-43,0,38,"6C1DEBA09A25","",24677

+UUDF:6C1DEBA5F777,-61,5,-20,0,39,"6C1DEBA09A25","",25095

+UUDF:6C1DEBA5F777,-55,7,-20,0,37,"6C1DEBA09A25","",25302

+UUDF:6C1DEBA5F777,-56,1,-19,0,38,"6C1DEBA09A25","",25405

+UUDF:6C1DEBA5F777,-56,7,-19,0,38,"6C1DEBA09A25","",25511

+UUDF:6C1DEBA5F777,-55,4,-22,0,37,"6C1DEBA09A25","",25613

+UUDF:6C1DEBA5F777,-56,5,-40,0,37,"6C1DEBA09A25","",25717

+UUDF:6C1DEBA5F777,-57,4,-40,0,38,"6C1DEBA09A25","",25819

+UUDF:6C1DEBA5F777,-57,4,-22,0,38,"6C1DEBA09A25","",25927

+UUDF:6C1DEBA5F777,-56,4,-24,0,38,"6C1DEBA09A25","",26032

+UUDF:6C1DEBA5F777,-57,4,-27,0,38,"6C1DEBA09A25","",26239

+UUDF:6C1DEBA5F777,-55,5,-27,0,37,"6C1DEBA09A25","",26339

+UUDF:6C1DEBA5F777,-56,8,-24,0,38,"6C1DEBA09A25","",26549

+UUDF:6C1DEBA5F777,-56,31,-24,0,38,"6C1DEBA09A25","",26758

+UUDF:6C1DEBA5F777,-56,8,-24,0,38,"6C1DEBA09A25","",26968

+UUDF:6C1DEBA5F777,-58,8,-24,0,38,"6C1DEBA09A25","",27282

+UUDF:6C1DEBA5F777,-53,8,-24,0,38,"6C1DEBA09A25","",27388

+UUDF:6C1DEBA5F777,-55,7,-24,0,37,"6C1DEBA09A25","",27603

+UUDF:6C1DEBA5F777,-57,7,-24,0,38,"6C1DEBA09A25","",27706

+UUDF:6C1DEBA5F777,-55,1,-32,0,37,"6C1DEBA09A25","",28013

+UUDF:6C1DEBA5F777,-55,7,-32,0,38,"6C1DEBA09A25","",28116

+UUDF:6C1DEBA5F777,-55,7,-39,0,37,"6C1DEBA09A25","",28220

+UUDF:6C1DEBA5F777,-56,7,-39,0,38,"6C1DEBA09A25","",28328

+UUDF:6C1DEBA5F777,-55,6,-40,0,37,"6C1DEBA09A25","",28431

+UUDF:6C1DEBA5F777,-55,6,-41,0,37,"6C1DEBA09A25","",28535

+UUDF:6C1DEBA5F777,-55,6,-40,0,38,"6C1DEBA09A25","",28640

+UUDF:6C1DEBA5F777,-55,3,-40,0,38,"6C1DEBA09A25","",28743

+UUDF:6C1DEBA5F777,-56,6,-40,0,37,"6C1DEBA09A25","",28852

+UUDF:6C1DEBA5F777,-55,-73,-40,0,38,"6C1DEBA09A25","",29163

+UUDF:6C1DEBA5F777,-55,-73,-22,0,38,"6C1DEBA09A25","",29269

+UUDF:6C1DEBA5F777,-55,-73,-22,0,37,"6C1DEBA09A25","",29905

+UUDF:6C1DEBA5F777,-55,-73,-22,0,38,"6C1DEBA09A25","",30011

+UUDF:6C1DEBA5F777,-55,-71,-42,0,37,"6C1DEBA09A25","",30115

+UUDF:6C1DEBA5F777,-56,-71,-41,0,37,"6C1DEBA09A25","",30424

+UUDF:6C1DEBA5F777,-56,5,-42,0,37,"6C1DEBA09A25","",30526

+UUDF:6C1DEBA5F777,-56,6,-42,0,37,"6C1DEBA09A25","",30630

+UUDF:6C1DEBA5F777,-55,6,-42,0,37,"6C1DEBA09A25","",30734

+UUDF:6C1DEBA5F777,-55,6,-42,0,38,"6C1DEBA09A25","",30835

+UUDF:6C1DEBA5F777,-55,6,-42,0,37,"6C1DEBA09A25","",30940

+UUDF:6C1DEBA5F777,-55,5,-42,0,38,"6C1DEBA09A25","",31049

+UUDF:6C1DEBA5F777,-55,-71,-42,0,38,"6C1DEBA09A25","",31152

+UUDF:6C1DEBA5F777,-55,-71,-21,0,38,"6C1DEBA09A25","",31261

+UUDF:6C1DEBA5F777,-56,-71,-21,0,37,"6C1DEBA09A25","",31682

+UUDF:6C1DEBA5F777,-56,-69,-40,0,37,"6C1DEBA09A25","",32317

+UUDF:6C1DEBA5F777,-55,-73,-21,0,38,"6C1DEBA09A25","",32636

+UUDF:6C1DEBA5F777,-55,-69,-20,0,38,"6C1DEBA09A25","",32744

+UUDF:6C1DEBA5F777,-55,-69,-20,0,38,"6C1DEBA09A25","",32847

+UUDF:6C1DEBA5F777,-56,-69,-40,0,37,"6C1DEBA09A25","",32949

+UUDF:6C1DEBA5F777,-55,-69,-41,0,37,"6C1DEBA09A25","",33058

+UUDF:6C1DEBA5F777,-56,-69,-41,0,37,"6C1DEBA09A25","",33168

+UUDF:6C1DEBA5F777,-55,-69,-41,0,38,"6C1DEBA09A25","",33270

+UUDF:6C1DEBA5F777,-56,9,-41,0,37,"6C1DEBA09A25","",33371

+UUDF:6C1DEBA5F777,-56,9,-42,0,37,"6C1DEBA09A25","",33580

+UUDF:6C1DEBA5F777,-56,9,-41,0,37,"6C1DEBA09A25","",33784

+UUDF:6C1DEBA5F777,-55,7,-41,0,38,"6C1DEBA09A25","",33890

+UUDF:6C1DEBA5F777,-56,7,-42,0,37,"6C1DEBA09A25","",34099

+UUDF:6C1DEBA5F777,-56,8,-42,0,37,"6C1DEBA09A25","",34620

+UUDF:6C1DEBA5F777,-55,8,-42,0,37,"6C1DEBA09A25","",34722

+UUDF:6C1DEBA5F777,-56,8,-43,0,37,"6C1DEBA09A25","",34829

+UUDF:6C1DEBA5F777,-55,8,-43,0,38,"6C1DEBA09A25","",35040

+UUDF:6C1DEBA5F777,-55,8,-43,0,38,"6C1DEBA09A25","",35141

+UUDF:6C1DEBA5F777,-55,-70,-43,0,38,"6C1DEBA09A25","",35245

+UUDF:6C1DEBA5F777,-55,-72,-19,0,38,"6C1DEBA09A25","",35450

+UUDF:6C1DEBA5F777,-55,-72,-19,0,38,"6C1DEBA09A25","",35558

+UUDF:6C1DEBA5F777,-55,-72,-19,0,38,"6C1DEBA09A25","",35659

+UUDF:6C1DEBA5F777,-55,-72,-19,0,37,"6C1DEBA09A25","",35764

+UUDF:6C1DEBA5F777,-55,-72,-21,0,38,"6C1DEBA09A25","",35983

+UUDF:6C1DEBA5F777,-56,-71,-22,0,37,"6C1DEBA09A25","",36305

+UUDF:6C1DEBA5F777,-55,6,-41,0,37,"6C1DEBA09A25","",37145

+UUDF:6C1DEBA5F777,-56,7,-42,0,37,"6C1DEBA09A25","",37251

+UUDF:6C1DEBA5F777,-55,7,-41,0,38,"6C1DEBA09A25","",37470

+UUDF:6C1DEBA5F777,-55,8,-41,0,38,"6C1DEBA09A25","",37577

+UUDF:6C1DEBA5F777,-55,7,-21,0,38,"6C1DEBA09A25","",37793

+UUDF:6C1DEBA5F777,-55,-69,-21,0,38,"6C1DEBA09A25","",38318

+UUDF:6C1DEBA5F777,-55,-71,-21,0,38,"6C1DEBA09A25","",38421

+UUDF:6C1DEBA5F777,-55,-71,-21,0,38,"6C1DEBA09A25","",38735

+UUDF:6C1DEBA5F777,-55,-71,-21,0,37,"6C1DEBA09A25","",38951

+UUDF:6C1DEBA5F777,-55,-70,-21,0,38,"6C1DEBA09A25","",39160

+UUDF:6C1DEBA5F777,-55,-70,-21,0,38,"6C1DEBA09A25","",39265

+UUDF:6C1DEBA5F777,-55,-70,-21,0,38,"6C1DEBA09A25","",39375

+UUDF:6C1DEBA5F777,-56,-69,-21,0,37,"6C1DEBA09A25","",40007

+UUDF:6C1DEBA5F777,-55,-70,-19,0,38,"6C1DEBA09A25","",40109

+UUDF:6C1DEBA5F777,-56,-69,-21,0,37,"6C1DEBA09A25","",40210

+UUDF:6C1DEBA5F777,-56,8,-43,0,37,"6C1DEBA09A25","",40312

+UUDF:6C1DEBA5F777,-56,9,-43,0,37,"6C1DEBA09A25","",40417

+UUDF:6C1DEBA5F777,-55,9,-43,0,38,"6C1DEBA09A25","",40623

+UUDF:6C1DEBA5F777,-56,8,-43,0,37,"6C1DEBA09A25","",40727

+UUDF:6C1DEBA5F777,-56,8,-43,0,37,"6C1DEBA09A25","",40830

+UUDF:6C1DEBA5F777,-55,-72,-43,0,38,"6C1DEBA09A25","",40937

+UUDF:6C1DEBA5F777,-55,-71,-43,0,38,"6C1DEBA09A25","",41046

+UUDF:6C1DEBA5F777,-56,-71,-43,0,37,"6C1DEBA09A25","",41370

+UUDF:6C1DEBA5F777,-55,-72,-21,0,38,"6C1DEBA09A25","",41477

+UUDF:6C1DEBA5F777,-55,-72,-20,0,38,"6C1DEBA09A25","",41579

+UUDF:6C1DEBA5F777,-55,-72,-20,0,38,"6C1DEBA09A25","",41894

+UUDF:6C1DEBA5F777,-55,-72,-20,0,38,"6C1DEBA09A25","",42212

+UUDF:6C1DEBA5F777,-55,-72,-21,0,37,"6C1DEBA09A25","",42413

+UUDF:6C1DEBA5F777,-56,-71,-40,0,37,"6C1DEBA09A25","",42518

+UUDF:6C1DEBA5F777,-56,8,-42,0,37,"6C1DEBA09A25","",42621

+UUDF:6C1DEBA5F777,-55,8,-42,0,38,"6C1DEBA09A25","",42728

+UUDF:6C1DEBA5F777,-55,8,-42,0,37,"6C1DEBA09A25","",42943

+UUDF:6C1DEBA5F777,-55,-73,-42,0,38,"6C1DEBA09A25","",43049

+UUDF:6C1DEBA5F777,-56,-73,-42,0,37,"6C1DEBA09A25","",43151

+UUDF:6C1DEBA5F777,-56,8,-42,0,37,"6C1DEBA09A25","",43361

+UUDF:6C1DEBA5F777,-55,9,-42,0,37,"6C1DEBA09A25","",43469

+UUDF:6C1DEBA5F777,-56,9,-42,0,37,"6C1DEBA09A25","",43679

+UUDF:6C1DEBA5F777,-55,9,-42,0,38,"6C1DEBA09A25","",43895

+UUDF:6C1DEBA5F777,-56,8,-42,0,37,"6C1DEBA09A25","",44736

+UUDF:6C1DEBA5F777,-55,8,-42,0,38,"6C1DEBA09A25","",44844

+UUDF:6C1DEBA5F777,-56,8,-42,0,37,"6C1DEBA09A25","",44951

+UUDF:6C1DEBA5F777,-56,9,-44,0,37,"6C1DEBA09A25","",45262

+UUDF:6C1DEBA5F777,-56,9,-44,0,37,"6C1DEBA09A25","",45368

+UUDF:6C1DEBA5F777,-56,9,-44,0,37,"6C1DEBA09A25","",45470

+UUDF:6C1DEBA5F777,-55,9,-42,0,38,"6C1DEBA09A25","",45574

+UUDF:6C1DEBA5F777,-56,9,-42,0,37,"6C1DEBA09A25","",45785

+UUDF:6C1DEBA5F777,-55,9,-41,0,38,"6C1DEBA09A25","",46205

+UUDF:6C1DEBA5F777,-56,9,-41,0,37,"6C1DEBA09A25","",47136

+UUDF:6C1DEBA5F777,-55,8,-41,0,37,"6C1DEBA09A25","",47240

+UUDF:6C1DEBA5F777,-55,8,-41,0,38,"6C1DEBA09A25","",47554

+UUDF:6C1DEBA5F777,-55,-72,-20,0,38,"6C1DEBA09A25","",47985

+UUDF:6C1DEBA5F777,-55,8,-42,0,37,"6C1DEBA09A25","",48828

+UUDF:6C1DEBA5F777,-56,8,-42,0,37,"6C1DEBA09A25","",49138

+UUDF:6C1DEBA5F777,-55,7,-42,0,37,"6C1DEBA09A25","",49248

+UUDF:6C1DEBA5F777,-55,7,-42,0,38,"6C1DEBA09A25","",49351

+UUDF:6C1DEBA5F777,-56,9,-42,0,37,"6C1DEBA09A25","",49454

+UUDF:6C1DEBA5F777,-55,7,-42,0,38,"6C1DEBA09A25","",49557

+UUDF:6C1DEBA5F777,-55,-72,-21,0,38,"6C1DEBA09A25","",49662

+UUDF:6C1DEBA5F777,-56,-72,-21,0,37,"6C1DEBA09A25","",49764

+UUDF:6C1DEBA5F777,-55,-72,-20,0,38,"6C1DEBA09A25","",50289

+UUDF:6C1DEBA5F777,-55,-72,-20,0,37,"6C1DEBA09A25","",50390

+UUDF:6C1DEBA5F777,-55,-72,-20,0,38,"6C1DEBA09A25","",50600

+UUDF:6C1DEBA5F777,-55,-73,-20,0,38,"6C1DEBA09A25","",51027

+UUDF:6C1DEBA5F777,-56,-73,-20,0,37,"6C1DEBA09A25","",51238

+UUDF:6C1DEBA5F777,-56,8,-41,0,37,"6C1DEBA09A25","",51451

+UUDF:6C1DEBA5F777,-56,8,-41,0,37,"6C1DEBA09A25","",51559

+UUDF:6C1DEBA5F777,-55,9,-41,0,37,"6C1DEBA09A25","",51667

+UUDF:6C1DEBA5F777,-56,8,-41,0,37,"6C1DEBA09A25","",52082

+UUDF:6C1DEBA5F777,-55,8,-41,0,38,"6C1DEBA09A25","",52184

+UUDF:6C1DEBA5F777,-56,8,-41,0,37,"6C1DEBA09A25","",52803

+UUDF:6C1DEBA5F777,-55,-74,-21,0,38,"6C1DEBA09A25","",52911

+UUDF:6C1DEBA5F777,-56,8,-41,0,37,"6C1DEBA09A25","",53230

+UUDF:6C1DEBA5F777,-55,-74,-21,0,38,"6C1DEBA09A25","",53334

+UUDF:6C1DEBA5F777,-56,8,-42,0,37,"6C1DEBA09A25","",53438

+UUDF:6C1DEBA5F777,-55,-72,-21,0,38,"6C1DEBA09A25","",53548

+UUDF:6C1DEBA5F777,-55,-72,-20,0,38,"6C1DEBA09A25","",53650

+UUDF:6C1DEBA5F777,-56,-72,-20,0,37,"6C1DEBA09A25","",53862

+UUDF:6C1DEBA5F777,-55,8,-42,0,37,"6C1DEBA09A25","",54070

+UUDF:6C1DEBA5F777,-56,8,-43,0,37,"6C1DEBA09A25","",54173

+UUDF:6C1DEBA5F777,-56,8,-42,0,37,"6C1DEBA09A25","",54283

+UUDF:6C1DEBA5F777,-55,8,-42,0,38,"6C1DEBA09A25","",54390

+UUDF:6C1DEBA5F777,-56,10,-42,0,37,"6C1DEBA09A25","",54699

+UUDF:6C1DEBA5F777,-56,10,-42,0,37,"6C1DEBA09A25","",54807

+UUDF:6C1DEBA5F777,-56,10,-42,0,37,"6C1DEBA09A25","",54908

+UUDF:6C1DEBA5F777,-55,9,-42,0,37,"6C1DEBA09A25","",55011

+UUDF:6C1DEBA5F777,-56,9,-43,0,37,"6C1DEBA09A25","",55113

+UUDF:6C1DEBA5F777,-56,9,-43,0,37,"6C1DEBA09A25","",55215

+UUDF:6C1DEBA5F777,-55,8,-43,0,38,"6C1DEBA09A25","",55318

+UUDF:6C1DEBA5F777,-56,10,-42,0,37,"6C1DEBA09A25","",55424

+UUDF:6C1DEBA5F777,-55,-71,-21,0,38,"6C1DEBA09A25","",55525

+UUDF:6C1DEBA5F777,-55,-70,-21,0,38,"6C1DEBA09A25","",55630

+UUDF:6C1DEBA5F777,-56,-70,-42,0,37,"6C1DEBA09A25","",56042

+UUDF:6C1DEBA5F777,-55,-70,-21,0,38,"6C1DEBA09A25","",56256

+UUDF:6C1DEBA5F777,-56,-70,-21,0,37,"6C1DEBA09A25","",56473

+UUDF:6C1DEBA5F777,-55,-70,-21,0,38,"6C1DEBA09A25","",56575

+UUDF:6C1DEBA5F777,-55,8,-42,0,37,"6C1DEBA09A25","",56886

+UUDF:6C1DEBA5F777,-56,8,-41,0,37,"6C1DEBA09A25","",57615

+UUDF:6C1DEBA5F777,-55,8,-42,0,37,"6C1DEBA09A25","",57723

+UUDF:6C1DEBA5F777,-56,8,-42,0,37,"6C1DEBA09A25","",57831

+UUDF:6C1DEBA5F777,-55,8,-42,0,38,"6C1DEBA09A25","",57936

+UUDF:6C1DEBA5F777,-55,9,-42,0,37,"6C1DEBA09A25","",58038

+UUDF:6C1DEBA5F777,-56,8,-42,0,37,"6C1DEBA09A25","",58141

+UUDF:6C1DEBA5F777,-55,8,-42,0,38,"6C1DEBA09A25","",58347

+UUDF:6C1DEBA5F777,-56,8,-42,0,37,"6C1DEBA09A25","",58666

+UUDF:6C1DEBA5F777,-55,8,-42,0,38,"6C1DEBA09A25","",58771

+UUDF:6C1DEBA5F777,-56,8,-42,0,37,"6C1DEBA09A25","",58986

+UUDF:6C1DEBA5F777,-55,-72,-22,0,38,"6C1DEBA09A25","",59411

+UUDF:6C1DEBA5F777,-56,9,-39,0,37,"6C1DEBA09A25","",59516

+UUDF:6C1DEBA5F777,-55,-72,-23,0,38,"6C1DEBA09A25","",59829

+UUDF:6C1DEBA5F777,-55,9,-39,0,37,"6C1DEBA09A25","",60037

+UUDF:6C1DEBA5F777,-55,-72,-23,0,38,"6C1DEBA09A25","",60138

+UUDF:6C1DEBA5F777,-56,8,-39,0,37,"6C1DEBA09A25","",60355

+UUDF:6C1DEBA5F777,-56,8,-42,0,37,"6C1DEBA09A25","",60460

+UUDF:6C1DEBA5F777,-56,7,-42,0,37,"6C1DEBA09A25","",60563

+UUDF:6C1DEBA5F777,-55,7,-42,0,38,"6C1DEBA09A25","",60668

+UUDF:6C1DEBA5F777,-56,7,-41,0,37,"6C1DEBA09A25","",60768

+UUDF:6C1DEBA5F777,-55,-72,-40,0,38,"6C1DEBA09A25","",60873

+UUDF:6C1DEBA5F777,-56,-72,-40,0,37,"6C1DEBA09A25","",60979

+UUDF:6C1DEBA5F777,-55,-72,-40,0,38,"6C1DEBA09A25","",61498

+UUDF:6C1DEBA5F777,-56,-72,-41,0,37,"6C1DEBA09A25","",61710

+UUDF:6C1DEBA5F777,-56,7,-42,0,37,"6C1DEBA09A25","",61815

+UUDF:6C1DEBA5F777,-55,7,-42,0,37,"6C1DEBA09A25","",62132

+UUDF:6C1DEBA5F777,-56,8,-43,0,37,"6C1DEBA09A25","",62241

+UUDF:6C1DEBA5F777,-56,8,-44,0,37,"6C1DEBA09A25","",62661

+UUDF:6C1DEBA5F777,-56,8,-44,0,37,"6C1DEBA09A25","",62763

+UUDF:6C1DEBA5F777,-55,8,-44,0,38,"6C1DEBA09A25","",62872

+UUDF:6C1DEBA5F777,-55,-71,-42,0,38,"6C1DEBA09A25","",62978

+UUDF:6C1DEBA5F777,-56,-71,-42,0,37,"6C1DEBA09A25","",63079

+UUDF:6C1DEBA5F777,-55,-73,-22,0,38,"6C1DEBA09A25","",63185

+UUDF:6C1DEBA5F777,-56,-71,-42,0,37,"6C1DEBA09A25","",64242

+UUDF:6C1DEBA5F777,-55,-74,-42,0,38,"6C1DEBA09A25","",64343

+UUDF:6C1DEBA5F777,-55,-74,-43,0,37,"6C1DEBA09A25","",64451

+UUDF:6C1DEBA5F777,-56,7,-43,0,37,"6C1DEBA09A25","",64660

+UUDF:6C1DEBA5F777,-55,-76,-42,0,38,"6C1DEBA09A25","",64874

+UUDF:6C1DEBA5F777,-55,-77,-42,0,38,"6C1DEBA09A25","",65915

+UUDF:6C1DEBA5F777,-55,-77,-42,0,37,"6C1DEBA09A25","",66232

+UUDF:6C1DEBA5F777,-55,-80,-21,0,38,"6C1DEBA09A25","",66336

+UUDF:6C1DEBA5F777,-55,-77,-21,0,38,"6C1DEBA09A25","",66445

+UUDF:6C1DEBA5F777,-55,-74,-21,0,38,"6C1DEBA09A25","",66551

+UUDF:6C1DEBA5F777,-55,-74,-21,0,38,"6C1DEBA09A25","",66759

+UUDF:6C1DEBA5F777,-55,-73,-21,0,38,"6C1DEBA09A25","",67081

+UUDF:6C1DEBA5F777,-55,-73,-21,0,38,"6C1DEBA09A25","",67188

+UUDF:6C1DEBA5F777,-55,-73,-21,0,38,"6C1DEBA09A25","",67616

+UUDF:6C1DEBA5F777,-55,-73,-21,0,38,"6C1DEBA09A25","",67723

+UUDF:6C1DEBA5F777,-55,-73,-21,0,38,"6C1DEBA09A25","",67825

+UUDF:6C1DEBA5F777,-55,-72,-21,0,37,"6C1DEBA09A25","",67931

+UUDF:6C1DEBA5F777,-56,-71,-42,0,37,"6C1DEBA09A25","",68039

+UUDF:6C1DEBA5F777,-55,-71,-42,0,38,"6C1DEBA09A25","",68558

+UUDF:6C1DEBA5F777,-56,7,-42,0,37,"6C1DEBA09A25","",68665

+UUDF:6C1DEBA5F777,-55,-71,-41,0,38,"6C1DEBA09A25","",68768

+UUDF:6C1DEBA5F777,-56,-71,-41,0,37,"6C1DEBA09A25","",68974

+UUDF:6C1DEBA5F777,-56,7,-42,0,37,"6C1DEBA09A25","",69179

+UUDF:6C1DEBA5F777,-56,8,-42,0,37,"6C1DEBA09A25","",69280

+UUDF:6C1DEBA5F777,-55,8,-42,0,38,"6C1DEBA09A25","",69389

+UUDF:6C1DEBA5F777,-55,-72,-41,0,38,"6C1DEBA09A25","",69490

+UUDF:6C1DEBA5F777,-55,-72,-22,0,38,"6C1DEBA09A25","",69799

+UUDF:6C1DEBA5F777,-56,-72,-22,0,37,"6C1DEBA09A25","",70007

+UUDF:6C1DEBA5F777,-55,-71,-44,0,37,"6C1DEBA09A25","",70115

+UUDF:6C1DEBA5F777,-55,8,-44,0,37,"6C1DEBA09A25","",70220

+UUDF:6C1DEBA5F777,-56,8,-44,0,37,"6C1DEBA09A25","",70428

+UUDF:6C1DEBA5F777,-55,7,-43,0,38,"6C1DEBA09A25","",70538

+UUDF:6C1DEBA5F777,-55,-69,-42,0,38,"6C1DEBA09A25","",70641

+UUDF:6C1DEBA5F777,-55,-71,-22,0,38,"6C1DEBA09A25","",70846

+UUDF:6C1DEBA5F777,-55,-72,-22,0,38,"6C1DEBA09A25","",70955

+UUDF:6C1DEBA5F777,-55,-72,-21,0,38,"6C1DEBA09A25","",71063

+UUDF:6C1DEBA5F777,-55,-72,-21,0,38,"6C1DEBA09A25","",71164

+UUDF:6C1DEBA5F777,-55,-72,-21,0,37,"6C1DEBA09A25","",71271

+UUDF:6C1DEBA5F777,-56,-72,-21,0,37,"6C1DEBA09A25","",71483

+UUDF:6C1DEBA5F777,-55,-72,-21,0,38,"6C1DEBA09A25","",71586

+UUDF:6C1DEBA5F777,-55,-71,-21,0,38,"6C1DEBA09A25","",72001

+UUDF:6C1DEBA5F777,-55,-71,-21,0,38,"6C1DEBA09A25","",72104

+UUDF:6C1DEBA5F777,-55,-74,-21,0,38,"6C1DEBA09A25","",72208

+UUDF:6C1DEBA5F777,-56,-74,-21,0,37,"6C1DEBA09A25","",72317

+UUDF:6C1DEBA5F777,-55,-71,-21,0,37,"6C1DEBA09A25","",72530

+UUDF:6C1DEBA5F777,-55,8,-41,0,37,"6C1DEBA09A25","",72635

+UUDF:6C1DEBA5F777,-56,8,-42,0,37,"6C1DEBA09A25","",72740

+UUDF:6C1DEBA5F777,-55,8,-42,0,37,"6C1DEBA09A25","",73165

+UUDF:6C1DEBA5F777,-55,8,-42,0,38,"6C1DEBA09A25","",73268

+UUDF:6C1DEBA5F777,-56,8,-42,0,37,"6C1DEBA09A25","",73374

+UUDF:6C1DEBA5F777,-55,8,-42,0,38,"6C1DEBA09A25","",73583

+UUDF:6C1DEBA5F777,-55,-69,-21,0,38,"6C1DEBA09A25","",73691

+UUDF:6C1DEBA5F777,-55,-72,-21,0,38,"6C1DEBA09A25","",73906

+UUDF:6C1DEBA5F777,-56,-69,-23,0,37,"6C1DEBA09A25","",74010

+UUDF:6C1DEBA5F777,-55,-71,-21,0,38,"6C1DEBA09A25","",74119

+UUDF:6C1DEBA5F777,-56,-71,-23,0,37,"6C1DEBA09A25","",74228

+UUDF:6C1DEBA5F777,-56,9,-41,0,37,"6C1DEBA09A25","",74441

+UUDF:6C1DEBA5F777,-56,9,-42,0,37,"6C1DEBA09A25","",74546

+UUDF:6C1DEBA5F777,-55,9,-41,0,38,"6C1DEBA09A25","",74653

+UUDF:6C1DEBA5F777,-55,9,-41,0,38,"6C1DEBA09A25","",74867

+UUDF:6C1DEBA5F777,-56,7,-40,0,37,"6C1DEBA09A25","",74973

+UUDF:6C1DEBA5F777,-55,-74,-22,0,38,"6C1DEBA09A25","",75192

+UUDF:6C1DEBA5F777,-56,-74,-22,0,37,"6C1DEBA09A25","",75400

+UUDF:6C1DEBA5F777,-55,-71,-22,0,38,"6C1DEBA09A25","",75604

+UUDF:6C1DEBA5F777,-55,7,-40,0,37,"6C1DEBA09A25","",75704

+UUDF:6C1DEBA5F777,-56,7,-42,0,37,"6C1DEBA09A25","",75912

+UUDF:6C1DEBA5F777,-55,7,-43,0,37,"6C1DEBA09A25","",76018

+UUDF:6C1DEBA5F777,-55,7,-43,0,38,"6C1DEBA09A25","",76120

+UUDF:6C1DEBA5F777,-56,7,-42,0,37,"6C1DEBA09A25","",76329

+UUDF:6C1DEBA5F777,-55,7,-42,0,38,"6C1DEBA09A25","",76434

+UUDF:6C1DEBA5F777,-56,8,-41,0,37,"6C1DEBA09A25","",76537

+UUDF:6C1DEBA5F777,-55,8,-41,0,37,"6C1DEBA09A25","",76752

+UUDF:6C1DEBA5F777,-55,7,-41,0,37,"6C1DEBA09A25","",76852

+UUDF:6C1DEBA5F777,-56,8,-43,0,37,"6C1DEBA09A25","",77066

+UUDF:6C1DEBA5F777,-55,7,-43,0,38,"6C1DEBA09A25","",77171

+UUDF:6C1DEBA5F777,-56,8,-43,0,37,"6C1DEBA09A25","",77387

+UUDF:6C1DEBA5F777,-55,7,-43,0,38,"6C1DEBA09A25","",77497

+UUDF:6C1DEBA5F777,-55,-69,-42,0,38,"6C1DEBA09A25","",77604

+UUDF:6C1DEBA5F777,-56,-69,-42,0,37,"6C1DEBA09A25","",77811

+UUDF:6C1DEBA5F777,-56,-69,-42,0,37,"6C1DEBA09A25","",77913

+UUDF:6C1DEBA5F777,-55,-69,-42,0,38,"6C1DEBA09A25","",78124

+UUDF:6C1DEBA5F777,-56,-69,-42,0,37,"6C1DEBA09A25","",78233

+UUDF:6C1DEBA5F777,-56,8,-42,0,37,"6C1DEBA09A25","",78448

+UUDF:6C1DEBA5F777,-55,8,-42,0,38,"6C1DEBA09A25","",78553

+UUDF:6C1DEBA5F777,-55,8,-42,0,37,"6C1DEBA09A25","",78661

+UUDF:6C1DEBA5F777,-56,8,-42,0,37,"6C1DEBA09A25","",78767

+UUDF:6C1DEBA5F777,-56,8,-42,0,37,"6C1DEBA09A25","",78973

+UUDF:6C1DEBA5F777,-55,8,-42,0,38,"6C1DEBA09A25","",79074

+UUDF:6C1DEBA5F777,-56,8,-42,0,37,"6C1DEBA09A25","",79174

+UUDF:6C1DEBA5F777,-56,8,-43,0,37,"6C1DEBA09A25","",79382

+UUDF:6C1DEBA5F777,-56,8,-43,0,37,"6C1DEBA09A25","",79708

+UUDF:6C1DEBA5F777,-55,8,-43,0,37,"6C1DEBA09A25","",79920

+UUDF:6C1DEBA5F777,-56,8,-43,0,37,"6C1DEBA09A25","",80021

+UUDF:6C1DEBA5F777,-55,8,-43,0,38,"6C1DEBA09A25","",80125

+UUDF:6C1DEBA5F777,-55,8,-43,0,38,"6C1DEBA09A25","",80234

+UUDF:6C1DEBA5F777,-55,8,-42,0,37,"6C1DEBA09A25","",80341

+UUDF:6C1DEBA5F777,-55,-69,-42,0,38,"6C1DEBA09A25","",80653

+UUDF:6C1DEBA5F777,-55,-72,-22,0,38,"6C1DEBA09A25","",80761

+UUDF:6C1DEBA5F777,-55,-72,-22,0,38,"6C1DEBA09A25","",80864

+UUDF:6C1DEBA5F777,-56,-72,-22,0,37,"6C1DEBA09A25","",80972

+UUDF:6C1DEBA5F777,-56,-71,-40,0,37,"6C1DEBA09A25","",81284

+UUDF:6C1DEBA5F777,-55,-71,-22,0,38,"6C1DEBA09A25","",81600

+UUDF:6C1DEBA5F777,-55,-71,-22,0,38,"6C1DEBA09A25","",81702

+UUDF:6C1DEBA5F777,-55,-71,-22,0,38,"6C1DEBA09A25","",82014

+UUDF:6C1DEBA5F777,-56,-70,-40,0,37,"6C1DEBA09A25","",82428

+UUDF:6C1DEBA5F777,-56,-70,-40,0,37,"6C1DEBA09A25","",82533

+UUDF:6C1DEBA5F777,-56,-70,-41,0,37,"6C1DEBA09A25","",82634

+UUDF:6C1DEBA5F777,-55,8,-42,0,37,"6C1DEBA09A25","",82736

+UUDF:6C1DEBA5F777,-56,8,-42,0,37,"6C1DEBA09A25","",82843

+UUDF:6C1DEBA5F777,-56,8,-42,0,37,"6C1DEBA09A25","",82952

+UUDF:6C1DEBA5F777,-55,8,-42,0,38,"6C1DEBA09A25","",83165

+UUDF:6C1DEBA5F777,-55,8,-42,0,38,"6C1DEBA09A25","",83271

+UUDF:6C1DEBA5F777,-55,-70,-42,0,38,"6C1DEBA09A25","",83373

+UUDF:6C1DEBA5F777,-55,-70,-42,0,37,"6C1DEBA09A25","",83884

+UUDF:6C1DEBA5F777,-56,-70,-42,0,37,"6C1DEBA09A25","",83991

+UUDF:6C1DEBA5F777,-55,-71,-21,0,38,"6C1DEBA09A25","",84305

+UUDF:6C1DEBA5F777,-55,-70,-43,0,37,"6C1DEBA09A25","",84621

+UUDF:6C1DEBA5F777,-55,-70,-43,0,38,"6C1DEBA09A25","",84726

+UUDF:6C1DEBA5F777,-56,8,-43,0,37,"6C1DEBA09A25","",84934

+UUDF:6C1DEBA5F777,-56,8,-43,0,37,"6C1DEBA09A25","",85042

+UUDF:6C1DEBA5F777,-55,-72,-42,0,38,"6C1DEBA09A25","",85145

+UUDF:6C1DEBA5F777,-55,-72,-42,0,38,"6C1DEBA09A25","",85254

+UUDF:6C1DEBA5F777,-55,-73,-22,0,38,"6C1DEBA09A25","",85360

+UUDF:6C1DEBA5F777,-55,-73,-21,0,38,"6C1DEBA09A25","",85566

+UUDF:6C1DEBA5F777,-56,-73,-21,0,37,"6C1DEBA09A25","",85671

+UUDF:6C1DEBA5F777,-55,-73,-21,0,38,"6C1DEBA09A25","",86102

+UUDF:6C1DEBA5F777,-55,-73,-20,0,38,"6C1DEBA09A25","",86414

+UUDF:6C1DEBA5F777,-55,-73,-22,0,37,"6C1DEBA09A25","",86518

+UUDF:6C1DEBA5F777,-56,7,-43,0,37,"6C1DEBA09A25","",86619

+UUDF:6C1DEBA5F777,-55,8,-42,0,37,"6C1DEBA09A25","",86720

+UUDF:6C1DEBA5F777,-55,8,-43,0,37,"6C1DEBA09A25","",86934

+UUDF:6C1DEBA5F777,-56,9,-43,0,37,"6C1DEBA09A25","",87248

+UUDF:6C1DEBA5F777,-56,8,-42,0,37,"6C1DEBA09A25","",87463

+UUDF:6C1DEBA5F777,-55,8,-42,0,38,"6C1DEBA09A25","",87887

+UUDF:6C1DEBA5F777,-56,8,-42,0,37,"6C1DEBA09A25","",87996

+UUDF:6C1DEBA5F777,-56,8,-42,0,37,"6C1DEBA09A25","",88100

+UUDF:6C1DEBA5F777,-55,8,-41,0,38,"6C1DEBA09A25","",88210

+UUDF:6C1DEBA5F777,-55,-69,-22,0,38,"6C1DEBA09A25","",88527

+UUDF:6C1DEBA5F777,-56,8,-43,0,37,"6C1DEBA09A25","",88733

+UUDF:6C1DEBA5F777,-56,8,-42,0,37,"6C1DEBA09A25","",88939

+UUDF:6C1DEBA5F777,-55,7,-41,0,37,"6C1DEBA09A25","",89249

+UUDF:6C1DEBA5F777,-55,7,-41,0,38,"6C1DEBA09A25","",89355

+UUDF:6C1DEBA5F777,-56,7,-42,0,37,"6C1DEBA09A25","",89462

+UUDF:6C1DEBA5F777,-56,7,-42,0,37,"6C1DEBA09A25","",89571

+UUDF:6C1DEBA5F777,-55,7,-41,0,38,"6C1DEBA09A25","",90207

+UUDF:6C1DEBA5F777,-56,7,-42,0,37,"6C1DEBA09A25","",90314

+UUDF:6C1DEBA5F777,-55,7,-42,0,38,"6C1DEBA09A25","",90419

+UUDF:6C1DEBA5F777,-55,-74,-44,0,37,"6C1DEBA09A25","",90633

+UUDF:6C1DEBA5F777,-55,-74,-23,0,38,"6C1DEBA09A25","",90850

+UUDF:6C1DEBA5F777,-56,-74,-41,0,37,"6C1DEBA09A25","",91054

+UUDF:6C1DEBA5F777,-56,8,-43,0,37,"6C1DEBA09A25","",91377

+UUDF:6C1DEBA5F777,-56,-2,-43,0,37,"6C1DEBA09A25","",91477

+UUDF:6C1DEBA5F777,-55,8,-43,0,37,"6C1DEBA09A25","",91583

+UUDF:6C1DEBA5F777,-56,8,-43,0,37,"6C1DEBA09A25","",91800

+UUDF:6C1DEBA5F777,-55,-2,-43,0,38,"6C1DEBA09A25","",92219

+UUDF:6C1DEBA5F777,-55,-72,-41,0,38,"6C1DEBA09A25","",92321

+UUDF:6C1DEBA5F777,-55,-72,-43,0,37,"6C1DEBA09A25","",92744

+UUDF:6C1DEBA5F777,-55,-73,-22,0,38,"6C1DEBA09A25","",93057

+UUDF:6C1DEBA5F777,-55,-73,-22,0,38,"6C1DEBA09A25","",93159

+UUDF:6C1DEBA5F777,-55,-73,-41,0,37,"6C1DEBA09A25","",93363

+UUDF:6C1DEBA5F777,-55,-73,-22,0,38,"6C1DEBA09A25","",93469

+UUDF:6C1DEBA5F777,-55,-73,-41,0,37,"6C1DEBA09A25","",93576

+UUDF:6C1DEBA5F777,-55,-70,-41,0,38,"6C1DEBA09A25","",93686

+UUDF:6C1DEBA5F777,-55,-73,-21,0,38,"6C1DEBA09A25","",93789

+UUDF:6C1DEBA5F777,-55,-73,-21,0,38,"6C1DEBA09A25","",93892

+UUDF:6C1DEBA5F777,-55,-73,-20,0,38,"6C1DEBA09A25","",93996

+UUDF:6C1DEBA5F777,-55,-73,-20,0,38,"6C1DEBA09A25","",94099

+UUDF:6C1DEBA5F777,-55,-73,-20,0,38,"6C1DEBA09A25","",95365

+UUDF:6C1DEBA5F777,-55,-70,-20,0,38,"6C1DEBA09A25","",95470

+UUDF:6C1DEBA5F777,-56,-70,-22,0,37,"6C1DEBA09A25","",95684

+UUDF:6C1DEBA5F777,-56,-70,-41,0,37,"6C1DEBA09A25","",95786

+UUDF:6C1DEBA5F777,-56,7,-42,0,37,"6C1DEBA09A25","",95992

+UUDF:6C1DEBA5F777,-55,7,-42,0,38,"6C1DEBA09A25","",96101

+UUDF:6C1DEBA5F777,-56,7,-42,0,37,"6C1DEBA09A25","",96209

+UUDF:6C1DEBA5F777,-56,7,-42,0,37,"6C1DEBA09A25","",96312

+UUDF:6C1DEBA5F777,-56,8,-42,0,37,"6C1DEBA09A25","",96631

+UUDF:6C1DEBA5F777,-56,8,-42,0,37,"6C1DEBA09A25","",96736

+UUDF:6C1DEBA5F777,-56,8,-44,0,37,"6C1DEBA09A25","",96947

+UUDF:6C1DEBA5F777,-55,8,-44,0,38,"6C1DEBA09A25","",97250

+UUDF:6C1DEBA5F777,-55,-72,-44,0,38,"6C1DEBA09A25","",97359

+UUDF:6C1DEBA5F777,-55,-72,-41,0,37,"6C1DEBA09A25","",97677

+UUDF:6C1DEBA5F777,-56,-72,-41,0,37,"6C1DEBA09A25","",97885

+UUDF:6C1DEBA5F777,-55,-72,-41,0,38,"6C1DEBA09A25","",98201

+UUDF:6C1DEBA5F777,-55,8,-43,0,37,"6C1DEBA09A25","",98627

+UUDF:6C1DEBA5F777,-56,8,-43,0,37,"6C1DEBA09A25","",98731

+UUDF:6C1DEBA5F777,-56,8,-43,0,37,"6C1DEBA09A25","",98840

+UUDF:6C1DEBA5F777,-56,8,-43,0,37,"6C1DEBA09A25","",99045

+UUDF:6C1DEBA5F777,-56,9,-43,0,37,"6C1DEBA09A25","",99150

+UUDF:6C1DEBA5F777,-56,9,-42,0,37,"6C1DEBA09A25","",99255

+UUDF:6C1DEBA5F777,-55,9,-42,0,38,"6C1DEBA09A25","",99572

+UUDF:6C1DEBA5F777,-55,-72,-41,0,38,"6C1DEBA09A25","",99780

+UUDF:6C1DEBA5F777,-55,-73,-20,0,38,"6C1DEBA09A25","",99885

+UUDF:6C1DEBA5F777,-55,-74,-20,0,38,"6C1DEBA09A25","",100200

+UUDF:6C1DEBA5F777,-55,-74,-21,0,38,"6C1DEBA09A25","",100308

+UUDF:6C1DEBA5F777,-55,-73,-21,0,37,"6C1DEBA09A25","",100411

+UUDF:6C1DEBA5F777,-56,-73,-40,0,37,"6C1DEBA09A25","",100727

+UUDF:6C1DEBA5F777,-55,9,-42,0,37,"6C1DEBA09A25","",100827

+UUDF:6C1DEBA5F777,-55,9,-42,0,38,"6C1DEBA09A25","",101038

+UUDF:6C1DEBA5F777,-55,9,-40,0,38,"6C1DEBA09A25","",101360

+UUDF:6C1DEBA5F777,-56,9,-40,0,37,"6C1DEBA09A25","",101462

+UUDF:6C1DEBA5F777,-55,-70,-21,0,38,"6C1DEBA09A25","",101678

+UUDF:6C1DEBA5F777,-56,-70,-21,0,37,"6C1DEBA09A25","",101782

+UUDF:6C1DEBA5F777,-56,8,-41,0,37,"6C1DEBA09A25","",101886

+UUDF:6C1DEBA5F777,-56,8,-43,0,37,"6C1DEBA09A25","",101986

+UUDF:6C1DEBA5F777,-55,7,-41,0,38,"6C1DEBA09A25","",102521

+UUDF:6C1DEBA5F777,-55,8,-41,0,37,"6C1DEBA09A25","",102733

+UUDF:6C1DEBA5F777,-55,7,-41,0,38,"6C1DEBA09A25","",102841

+UUDF:6C1DEBA5F777,-56,7,-41,0,37,"6C1DEBA09A25","",102948

+UUDF:6C1DEBA5F777,-56,8,-41,0,37,"6C1DEBA09A25","",103367

+UUDF:6C1DEBA5F777,-56,8,-41,0,37,"6C1DEBA09A25","",103471

+UUDF:6C1DEBA5F777,-55,8,-41,0,38,"6C1DEBA09A25","",103576

+UUDF:6C1DEBA5F777,-56,9,-41,0,37,"6C1DEBA09A25","",103885

+UUDF:6C1DEBA5F777,-55,8,-41,0,38,"6C1DEBA09A25","",103990

+UUDF:6C1DEBA5F777,-55,-73,-23,0,38,"6C1DEBA09A25","",104514

+UUDF:6C1DEBA5F777,-56,-73,-23,0,37,"6C1DEBA09A25","",104719

+UUDF:6C1DEBA5F777,-55,-70,-23,0,38,"6C1DEBA09A25","",104926

+UUDF:6C1DEBA5F777,-56,-70,-23,0,37,"6C1DEBA09A25","",105034

+UUDF:6C1DEBA5F777,-55,-70,-23,0,38,"6C1DEBA09A25","",105141

+UUDF:6C1DEBA5F777,-56,-70,-41,0,37,"6C1DEBA09A25","",105565

+UUDF:6C1DEBA5F777,-56,8,-42,0,37,"6C1DEBA09A25","",106085

+UUDF:6C1DEBA5F777,-56,7,-42,0,37,"6C1DEBA09A25","",106191

+UUDF:6C1DEBA5F777,-55,7,-42,0,38,"6C1DEBA09A25","",106300

+UUDF:6C1DEBA5F777,-56,7,-43,0,37,"6C1DEBA09A25","",106816

+UUDF:6C1DEBA5F777,-55,-68,-40,0,38,"6C1DEBA09A25","",106923

+UUDF:6C1DEBA5F777,-56,-68,-42,0,37,"6C1DEBA09A25","",107229

+UUDF:6C1DEBA5F777,-56,8,-42,0,37,"6C1DEBA09A25","",107337

+UUDF:6C1DEBA5F777,-55,-68,-40,0,38,"6C1DEBA09A25","",107656

+UUDF:6C1DEBA5F777,-55,-71,-40,0,38,"6C1DEBA09A25","",107766

+UUDF:6C1DEBA5F777,-55,-71,-21,0,38,"6C1DEBA09A25","",107870

+UUDF:6C1DEBA5F777,-55,-71,-21,0,37,"6C1DEBA09A25","",107979

+UUDF:6C1DEBA5F777,-55,-71,-22,0,38,"6C1DEBA09A25","",108081

+UUDF:6C1DEBA5F777,-55,-72,-22,0,38,"6C1DEBA09A25","",108186

+UUDF:6C1DEBA5F777,-56,-72,-43,0,37,"6C1DEBA09A25","",108287

+UUDF:6C1DEBA5F777,-55,-72,-22,0,38,"6C1DEBA09A25","",108393

+UUDF:6C1DEBA5F777,-55,-71,-22,0,38,"6C1DEBA09A25","",108801

+UUDF:6C1DEBA5F777,-55,-71,-22,0,38,"6C1DEBA09A25","",108908

+UUDF:6C1DEBA5F777,-55,-72,-21,0,38,"6C1DEBA09A25","",109016

+UUDF:6C1DEBA5F777,-55,-72,-21,0,38,"6C1DEBA09A25","",109438

+UUDF:6C1DEBA5F777,-56,-72,-21,0,37,"6C1DEBA09A25","",109545

+UUDF:6C1DEBA5F777,-56,-72,-42,0,37,"6C1DEBA09A25","",109654

+UUDF:6C1DEBA5F777,-56,6,-42,0,37,"6C1DEBA09A25","",109757

+UUDF:6C1DEBA5F777,-55,8,-42,0,37,"6C1DEBA09A25","",109963

+UUDF:6C1DEBA5F777,-55,6,-42,0,38,"6C1DEBA09A25","",110070

+UUDF:6C1DEBA5F777,-56,6,-42,0,37,"6C1DEBA09A25","",110274

+UUDF:6C1DEBA5F777,-55,-71,-42,0,38,"6C1DEBA09A25","",110484

+UUDF:6C1DEBA5F777,-55,-74,-21,0,38,"6C1DEBA09A25","",110586

+UUDF:6C1DEBA5F777,-56,-71,-21,0,37,"6C1DEBA09A25","",111223

+UUDF:6C1DEBA5F777,-56,7,-42,0,37,"6C1DEBA09A25","",111330

+UUDF:6C1DEBA5F777,-55,-74,-21,0,38,"6C1DEBA09A25","",111433

+UUDF:6C1DEBA5F777,-55,-73,-21,0,38,"6C1DEBA09A25","",111537

+UUDF:6C1DEBA5F777,-55,-73,-21,0,38,"6C1DEBA09A25","",111746

+UUDF:6C1DEBA5F777,-55,-73,-21,0,38,"6C1DEBA09A25","",111965

+UUDF:6C1DEBA5F777,-56,-73,-21,0,37,"6C1DEBA09A25","",112176

+UUDF:6C1DEBA5F777,-55,-73,-21,0,38,"6C1DEBA09A25","",112282

+UUDF:6C1DEBA5F777,-55,-74,-21,0,38,"6C1DEBA09A25","",112597

+UUDF:6C1DEBA5F777,-55,-74,-21,0,38,"6C1DEBA09A25","",112701

+UUDF:6C1DEBA5F777,-56,-74,-22,0,37,"6C1DEBA09A25","",112806

+UUDF:6C1DEBA5F777,-56,-74,-22,0,37,"6C1DEBA09A25","",112916

+UUDF:6C1DEBA5F777,-55,-72,-21,0,38,"6C1DEBA09A25","",113436

+UUDF:6C1DEBA5F777,-56,7,-41,0,37,"6C1DEBA09A25","",113752

+UUDF:6C1DEBA5F777,-55,7,-41,0,38,"6C1DEBA09A25","",113857

+UUDF:6C1DEBA5F777,-56,7,-41,0,37,"6C1DEBA09A25","",113961

+UUDF:6C1DEBA5F777,-55,-71,-22,0,38,"6C1DEBA09A25","",114175

+UUDF:6C1DEBA5F777,-55,-71,-22,0,38,"6C1DEBA09A25","",114284

+UUDF:6C1DEBA5F777,-55,-73,-22,0,38,"6C1DEBA09A25","",114389

+UUDF:6C1DEBA5F777,-55,-73,-21,0,38,"6C1DEBA09A25","",114498

+UUDF:6C1DEBA5F777,-55,-73,-21,0,38,"6C1DEBA09A25","",114608

+UUDF:6C1DEBA5F777,-55,-72,-21,0,38,"6C1DEBA09A25","",114714

+UUDF:6C1DEBA5F777,-55,-72,-20,0,38,"6C1DEBA09A25","",115032

+UUDF:6C1DEBA5F777,-55,-72,-20,0,38,"6C1DEBA09A25","",115137

+UUDF:6C1DEBA5F777,-56,-72,-20,0,37,"6C1DEBA09A25","",115347

+UUDF:6C1DEBA5F777,-55,-72,-20,0,38,"6C1DEBA09A25","",115662

+UUDF:6C1DEBA5F777,-55,-71,-20,0,37,"6C1DEBA09A25","",115770

+UUDF:6C1DEBA5F777,-56,7,-42,0,37,"6C1DEBA09A25","",115875

+UUDF:6C1DEBA5F777,-55,7,-42,0,38,"6C1DEBA09A25","",115982

+UUDF:6C1DEBA5F777,-55,-70,-22,0,38,"6C1DEBA09A25","",116089

+UUDF:6C1DEBA5F777,-55,7,-41,0,37,"6C1DEBA09A25","",116417

+UUDF:6C1DEBA5F777,-55,-70,-22,0,38,"6C1DEBA09A25","",116624

+UUDF:6C1DEBA5F777,-55,-71,-22,0,38,"6C1DEBA09A25","",116830

+UUDF:6C1DEBA5F777,-55,-70,-22,0,38,"6C1DEBA09A25","",116939

+UUDF:6C1DEBA5F777,-55,-71,-22,0,38,"6C1DEBA09A25","",117144

+UUDF:6C1DEBA5F777,-55,-71,-22,0,37,"6C1DEBA09A25","",117244

+UUDF:6C1DEBA5F777,-55,-71,-22,0,38,"6C1DEBA09A25","",117348

+UUDF:6C1DEBA5F777,-55,-72,-21,0,38,"6C1DEBA09A25","",117865

+UUDF:6C1DEBA5F777,-55,-72,-22,0,37,"6C1DEBA09A25","",117968

+UUDF:6C1DEBA5F777,-55,-70,-21,0,38,"6C1DEBA09A25","",118282

+UUDF:6C1DEBA5F777,-55,-72,-21,0,38,"6C1DEBA09A25","",118387

+UUDF:6C1DEBA5F777,-56,-70,-21,0,37,"6C1DEBA09A25","",118493

+UUDF:6C1DEBA5F777,-55,7,-41,0,37,"6C1DEBA09A25","",119232

+UUDF:6C1DEBA5F777,-56,7,-41,0,37,"6C1DEBA09A25","",119336

+UUDF:6C1DEBA5F777,-55,7,-41,0,38,"6C1DEBA09A25","",119437

+UUDF:6C1DEBA5F777,-55,9,-42,0,37,"6C1DEBA09A25","",119537

+UUDF:6C1DEBA5F777,-55,9,-42,0,38,"6C1DEBA09A25","",119643

+UUDF:6C1DEBA5F777,-55,9,-42,0,37,"6C1DEBA09A25","",119959

+UUDF:6C1DEBA5F777,-55,-70,-22,0,38,"6C1DEBA09A25","",120061

+UUDF:6C1DEBA5F777,-55,-69,-22,0,38,"6C1DEBA09A25","",120168

+UUDF:6C1DEBA5F777,-55,-72,-22,0,38,"6C1DEBA09A25","",120269

+UUDF:6C1DEBA5F777,-55,-72,-22,0,38,"6C1DEBA09A25","",120375

+UUDF:6C1DEBA5F777,-56,-72,-22,0,37,"6C1DEBA09A25","",120692

+UUDF:6C1DEBA5F777,-55,-69,-22,0,37,"6C1DEBA09A25","",121012

+UUDF:6C1DEBA5F777,-55,-72,-22,0,38,"6C1DEBA09A25","",121336

+UUDF:6C1DEBA5F777,-55,7,-41,0,37,"6C1DEBA09A25","",121643

+UUDF:6C1DEBA5F777,-55,7,-41,0,38,"6C1DEBA09A25","",121962

+UUDF:6C1DEBA5F777,-56,6,-41,0,37,"6C1DEBA09A25","",122173

+UUDF:6C1DEBA5F777,-56,6,-41,0,37,"6C1DEBA09A25","",122378

+UUDF:6C1DEBA5F777,-55,8,-42,0,37,"6C1DEBA09A25","",122694

+UUDF:6C1DEBA5F777,-55,6,-42,0,38,"6C1DEBA09A25","",122799

+UUDF:6C1DEBA5F777,-56,8,-42,0,37,"6C1DEBA09A25","",123206

+UUDF:6C1DEBA5F777,-55,8,-42,0,37,"6C1DEBA09A25","",123622

+UUDF:6C1DEBA5F777,-55,8,-42,0,37,"6C1DEBA09A25","",123731

+UUDF:6C1DEBA5F777,-55,8,-42,0,38,"6C1DEBA09A25","",123833

+UUDF:6C1DEBA5F777,-55,8,-42,0,38,"6C1DEBA09A25","",123939

+UUDF:6C1DEBA5F777,-56,8,-42,0,37,"6C1DEBA09A25","",124047

+UUDF:6C1DEBA5F777,-56,8,-42,0,37,"6C1DEBA09A25","",124263

+UUDF:6C1DEBA5F777,-56,8,-41,0,37,"6C1DEBA09A25","",124368

+UUDF:6C1DEBA5F777,-56,8,-42,0,37,"6C1DEBA09A25","",124676

+UUDF:6C1DEBA5F777,-56,8,-42,0,37,"6C1DEBA09A25","",124780

+UUDF:6C1DEBA5F777,-55,8,-41,0,38,"6C1DEBA09A25","",124889

+UUDF:6C1DEBA5F777,-55,7,-41,0,38,"6C1DEBA09A25","",124996

+UUDF:6C1DEBA5F777,-55,-72,-22,0,38,"6C1DEBA09A25","",125631

+UUDF:6C1DEBA5F777,-56,-72,-22,0,37,"6C1DEBA09A25","",126151

+UUDF:6C1DEBA5F777,-56,-70,-42,0,37,"6C1DEBA09A25","",126461

+UUDF:6C1DEBA5F777,-55,-72,-42,0,38,"6C1DEBA09A25","",126568

+UUDF:6C1DEBA5F777,-56,9,-42,0,37,"6C1DEBA09A25","",126675

+UUDF:6C1DEBA5F777,-55,-72,-42,0,38,"6C1DEBA09A25","",126777

+UUDF:6C1DEBA5F777,-56,-72,-42,0,37,"6C1DEBA09A25","",126987

+UUDF:6C1DEBA5F777,-55,-70,-42,0,38,"6C1DEBA09A25","",127097

+UUDF:6C1DEBA5F777,-55,-72,-21,0,38,"6C1DEBA09A25","",127206

+UUDF:6C1DEBA5F777,-55,-73,-21,0,38,"6C1DEBA09A25","",127418

+UUDF:6C1DEBA5F777,-55,-73,-20,0,38,"6C1DEBA09A25","",127521

+UUDF:6C1DEBA5F777,-55,-73,-21,0,38,"6C1DEBA09A25","",127625

+UUDF:6C1DEBA5F777,-55,-73,-20,0,38,"6C1DEBA09A25","",127727

+UUDF:6C1DEBA5F777,-55,-71,-21,0,37,"6C1DEBA09A25","",127930

+UUDF:6C1DEBA5F777,-55,-71,-21,0,38,"6C1DEBA09A25","",128031

+UUDF:6C1DEBA5F777,-56,-71,-42,0,37,"6C1DEBA09A25","",128137

+UUDF:6C1DEBA5F777,-56,8,-43,0,37,"6C1DEBA09A25","",128244

+UUDF:6C1DEBA5F777,-56,8,-43,0,37,"6C1DEBA09A25","",128459

+UUDF:6C1DEBA5F777,-55,8,-43,0,38,"6C1DEBA09A25","",128669

+UUDF:6C1DEBA5F777,-55,-72,-42,0,38,"6C1DEBA09A25","",128771

+UUDF:6C1DEBA5F777,-56,-72,-41,0,37,"6C1DEBA09A25","",128879

+UUDF:6C1DEBA5F777,-56,-72,-41,0,37,"6C1DEBA09A25","",128989

+UUDF:6C1DEBA5F777,-55,8,-42,0,37,"6C1DEBA09A25","",129090

+UUDF:6C1DEBA5F777,-56,8,-43,0,37,"6C1DEBA09A25","",129194

+UUDF:6C1DEBA5F777,-55,8,-43,0,38,"6C1DEBA09A25","",129302

+UUDF:6C1DEBA5F777,-56,8,-43,0,37,"6C1DEBA09A25","",129406

+UUDF:6C1DEBA5F777,-55,-69,-42,0,38,"6C1DEBA09A25","",129510

+UUDF:6C1DEBA5F777,-55,-69,-42,0,37,"6C1DEBA09A25","",129933

+UUDF:6C1DEBA5F777,-55,-70,-42,0,38,"6C1DEBA09A25","",130143

+UUDF:6C1DEBA5F777,-55,-72,-22,0,38,"6C1DEBA09A25","",130243

+UUDF:6C1DEBA5F777,-56,-72,-43,0,37,"6C1DEBA09A25","",130550

+UUDF:6C1DEBA5F777,-56,-72,-42,0,37,"6C1DEBA09A25","",130756

+UUDF:6C1DEBA5F777,-55,-72,-42,0,38,"6C1DEBA09A25","",130865

+UUDF:6C1DEBA5F777,-55,-72,-42,0,38,"6C1DEBA09A25","",131277

+UUDF:6C1DEBA5F777,-55,-72,-22,0,38,"6C1DEBA09A25","",131380

+UUDF:6C1DEBA5F777,-56,-72,-42,0,37,"6C1DEBA09A25","",131588

+UUDF:6C1DEBA5F777,-56,-72,-42,0,37,"6C1DEBA09A25","",131688

+UUDF:6C1DEBA5F777,-56,-72,-42,0,37,"6C1DEBA09A25","",132325

+UUDF:6C1DEBA5F777,-56,8,-42,0,37,"6C1DEBA09A25","",132536

+UUDF:6C1DEBA5F777,-56,8,-43,0,37,"6C1DEBA09A25","",132639

+UUDF:6C1DEBA5F777,-55,8,-43,0,38,"6C1DEBA09A25","",132954

+UUDF:6C1DEBA5F777,-55,8,-42,0,38,"6C1DEBA09A25","",133160

+UUDF:6C1DEBA5F777,-55,-69,-41,0,38,"6C1DEBA09A25","",133262

+UUDF:6C1DEBA5F777,-55,-72,-21,0,38,"6C1DEBA09A25","",133365

+UUDF:6C1DEBA5F777,-55,-72,-21,0,38,"6C1DEBA09A25","",133580

+UUDF:6C1DEBA5F777,-55,-73,-20,0,38,"6C1DEBA09A25","",133682

+UUDF:6C1DEBA5F777,-55,-72,-21,0,38,"6C1DEBA09A25","",133788

+UUDF:6C1DEBA5F777,-55,-73,-20,0,38,"6C1DEBA09A25","",133891

+UUDF:6C1DEBA5F777,-55,-73,-20,0,38,"6C1DEBA09A25","",133994

+UUDF:6C1DEBA5F777,-56,-73,-21,0,37,"6C1DEBA09A25","",134195

+UUDF:6C1DEBA5F777,-55,-73,-21,0,38,"6C1DEBA09A25","",134300

+UUDF:6C1DEBA5F777,-56,-72,-22,0,37,"6C1DEBA09A25","",134725

+UUDF:6C1DEBA5F777,-56,9,-43,0,37,"6C1DEBA09A25","",134831

+UUDF:6C1DEBA5F777,-56,10,-43,0,37,"6C1DEBA09A25","",134938

+UUDF:6C1DEBA5F777,-56,10,-43,0,37,"6C1DEBA09A25","",135048

+UUDF:6C1DEBA5F777,-55,9,-43,0,38,"6C1DEBA09A25","",135155

+UUDF:6C1DEBA5F777,-55,9,-43,0,38,"6C1DEBA09A25","",135259

+UUDF:6C1DEBA5F777,-55,-72,-41,0,38,"6C1DEBA09A25","",135369

+UUDF:6C1DEBA5F777,-55,-72,-21,0,38,"6C1DEBA09A25","",135472

+UUDF:6C1DEBA5F777,-55,-72,-21,0,38,"6C1DEBA09A25","",135994

+UUDF:6C1DEBA5F777,-55,-72,-21,0,38,"6C1DEBA09A25","",136100

+UUDF:6C1DEBA5F777,-56,-72,-21,0,37,"6C1DEBA09A25","",136205

+UUDF:6C1DEBA5F777,-55,-72,-21,0,38,"6C1DEBA09A25","",136307

+UUDF:6C1DEBA5F777,-56,-72,-22,0,37,"6C1DEBA09A25","",136519

+UUDF:6C1DEBA5F777,-55,-73,-21,0,38,"6C1DEBA09A25","",137035

+UUDF:6C1DEBA5F777,-55,-72,-21,0,38,"6C1DEBA09A25","",137139

+UUDF:6C1DEBA5F777,-55,-72,-21,0,38,"6C1DEBA09A25","",137244

+UUDF:6C1DEBA5F777,-55,-72,-21,0,38,"6C1DEBA09A25","",137349

+UUDF:6C1DEBA5F777,-55,-73,-21,0,38,"6C1DEBA09A25","",137669

+UUDF:6C1DEBA5F777,-55,-73,-21,0,38,"6C1DEBA09A25","",137779

+UUDF:6C1DEBA5F777,-56,-73,-22,0,37,"6C1DEBA09A25","",137994

+UUDF:6C1DEBA5F777,-55,-73,-22,0,38,"6C1DEBA09A25","",138199

+UUDF:6C1DEBA5F777,-56,-69,-23,0,37,"6C1DEBA09A25","",138508

+UUDF:6C1DEBA5F777,-55,-69,-23,0,38,"6C1DEBA09A25","",138725

+UUDF:6C1DEBA5F777,-55,-69,-21,0,38,"6C1DEBA09A25","",139150

+UUDF:6C1DEBA5F777,-56,-69,-21,0,37,"6C1DEBA09A25","",139254

+UUDF:6C1DEBA5F777,-55,-70,-21,0,38,"6C1DEBA09A25","",139471

+UUDF:6C1DEBA5F777,-55,-70,-21,0,38,"6C1DEBA09A25","",139581

+UUDF:6C1DEBA5F777,-56,-70,-21,0,37,"6C1DEBA09A25","",139792

+UUDF:6C1DEBA5F777,-56,8,-40,0,37,"6C1DEBA09A25","",140005

+UUDF:6C1DEBA5F777,-55,-70,-21,0,38,"6C1DEBA09A25","",140109

+UUDF:6C1DEBA5F777,-56,8,-40,0,37,"6C1DEBA09A25","",140212

+UUDF:6C1DEBA5F777,-56,8,-42,0,37,"6C1DEBA09A25","",140525

+UUDF:6C1DEBA5F777,-56,8,-42,0,37,"6C1DEBA09A25","",140735

+UUDF:6C1DEBA5F777,-56,8,-42,0,37,"6C1DEBA09A25","",140837

+UUDF:6C1DEBA5F777,-55,8,-42,0,38,"6C1DEBA09A25","",141150

+UUDF:6C1DEBA5F777,-55,-70,-42,0,38,"6C1DEBA09A25","",141674

+UUDF:6C1DEBA5F777,-56,-70,-42,0,37,"6C1DEBA09A25","",142313

+UUDF:6C1DEBA5F777,-55,-71,-21,0,38,"6C1DEBA09A25","",143042

+UUDF:6C1DEBA5F777,-56,-71,-42,0,37,"6C1DEBA09A25","",143149

+UUDF:6C1DEBA5F777,-56,8,-43,0,37,"6C1DEBA09A25","",143250

+UUDF:6C1DEBA5F777,-56,8,-43,0,37,"6C1DEBA09A25","",143462

+UUDF:6C1DEBA5F777,-55,8,-43,0,37,"6C1DEBA09A25","",143567

+UUDF:6C1DEBA5F777,-56,8,-42,0,37,"6C1DEBA09A25","",143674

+UUDF:6C1DEBA5F777,-55,8,-42,0,38,"6C1DEBA09A25","",143888

+UUDF:6C1DEBA5F777,-56,8,-42,0,37,"6C1DEBA09A25","",144404

+UUDF:6C1DEBA5F777,-55,-74,-41,0,38,"6C1DEBA09A25","",144610

+UUDF:6C1DEBA5F777,-55,-74,-21,0,38,"6C1DEBA09A25","",144715

+UUDF:6C1DEBA5F777,-56,-73,-41,0,37,"6C1DEBA09A25","",144930

+UUDF:6C1DEBA5F777,-55,-73,-21,0,38,"6C1DEBA09A25","",145038

+UUDF:6C1DEBA5F777,-55,-73,-21,0,38,"6C1DEBA09A25","",145147

+UUDF:6C1DEBA5F777,-55,-71,-21,0,38,"6C1DEBA09A25","",145363

+UUDF:6C1DEBA5F777,-56,-71,-21,0,37,"6C1DEBA09A25","",145678

+UUDF:6C1DEBA5F777,-55,-69,-41,0,37,"6C1DEBA09A25","",145990

+UUDF:6C1DEBA5F777,-55,-69,-41,0,38,"6C1DEBA09A25","",146093

+UUDF:6C1DEBA5F777,-55,8,-42,0,37,"6C1DEBA09A25","",146410

+UUDF:6C1DEBA5F777,-55,9,-43,0,37,"6C1DEBA09A25","",146518

+UUDF:6C1DEBA5F777,-56,8,-42,0,37,"6C1DEBA09A25","",146624

+UUDF:6C1DEBA5F777,-55,8,-42,0,38,"6C1DEBA09A25","",146730

+UUDF:6C1DEBA5F777,-55,8,-42,0,37,"6C1DEBA09A25","",146830

+UUDF:6C1DEBA5F777,-55,8,-42,0,37,"6C1DEBA09A25","",146932

+UUDF:6C1DEBA5F777,-55,-71,-42,0,38,"6C1DEBA09A25","",147035

+UUDF:6C1DEBA5F777,-55,7,-42,0,37,"6C1DEBA09A25","",147141

+UUDF:6C1DEBA5F777,-55,-71,-41,0,38,"6C1DEBA09A25","",147352

+UUDF:6C1DEBA5F777,-55,-71,-22,0,38,"6C1DEBA09A25","",147876

+UUDF:6C1DEBA5F777,-55,-71,-41,0,37,"6C1DEBA09A25","",147979

+UUDF:6C1DEBA5F777,-56,-71,-42,0,37,"6C1DEBA09A25","",148182

+UUDF:6C1DEBA5F777,-56,8,-43,0,37,"6C1DEBA09A25","",148287

+UUDF:6C1DEBA5F777,-55,9,-43,0,37,"6C1DEBA09A25","",148497

+UUDF:6C1DEBA5F777,-55,8,-42,0,38,"6C1DEBA09A25","",148604

+UUDF:6C1DEBA5F777,-55,-72,-42,0,38,"6C1DEBA09A25","",148914

+UUDF:6C1DEBA5F777,-55,-72,-21,0,38,"6C1DEBA09A25","",149331

+UUDF:6C1DEBA5F777,-56,-72,-21,0,37,"6C1DEBA09A25","",149432

+UUDF:6C1DEBA5F777,-55,-71,-41,0,37,"6C1DEBA09A25","",149536

+UUDF:6C1DEBA5F777,-55,-71,-41,0,38,"6C1DEBA09A25","",149850

+UUDF:6C1DEBA5F777,-55,8,-42,0,37,"6C1DEBA09A25","",150164

+UUDF:6C1DEBA5F777,-56,7,-42,0,37,"6C1DEBA09A25","",150273

+UUDF:6C1DEBA5F777,-55,-74,-42,0,38,"6C1DEBA09A25","",150591

+UUDF:6C1DEBA5F777,-55,-72,-42,0,38,"6C1DEBA09A25","",150693

+UUDF:6C1DEBA5F777,-55,-72,-21,0,38,"6C1DEBA09A25","",150799

+UUDF:6C1DEBA5F777,-55,-73,-21,0,38,"6C1DEBA09A25","",150907

+UUDF:6C1DEBA5F777,-55,-73,-21,0,38,"6C1DEBA09A25","",151321

+UUDF:6C1DEBA5F777,-55,-72,-21,0,38,"6C1DEBA09A25","",151536

+UUDF:6C1DEBA5F777,-56,-72,-21,0,37,"6C1DEBA09A25","",151636

+UUDF:6C1DEBA5F777,-56,-72,-21,0,37,"6C1DEBA09A25","",151738

+UUDF:6C1DEBA5F777,-55,7,-42,0,37,"6C1DEBA09A25","",151842

+UUDF:6C1DEBA5F777,-56,8,-42,0,37,"6C1DEBA09A25","",152151

+UUDF:6C1DEBA5F777,-55,8,-42,0,38,"6C1DEBA09A25","",152362

+UUDF:6C1DEBA5F777,-56,9,-42,0,37,"6C1DEBA09A25","",152675

+UUDF:6C1DEBA5F777,-55,9,-42,0,37,"6C1DEBA09A25","",152878

+UUDF:6C1DEBA5F777,-55,8,-40,0,38,"6C1DEBA09A25","",152982

+UUDF:6C1DEBA5F777,-55,-72,-22,0,38,"6C1DEBA09A25","",153088

+UUDF:6C1DEBA5F777,-56,7,-40,0,37,"6C1DEBA09A25","",153293

+UUDF:6C1DEBA5F777,-56,7,-40,0,37,"6C1DEBA09A25","",153397

+UUDF:6C1DEBA5F777,-55,-71,-22,0,38,"6C1DEBA09A25","",153817

+UUDF:6C1DEBA5F777,-56,7,-40,0,37,"6C1DEBA09A25","",153919

+UUDF:6C1DEBA5F777,-55,7,-40,0,38,"6C1DEBA09A25","",154027

+UUDF:6C1DEBA5F777,-56,7,-40,0,37,"6C1DEBA09A25","",154132

+UUDF:6C1DEBA5F777,-55,-71,-23,0,38,"6C1DEBA09A25","",154237

+UUDF:6C1DEBA5F777,-56,7,-42,0,37,"6C1DEBA09A25","",154338

+UUDF:6C1DEBA5F777,-55,-72,-23,0,38,"6C1DEBA09A25","",154448

+UUDF:6C1DEBA5F777,-55,-72,-22,0,38,"6C1DEBA09A25","",154557

+UUDF:6C1DEBA5F777,-55,-73,-21,0,38,"6C1DEBA09A25","",154664

+UUDF:6C1DEBA5F777,-55,-72,-21,0,38,"6C1DEBA09A25","",154765

+UUDF:6C1DEBA5F777,-55,-72,-21,0,37,"6C1DEBA09A25","",154871

+UUDF:6C1DEBA5F777,-55,-72,-21,0,38,"6C1DEBA09A25","",154979

+UUDF:6C1DEBA5F777,-55,-72,-21,0,38,"6C1DEBA09A25","",155396

+UUDF:6C1DEBA5F777,-55,-72,-22,0,37,"6C1DEBA09A25","",155497

+UUDF:6C1DEBA5F777,-55,-70,-23,0,38,"6C1DEBA09A25","",155911

+UUDF:6C1DEBA5F777,-56,-70,-23,0,37,"6C1DEBA09A25","",156014

+UUDF:6C1DEBA5F777,-55,-70,-23,0,38,"6C1DEBA09A25","",156228

+UUDF:6C1DEBA5F777,-56,6,-41,0,37,"6C1DEBA09A25","",156539

+UUDF:6C1DEBA5F777,-56,6,-41,0,37,"6C1DEBA09A25","",156642

+UUDF:6C1DEBA5F777,-56,6,-41,0,37,"6C1DEBA09A25","",156851

+UUDF:6C1DEBA5F777,-55,6,-41,0,38,"6C1DEBA09A25","",156956

+UUDF:6C1DEBA5F777,-56,8,-41,0,37,"6C1DEBA09A25","",157057

+UUDF:6C1DEBA5F777,-56,8,-42,0,37,"6C1DEBA09A25","",157272

+UUDF:6C1DEBA5F777,-55,8,-41,0,38,"6C1DEBA09A25","",157591

+UUDF:6C1DEBA5F777,-55,-71,-41,0,38,"6C1DEBA09A25","",157693

+UUDF:6C1DEBA5F777,-55,-71,-42,0,37,"6C1DEBA09A25","",157910

+UUDF:6C1DEBA5F777,-55,8,-42,0,37,"6C1DEBA09A25","",158125

+UUDF:6C1DEBA5F777,-56,7,-42,0,37,"6C1DEBA09A25","",158232

+UUDF:6C1DEBA5F777,-55,-72,-42,0,38,"6C1DEBA09A25","",158445

+UUDF:6C1DEBA5F777,-55,7,-42,0,37,"6C1DEBA09A25","",158545

+UUDF:6C1DEBA5F777,-55,7,-42,0,38,"6C1DEBA09A25","",158650

+UUDF:6C1DEBA5F777,-56,7,-42,0,37,"6C1DEBA09A25","",158751

+UUDF:6C1DEBA5F777,-56,7,-42,0,37,"6C1DEBA09A25","",158856

+UUDF:6C1DEBA5F777,-56,7,-43,0,37,"6C1DEBA09A25","",158962

+UUDF:6C1DEBA5F777,-55,7,-43,0,38,"6C1DEBA09A25","",159172

+UUDF:6C1DEBA5F777,-55,7,-42,0,37,"6C1DEBA09A25","",159280

+UUDF:6C1DEBA5F777,-55,7,-42,0,38,"6C1DEBA09A25","",159386

+UUDF:6C1DEBA5F777,-55,-72,-41,0,38,"6C1DEBA09A25","",159596

+UUDF:6C1DEBA5F777,-56,-72,-42,0,37,"6C1DEBA09A25","",159803

+UUDF:6C1DEBA5F777,-55,-72,-21,0,38,"6C1DEBA09A25","",159907

+UUDF:6C1DEBA5F777,-55,-72,-41,0,37,"6C1DEBA09A25","",160118

+UUDF:6C1DEBA5F777,-55,-72,-41,0,37,"6C1DEBA09A25","",160222

+UUDF:6C1DEBA5F777,-55,-72,-41,0,38,"6C1DEBA09A25","",160430

+UUDF:6C1DEBA5F777,-56,8,-43,0,37,"6C1DEBA09A25","",160641

+UUDF:6C1DEBA5F777,-55,-72,-41,0,38,"6C1DEBA09A25","",160751

+UUDF:6C1DEBA5F777,-56,9,-41,0,37,"6C1DEBA09A25","",160955

+UUDF:6C1DEBA5F777,-55,9,-43,0,37,"6C1DEBA09A25","",161058

+UUDF:6C1DEBA5F777,-56,9,-43,0,37,"6C1DEBA09A25","",161267

+UUDF:6C1DEBA5F777,-56,9,-43,0,37,"6C1DEBA09A25","",161482

+UUDF:6C1DEBA5F777,-56,9,-43,0,37,"6C1DEBA09A25","",161691

+UUDF:6C1DEBA5F777,-55,9,-43,0,37,"6C1DEBA09A25","",161897

+UUDF:6C1DEBA5F777,-55,9,-43,0,38,"6C1DEBA09A25","",162319

+UUDF:6C1DEBA5F777,-55,8,-43,0,38,"6C1DEBA09A25","",162423

+UUDF:6C1DEBA5F777,-56,8,-43,0,37,"6C1DEBA09A25","",162737

+UUDF:6C1DEBA5F777,-55,-72,-41,0,38,"6C1DEBA09A25","",162845

+UUDF:6C1DEBA5F777,-55,-72,-22,0,38,"6C1DEBA09A25","",163375

+UUDF:6C1DEBA5F777,-56,-72,-22,0,37,"6C1DEBA09A25","",163484

+UUDF:6C1DEBA5F777,-55,-73,-22,0,38,"6C1DEBA09A25","",163585

+UUDF:6C1DEBA5F777,-56,-72,-43,0,37,"6C1DEBA09A25","",163691

+UUDF:6C1DEBA5F777,-56,-72,-41,0,37,"6C1DEBA09A25","",163794

+UUDF:6C1DEBA5F777,-55,-72,-41,0,38,"6C1DEBA09A25","",164626

+UUDF:6C1DEBA5F777,-55,-72,-41,0,38,"6C1DEBA09A25","",164728

+UUDF:6C1DEBA5F777,-55,-72,-22,0,38,"6C1DEBA09A25","",164936

+UUDF:6C1DEBA5F777,-55,-72,-20,0,38,"6C1DEBA09A25","",165039

+UUDF:6C1DEBA5F777,-55,-72,-20,0,38,"6C1DEBA09A25","",165145

+UUDF:6C1DEBA5F777,-55,-72,-20,0,38,"6C1DEBA09A25","",165249

+UUDF:6C1DEBA5F777,-55,-72,-20,0,38,"6C1DEBA09A25","",165349

+UUDF:6C1DEBA5F777,-55,-72,-20,0,38,"6C1DEBA09A25","",165453

+UUDF:6C1DEBA5F777,-56,-71,-20,0,37,"6C1DEBA09A25","",165766

+UUDF:6C1DEBA5F777,-55,-71,-20,0,38,"6C1DEBA09A25","",166073

+UUDF:6C1DEBA5F777,-55,-67,-21,0,37,"6C1DEBA09A25","",166177

+UUDF:6C1DEBA5F777,-56,8,-42,0,37,"6C1DEBA09A25","",166596

+UUDF:6C1DEBA5F777,-55,8,-42,0,38,"6C1DEBA09A25","",166705

+UUDF:6C1DEBA5F777,-56,7,-42,0,37,"6C1DEBA09A25","",167023

+UUDF:6C1DEBA5F777,-55,7,-42,0,38,"6C1DEBA09A25","",167130

+UUDF:6C1DEBA5F777,-55,-68,-22,0,38,"6C1DEBA09A25","",167337

+UUDF:6C1DEBA5F777,-56,-68,-22,0,37,"6C1DEBA09A25","",167445

+UUDF:6C1DEBA5F777,-55,-68,-21,0,38,"6C1DEBA09A25","",167661

+UUDF:6C1DEBA5F777,-56,-68,-21,0,37,"6C1DEBA09A25","",167870

+UUDF:6C1DEBA5F777,-56,8,-42,0,37,"6C1DEBA09A25","",168293

+UUDF:6C1DEBA5F777,-55,9,-42,0,38,"6C1DEBA09A25","",168600

+UUDF:6C1DEBA5F777,-55,8,-23,0,38,"6C1DEBA09A25","",168812

+UUDF:6C1DEBA5F777,-55,8,-23,0,38,"6C1DEBA09A25","",168914

+UUDF:6C1DEBA5F777,-55,-71,-23,0,38,"6C1DEBA09A25","",169021

+UUDF:6C1DEBA5F777,-55,-72,-22,0,38,"6C1DEBA09A25","",169342

+UUDF:6C1DEBA5F777,-56,-72,-23,0,37,"6C1DEBA09A25","",169444

+UUDF:6C1DEBA5F777,-55,-72,-22,0,38,"6C1DEBA09A25","",169549

+UUDF:6C1DEBA5F777,-55,-72,-23,0,37,"6C1DEBA09A25","",169864

+UUDF:6C1DEBA5F777,-56,8,-42,0,37,"6C1DEBA09A25","",169968

+UUDF:6C1DEBA5F777,-56,8,-42,0,37,"6C1DEBA09A25","",170183

+UUDF:6C1DEBA5F777,-55,8,-42,0,38,"6C1DEBA09A25","",170396

+UUDF:6C1DEBA5F777,-55,-73,-42,0,38,"6C1DEBA09A25","",170503

+UUDF:6C1DEBA5F777,-55,-73,-41,0,37,"6C1DEBA09A25","",170811

+UUDF:6C1DEBA5F777,-56,-73,-41,0,37,"6C1DEBA09A25","",171016

+UUDF:6C1DEBA5F777,-56,8,-41,0,37,"6C1DEBA09A25","",171124

+UUDF:6C1DEBA5F777,-56,8,-41,0,37,"6C1DEBA09A25","",171225

+UUDF:6C1DEBA5F777,-56,8,-42,0,37,"6C1DEBA09A25","",171539

+UUDF:6C1DEBA5F777,-56,8,-43,0,37,"6C1DEBA09A25","",171648

+UUDF:6C1DEBA5F777,-56,8,-43,0,37,"6C1DEBA09A25","",171862

+UUDF:6C1DEBA5F777,-55,8,-43,0,38,"6C1DEBA09A25","",172488

+UUDF:6C1DEBA5F777,-55,-72,-43,0,38,"6C1DEBA09A25","",173015

+UUDF:6C1DEBA5F777,-56,-72,-43,0,37,"6C1DEBA09A25","",173121

+UUDF:6C1DEBA5F777,-56,-72,-42,0,37,"6C1DEBA09A25","",173440

+UUDF:6C1DEBA5F777,-56,7,-42,0,37,"6C1DEBA09A25","",173549

+UUDF:6C1DEBA5F777,-56,7,-42,0,37,"6C1DEBA09A25","",173764

+UUDF:6C1DEBA5F777,-56,7,-42,0,37,"6C1DEBA09A25","",174181

+UUDF:6C1DEBA5F777,-55,7,-41,0,38,"6C1DEBA09A25","",174389

+UUDF:6C1DEBA5F777,-56,7,-42,0,37,"6C1DEBA09A25","",174495

+UUDF:6C1DEBA5F777,-56,8,-43,0,37,"6C1DEBA09A25","",174806

+UUDF:6C1DEBA5F777,-56,9,-43,0,37,"6C1DEBA09A25","",174915

+UUDF:6C1DEBA5F777,-55,9,-43,0,38,"6C1DEBA09A25","",175023

+UUDF:6C1DEBA5F777,-56,8,-43,0,37,"6C1DEBA09A25","",175128

+UUDF:6C1DEBA5F777,-55,-72,-41,0,38,"6C1DEBA09A25","",175334

+UUDF:6C1DEBA5F777,-55,-72,-41,0,37,"6C1DEBA09A25","",175441

+UUDF:6C1DEBA5F777,-55,-73,-41,0,38,"6C1DEBA09A25","",175544

+UUDF:6C1DEBA5F777,-55,-74,-22,0,38,"6C1DEBA09A25","",175645

+UUDF:6C1DEBA5F777,-56,-74,-42,0,37,"6C1DEBA09A25","",175746

+UUDF:6C1DEBA5F777,-55,-74,-21,0,38,"6C1DEBA09A25","",175854

+UUDF:6C1DEBA5F777,-55,-74,-21,0,38,"6C1DEBA09A25","",176385

+UUDF:6C1DEBA5F777,-55,-73,-22,0,38,"6C1DEBA09A25","",176811

+UUDF:6C1DEBA5F777,-55,-73,-21,0,38,"6C1DEBA09A25","",176912

+UUDF:6C1DEBA5F777,-55,-71,-21,0,38,"6C1DEBA09A25","",177020

+UUDF:6C1DEBA5F777,-56,-71,-22,0,37,"6C1DEBA09A25","",177126

+UUDF:6C1DEBA5F777,-55,-71,-21,0,38,"6C1DEBA09A25","",177339

+UUDF:6C1DEBA5F777,-55,-72,-21,0,38,"6C1DEBA09A25","",177443

+UUDF:6C1DEBA5F777,-56,-72,-42,0,37,"6C1DEBA09A25","",177543

+UUDF:6C1DEBA5F777,-56,-72,-42,0,37,"6C1DEBA09A25","",177755

+UUDF:6C1DEBA5F777,-55,-73,-42,0,38,"6C1DEBA09A25","",177963

+UUDF:6C1DEBA5F777,-55,-73,-42,0,38,"6C1DEBA09A25","",178065

+UUDF:6C1DEBA5F777,-55,-73,-42,0,37,"6C1DEBA09A25","",178173

+UUDF:6C1DEBA5F777,-55,-73,-42,0,37,"6C1DEBA09A25","",178276

+UUDF:6C1DEBA5F777,-55,7,-43,0,37,"6C1DEBA09A25","",178483

+UUDF:6C1DEBA5F777,-55,7,-43,0,38,"6C1DEBA09A25","",178591

+UUDF:6C1DEBA5F777,-55,-73,-42,0,38,"6C1DEBA09A25","",178691

+UUDF:6C1DEBA5F777,-55,-73,-42,0,37,"6C1DEBA09A25","",178791

+UUDF:6C1DEBA5F777,-55,-73,-23,0,38,"6C1DEBA09A25","",179321

+UUDF:6C1DEBA5F777,-56,-71,-42,0,37,"6C1DEBA09A25","",179740

+UUDF:6C1DEBA5F777,-56,7,-42,0,37,"6C1DEBA09A25","",179848

+UUDF:6C1DEBA5F777,-55,-71,-42,0,38,"6C1DEBA09A25","",180063

+UUDF:6C1DEBA5F777,-55,-71,-42,0,38,"6C1DEBA09A25","",180167

+UUDF:6C1DEBA5F777,-56,-71,-41,0,37,"6C1DEBA09A25","",180267

+UUDF:6C1DEBA5F777,-55,-71,-22,0,38,"6C1DEBA09A25","",180372

+UUDF:6C1DEBA5F777,-55,-71,-22,0,38,"6C1DEBA09A25","",180479

+UUDF:6C1DEBA5F777,-55,-71,-22,0,38,"6C1DEBA09A25","",180583

+UUDF:6C1DEBA5F777,-55,-71,-23,0,37,"6C1DEBA09A25","",180792

+UUDF:6C1DEBA5F777,-56,-71,-23,0,37,"6C1DEBA09A25","",180900

+UUDF:6C1DEBA5F777,-55,-71,-23,0,38,"6C1DEBA09A25","",181004

+UUDF:6C1DEBA5F777,-55,-71,-23,0,38,"6C1DEBA09A25","",181216

+UUDF:6C1DEBA5F777,-56,7,-41,0,37,"6C1DEBA09A25","",181424

+UUDF:6C1DEBA5F777,-56,7,-41,0,37,"6C1DEBA09A25","",181524

+UUDF:6C1DEBA5F777,-55,-71,-22,0,38,"6C1DEBA09A25","",181631

+UUDF:6C1DEBA5F777,-56,7,-41,0,37,"6C1DEBA09A25","",181741

+UUDF:6C1DEBA5F777,-55,7,-41,0,37,"6C1DEBA09A25","",181848

+UUDF:6C1DEBA5F777,-56,8,-42,0,37,"6C1DEBA09A25","",182370

+UUDF:6C1DEBA5F777,-56,8,-42,0,37,"6C1DEBA09A25","",182577

+UUDF:6C1DEBA5F777,-55,8,-42,0,38,"6C1DEBA09A25","",182680

+UUDF:6C1DEBA5F777,-55,7,-41,0,38,"6C1DEBA09A25","",182894

+UUDF:6C1DEBA5F777,-56,8,-42,0,37,"6C1DEBA09A25","",182995

+UUDF:6C1DEBA5F777,-55,-72,-21,0,38,"6C1DEBA09A25","",183206

+UUDF:6C1DEBA5F777,-56,-72,-21,0,37,"6C1DEBA09A25","",183310

+UUDF:6C1DEBA5F777,-55,9,-42,0,37,"6C1DEBA09A25","",183829

+UUDF:6C1DEBA5F777,-56,9,-42,0,37,"6C1DEBA09A25","",183935

+UUDF:6C1DEBA5F777,-55,8,-41,0,38,"6C1DEBA09A25","",184044

+UUDF:6C1DEBA5F777,-56,9,-41,0,37,"6C1DEBA09A25","",184257

+UUDF:6C1DEBA5F777,-55,8,-41,0,38,"6C1DEBA09A25","",184571

+UUDF:6C1DEBA5F777,-55,-70,-21,0,38,"6C1DEBA09A25","",184677

+UUDF:6C1DEBA5F777,-55,-70,-21,0,38,"6C1DEBA09A25","",184885

+UUDF:6C1DEBA5F777,-55,-70,-21,0,38,"6C1DEBA09A25","",185097

+UUDF:6C1DEBA5F777,-56,-70,-21,0,37,"6C1DEBA09A25","",185717

+UUDF:6C1DEBA5F777,-55,-72,-21,0,38,"6C1DEBA09A25","",185935

+UUDF:6C1DEBA5F777,-56,-72,-22,0,37,"6C1DEBA09A25","",186035

+UUDF:6C1DEBA5F777,-55,7,-41,0,37,"6C1DEBA09A25","",186140

+UUDF:6C1DEBA5F777,-56,8,-42,0,37,"6C1DEBA09A25","",186565

+UUDF:6C1DEBA5F777,-55,8,-41,0,37,"6C1DEBA09A25","",186667

+UUDF:6C1DEBA5F777,-55,8,-41,0,38,"6C1DEBA09A25","",186882

+UUDF:6C1DEBA5F777,-55,8,-41,0,38,"6C1DEBA09A25","",186991

+UUDF:6C1DEBA5F777,-56,7,-40,0,37,"6C1DEBA09A25","",187095

+UUDF:6C1DEBA5F777,-55,-69,-23,0,38,"6C1DEBA09A25","",187311

+UUDF:6C1DEBA5F777,-55,-71,-22,0,38,"6C1DEBA09A25","",187950

+UUDF:6C1DEBA5F777,-55,-71,-22,0,38,"6C1DEBA09A25","",188057

+UUDF:6C1DEBA5F777,-56,-69,-22,0,37,"6C1DEBA09A25","",188166

+UUDF:6C1DEBA5F777,-55,-69,-22,0,37,"6C1DEBA09A25","",188272

+UUDF:6C1DEBA5F777,-56,6,-40,0,37,"6C1DEBA09A25","",188378

+UUDF:6C1DEBA5F777,-56,7,-41,0,37,"6C1DEBA09A25","",188484

+UUDF:6C1DEBA5F777,-55,7,-41,0,38,"6C1DEBA09A25","",188695

+UUDF:6C1DEBA5F777,-55,7,-40,0,38,"6C1DEBA09A25","",189012

+UUDF:6C1DEBA5F777,-55,-70,-23,0,38,"6C1DEBA09A25","",189327

+UUDF:6C1DEBA5F777,-55,-71,-22,0,38,"6C1DEBA09A25","",189538

+UUDF:6C1DEBA5F777,-56,-71,-22,0,37,"6C1DEBA09A25","",189647

+UUDF:6C1DEBA5F777,-56,-70,-23,0,37,"6C1DEBA09A25","",189749

+UUDF:6C1DEBA5F777,-56,6,-40,0,37,"6C1DEBA09A25","",189958

+UUDF:6C1DEBA5F777,-55,7,-41,0,37,"6C1DEBA09A25","",190064

+UUDF:6C1DEBA5F777,-55,7,-41,0,38,"6C1DEBA09A25","",190165

+UUDF:6C1DEBA5F777,-56,7,-41,0,37,"6C1DEBA09A25","",190272

+UUDF:6C1DEBA5F777,-56,7,-42,0,37,"6C1DEBA09A25","",190372

+UUDF:6C1DEBA5F777,-56,7,-43,0,37,"6C1DEBA09A25","",190475

+UUDF:6C1DEBA5F777,-55,6,-43,0,38,"6C1DEBA09A25","",190578

+UUDF:6C1DEBA5F777,-55,6,-43,0,38,"6C1DEBA09A25","",190787

+UUDF:6C1DEBA5F777,-55,-31,-21,0,38,"6C1DEBA09A25","",190888

+UUDF:6C1DEBA5F777,-55,-31,-21,0,37,"6C1DEBA09A25","",191409

+UUDF:6C1DEBA5F777,-56,-31,-21,0,37,"6C1DEBA09A25","",191614

+UUDF:6C1DEBA5F777,-56,8,-42,0,37,"6C1DEBA09A25","",191719

+UUDF:6C1DEBA5F777,-56,8,-42,0,37,"6C1DEBA09A25","",191924

+UUDF:6C1DEBA5F777,-56,8,-43,0,37,"6C1DEBA09A25","",192024

+UUDF:6C1DEBA5F777,-55,8,-43,0,37,"6C1DEBA09A25","",192130

+UUDF:6C1DEBA5F777,-56,8,-43,0,37,"6C1DEBA09A25","",192231

+UUDF:6C1DEBA5F777,-55,7,-43,0,38,"6C1DEBA09A25","",192547

+UUDF:6C1DEBA5F777,-55,7,-43,0,38,"6C1DEBA09A25","",192657

+UUDF:6C1DEBA5F777,-56,8,-43,0,37,"6C1DEBA09A25","",192762

+UUDF:6C1DEBA5F777,-55,-71,-21,0,38,"6C1DEBA09A25","",192977

+UUDF:6C1DEBA5F777,-55,-72,-21,0,38,"6C1DEBA09A25","",193399

+UUDF:6C1DEBA5F777,-55,-71,-21,0,38,"6C1DEBA09A25","",194123

+UUDF:6C1DEBA5F777,-55,-71,-21,0,38,"6C1DEBA09A25","",194223

+UUDF:6C1DEBA5F777,-55,-72,-20,0,38,"6C1DEBA09A25","",194427

+UUDF:6C1DEBA5F777,-55,-72,-20,0,37,"6C1DEBA09A25","",194637

+UUDF:6C1DEBA5F777,-55,-71,-20,0,38,"6C1DEBA09A25","",194742

+UUDF:6C1DEBA5F777,-56,-71,-20,0,37,"6C1DEBA09A25","",194851

+UUDF:6C1DEBA5F777,-56,6,-40,0,37,"6C1DEBA09A25","",195065

+UUDF:6C1DEBA5F777,-55,7,-42,0,37,"6C1DEBA09A25","",195170

+UUDF:6C1DEBA5F777,-55,6,-42,0,38,"6C1DEBA09A25","",195279

+UUDF:6C1DEBA5F777,-55,6,-42,0,38,"6C1DEBA09A25","",195593

+UUDF:6C1DEBA5F777,-55,-69,-21,0,38,"6C1DEBA09A25","",195697

+UUDF:6C1DEBA5F777,-56,-69,-21,0,37,"6C1DEBA09A25","",195802

+UUDF:6C1DEBA5F777,-55,-69,-21,0,38,"6C1DEBA09A25","",195911

+UUDF:6C1DEBA5F777,-55,-72,-21,0,38,"6C1DEBA09A25","",196016

+UUDF:6C1DEBA5F777,-55,-73,-21,0,38,"6C1DEBA09A25","",196230

+UUDF:6C1DEBA5F777,-55,-70,-21,0,38,"6C1DEBA09A25","",196438

+UUDF:6C1DEBA5F777,-56,-70,-21,0,37,"6C1DEBA09A25","",196540

+UUDF:6C1DEBA5F777,-56,-70,-26,0,37,"6C1DEBA09A25","",196649

+UUDF:6C1DEBA5F777,-55,-70,-26,0,38,"6C1DEBA09A25","",196758

+UUDF:6C1DEBA5F777,-55,-70,-21,0,38,"6C1DEBA09A25","",196971

+UUDF:6C1DEBA5F777,-55,-70,-21,0,38,"6C1DEBA09A25","",197072

+UUDF:6C1DEBA5F777,-55,-70,-20,0,38,"6C1DEBA09A25","",197175

+UUDF:6C1DEBA5F777,-56,-70,-20,0,37,"6C1DEBA09A25","",197284

+UUDF:6C1DEBA5F777,-55,-70,-20,0,38,"6C1DEBA09A25","",197387

+UUDF:6C1DEBA5F777,-55,-70,-20,0,38,"6C1DEBA09A25","",197803

+UUDF:6C1DEBA5F777,-55,-70,-20,0,38,"6C1DEBA09A25","",198119

+UUDF:6C1DEBA5F777,-55,-71,-20,0,38,"6C1DEBA09A25","",198222

+UUDF:6C1DEBA5F777,-55,-72,-20,0,38,"6C1DEBA09A25","",198325

+UUDF:6C1DEBA5F777,-56,-71,-20,0,37,"6C1DEBA09A25","",198748

+UUDF:6C1DEBA5F777,-56,-71,-21,0,37,"6C1DEBA09A25","",198857

+UUDF:6C1DEBA5F777,-56,7,-41,0,37,"6C1DEBA09A25","",198962

+UUDF:6C1DEBA5F777,-55,7,-41,0,38,"6C1DEBA09A25","",199067

+UUDF:6C1DEBA5F777,-55,7,-41,0,38,"6C1DEBA09A25","",199278

+UUDF:6C1DEBA5F777,-55,-69,-19,0,38,"6C1DEBA09A25","",199381

+UUDF:6C1DEBA5F777,-55,-69,-19,0,37,"6C1DEBA09A25","",199485

+UUDF:6C1DEBA5F777,-55,-72,-19,0,38,"6C1DEBA09A25","",199594

+UUDF:6C1DEBA5F777,-55,-72,-19,0,38,"6C1DEBA09A25","",199701

+UUDF:6C1DEBA5F777,-55,-72,-20,0,38,"6C1DEBA09A25","",199804

+UUDF:6C1DEBA5F777,-56,-72,-21,0,37,"6C1DEBA09A25","",200118

+UUDF:6C1DEBA5F777,-55,-72,-21,0,38,"6C1DEBA09A25","",200437

+UUDF:6C1DEBA5F777,-56,-68,-21,0,37,"6C1DEBA09A25","",200541

+UUDF:6C1DEBA5F777,-56,7,-42,0,37,"6C1DEBA09A25","",200865

+UUDF:6C1DEBA5F777,-55,7,-42,0,38,"6C1DEBA09A25","",201075

+UUDF:6C1DEBA5F777,-55,-68,-42,0,38,"6C1DEBA09A25","",201285

+UUDF:6C1DEBA5F777,-55,-69,-22,0,38,"6C1DEBA09A25","",201696

+UUDF:6C1DEBA5F777,-55,-70,-22,0,38,"6C1DEBA09A25","",201906

+UUDF:6C1DEBA5F777,-55,-72,-21,0,38,"6C1DEBA09A25","",202006

+UUDF:6C1DEBA5F777,-55,-72,-21,0,38,"6C1DEBA09A25","",202328

+UUDF:6C1DEBA5F777,-55,-73,-21,0,38,"6C1DEBA09A25","",202533

+UUDF:6C1DEBA5F777,-55,-72,-21,0,38,"6C1DEBA09A25","",203156

+UUDF:6C1DEBA5F777,-55,-72,-21,0,38,"6C1DEBA09A25","",203262

+UUDF:6C1DEBA5F777,-56,-72,-21,0,37,"6C1DEBA09A25","",203368

+UUDF:6C1DEBA5F777,-56,-72,-21,0,37,"6C1DEBA09A25","",203475

+UUDF:6C1DEBA5F777,-56,-72,-42,0,37,"6C1DEBA09A25","",203684

+UUDF:6C1DEBA5F777,-56,-3,-42,0,37,"6C1DEBA09A25","",203788

+UUDF:6C1DEBA5F777,-56,7,-42,0,37,"6C1DEBA09A25","",203997

+UUDF:6C1DEBA5F777,-55,7,-42,0,38,"6C1DEBA09A25","",204212

+UUDF:6C1DEBA5F777,-55,-3,-42,0,38,"6C1DEBA09A25","",204314

+UUDF:6C1DEBA5F777,-55,-71,-42,0,38,"6C1DEBA09A25","",204418

+UUDF:6C1DEBA5F777,-55,-72,-21,0,38,"6C1DEBA09A25","",204629

+UUDF:6C1DEBA5F777,-55,-72,-21,0,38,"6C1DEBA09A25","",204733

+UUDF:6C1DEBA5F777,-56,-72,-21,0,37,"6C1DEBA09A25","",204837

+UUDF:6C1DEBA5F777,-55,-71,-20,0,38,"6C1DEBA09A25","",204945

+UUDF:6C1DEBA5F777,-55,-71,-20,0,38,"6C1DEBA09A25","",205055

+UUDF:6C1DEBA5F777,-55,-71,-20,0,38,"6C1DEBA09A25","",205379

+UUDF:6C1DEBA5F777,-55,-70,-20,0,38,"6C1DEBA09A25","",205482

+UUDF:6C1DEBA5F777,-55,-71,-20,0,38,"6C1DEBA09A25","",205589

+UUDF:6C1DEBA5F777,-55,-71,-20,0,38,"6C1DEBA09A25","",205693

+UUDF:6C1DEBA5F777,-56,-71,-20,0,37,"6C1DEBA09A25","",205796

+UUDF:6C1DEBA5F777,-55,-68,-20,0,37,"6C1DEBA09A25","",206003

+UUDF:6C1DEBA5F777,-55,7,-41,0,37,"6C1DEBA09A25","",206107

+UUDF:6C1DEBA5F777,-56,7,-42,0,37,"6C1DEBA09A25","",206215

+UUDF:6C1DEBA5F777,-56,8,-43,0,37,"6C1DEBA09A25","",206426

+UUDF:6C1DEBA5F777,-55,8,-42,0,38,"6C1DEBA09A25","",206643

+UUDF:6C1DEBA5F777,-56,8,-42,0,37,"6C1DEBA09A25","",206858

+UUDF:6C1DEBA5F777,-55,8,-42,0,38,"6C1DEBA09A25","",207178

+UUDF:6C1DEBA5F777,-55,-72,-22,0,38,"6C1DEBA09A25","",207505

+UUDF:6C1DEBA5F777,-55,-72,-19,0,38,"6C1DEBA09A25","",207716

+UUDF:6C1DEBA5F777,-56,-72,-19,0,37,"6C1DEBA09A25","",207922

+UUDF:6C1DEBA5F777,-56,-72,-19,0,37,"6C1DEBA09A25","",208025

+UUDF:6C1DEBA5F777,-56,6,-41,0,37,"6C1DEBA09A25","",208443

+UUDF:6C1DEBA5F777,-55,6,-41,0,38,"6C1DEBA09A25","",208551

+UUDF:6C1DEBA5F777,-56,8,-42,0,37,"6C1DEBA09A25","",208657

+UUDF:6C1DEBA5F777,-56,7,-42,0,37,"6C1DEBA09A25","",208765

+UUDF:6C1DEBA5F777,-56,7,-42,0,37,"6C1DEBA09A25","",208975

+UUDF:6C1DEBA5F777,-56,7,-42,0,37,"6C1DEBA09A25","",209083

+UUDF:6C1DEBA5F777,-56,7,-42,0,37,"6C1DEBA09A25","",209192

+UUDF:6C1DEBA5F777,-55,7,-42,0,38,"6C1DEBA09A25","",209295

+UUDF:6C1DEBA5F777,-55,7,-41,0,38,"6C1DEBA09A25","",209509

+UUDF:6C1DEBA5F777,-55,7,-41,0,37,"6C1DEBA09A25","",209836

+UUDF:6C1DEBA5F777,-55,-68,-22,0,38,"6C1DEBA09A25","",209941

+UUDF:6C1DEBA5F777,-56,-68,-22,0,37,"6C1DEBA09A25","",210045

+UUDF:6C1DEBA5F777,-56,7,-42,0,37,"6C1DEBA09A25","",210151

+UUDF:6C1DEBA5F777,-55,7,-42,0,37,"6C1DEBA09A25","",210251

+UUDF:6C1DEBA5F777,-55,7,-42,0,37,"6C1DEBA09A25","",210357

+UUDF:6C1DEBA5F777,-56,7,-42,0,37,"6C1DEBA09A25","",210464

+UUDF:6C1DEBA5F777,-55,8,-42,0,37,"6C1DEBA09A25","",210566

+UUDF:6C1DEBA5F777,-55,7,-42,0,38,"6C1DEBA09A25","",210670

+UUDF:6C1DEBA5F777,-55,7,-42,0,38,"6C1DEBA09A25","",210985

+UUDF:6C1DEBA5F777,-55,-73,-41,0,38,"6C1DEBA09A25","",211302

+UUDF:6C1DEBA5F777,-55,-73,-21,0,38,"6C1DEBA09A25","",211411

+UUDF:6C1DEBA5F777,-55,-73,-21,0,38,"6C1DEBA09A25","",211829

+UUDF:6C1DEBA5F777,-55,-73,-21,0,37,"6C1DEBA09A25","",211932

+UUDF:6C1DEBA5F777,-56,-71,-21,0,37,"6C1DEBA09A25","",212038

+UUDF:6C1DEBA5F777,-56,-67,-43,0,37,"6C1DEBA09A25","",212464

+UUDF:6C1DEBA5F777,-55,-67,-43,0,38,"6C1DEBA09A25","",212564

+UUDF:6C1DEBA5F777,-55,-71,-43,0,38,"6C1DEBA09A25","",212672

+UUDF:6C1DEBA5F777,-56,7,-43,0,37,"6C1DEBA09A25","",212776

+UUDF:6C1DEBA5F777,-56,7,-41,0,37,"6C1DEBA09A25","",213085

+UUDF:6C1DEBA5F777,-56,6,-41,0,37,"6C1DEBA09A25","",213399

+UUDF:6C1DEBA5F777,-55,-71,-40,0,38,"6C1DEBA09A25","",213829

+UUDF:6C1DEBA5F777,-55,-68,-40,0,38,"6C1DEBA09A25","",213934

+UUDF:6C1DEBA5F777,-56,6,-41,0,37,"6C1DEBA09A25","",214042

+UUDF:6C1DEBA5F777,-56,6,-41,0,37,"6C1DEBA09A25","",214147

+UUDF:6C1DEBA5F777,-55,6,-42,0,37,"6C1DEBA09A25","",214362

+UUDF:6C1DEBA5F777,-56,7,-42,0,37,"6C1DEBA09A25","",214466

+UUDF:6C1DEBA5F777,-55,7,-42,0,38,"6C1DEBA09A25","",214573

+UUDF:6C1DEBA5F777,-56,8,-43,0,37,"6C1DEBA09A25","",214780

+UUDF:6C1DEBA5F777,-55,7,-42,0,38,"6C1DEBA09A25","",214992

+UUDF:6C1DEBA5F777,-55,-70,-42,0,38,"6C1DEBA09A25","",215092

+UUDF:6C1DEBA5F777,-55,-72,-21,0,38,"6C1DEBA09A25","",215196

+UUDF:6C1DEBA5F777,-55,-72,-21,0,38,"6C1DEBA09A25","",215402

+UUDF:6C1DEBA5F777,-55,-72,-20,0,38,"6C1DEBA09A25","",215509

+UUDF:6C1DEBA5F777,-56,-72,-20,0,37,"6C1DEBA09A25","",215615

+UUDF:6C1DEBA5F777,-55,-72,-21,0,38,"6C1DEBA09A25","",215721

+UUDF:6C1DEBA5F777,-56,-72,-21,0,37,"6C1DEBA09A25","",215823

+UUDF:6C1DEBA5F777,-56,6,-41,0,37,"6C1DEBA09A25","",215932

+UUDF:6C1DEBA5F777,-56,8,-41,0,37,"6C1DEBA09A25","",216139

+UUDF:6C1DEBA5F777,-56,8,-43,0,37,"6C1DEBA09A25","",216240

+UUDF:6C1DEBA5F777,-56,8,-43,0,37,"6C1DEBA09A25","",216342

+UUDF:6C1DEBA5F777,-55,8,-43,0,38,"6C1DEBA09A25","",216555

+UUDF:6C1DEBA5F777,-55,8,-43,0,38,"6C1DEBA09A25","",216869

+UUDF:6C1DEBA5F777,-55,8,-41,0,37,"6C1DEBA09A25","",217294

+UUDF:6C1DEBA5F777,-55,-70,-22,0,38,"6C1DEBA09A25","",217403

+UUDF:6C1DEBA5F777,-55,-71,-21,0,38,"6C1DEBA09A25","",218240

+UUDF:6C1DEBA5F777,-55,-72,-21,0,38,"6C1DEBA09A25","",218345

+UUDF:6C1DEBA5F777,-56,-72,-22,0,37,"6C1DEBA09A25","",218450

+UUDF:6C1DEBA5F777,-55,-72,-22,0,37,"6C1DEBA09A25","",218555

+UUDF:6C1DEBA5F777,-55,8,-42,0,37,"6C1DEBA09A25","",218662

+UUDF:6C1DEBA5F777,-55,8,-42,0,38,"6C1DEBA09A25","",218982

+UUDF:6C1DEBA5F777,-56,8,-42,0,37,"6C1DEBA09A25","",219086

+UUDF:6C1DEBA5F777,-55,8,-41,0,38,"6C1DEBA09A25","",219191

+UUDF:6C1DEBA5F777,-56,8,-41,0,37,"6C1DEBA09A25","",219402

+UUDF:6C1DEBA5F777,-55,-72,-22,0,38,"6C1DEBA09A25","",219505

+UUDF:6C1DEBA5F777,-55,9,-22,0,38,"6C1DEBA09A25","",220035

+UUDF:6C1DEBA5F777,-54,-63,-22,0,38,"6C1DEBA09A25","",220243

+UUDF:6C1DEBA5F777,-55,4,-30,0,37,"6C1DEBA09A25","",220347

+UUDF:6C1DEBA5F777,-55,4,-30,0,37,"6C1DEBA09A25","",220553

+UUDF:6C1DEBA5F777,-56,6,-42,0,37,"6C1DEBA09A25","",220660

+UUDF:6C1DEBA5F777,-56,6,-44,0,37,"6C1DEBA09A25","",220767

+UUDF:6C1DEBA5F777,-61,6,-44,0,39,"6C1DEBA09A25","",220878

+UUDF:6C1DEBA5F777,-57,6,-42,0,38,"6C1DEBA09A25","",220984

+UUDF:6C1DEBA5F777,-56,9,-42,0,37,"6C1DEBA09A25","",221089

+UUDF:6C1DEBA5F777,-56,9,-26,0,38,"6C1DEBA09A25","",221198

+UUDF:6C1DEBA5F777,-56,9,-26,0,37,"6C1DEBA09A25","",221410

+UUDF:6C1DEBA5F777,-56,9,-42,0,37,"6C1DEBA09A25","",221517

+UUDF:6C1DEBA5F777,-56,9,-42,0,38,"6C1DEBA09A25","",221626

+UUDF:6C1DEBA5F777,-55,10,-25,0,38,"6C1DEBA09A25","",221732

+UUDF:6C1DEBA5F777,-56,10,-43,0,37,"6C1DEBA09A25","",221947

+UUDF:6C1DEBA5F777,-55,8,-43,0,37,"6C1DEBA09A25","",222257

+UUDF:6C1DEBA5F777,-56,8,-43,0,37,"6C1DEBA09A25","",222469

+UUDF:6C1DEBA5F777,-55,8,-43,0,37,"6C1DEBA09A25","",222882

+UUDF:6C1DEBA5F777,-61,8,-43,0,39,"6C1DEBA09A25","",223298

+UUDF:6C1DEBA5F777,-56,8,-42,0,38,"6C1DEBA09A25","",223507

+UUDF:6C1DEBA5F777,-55,9,-26,0,37,"6C1DEBA09A25","",223614

+UUDF:6C1DEBA5F777,-56,9,-26,0,37,"6C1DEBA09A25","",223720

+UUDF:6C1DEBA5F777,-56,9,-26,0,37,"6C1DEBA09A25","",223824

+UUDF:6C1DEBA5F777,-53,9,-40,0,37,"6C1DEBA09A25","",223928

+UUDF:6C1DEBA5F777,-56,8,-40,0,38,"6C1DEBA09A25","",224030

+UUDF:6C1DEBA5F777,-55,8,-41,0,38,"6C1DEBA09A25","",224245

+UUDF:6C1DEBA5F777,-55,9,-40,0,38,"6C1DEBA09A25","",224456

+UUDF:6C1DEBA5F777,-52,16,-40,0,37,"6C1DEBA09A25","",224563

+UUDF:6C1DEBA5F777,-59,16,-31,0,39,"6C1DEBA09A25","",224873

+UUDF:6C1DEBA5F777,-61,16,-41,0,39,"6C1DEBA09A25","",224982

+UUDF:6C1DEBA5F777,-55,16,-31,0,38,"6C1DEBA09A25","",225087

+UUDF:6C1DEBA5F777,-55,16,-41,0,38,"6C1DEBA09A25","",225499

+UUDF:6C1DEBA5F777,-58,9,-31,0,39,"6C1DEBA09A25","",225822

+UUDF:6C1DEBA5F777,-56,9,-41,0,37,"6C1DEBA09A25","",225924

+UUDF:6C1DEBA5F777,-55,12,-41,0,37,"6C1DEBA09A25","",226142

+UUDF:6C1DEBA5F777,-55,0,-41,0,38,"6C1DEBA09A25","",226354

+UUDF:6C1DEBA5F777,-56,0,-42,0,37,"6C1DEBA09A25","",226564

+UUDF:6C1DEBA5F777,-56,9,-43,0,37,"6C1DEBA09A25","",226672

+UUDF:6C1DEBA5F777,-56,9,-42,0,38,"6C1DEBA09A25","",226782

+UUDF:6C1DEBA5F777,-55,9,-41,0,37,"6C1DEBA09A25","",226881

+UUDF:6C1DEBA5F777,-56,9,-41,0,38,"6C1DEBA09A25","",227194

+UUDF:6C1DEBA5F777,-55,-64,-21,0,38,"6C1DEBA09A25","",227303

+UUDF:6C1DEBA5F777,-55,-68,-19,0,38,"6C1DEBA09A25","",227407

+UUDF:6C1DEBA5F777,-55,-68,-20,0,38,"6C1DEBA09A25","",227511

+UUDF:6C1DEBA5F777,-55,-68,-19,0,38,"6C1DEBA09A25","",227618

+UUDF:6C1DEBA5F777,-56,-70,-19,0,38,"6C1DEBA09A25","",227939

+UUDF:6C1DEBA5F777,-55,-68,-20,0,37,"6C1DEBA09A25","",228039

+UUDF:6C1DEBA5F777,-56,11,-20,0,37,"6C1DEBA09A25","",228562

+UUDF:6C1DEBA5F777,-55,11,-20,0,38,"6C1DEBA09A25","",228671

+UUDF:6C1DEBA5F777,-56,11,-40,0,37,"6C1DEBA09A25","",228775

+UUDF:6C1DEBA5F777,-55,11,-40,0,38,"6C1DEBA09A25","",228980

+UUDF:6C1DEBA5F777,-56,7,-40,0,37,"6C1DEBA09A25","",229088

+UUDF:6C1DEBA5F777,-56,7,-40,0,37,"6C1DEBA09A25","",229300

+UUDF:6C1DEBA5F777,-56,9,-42,0,37,"6C1DEBA09A25","",229409

+UUDF:6C1DEBA5F777,-55,7,-42,0,38,"6C1DEBA09A25","",229622

+UUDF:6C1DEBA5F777,-56,7,-42,0,38,"6C1DEBA09A25","",229727

+UUDF:6C1DEBA5F777,-55,-69,-22,0,38,"6C1DEBA09A25","",229828

+UUDF:6C1DEBA5F777,-55,-70,-20,0,38,"6C1DEBA09A25","",230243

+UUDF:6C1DEBA5F777,-55,-71,-19,0,38,"6C1DEBA09A25","",230346

+UUDF:6C1DEBA5F777,-55,-71,-19,0,38,"6C1DEBA09A25","",230452

+UUDF:6C1DEBA5F777,-55,-71,-19,0,38,"6C1DEBA09A25","",230561

+UUDF:6C1DEBA5F777,-56,-71,-19,0,37,"6C1DEBA09A25","",230669

+UUDF:6C1DEBA5F777,-55,-71,-19,0,38,"6C1DEBA09A25","",230777

+UUDF:6C1DEBA5F777,-56,-70,-20,0,37,"6C1DEBA09A25","",230882

+UUDF:6C1DEBA5F777,-55,9,-42,0,37,"6C1DEBA09A25","",230983

+UUDF:6C1DEBA5F777,-55,9,-42,0,38,"6C1DEBA09A25","",231088

+UUDF:6C1DEBA5F777,-55,9,-42,0,37,"6C1DEBA09A25","",231299

+UUDF:6C1DEBA5F777,-55,9,-42,0,38,"6C1DEBA09A25","",231616

+UUDF:6C1DEBA5F777,-56,8,-42,0,37,"6C1DEBA09A25","",232021
